#
# There is insufficient memory for the Java Runtime Environment to continue.
# Native memory allocation (malloc) failed to allocate 1875376 bytes for Chunk::new
# Possible reasons:
#   The system is out of physical RAM or swap space
#   The process is running with CompressedOops enabled, and the Java Heap may be blocking the growth of the native heap
# Possible solutions:
#   Reduce memory load on the system
#   Increase physical memory or swap space
#   Check if swap backing store is full
#   Decrease Java heap size (-Xmx/-Xms)
#   Decrease number of Java threads
#   Decrease Java thread stack sizes (-Xss)
#   Set larger code cache with -XX:ReservedCodeCacheSize=
#   JVM is running with Unscaled Compressed Oops mode in which the Java heap is
#     placed in the first 4GB address space. The Java Heap base address is the
#     maximum limit for the native heap growth. Please use -XX:HeapBaseMinAddress
#     to set the Java Heap base and to place the Java Heap above 4GB virtual address.
# This output file may be truncated or incomplete.
#
#  Out of Memory Error (arena.cpp:189), pid=13300, tid=16072
#
# JRE version: OpenJDK Runtime Environment JBR-17.0.7+7-1000.6-jcef (17.0.7+7) (build 17.0.7+7-b1000.6)
# Java VM: OpenJDK 64-Bit Server VM JBR-17.0.7+7-1000.6-jcef (17.0.7+7-b1000.6, mixed mode, tiered, compressed oops, compressed class ptrs, g1 gc, windows-amd64)
# No core dump will be written. Minidumps are not enabled by default on client versions of Windows
#

---------------  S U M M A R Y ------------

Command Line: --add-opens=java.base/java.util=ALL-UNNAMED --add-opens=java.base/java.lang=ALL-UNNAMED --add-opens=java.base/java.lang.invoke=ALL-UNNAMED --add-opens=java.prefs/java.util.prefs=ALL-UNNAMED --add-opens=java.base/java.nio.charset=ALL-UNNAMED --add-opens=java.base/java.net=ALL-UNNAMED --add-opens=java.base/java.util.concurrent.atomic=ALL-UNNAMED -XX:MaxMetaspaceSize=384m -XX:+HeapDumpOnOutOfMemoryError -Xms256m -Xmx512m -Dfile.encoding=windows-1252 -Duser.country=US -Duser.language=en -Duser.variant -javaagent:C:\Users\TUONG VY\.gradle\wrapper\dists\gradle-8.8-bin\dl7vupf4psengwqhwktix4v1\gradle-8.8\lib\agents\gradle-instrumentation-agent-8.8.jar org.gradle.launcher.daemon.bootstrap.GradleDaemon 8.8

Host: AMD Ryzen 3 3250U with Radeon Graphics         , 4 cores, 3G,  Windows 11 , 64 bit Build 22621 (10.0.22621.3672)
Time: Mon Jul 29 19:21:19 2024 SE Asia Standard Time elapsed time: 99.938420 seconds (0d 0h 1m 39s)

---------------  T H R E A D  ---------------

Current thread (0x000001574f09b0c0):  JavaThread "C2 CompilerThread0" daemon [_thread_in_native, id=16072, stack(0x0000004960500000,0x0000004960600000)]


Current CompileTask:
C2:  99938 6422       4       sun.reflect.generics.parser.SignatureParser::parsePackageNameAndSimpleClassTypeSignature (119 bytes)

Stack: [0x0000004960500000,0x0000004960600000]
Native frames: (J=compiled Java code, j=interpreted, Vv=VM code, C=native code)
V  [jvm.dll+0x683bfa]
V  [jvm.dll+0x8430a4]
V  [jvm.dll+0x8449be]
V  [jvm.dll+0x845023]
V  [jvm.dll+0x24ad2f]
V  [jvm.dll+0xac25c]
V  [jvm.dll+0xac82c]
V  [jvm.dll+0x36a132]
V  [jvm.dll+0x334821]
V  [jvm.dll+0x333cca]
V  [jvm.dll+0x21d251]
V  [jvm.dll+0x21c671]
V  [jvm.dll+0x1a605d]
V  [jvm.dll+0x22c148]
V  [jvm.dll+0x22a209]
V  [jvm.dll+0x7f858c]
V  [jvm.dll+0x7f2aea]
V  [jvm.dll+0x682a35]
C  [ucrtbase.dll+0x29333]
C  [KERNEL32.DLL+0x1257d]
C  [ntdll.dll+0x5af28]


---------------  P R O C E S S  ---------------

Threads class SMR info:
_java_thread_list=0x000001575649a920, length=48, elements={
0x0000015738f814e0, 0x000001574f072010, 0x000001574f072e80, 0x000001574f0961b0,
0x000001574f096b70, 0x000001574f099a30, 0x000001574f09a3e0, 0x000001574f09b0c0,
0x000001574f09bb60, 0x000001574f112a60, 0x000001574f1e6f90, 0x000001574f2b1360,
0x000001574f6e5f90, 0x0000015754be80e0, 0x0000015754403a00, 0x00000157542e60a0,
0x0000015754ed44c0, 0x0000015754b3b450, 0x000001574f25ca40, 0x0000015754b47d90,
0x000001575457be50, 0x000001575457ab10, 0x00000157545797d0, 0x0000015754579ca0,
0x000001575457a640, 0x000001575457a170, 0x000001575457afe0, 0x000001575457c320,
0x0000015754579300, 0x000001575457c7f0, 0x000001575457b980, 0x00000157540e7700,
0x00000157540e8f10, 0x00000157540e98b0, 0x00000157540e6890, 0x00000157540e7bd0,
0x00000157540e2ed0, 0x00000157540e93e0, 0x00000157540e33a0, 0x00000157540e4bb0,
0x00000157540e3870, 0x00000157540e2060, 0x00000157540e2530, 0x00000157540e2a00,
0x00000157540e3d40, 0x00000157540e4210, 0x00000157540e46e0, 0x00000157540e5080
}

Java Threads: ( => current thread )
  0x0000015738f814e0 JavaThread "main" [_thread_blocked, id=6408, stack(0x000000495f800000,0x000000495f900000)]
  0x000001574f072010 JavaThread "Reference Handler" daemon [_thread_blocked, id=16208, stack(0x000000495ff00000,0x0000004960000000)]
  0x000001574f072e80 JavaThread "Finalizer" daemon [_thread_blocked, id=5792, stack(0x0000004960000000,0x0000004960100000)]
  0x000001574f0961b0 JavaThread "Signal Dispatcher" daemon [_thread_blocked, id=7144, stack(0x0000004960100000,0x0000004960200000)]
  0x000001574f096b70 JavaThread "Attach Listener" daemon [_thread_blocked, id=10796, stack(0x0000004960200000,0x0000004960300000)]
  0x000001574f099a30 JavaThread "Service Thread" daemon [_thread_blocked, id=13596, stack(0x0000004960300000,0x0000004960400000)]
  0x000001574f09a3e0 JavaThread "Monitor Deflation Thread" daemon [_thread_blocked, id=15784, stack(0x0000004960400000,0x0000004960500000)]
=>0x000001574f09b0c0 JavaThread "C2 CompilerThread0" daemon [_thread_in_native, id=16072, stack(0x0000004960500000,0x0000004960600000)]
  0x000001574f09bb60 JavaThread "C1 CompilerThread0" daemon [_thread_blocked, id=15568, stack(0x0000004960600000,0x0000004960700000)]
  0x000001574f112a60 JavaThread "Sweeper thread" daemon [_thread_blocked, id=10264, stack(0x0000004960700000,0x0000004960800000)]
  0x000001574f1e6f90 JavaThread "Common-Cleaner" daemon [_thread_blocked, id=5144, stack(0x0000004960800000,0x0000004960900000)]
  0x000001574f2b1360 JavaThread "Notification Thread" daemon [_thread_blocked, id=7200, stack(0x0000004960900000,0x0000004960a00000)]
  0x000001574f6e5f90 JavaThread "Daemon health stats" [_thread_blocked, id=7844, stack(0x0000004960e00000,0x0000004960f00000)]
  0x0000015754be80e0 JavaThread "Incoming local TCP Connector on port 55622" [_thread_in_native, id=1372, stack(0x0000004960f00000,0x0000004961000000)]
  0x0000015754403a00 JavaThread "Daemon periodic checks" [_thread_blocked, id=8652, stack(0x0000004961000000,0x0000004961100000)]
  0x00000157542e60a0 JavaThread "Daemon" [_thread_blocked, id=15680, stack(0x0000004961100000,0x0000004961200000)]
  0x0000015754ed44c0 JavaThread "Handler for socket connection from /127.0.0.1:55622 to /127.0.0.1:55623" [_thread_in_native, id=15804, stack(0x0000004961200000,0x0000004961300000)]
  0x0000015754b3b450 JavaThread "Cancel handler" [_thread_blocked, id=3208, stack(0x0000004961300000,0x0000004961400000)]
  0x000001574f25ca40 JavaThread "Daemon worker" [_thread_in_vm, id=8128, stack(0x0000004961400000,0x0000004961500000)]
  0x0000015754b47d90 JavaThread "Asynchronous log dispatcher for DefaultDaemonConnection: socket connection from /127.0.0.1:55622 to /127.0.0.1:55623" [_thread_blocked, id=15416, stack(0x0000004961500000,0x0000004961600000)]
  0x000001575457be50 JavaThread "Stdin handler" [_thread_blocked, id=1616, stack(0x0000004961600000,0x0000004961700000)]
  0x000001575457ab10 JavaThread "Daemon client event forwarder" [_thread_blocked, id=10564, stack(0x0000004961700000,0x0000004961800000)]
  0x00000157545797d0 JavaThread "Cache worker for journal cache (C:\Users\TUONG VY\.gradle\caches\journal-1)" [_thread_blocked, id=3084, stack(0x0000004961800000,0x0000004961900000)]
  0x0000015754579ca0 JavaThread "File lock request listener" [_thread_in_native, id=8744, stack(0x0000004961900000,0x0000004961a00000)]
  0x000001575457a640 JavaThread "Cache worker for file hash cache (C:\Users\TUONG VY\.gradle\caches\8.8\fileHashes)" [_thread_blocked, id=4720, stack(0x0000004961a00000,0x0000004961b00000)]
  0x000001575457a170 JavaThread "File lock release action executor" [_thread_blocked, id=4552, stack(0x0000004961b00000,0x0000004961c00000)]
  0x000001575457afe0 JavaThread "Cache worker for file hash cache (D:\module_6\C0723L1-Repo-BE\movie_booking\.gradle\8.8\fileHashes)" [_thread_blocked, id=2772, stack(0x0000004961c00000,0x0000004961d00000)]
  0x000001575457c320 JavaThread "File watcher server" daemon [_thread_in_native, id=13168, stack(0x0000004961d00000,0x0000004961e00000)]
  0x0000015754579300 JavaThread "File watcher consumer" daemon [_thread_blocked, id=12092, stack(0x0000004961e00000,0x0000004961f00000)]
  0x000001575457c7f0 JavaThread "Cache worker for checksums cache (D:\module_6\C0723L1-Repo-BE\movie_booking\.gradle\8.8\checksums)" [_thread_blocked, id=2276, stack(0x0000004961f00000,0x0000004962000000)]
  0x000001575457b980 JavaThread "Cache worker for file content cache (C:\Users\TUONG VY\.gradle\caches\8.8\fileContent)" [_thread_blocked, id=3060, stack(0x0000004962000000,0x0000004962100000)]
  0x00000157540e7700 JavaThread "Cache worker for cache directory md-rule (C:\Users\TUONG VY\.gradle\caches\8.8\md-rule)" [_thread_blocked, id=12724, stack(0x0000004962100000,0x0000004962200000)]
  0x00000157540e8f10 JavaThread "Cache worker for cache directory md-supplier (C:\Users\TUONG VY\.gradle\caches\8.8\md-supplier)" [_thread_blocked, id=14248, stack(0x0000004962400000,0x0000004962500000)]
  0x00000157540e98b0 JavaThread "jar transforms" [_thread_blocked, id=12488, stack(0x000000495f500000,0x000000495f600000)]
  0x00000157540e6890 JavaThread "jar transforms Thread 2" [_thread_blocked, id=4628, stack(0x000000495f600000,0x000000495f700000)]
  0x00000157540e7bd0 JavaThread "jar transforms Thread 3" [_thread_blocked, id=13096, stack(0x000000495f700000,0x000000495f800000)]
  0x00000157540e2ed0 JavaThread "jar transforms Thread 4" [_thread_blocked, id=16044, stack(0x0000004962500000,0x0000004962600000)]
  0x00000157540e93e0 JavaThread "Cache worker for Build Output Cleanup Cache (D:\module_6\C0723L1-Repo-BE\movie_booking\.gradle\buildOutputCleanup)" [_thread_blocked, id=12420, stack(0x0000004962600000,0x0000004962700000)]
  0x00000157540e33a0 JavaThread "Unconstrained build operations" [_thread_blocked, id=6284, stack(0x0000004962700000,0x0000004962800000)]
  0x00000157540e4bb0 JavaThread "Unconstrained build operations Thread 2" [_thread_blocked, id=8656, stack(0x0000004962800000,0x0000004962900000)]
  0x00000157540e3870 JavaThread "Unconstrained build operations Thread 3" [_thread_blocked, id=3900, stack(0x0000004962900000,0x0000004962a00000)]
  0x00000157540e2060 JavaThread "Unconstrained build operations Thread 4" [_thread_blocked, id=15704, stack(0x0000004962a00000,0x0000004962b00000)]
  0x00000157540e2530 JavaThread "Unconstrained build operations Thread 5" [_thread_blocked, id=1804, stack(0x0000004962b00000,0x0000004962c00000)]
  0x00000157540e2a00 JavaThread "Unconstrained build operations Thread 6" [_thread_blocked, id=4820, stack(0x0000004962c00000,0x0000004962d00000)]
  0x00000157540e3d40 JavaThread "Unconstrained build operations Thread 7" [_thread_blocked, id=1268, stack(0x0000004962d00000,0x0000004962e00000)]
  0x00000157540e4210 JavaThread "Unconstrained build operations Thread 8" [_thread_blocked, id=1660, stack(0x0000004962e00000,0x0000004962f00000)]
  0x00000157540e46e0 JavaThread "Unconstrained build operations Thread 9" [_thread_blocked, id=1308, stack(0x0000004962f00000,0x0000004963000000)]
  0x00000157540e5080 JavaThread "Memory manager" [_thread_blocked, id=8448, stack(0x0000004963000000,0x0000004963100000)]

Other Threads:
  0x000001574ef10bd0 VMThread "VM Thread" [stack: 0x000000495fe00000,0x000000495ff00000] [id=1296]
  0x0000015738f82160 WatcherThread [stack: 0x0000004960a00000,0x0000004960b00000] [id=3876]
  0x0000015738fadf50 GCTaskThread "GC Thread#0" [stack: 0x000000495f900000,0x000000495fa00000] [id=11808]
  0x000001574f659390 GCTaskThread "GC Thread#1" [stack: 0x0000004960b00000,0x0000004960c00000] [id=3184]
  0x000001574f659640 GCTaskThread "GC Thread#2" [stack: 0x0000004960c00000,0x0000004960d00000] [id=3852]
  0x000001574f6598f0 GCTaskThread "GC Thread#3" [stack: 0x0000004960d00000,0x0000004960e00000] [id=3744]
  0x0000015738fb2e90 ConcurrentGCThread "G1 Main Marker" [stack: 0x000000495fa00000,0x000000495fb00000] [id=10412]
  0x0000015738fb38a0 ConcurrentGCThread "G1 Conc#0" [stack: 0x000000495fb00000,0x000000495fc00000] [id=11332]
  0x000001574ed724d0 ConcurrentGCThread "G1 Refine#0" [stack: 0x000000495fc00000,0x000000495fd00000] [id=15076]
  0x000001575661d060 ConcurrentGCThread "G1 Refine#1" [stack: 0x0000004963100000,0x0000004963200000] [id=8704]
  0x000001574ed72ef0 ConcurrentGCThread "G1 Service" [stack: 0x000000495fd00000,0x000000495fe00000] [id=10048]

Threads with active compile tasks:
C2 CompilerThread0    99994 6422       4       sun.reflect.generics.parser.SignatureParser::parsePackageNameAndSimpleClassTypeSignature (119 bytes)

VM state: not at safepoint (normal execution)

VM Mutex/Monitor currently owned by a thread: None

Heap address: 0x00000000e0000000, size: 512 MB, Compressed Oops mode: 32-bit

CDS archive(s) not mapped
Compressed class space mapped at: 0x0000000100000000-0x0000000114000000, reserved size: 335544320
Narrow klass base: 0x0000000000000000, Narrow klass shift: 3, Narrow klass range: 0x114000000

GC Precious Log:
 CPUs: 4 total, 4 available
 Memory: 3534M
 Large Page Support: Disabled
 NUMA Support: Disabled
 Compressed Oops: Enabled (32-bit)
 Heap Region Size: 1M
 Heap Min Capacity: 256M
 Heap Initial Capacity: 256M
 Heap Max Capacity: 512M
 Pre-touch: Disabled
 Parallel Workers: 4
 Concurrent Workers: 1
 Concurrent Refinement Workers: 4
 Periodic GC: Disabled

Heap:
 garbage-first heap   total 262144K, used 60990K [0x00000000e0000000, 0x0000000100000000)
  region size 1024K, 37 young (37888K), 14 survivors (14336K)
 Metaspace       used 60231K, committed 60736K, reserved 393216K
  class space    used 8275K, committed 8512K, reserved 327680K

Heap Regions: E=young(eden), S=young(survivor), O=old, HS=humongous(starts), HC=humongous(continues), CS=collection set, F=free, OA=open archive, CA=closed archive, TAMS=top-at-mark-start (previous, next)
|   0|0x00000000e0000000, 0x00000000e0100000, 0x00000000e0100000|100%|HS|  |TAMS 0x00000000e0100000, 0x00000000e0000000| Complete 
|   1|0x00000000e0100000, 0x00000000e0200000, 0x00000000e0200000|100%|HC|  |TAMS 0x00000000e0200000, 0x00000000e0100000| Complete 
|   2|0x00000000e0200000, 0x00000000e0300000, 0x00000000e0300000|100%|HC|  |TAMS 0x00000000e0300000, 0x00000000e0200000| Complete 
|   3|0x00000000e0300000, 0x00000000e0400000, 0x00000000e0400000|100%|HC|  |TAMS 0x00000000e0400000, 0x00000000e0300000| Complete 
|   4|0x00000000e0400000, 0x00000000e0500000, 0x00000000e0500000|100%| O|  |TAMS 0x00000000e0500000, 0x00000000e0400000| Untracked 
|   5|0x00000000e0500000, 0x00000000e0600000, 0x00000000e0600000|100%| O|  |TAMS 0x00000000e0600000, 0x00000000e0500000| Untracked 
|   6|0x00000000e0600000, 0x00000000e0700000, 0x00000000e0700000|100%| O|  |TAMS 0x00000000e0700000, 0x00000000e0600000| Untracked 
|   7|0x00000000e0700000, 0x00000000e0800000, 0x00000000e0800000|100%| O|  |TAMS 0x00000000e0800000, 0x00000000e0700000| Untracked 
|   8|0x00000000e0800000, 0x00000000e0900000, 0x00000000e0900000|100%|HS|  |TAMS 0x00000000e0900000, 0x00000000e0800000| Complete 
|   9|0x00000000e0900000, 0x00000000e0a00000, 0x00000000e0a00000|100%| O|  |TAMS 0x00000000e0900000, 0x00000000e0900000| Untracked 
|  10|0x00000000e0a00000, 0x00000000e0b00000, 0x00000000e0b00000|100%| O|  |TAMS 0x00000000e0b00000, 0x00000000e0a00000| Untracked 
|  11|0x00000000e0b00000, 0x00000000e0c00000, 0x00000000e0c00000|100%| O|  |TAMS 0x00000000e0b00000, 0x00000000e0b00000| Untracked 
|  12|0x00000000e0c00000, 0x00000000e0d00000, 0x00000000e0d00000|100%| O|  |TAMS 0x00000000e0c00000, 0x00000000e0c00000| Untracked 
|  13|0x00000000e0d00000, 0x00000000e0e00000, 0x00000000e0e00000|100%| O|  |TAMS 0x00000000e0d00000, 0x00000000e0d00000| Untracked 
|  14|0x00000000e0e00000, 0x00000000e0f00000, 0x00000000e0f00000|100%| O|  |TAMS 0x00000000e0e00000, 0x00000000e0e00000| Untracked 
|  15|0x00000000e0f00000, 0x00000000e1000000, 0x00000000e1000000|100%| O|  |TAMS 0x00000000e0f00000, 0x00000000e0f00000| Untracked 
|  16|0x00000000e1000000, 0x00000000e108f800, 0x00000000e1100000| 56%| O|  |TAMS 0x00000000e1000000, 0x00000000e1000000| Untracked 
|  17|0x00000000e1100000, 0x00000000e1200000, 0x00000000e1200000|100%| O|  |TAMS 0x00000000e1200000, 0x00000000e1100000| Untracked 
|  18|0x00000000e1200000, 0x00000000e1300000, 0x00000000e1300000|100%| O|  |TAMS 0x00000000e1300000, 0x00000000e1200000| Untracked 
|  19|0x00000000e1300000, 0x00000000e1400000, 0x00000000e1400000|100%| O|  |TAMS 0x00000000e1400000, 0x00000000e1300000| Untracked 
|  20|0x00000000e1400000, 0x00000000e1500000, 0x00000000e1500000|100%| O|  |TAMS 0x00000000e1500000, 0x00000000e1400000| Untracked 
|  21|0x00000000e1500000, 0x00000000e1600000, 0x00000000e1600000|100%| O|  |TAMS 0x00000000e1600000, 0x00000000e1500000| Untracked 
|  22|0x00000000e1600000, 0x00000000e1700000, 0x00000000e1700000|100%| O|  |TAMS 0x00000000e1700000, 0x00000000e1600000| Untracked 
|  23|0x00000000e1700000, 0x00000000e1800000, 0x00000000e1800000|100%| O|  |TAMS 0x00000000e1735808, 0x00000000e1700000| Untracked 
|  24|0x00000000e1800000, 0x00000000e1800000, 0x00000000e1900000|  0%| F|  |TAMS 0x00000000e1800000, 0x00000000e1800000| Untracked 
|  25|0x00000000e1900000, 0x00000000e1900000, 0x00000000e1a00000|  0%| F|  |TAMS 0x00000000e1900000, 0x00000000e1900000| Untracked 
|  26|0x00000000e1a00000, 0x00000000e1a00000, 0x00000000e1b00000|  0%| F|  |TAMS 0x00000000e1a00000, 0x00000000e1a00000| Untracked 
|  27|0x00000000e1b00000, 0x00000000e1b00000, 0x00000000e1c00000|  0%| F|  |TAMS 0x00000000e1b00000, 0x00000000e1b00000| Untracked 
|  28|0x00000000e1c00000, 0x00000000e1c00000, 0x00000000e1d00000|  0%| F|  |TAMS 0x00000000e1c00000, 0x00000000e1c00000| Untracked 
|  29|0x00000000e1d00000, 0x00000000e1d00000, 0x00000000e1e00000|  0%| F|  |TAMS 0x00000000e1d00000, 0x00000000e1d00000| Untracked 
|  30|0x00000000e1e00000, 0x00000000e1e00000, 0x00000000e1f00000|  0%| F|  |TAMS 0x00000000e1e00000, 0x00000000e1e00000| Untracked 
|  31|0x00000000e1f00000, 0x00000000e1f00000, 0x00000000e2000000|  0%| F|  |TAMS 0x00000000e1f00000, 0x00000000e1f00000| Untracked 
|  32|0x00000000e2000000, 0x00000000e2000000, 0x00000000e2100000|  0%| F|  |TAMS 0x00000000e2000000, 0x00000000e2000000| Untracked 
|  33|0x00000000e2100000, 0x00000000e2100000, 0x00000000e2200000|  0%| F|  |TAMS 0x00000000e2100000, 0x00000000e2100000| Untracked 
|  34|0x00000000e2200000, 0x00000000e2200000, 0x00000000e2300000|  0%| F|  |TAMS 0x00000000e2200000, 0x00000000e2200000| Untracked 
|  35|0x00000000e2300000, 0x00000000e2300000, 0x00000000e2400000|  0%| F|  |TAMS 0x00000000e2300000, 0x00000000e2300000| Untracked 
|  36|0x00000000e2400000, 0x00000000e2400000, 0x00000000e2500000|  0%| F|  |TAMS 0x00000000e2400000, 0x00000000e2400000| Untracked 
|  37|0x00000000e2500000, 0x00000000e2500000, 0x00000000e2600000|  0%| F|  |TAMS 0x00000000e2500000, 0x00000000e2500000| Untracked 
|  38|0x00000000e2600000, 0x00000000e2600000, 0x00000000e2700000|  0%| F|  |TAMS 0x00000000e2600000, 0x00000000e2600000| Untracked 
|  39|0x00000000e2700000, 0x00000000e2700000, 0x00000000e2800000|  0%| F|  |TAMS 0x00000000e2700000, 0x00000000e2700000| Untracked 
|  40|0x00000000e2800000, 0x00000000e2800000, 0x00000000e2900000|  0%| F|  |TAMS 0x00000000e2800000, 0x00000000e2800000| Untracked 
|  41|0x00000000e2900000, 0x00000000e2900000, 0x00000000e2a00000|  0%| F|  |TAMS 0x00000000e2900000, 0x00000000e2900000| Untracked 
|  42|0x00000000e2a00000, 0x00000000e2a00000, 0x00000000e2b00000|  0%| F|  |TAMS 0x00000000e2a00000, 0x00000000e2a00000| Untracked 
|  43|0x00000000e2b00000, 0x00000000e2b00000, 0x00000000e2c00000|  0%| F|  |TAMS 0x00000000e2b00000, 0x00000000e2b00000| Untracked 
|  44|0x00000000e2c00000, 0x00000000e2c00000, 0x00000000e2d00000|  0%| F|  |TAMS 0x00000000e2c00000, 0x00000000e2c00000| Untracked 
|  45|0x00000000e2d00000, 0x00000000e2d00000, 0x00000000e2e00000|  0%| F|  |TAMS 0x00000000e2d00000, 0x00000000e2d00000| Untracked 
|  46|0x00000000e2e00000, 0x00000000e2e00000, 0x00000000e2f00000|  0%| F|  |TAMS 0x00000000e2e00000, 0x00000000e2e00000| Untracked 
|  47|0x00000000e2f00000, 0x00000000e2f00000, 0x00000000e3000000|  0%| F|  |TAMS 0x00000000e2f00000, 0x00000000e2f00000| Untracked 
|  48|0x00000000e3000000, 0x00000000e3000000, 0x00000000e3100000|  0%| F|  |TAMS 0x00000000e3000000, 0x00000000e3000000| Untracked 
|  49|0x00000000e3100000, 0x00000000e3100000, 0x00000000e3200000|  0%| F|  |TAMS 0x00000000e3100000, 0x00000000e3100000| Untracked 
|  50|0x00000000e3200000, 0x00000000e3200000, 0x00000000e3300000|  0%| F|  |TAMS 0x00000000e3200000, 0x00000000e3200000| Untracked 
|  51|0x00000000e3300000, 0x00000000e3300000, 0x00000000e3400000|  0%| F|  |TAMS 0x00000000e3300000, 0x00000000e3300000| Untracked 
|  52|0x00000000e3400000, 0x00000000e3400000, 0x00000000e3500000|  0%| F|  |TAMS 0x00000000e3400000, 0x00000000e3400000| Untracked 
|  53|0x00000000e3500000, 0x00000000e3500000, 0x00000000e3600000|  0%| F|  |TAMS 0x00000000e3500000, 0x00000000e3500000| Untracked 
|  54|0x00000000e3600000, 0x00000000e3600000, 0x00000000e3700000|  0%| F|  |TAMS 0x00000000e3600000, 0x00000000e3600000| Untracked 
|  55|0x00000000e3700000, 0x00000000e3700000, 0x00000000e3800000|  0%| F|  |TAMS 0x00000000e3700000, 0x00000000e3700000| Untracked 
|  56|0x00000000e3800000, 0x00000000e3800000, 0x00000000e3900000|  0%| F|  |TAMS 0x00000000e3800000, 0x00000000e3800000| Untracked 
|  57|0x00000000e3900000, 0x00000000e3900000, 0x00000000e3a00000|  0%| F|  |TAMS 0x00000000e3900000, 0x00000000e3900000| Untracked 
|  58|0x00000000e3a00000, 0x00000000e3a00000, 0x00000000e3b00000|  0%| F|  |TAMS 0x00000000e3a00000, 0x00000000e3a00000| Untracked 
|  59|0x00000000e3b00000, 0x00000000e3b00000, 0x00000000e3c00000|  0%| F|  |TAMS 0x00000000e3b00000, 0x00000000e3b00000| Untracked 
|  60|0x00000000e3c00000, 0x00000000e3c00000, 0x00000000e3d00000|  0%| F|  |TAMS 0x00000000e3c00000, 0x00000000e3c00000| Untracked 
|  61|0x00000000e3d00000, 0x00000000e3d00000, 0x00000000e3e00000|  0%| F|  |TAMS 0x00000000e3d00000, 0x00000000e3d00000| Untracked 
|  62|0x00000000e3e00000, 0x00000000e3e00000, 0x00000000e3f00000|  0%| F|  |TAMS 0x00000000e3e00000, 0x00000000e3e00000| Untracked 
|  63|0x00000000e3f00000, 0x00000000e3f00000, 0x00000000e4000000|  0%| F|  |TAMS 0x00000000e3f00000, 0x00000000e3f00000| Untracked 
|  64|0x00000000e4000000, 0x00000000e4000000, 0x00000000e4100000|  0%| F|  |TAMS 0x00000000e4000000, 0x00000000e4000000| Untracked 
|  65|0x00000000e4100000, 0x00000000e4100000, 0x00000000e4200000|  0%| F|  |TAMS 0x00000000e4100000, 0x00000000e4100000| Untracked 
|  66|0x00000000e4200000, 0x00000000e4200000, 0x00000000e4300000|  0%| F|  |TAMS 0x00000000e4200000, 0x00000000e4200000| Untracked 
|  67|0x00000000e4300000, 0x00000000e4300000, 0x00000000e4400000|  0%| F|  |TAMS 0x00000000e4300000, 0x00000000e4300000| Untracked 
|  68|0x00000000e4400000, 0x00000000e4400000, 0x00000000e4500000|  0%| F|  |TAMS 0x00000000e4400000, 0x00000000e4400000| Untracked 
|  69|0x00000000e4500000, 0x00000000e4500000, 0x00000000e4600000|  0%| F|  |TAMS 0x00000000e4500000, 0x00000000e4500000| Untracked 
|  70|0x00000000e4600000, 0x00000000e4600000, 0x00000000e4700000|  0%| F|  |TAMS 0x00000000e4600000, 0x00000000e4600000| Untracked 
|  71|0x00000000e4700000, 0x00000000e4700000, 0x00000000e4800000|  0%| F|  |TAMS 0x00000000e4700000, 0x00000000e4700000| Untracked 
|  72|0x00000000e4800000, 0x00000000e4800000, 0x00000000e4900000|  0%| F|  |TAMS 0x00000000e4800000, 0x00000000e4800000| Untracked 
|  73|0x00000000e4900000, 0x00000000e4900000, 0x00000000e4a00000|  0%| F|  |TAMS 0x00000000e4900000, 0x00000000e4900000| Untracked 
|  74|0x00000000e4a00000, 0x00000000e4a00000, 0x00000000e4b00000|  0%| F|  |TAMS 0x00000000e4a00000, 0x00000000e4a00000| Untracked 
|  75|0x00000000e4b00000, 0x00000000e4b00000, 0x00000000e4c00000|  0%| F|  |TAMS 0x00000000e4b00000, 0x00000000e4b00000| Untracked 
|  76|0x00000000e4c00000, 0x00000000e4c00000, 0x00000000e4d00000|  0%| F|  |TAMS 0x00000000e4c00000, 0x00000000e4c00000| Untracked 
|  77|0x00000000e4d00000, 0x00000000e4d00000, 0x00000000e4e00000|  0%| F|  |TAMS 0x00000000e4d00000, 0x00000000e4d00000| Untracked 
|  78|0x00000000e4e00000, 0x00000000e4e00000, 0x00000000e4f00000|  0%| F|  |TAMS 0x00000000e4e00000, 0x00000000e4e00000| Untracked 
|  79|0x00000000e4f00000, 0x00000000e4f00000, 0x00000000e5000000|  0%| F|  |TAMS 0x00000000e4f00000, 0x00000000e4f00000| Untracked 
|  80|0x00000000e5000000, 0x00000000e5000000, 0x00000000e5100000|  0%| F|  |TAMS 0x00000000e5000000, 0x00000000e5000000| Untracked 
|  81|0x00000000e5100000, 0x00000000e5100000, 0x00000000e5200000|  0%| F|  |TAMS 0x00000000e5100000, 0x00000000e5100000| Untracked 
|  82|0x00000000e5200000, 0x00000000e5200000, 0x00000000e5300000|  0%| F|  |TAMS 0x00000000e5200000, 0x00000000e5200000| Untracked 
|  83|0x00000000e5300000, 0x00000000e5300000, 0x00000000e5400000|  0%| F|  |TAMS 0x00000000e5300000, 0x00000000e5300000| Untracked 
|  84|0x00000000e5400000, 0x00000000e5400000, 0x00000000e5500000|  0%| F|  |TAMS 0x00000000e5400000, 0x00000000e5400000| Untracked 
|  85|0x00000000e5500000, 0x00000000e5500000, 0x00000000e5600000|  0%| F|  |TAMS 0x00000000e5500000, 0x00000000e5500000| Untracked 
|  86|0x00000000e5600000, 0x00000000e5600000, 0x00000000e5700000|  0%| F|  |TAMS 0x00000000e5600000, 0x00000000e5600000| Untracked 
|  87|0x00000000e5700000, 0x00000000e5700000, 0x00000000e5800000|  0%| F|  |TAMS 0x00000000e5700000, 0x00000000e5700000| Untracked 
|  88|0x00000000e5800000, 0x00000000e5800000, 0x00000000e5900000|  0%| F|  |TAMS 0x00000000e5800000, 0x00000000e5800000| Untracked 
|  89|0x00000000e5900000, 0x00000000e5900000, 0x00000000e5a00000|  0%| F|  |TAMS 0x00000000e5900000, 0x00000000e5900000| Untracked 
|  90|0x00000000e5a00000, 0x00000000e5a00000, 0x00000000e5b00000|  0%| F|  |TAMS 0x00000000e5a00000, 0x00000000e5a00000| Untracked 
|  91|0x00000000e5b00000, 0x00000000e5b00000, 0x00000000e5c00000|  0%| F|  |TAMS 0x00000000e5b00000, 0x00000000e5b00000| Untracked 
|  92|0x00000000e5c00000, 0x00000000e5c00000, 0x00000000e5d00000|  0%| F|  |TAMS 0x00000000e5c00000, 0x00000000e5c00000| Untracked 
|  93|0x00000000e5d00000, 0x00000000e5d00000, 0x00000000e5e00000|  0%| F|  |TAMS 0x00000000e5d00000, 0x00000000e5d00000| Untracked 
|  94|0x00000000e5e00000, 0x00000000e5e00000, 0x00000000e5f00000|  0%| F|  |TAMS 0x00000000e5e00000, 0x00000000e5e00000| Untracked 
|  95|0x00000000e5f00000, 0x00000000e5f00000, 0x00000000e6000000|  0%| F|  |TAMS 0x00000000e5f00000, 0x00000000e5f00000| Untracked 
|  96|0x00000000e6000000, 0x00000000e6000000, 0x00000000e6100000|  0%| F|  |TAMS 0x00000000e6000000, 0x00000000e6000000| Untracked 
|  97|0x00000000e6100000, 0x00000000e6100000, 0x00000000e6200000|  0%| F|  |TAMS 0x00000000e6100000, 0x00000000e6100000| Untracked 
|  98|0x00000000e6200000, 0x00000000e6200000, 0x00000000e6300000|  0%| F|  |TAMS 0x00000000e6200000, 0x00000000e6200000| Untracked 
|  99|0x00000000e6300000, 0x00000000e6300000, 0x00000000e6400000|  0%| F|  |TAMS 0x00000000e6300000, 0x00000000e6300000| Untracked 
| 100|0x00000000e6400000, 0x00000000e6400000, 0x00000000e6500000|  0%| F|  |TAMS 0x00000000e6400000, 0x00000000e6400000| Untracked 
| 101|0x00000000e6500000, 0x00000000e6500000, 0x00000000e6600000|  0%| F|  |TAMS 0x00000000e6500000, 0x00000000e6500000| Untracked 
| 102|0x00000000e6600000, 0x00000000e6600000, 0x00000000e6700000|  0%| F|  |TAMS 0x00000000e6600000, 0x00000000e6600000| Untracked 
| 103|0x00000000e6700000, 0x00000000e6700000, 0x00000000e6800000|  0%| F|  |TAMS 0x00000000e6700000, 0x00000000e6700000| Untracked 
| 104|0x00000000e6800000, 0x00000000e6800000, 0x00000000e6900000|  0%| F|  |TAMS 0x00000000e6800000, 0x00000000e6800000| Untracked 
| 105|0x00000000e6900000, 0x00000000e6900000, 0x00000000e6a00000|  0%| F|  |TAMS 0x00000000e6900000, 0x00000000e6900000| Untracked 
| 106|0x00000000e6a00000, 0x00000000e6a00000, 0x00000000e6b00000|  0%| F|  |TAMS 0x00000000e6a00000, 0x00000000e6a00000| Untracked 
| 107|0x00000000e6b00000, 0x00000000e6b00000, 0x00000000e6c00000|  0%| F|  |TAMS 0x00000000e6b00000, 0x00000000e6b00000| Untracked 
| 108|0x00000000e6c00000, 0x00000000e6c00000, 0x00000000e6d00000|  0%| F|  |TAMS 0x00000000e6c00000, 0x00000000e6c00000| Untracked 
| 109|0x00000000e6d00000, 0x00000000e6d00000, 0x00000000e6e00000|  0%| F|  |TAMS 0x00000000e6d00000, 0x00000000e6d00000| Untracked 
| 110|0x00000000e6e00000, 0x00000000e6e00000, 0x00000000e6f00000|  0%| F|  |TAMS 0x00000000e6e00000, 0x00000000e6e00000| Untracked 
| 111|0x00000000e6f00000, 0x00000000e6f00000, 0x00000000e7000000|  0%| F|  |TAMS 0x00000000e6f00000, 0x00000000e6f00000| Untracked 
| 112|0x00000000e7000000, 0x00000000e7000000, 0x00000000e7100000|  0%| F|  |TAMS 0x00000000e7000000, 0x00000000e7000000| Untracked 
| 113|0x00000000e7100000, 0x00000000e7100000, 0x00000000e7200000|  0%| F|  |TAMS 0x00000000e7100000, 0x00000000e7100000| Untracked 
| 114|0x00000000e7200000, 0x00000000e7200000, 0x00000000e7300000|  0%| F|  |TAMS 0x00000000e7200000, 0x00000000e7200000| Untracked 
| 115|0x00000000e7300000, 0x00000000e7300000, 0x00000000e7400000|  0%| F|  |TAMS 0x00000000e7300000, 0x00000000e7300000| Untracked 
| 116|0x00000000e7400000, 0x00000000e7400000, 0x00000000e7500000|  0%| F|  |TAMS 0x00000000e7400000, 0x00000000e7400000| Untracked 
| 117|0x00000000e7500000, 0x00000000e7500000, 0x00000000e7600000|  0%| F|  |TAMS 0x00000000e7500000, 0x00000000e7500000| Untracked 
| 118|0x00000000e7600000, 0x00000000e7600000, 0x00000000e7700000|  0%| F|  |TAMS 0x00000000e7600000, 0x00000000e7600000| Untracked 
| 119|0x00000000e7700000, 0x00000000e7700000, 0x00000000e7800000|  0%| F|  |TAMS 0x00000000e7700000, 0x00000000e7700000| Untracked 
| 120|0x00000000e7800000, 0x00000000e7800000, 0x00000000e7900000|  0%| F|  |TAMS 0x00000000e7800000, 0x00000000e7800000| Untracked 
| 121|0x00000000e7900000, 0x00000000e7900000, 0x00000000e7a00000|  0%| F|  |TAMS 0x00000000e7900000, 0x00000000e7900000| Untracked 
| 122|0x00000000e7a00000, 0x00000000e7a00000, 0x00000000e7b00000|  0%| F|  |TAMS 0x00000000e7a00000, 0x00000000e7a00000| Untracked 
| 123|0x00000000e7b00000, 0x00000000e7b00000, 0x00000000e7c00000|  0%| F|  |TAMS 0x00000000e7b00000, 0x00000000e7b00000| Untracked 
| 124|0x00000000e7c00000, 0x00000000e7c00000, 0x00000000e7d00000|  0%| F|  |TAMS 0x00000000e7c00000, 0x00000000e7c00000| Untracked 
| 125|0x00000000e7d00000, 0x00000000e7d00000, 0x00000000e7e00000|  0%| F|  |TAMS 0x00000000e7d00000, 0x00000000e7d00000| Untracked 
| 126|0x00000000e7e00000, 0x00000000e7e00000, 0x00000000e7f00000|  0%| F|  |TAMS 0x00000000e7e00000, 0x00000000e7e00000| Untracked 
| 127|0x00000000e7f00000, 0x00000000e7f00000, 0x00000000e8000000|  0%| F|  |TAMS 0x00000000e7f00000, 0x00000000e7f00000| Untracked 
| 128|0x00000000e8000000, 0x00000000e8000000, 0x00000000e8100000|  0%| F|  |TAMS 0x00000000e8000000, 0x00000000e8000000| Untracked 
| 129|0x00000000e8100000, 0x00000000e8100000, 0x00000000e8200000|  0%| F|  |TAMS 0x00000000e8100000, 0x00000000e8100000| Untracked 
| 130|0x00000000e8200000, 0x00000000e8200000, 0x00000000e8300000|  0%| F|  |TAMS 0x00000000e8200000, 0x00000000e8200000| Untracked 
| 131|0x00000000e8300000, 0x00000000e8300000, 0x00000000e8400000|  0%| F|  |TAMS 0x00000000e8300000, 0x00000000e8300000| Untracked 
| 132|0x00000000e8400000, 0x00000000e8400000, 0x00000000e8500000|  0%| F|  |TAMS 0x00000000e8400000, 0x00000000e8400000| Untracked 
| 133|0x00000000e8500000, 0x00000000e8500000, 0x00000000e8600000|  0%| F|  |TAMS 0x00000000e8500000, 0x00000000e8500000| Untracked 
| 134|0x00000000e8600000, 0x00000000e8600000, 0x00000000e8700000|  0%| F|  |TAMS 0x00000000e8600000, 0x00000000e8600000| Untracked 
| 135|0x00000000e8700000, 0x00000000e8700000, 0x00000000e8800000|  0%| F|  |TAMS 0x00000000e8700000, 0x00000000e8700000| Untracked 
| 136|0x00000000e8800000, 0x00000000e8800000, 0x00000000e8900000|  0%| F|  |TAMS 0x00000000e8800000, 0x00000000e8800000| Untracked 
| 137|0x00000000e8900000, 0x00000000e8900000, 0x00000000e8a00000|  0%| F|  |TAMS 0x00000000e8900000, 0x00000000e8900000| Untracked 
| 138|0x00000000e8a00000, 0x00000000e8a00000, 0x00000000e8b00000|  0%| F|  |TAMS 0x00000000e8a00000, 0x00000000e8a00000| Untracked 
| 139|0x00000000e8b00000, 0x00000000e8b00000, 0x00000000e8c00000|  0%| F|  |TAMS 0x00000000e8b00000, 0x00000000e8b00000| Untracked 
| 140|0x00000000e8c00000, 0x00000000e8c00000, 0x00000000e8d00000|  0%| F|  |TAMS 0x00000000e8c00000, 0x00000000e8c00000| Untracked 
| 141|0x00000000e8d00000, 0x00000000e8d00000, 0x00000000e8e00000|  0%| F|  |TAMS 0x00000000e8d00000, 0x00000000e8d00000| Untracked 
| 142|0x00000000e8e00000, 0x00000000e8e00000, 0x00000000e8f00000|  0%| F|  |TAMS 0x00000000e8e00000, 0x00000000e8e00000| Untracked 
| 143|0x00000000e8f00000, 0x00000000e8f00000, 0x00000000e9000000|  0%| F|  |TAMS 0x00000000e8f00000, 0x00000000e8f00000| Untracked 
| 144|0x00000000e9000000, 0x00000000e9000000, 0x00000000e9100000|  0%| F|  |TAMS 0x00000000e9000000, 0x00000000e9000000| Untracked 
| 145|0x00000000e9100000, 0x00000000e9100000, 0x00000000e9200000|  0%| F|  |TAMS 0x00000000e9100000, 0x00000000e9100000| Untracked 
| 146|0x00000000e9200000, 0x00000000e9200000, 0x00000000e9300000|  0%| F|  |TAMS 0x00000000e9200000, 0x00000000e9200000| Untracked 
| 147|0x00000000e9300000, 0x00000000e9300000, 0x00000000e9400000|  0%| F|  |TAMS 0x00000000e9300000, 0x00000000e9300000| Untracked 
| 148|0x00000000e9400000, 0x00000000e9400000, 0x00000000e9500000|  0%| F|  |TAMS 0x00000000e9400000, 0x00000000e9400000| Untracked 
| 149|0x00000000e9500000, 0x00000000e9500000, 0x00000000e9600000|  0%| F|  |TAMS 0x00000000e9500000, 0x00000000e9500000| Untracked 
| 150|0x00000000e9600000, 0x00000000e9600000, 0x00000000e9700000|  0%| F|  |TAMS 0x00000000e9600000, 0x00000000e9600000| Untracked 
| 151|0x00000000e9700000, 0x00000000e9700000, 0x00000000e9800000|  0%| F|  |TAMS 0x00000000e9700000, 0x00000000e9700000| Untracked 
| 152|0x00000000e9800000, 0x00000000e9800000, 0x00000000e9900000|  0%| F|  |TAMS 0x00000000e9800000, 0x00000000e9800000| Untracked 
| 153|0x00000000e9900000, 0x00000000e9900000, 0x00000000e9a00000|  0%| F|  |TAMS 0x00000000e9900000, 0x00000000e9900000| Untracked 
| 154|0x00000000e9a00000, 0x00000000e9a00000, 0x00000000e9b00000|  0%| F|  |TAMS 0x00000000e9a00000, 0x00000000e9a00000| Untracked 
| 155|0x00000000e9b00000, 0x00000000e9b00000, 0x00000000e9c00000|  0%| F|  |TAMS 0x00000000e9b00000, 0x00000000e9b00000| Untracked 
| 156|0x00000000e9c00000, 0x00000000e9c00000, 0x00000000e9d00000|  0%| F|  |TAMS 0x00000000e9c00000, 0x00000000e9c00000| Untracked 
| 157|0x00000000e9d00000, 0x00000000e9d00000, 0x00000000e9e00000|  0%| F|  |TAMS 0x00000000e9d00000, 0x00000000e9d00000| Untracked 
| 158|0x00000000e9e00000, 0x00000000e9e00000, 0x00000000e9f00000|  0%| F|  |TAMS 0x00000000e9e00000, 0x00000000e9e00000| Untracked 
| 159|0x00000000e9f00000, 0x00000000e9f00000, 0x00000000ea000000|  0%| F|  |TAMS 0x00000000e9f00000, 0x00000000e9f00000| Untracked 
| 160|0x00000000ea000000, 0x00000000ea000000, 0x00000000ea100000|  0%| F|  |TAMS 0x00000000ea000000, 0x00000000ea000000| Untracked 
| 161|0x00000000ea100000, 0x00000000ea100000, 0x00000000ea200000|  0%| F|  |TAMS 0x00000000ea100000, 0x00000000ea100000| Untracked 
| 162|0x00000000ea200000, 0x00000000ea200000, 0x00000000ea300000|  0%| F|  |TAMS 0x00000000ea200000, 0x00000000ea200000| Untracked 
| 163|0x00000000ea300000, 0x00000000ea300000, 0x00000000ea400000|  0%| F|  |TAMS 0x00000000ea300000, 0x00000000ea300000| Untracked 
| 164|0x00000000ea400000, 0x00000000ea400000, 0x00000000ea500000|  0%| F|  |TAMS 0x00000000ea400000, 0x00000000ea400000| Untracked 
| 165|0x00000000ea500000, 0x00000000ea500000, 0x00000000ea600000|  0%| F|  |TAMS 0x00000000ea500000, 0x00000000ea500000| Untracked 
| 166|0x00000000ea600000, 0x00000000ea600000, 0x00000000ea700000|  0%| F|  |TAMS 0x00000000ea600000, 0x00000000ea600000| Untracked 
| 167|0x00000000ea700000, 0x00000000ea700000, 0x00000000ea800000|  0%| F|  |TAMS 0x00000000ea700000, 0x00000000ea700000| Untracked 
| 168|0x00000000ea800000, 0x00000000ea800000, 0x00000000ea900000|  0%| F|  |TAMS 0x00000000ea800000, 0x00000000ea800000| Untracked 
| 169|0x00000000ea900000, 0x00000000ea900000, 0x00000000eaa00000|  0%| F|  |TAMS 0x00000000ea900000, 0x00000000ea900000| Untracked 
| 170|0x00000000eaa00000, 0x00000000eab00000, 0x00000000eab00000|100%| S|CS|TAMS 0x00000000eaa00000, 0x00000000eaa00000| Complete 
| 171|0x00000000eab00000, 0x00000000eac00000, 0x00000000eac00000|100%| S|CS|TAMS 0x00000000eab00000, 0x00000000eab00000| Complete 
| 172|0x00000000eac00000, 0x00000000ead00000, 0x00000000ead00000|100%| S|CS|TAMS 0x00000000eac00000, 0x00000000eac00000| Complete 
| 173|0x00000000ead00000, 0x00000000eae00000, 0x00000000eae00000|100%| S|CS|TAMS 0x00000000ead00000, 0x00000000ead00000| Complete 
| 174|0x00000000eae00000, 0x00000000eaf00000, 0x00000000eaf00000|100%| S|CS|TAMS 0x00000000eae00000, 0x00000000eae00000| Complete 
| 175|0x00000000eaf00000, 0x00000000eb000000, 0x00000000eb000000|100%| S|CS|TAMS 0x00000000eaf00000, 0x00000000eaf00000| Complete 
| 176|0x00000000eb000000, 0x00000000eb100000, 0x00000000eb100000|100%| S|CS|TAMS 0x00000000eb000000, 0x00000000eb000000| Complete 
| 177|0x00000000eb100000, 0x00000000eb200000, 0x00000000eb200000|100%| S|CS|TAMS 0x00000000eb100000, 0x00000000eb100000| Complete 
| 178|0x00000000eb200000, 0x00000000eb300000, 0x00000000eb300000|100%| S|CS|TAMS 0x00000000eb200000, 0x00000000eb200000| Complete 
| 179|0x00000000eb300000, 0x00000000eb400000, 0x00000000eb400000|100%| S|CS|TAMS 0x00000000eb300000, 0x00000000eb300000| Complete 
| 180|0x00000000eb400000, 0x00000000eb500000, 0x00000000eb500000|100%| S|CS|TAMS 0x00000000eb400000, 0x00000000eb400000| Complete 
| 181|0x00000000eb500000, 0x00000000eb600000, 0x00000000eb600000|100%| S|CS|TAMS 0x00000000eb500000, 0x00000000eb500000| Complete 
| 182|0x00000000eb600000, 0x00000000eb700000, 0x00000000eb700000|100%| S|CS|TAMS 0x00000000eb600000, 0x00000000eb600000| Complete 
| 183|0x00000000eb700000, 0x00000000eb800000, 0x00000000eb800000|100%| S|CS|TAMS 0x00000000eb700000, 0x00000000eb700000| Complete 
| 184|0x00000000eb800000, 0x00000000eb800000, 0x00000000eb900000|  0%| F|  |TAMS 0x00000000eb800000, 0x00000000eb800000| Untracked 
| 185|0x00000000eb900000, 0x00000000eb900000, 0x00000000eba00000|  0%| F|  |TAMS 0x00000000eb900000, 0x00000000eb900000| Untracked 
| 186|0x00000000eba00000, 0x00000000eba00000, 0x00000000ebb00000|  0%| F|  |TAMS 0x00000000eba00000, 0x00000000eba00000| Untracked 
| 187|0x00000000ebb00000, 0x00000000ebb00000, 0x00000000ebc00000|  0%| F|  |TAMS 0x00000000ebb00000, 0x00000000ebb00000| Untracked 
| 188|0x00000000ebc00000, 0x00000000ebc00000, 0x00000000ebd00000|  0%| F|  |TAMS 0x00000000ebc00000, 0x00000000ebc00000| Untracked 
| 189|0x00000000ebd00000, 0x00000000ebd00000, 0x00000000ebe00000|  0%| F|  |TAMS 0x00000000ebd00000, 0x00000000ebd00000| Untracked 
| 190|0x00000000ebe00000, 0x00000000ebe00000, 0x00000000ebf00000|  0%| F|  |TAMS 0x00000000ebe00000, 0x00000000ebe00000| Untracked 
| 191|0x00000000ebf00000, 0x00000000ebf00000, 0x00000000ec000000|  0%| F|  |TAMS 0x00000000ebf00000, 0x00000000ebf00000| Untracked 
| 192|0x00000000ec000000, 0x00000000ec000000, 0x00000000ec100000|  0%| F|  |TAMS 0x00000000ec000000, 0x00000000ec000000| Untracked 
| 193|0x00000000ec100000, 0x00000000ec100000, 0x00000000ec200000|  0%| F|  |TAMS 0x00000000ec100000, 0x00000000ec100000| Untracked 
| 194|0x00000000ec200000, 0x00000000ec200000, 0x00000000ec300000|  0%| F|  |TAMS 0x00000000ec200000, 0x00000000ec200000| Untracked 
| 195|0x00000000ec300000, 0x00000000ec300000, 0x00000000ec400000|  0%| F|  |TAMS 0x00000000ec300000, 0x00000000ec300000| Untracked 
| 196|0x00000000ec400000, 0x00000000ec400000, 0x00000000ec500000|  0%| F|  |TAMS 0x00000000ec400000, 0x00000000ec400000| Untracked 
| 197|0x00000000ec500000, 0x00000000ec500000, 0x00000000ec600000|  0%| F|  |TAMS 0x00000000ec500000, 0x00000000ec500000| Untracked 
| 198|0x00000000ec600000, 0x00000000ec600000, 0x00000000ec700000|  0%| F|  |TAMS 0x00000000ec600000, 0x00000000ec600000| Untracked 
| 199|0x00000000ec700000, 0x00000000ec700000, 0x00000000ec800000|  0%| F|  |TAMS 0x00000000ec700000, 0x00000000ec700000| Untracked 
| 200|0x00000000ec800000, 0x00000000ec800000, 0x00000000ec900000|  0%| F|  |TAMS 0x00000000ec800000, 0x00000000ec800000| Untracked 
| 201|0x00000000ec900000, 0x00000000ec900000, 0x00000000eca00000|  0%| F|  |TAMS 0x00000000ec900000, 0x00000000ec900000| Untracked 
| 202|0x00000000eca00000, 0x00000000eca00000, 0x00000000ecb00000|  0%| F|  |TAMS 0x00000000eca00000, 0x00000000eca00000| Untracked 
| 203|0x00000000ecb00000, 0x00000000ecb00000, 0x00000000ecc00000|  0%| F|  |TAMS 0x00000000ecb00000, 0x00000000ecb00000| Untracked 
| 204|0x00000000ecc00000, 0x00000000ecc00000, 0x00000000ecd00000|  0%| F|  |TAMS 0x00000000ecc00000, 0x00000000ecc00000| Untracked 
| 205|0x00000000ecd00000, 0x00000000ecd00000, 0x00000000ece00000|  0%| F|  |TAMS 0x00000000ecd00000, 0x00000000ecd00000| Untracked 
| 206|0x00000000ece00000, 0x00000000ece00000, 0x00000000ecf00000|  0%| F|  |TAMS 0x00000000ece00000, 0x00000000ece00000| Untracked 
| 207|0x00000000ecf00000, 0x00000000ecf00000, 0x00000000ed000000|  0%| F|  |TAMS 0x00000000ecf00000, 0x00000000ecf00000| Untracked 
| 208|0x00000000ed000000, 0x00000000ed000000, 0x00000000ed100000|  0%| F|  |TAMS 0x00000000ed000000, 0x00000000ed000000| Untracked 
| 209|0x00000000ed100000, 0x00000000ed100000, 0x00000000ed200000|  0%| F|  |TAMS 0x00000000ed100000, 0x00000000ed100000| Untracked 
| 210|0x00000000ed200000, 0x00000000ed200000, 0x00000000ed300000|  0%| F|  |TAMS 0x00000000ed200000, 0x00000000ed200000| Untracked 
| 211|0x00000000ed300000, 0x00000000ed300000, 0x00000000ed400000|  0%| F|  |TAMS 0x00000000ed300000, 0x00000000ed300000| Untracked 
| 212|0x00000000ed400000, 0x00000000ed400000, 0x00000000ed500000|  0%| F|  |TAMS 0x00000000ed400000, 0x00000000ed400000| Untracked 
| 213|0x00000000ed500000, 0x00000000ed500000, 0x00000000ed600000|  0%| F|  |TAMS 0x00000000ed500000, 0x00000000ed500000| Untracked 
| 214|0x00000000ed600000, 0x00000000ed600000, 0x00000000ed700000|  0%| F|  |TAMS 0x00000000ed600000, 0x00000000ed600000| Untracked 
| 215|0x00000000ed700000, 0x00000000ed700000, 0x00000000ed800000|  0%| F|  |TAMS 0x00000000ed700000, 0x00000000ed700000| Untracked 
| 216|0x00000000ed800000, 0x00000000ed800000, 0x00000000ed900000|  0%| F|  |TAMS 0x00000000ed800000, 0x00000000ed800000| Untracked 
| 217|0x00000000ed900000, 0x00000000ed900000, 0x00000000eda00000|  0%| F|  |TAMS 0x00000000ed900000, 0x00000000ed900000| Untracked 
| 218|0x00000000eda00000, 0x00000000eda00000, 0x00000000edb00000|  0%| F|  |TAMS 0x00000000eda00000, 0x00000000eda00000| Untracked 
| 219|0x00000000edb00000, 0x00000000edb00000, 0x00000000edc00000|  0%| F|  |TAMS 0x00000000edb00000, 0x00000000edb00000| Untracked 
| 220|0x00000000edc00000, 0x00000000edc00000, 0x00000000edd00000|  0%| F|  |TAMS 0x00000000edc00000, 0x00000000edc00000| Untracked 
| 221|0x00000000edd00000, 0x00000000edd00000, 0x00000000ede00000|  0%| F|  |TAMS 0x00000000edd00000, 0x00000000edd00000| Untracked 
| 222|0x00000000ede00000, 0x00000000ede00000, 0x00000000edf00000|  0%| F|  |TAMS 0x00000000ede00000, 0x00000000ede00000| Untracked 
| 223|0x00000000edf00000, 0x00000000edf00000, 0x00000000ee000000|  0%| F|  |TAMS 0x00000000edf00000, 0x00000000edf00000| Untracked 
| 224|0x00000000ee000000, 0x00000000ee000000, 0x00000000ee100000|  0%| F|  |TAMS 0x00000000ee000000, 0x00000000ee000000| Untracked 
| 225|0x00000000ee100000, 0x00000000ee100000, 0x00000000ee200000|  0%| F|  |TAMS 0x00000000ee100000, 0x00000000ee100000| Untracked 
| 226|0x00000000ee200000, 0x00000000ee200000, 0x00000000ee300000|  0%| F|  |TAMS 0x00000000ee200000, 0x00000000ee200000| Untracked 
| 227|0x00000000ee300000, 0x00000000ee300000, 0x00000000ee400000|  0%| F|  |TAMS 0x00000000ee300000, 0x00000000ee300000| Untracked 
| 228|0x00000000ee400000, 0x00000000ee400000, 0x00000000ee500000|  0%| F|  |TAMS 0x00000000ee400000, 0x00000000ee400000| Untracked 
| 229|0x00000000ee500000, 0x00000000ee500000, 0x00000000ee600000|  0%| F|  |TAMS 0x00000000ee500000, 0x00000000ee500000| Untracked 
| 230|0x00000000ee600000, 0x00000000ee600000, 0x00000000ee700000|  0%| F|  |TAMS 0x00000000ee600000, 0x00000000ee600000| Untracked 
| 231|0x00000000ee700000, 0x00000000ee700000, 0x00000000ee800000|  0%| F|  |TAMS 0x00000000ee700000, 0x00000000ee700000| Untracked 
| 232|0x00000000ee800000, 0x00000000ee800000, 0x00000000ee900000|  0%| F|  |TAMS 0x00000000ee800000, 0x00000000ee800000| Untracked 
| 233|0x00000000ee900000, 0x00000000eea00000, 0x00000000eea00000|100%| E|  |TAMS 0x00000000ee900000, 0x00000000ee900000| Complete 
| 234|0x00000000eea00000, 0x00000000eeb00000, 0x00000000eeb00000|100%| E|CS|TAMS 0x00000000eea00000, 0x00000000eea00000| Complete 
| 235|0x00000000eeb00000, 0x00000000eec00000, 0x00000000eec00000|100%| E|CS|TAMS 0x00000000eeb00000, 0x00000000eeb00000| Complete 
| 236|0x00000000eec00000, 0x00000000eed00000, 0x00000000eed00000|100%| E|CS|TAMS 0x00000000eec00000, 0x00000000eec00000| Complete 
| 237|0x00000000eed00000, 0x00000000eee00000, 0x00000000eee00000|100%| E|CS|TAMS 0x00000000eed00000, 0x00000000eed00000| Complete 
| 238|0x00000000eee00000, 0x00000000eef00000, 0x00000000eef00000|100%| E|CS|TAMS 0x00000000eee00000, 0x00000000eee00000| Complete 
| 239|0x00000000eef00000, 0x00000000ef000000, 0x00000000ef000000|100%| E|CS|TAMS 0x00000000eef00000, 0x00000000eef00000| Complete 
| 240|0x00000000ef000000, 0x00000000ef100000, 0x00000000ef100000|100%| E|CS|TAMS 0x00000000ef000000, 0x00000000ef000000| Complete 
| 241|0x00000000ef100000, 0x00000000ef200000, 0x00000000ef200000|100%| E|CS|TAMS 0x00000000ef100000, 0x00000000ef100000| Complete 
| 242|0x00000000ef200000, 0x00000000ef300000, 0x00000000ef300000|100%| E|CS|TAMS 0x00000000ef200000, 0x00000000ef200000| Complete 
| 243|0x00000000ef300000, 0x00000000ef400000, 0x00000000ef400000|100%| E|CS|TAMS 0x00000000ef300000, 0x00000000ef300000| Complete 
| 244|0x00000000ef400000, 0x00000000ef500000, 0x00000000ef500000|100%| E|CS|TAMS 0x00000000ef400000, 0x00000000ef400000| Complete 
| 245|0x00000000ef500000, 0x00000000ef600000, 0x00000000ef600000|100%| E|CS|TAMS 0x00000000ef500000, 0x00000000ef500000| Complete 
| 246|0x00000000ef600000, 0x00000000ef700000, 0x00000000ef700000|100%| E|CS|TAMS 0x00000000ef600000, 0x00000000ef600000| Complete 
| 247|0x00000000ef700000, 0x00000000ef800000, 0x00000000ef800000|100%| E|CS|TAMS 0x00000000ef700000, 0x00000000ef700000| Complete 
| 248|0x00000000ef800000, 0x00000000ef900000, 0x00000000ef900000|100%| E|CS|TAMS 0x00000000ef800000, 0x00000000ef800000| Complete 
| 249|0x00000000ef900000, 0x00000000efa00000, 0x00000000efa00000|100%| E|CS|TAMS 0x00000000ef900000, 0x00000000ef900000| Complete 
| 250|0x00000000efa00000, 0x00000000efb00000, 0x00000000efb00000|100%| E|CS|TAMS 0x00000000efa00000, 0x00000000efa00000| Complete 
| 251|0x00000000efb00000, 0x00000000efc00000, 0x00000000efc00000|100%| E|CS|TAMS 0x00000000efb00000, 0x00000000efb00000| Complete 
| 252|0x00000000efc00000, 0x00000000efd00000, 0x00000000efd00000|100%| E|CS|TAMS 0x00000000efc00000, 0x00000000efc00000| Complete 
| 253|0x00000000efd00000, 0x00000000efe00000, 0x00000000efe00000|100%| E|CS|TAMS 0x00000000efd00000, 0x00000000efd00000| Complete 
| 254|0x00000000efe00000, 0x00000000eff00000, 0x00000000eff00000|100%| E|CS|TAMS 0x00000000efe00000, 0x00000000efe00000| Complete 
| 255|0x00000000eff00000, 0x00000000f0000000, 0x00000000f0000000|100%| E|CS|TAMS 0x00000000eff00000, 0x00000000eff00000| Complete 

Card table byte_map: [0x000001574b6f0000,0x000001574b7f0000] _byte_map_base: 0x000001574aff0000

Marking Bits (Prev, Next): (CMBitMap*) 0x0000015738fae5a0, (CMBitMap*) 0x0000015738fae560
 Prev Bits: [0x000001574c0f0000, 0x000001574c8f0000)
 Next Bits: [0x000001574b8f0000, 0x000001574c0f0000)

Polling page: 0x0000015736e90000

Metaspace:

Usage:
  Non-class:     50.74 MB used.
      Class:      8.08 MB used.
       Both:     58.82 MB used.

Virtual space:
  Non-class space:       64.00 MB reserved,      51.00 MB ( 80%) committed,  1 nodes.
      Class space:      320.00 MB reserved,       8.31 MB (  3%) committed,  1 nodes.
             Both:      384.00 MB reserved,      59.31 MB ( 15%) committed. 

Chunk freelists:
   Non-Class:  12.28 MB
       Class:  7.70 MB
        Both:  19.98 MB

MaxMetaspaceSize: 384.00 MB
CompressedClassSpaceSize: 320.00 MB
Initial GC threshold: 21.00 MB
Current GC threshold: 98.06 MB
CDS: off
MetaspaceReclaimPolicy: balanced
 - commit_granule_bytes: 65536.
 - commit_granule_words: 8192.
 - virtual_space_node_default_size: 8388608.
 - enlarge_chunks_in_place: 1.
 - new_chunks_are_fully_committed: 0.
 - uncommit_free_chunks: 1.
 - use_allocation_guard: 0.
 - handle_deallocations: 1.


Internal statistics:

num_allocs_failed_limit: 9.
num_arena_births: 560.
num_arena_deaths: 0.
num_vsnodes_births: 2.
num_vsnodes_deaths: 0.
num_space_committed: 949.
num_space_uncommitted: 0.
num_chunks_returned_to_freelist: 9.
num_chunks_taken_from_freelist: 2642.
num_chunk_merges: 6.
num_chunk_splits: 1705.
num_chunks_enlarged: 1146.
num_inconsistent_stats: 0.

CodeHeap 'non-profiled nmethods': size=120000Kb used=3062Kb max_used=3062Kb free=116937Kb
 bounds [0x00000157441c0000, 0x00000157444c0000, 0x000001574b6f0000]
CodeHeap 'profiled nmethods': size=120000Kb used=10941Kb max_used=10941Kb free=109058Kb
 bounds [0x000001573c6f0000, 0x000001573d1a0000, 0x0000015743c20000]
CodeHeap 'non-nmethods': size=5760Kb used=2317Kb max_used=2372Kb free=3442Kb
 bounds [0x0000015743c20000, 0x0000015743e90000, 0x00000157441c0000]
 total_blobs=6452 nmethods=5615 adapters=749
 compilation: enabled
              stopped_count=0, restarted_count=0
 full_count=0

Compilation events (20 events):
Event: 99.654 Thread 0x000001574f09b0c0 nmethod 6417 0x00000157442f2010 code [0x00000157442f2180, 0x00000157442f22d8]
Event: 99.655 Thread 0x000001574f09bb60 6418       3       java.beans.MethodDescriptor::<init> (111 bytes)
Event: 99.656 Thread 0x000001574f09bb60 nmethod 6418 0x000001573d197f10 code [0x000001573d198160, 0x000001573d198c98]
Event: 99.656 Thread 0x000001574f09bb60 6419       3       sun.reflect.generics.reflectiveObjects.TypeVariableImpl::toString (5 bytes)
Event: 99.656 Thread 0x000001574f09bb60 nmethod 6419 0x000001573d199010 code [0x000001573d1991a0, 0x000001573d1992d8]
Event: 99.658 Thread 0x000001574f09b0c0 6420       4       com.sun.beans.introspect.MethodInfo$MethodOrder::compare (145 bytes)
Event: 99.660 Thread 0x000001574f09bb60 6423       3       sun.reflect.generics.reflectiveObjects.WildcardTypeImpl::toString (159 bytes)
Event: 99.662 Thread 0x000001574f09bb60 nmethod 6423 0x000001573d199390 code [0x000001573d1996e0, 0x000001573d19ad68]
Event: 99.666 Thread 0x000001574f09bb60 6424       3       java.util.Hashtable$EntrySet::iterator (9 bytes)
Event: 99.666 Thread 0x000001574f09bb60 nmethod 6424 0x000001573d19b390 code [0x000001573d19b540, 0x000001573d19b688]
Event: 99.671 Thread 0x000001574f09b0c0 nmethod 6420 0x00000157444bd490 code [0x00000157444bd680, 0x00000157444be170]
Event: 99.671 Thread 0x000001574f09b0c0 6422       4       sun.reflect.generics.parser.SignatureParser::parsePackageNameAndSimpleClassTypeSignature (119 bytes)
Event: 99.761 Thread 0x000001574f09bb60 6426       3       groovyjarjarasm.asm.Frame::push (109 bytes)
Event: 99.762 Thread 0x000001574f09bb60 nmethod 6426 0x000001573d19b790 code [0x000001573d19b960, 0x000001573d19bec8]
Event: 99.764 Thread 0x000001574f09bb60 6427       3       groovyjarjarasm.asm.ByteVector::putShort (52 bytes)
Event: 99.764 Thread 0x000001574f09bb60 nmethod 6427 0x000001573d19c090 code [0x000001573d19c240, 0x000001573d19c448]
Event: 99.870 Thread 0x000001574f09bb60 6428       3       jdk.internal.org.objectweb.asm.MethodVisitor::visitLdcInsn (87 bytes)
Event: 99.870 Thread 0x000001574f09bb60 nmethod 6428 0x000001573d19c590 code [0x000001573d19c7a0, 0x000001573d19d108]
Event: 99.874 Thread 0x000001574f09bb60 6429       3       java.util.AbstractMap::isEmpty (13 bytes)
Event: 99.874 Thread 0x000001574f09bb60 nmethod 6429 0x000001573d19d310 code [0x000001573d19d4c0, 0x000001573d19d6e8]

GC Heap History (14 events):
Event: 5.005 GC heap before
{Heap before GC invocations=0 (full 0):
 garbage-first heap   total 262144K, used 13312K [0x00000000e0000000, 0x0000000100000000)
  region size 1024K, 13 young (13312K), 0 survivors (0K)
 Metaspace       used 7075K, committed 7168K, reserved 393216K
  class space    used 621K, committed 704K, reserved 327680K
}
Event: 5.045 GC heap after
{Heap after GC invocations=1 (full 0):
 garbage-first heap   total 262144K, used 1664K [0x00000000e0000000, 0x0000000100000000)
  region size 1024K, 2 young (2048K), 2 survivors (2048K)
 Metaspace       used 7075K, committed 7168K, reserved 393216K
  class space    used 621K, committed 704K, reserved 327680K
}
Event: 13.188 GC heap before
{Heap before GC invocations=1 (full 0):
 garbage-first heap   total 262144K, used 23168K [0x00000000e0000000, 0x0000000100000000)
  region size 1024K, 20 young (20480K), 2 survivors (2048K)
 Metaspace       used 10720K, committed 10880K, reserved 393216K
  class space    used 1107K, committed 1216K, reserved 327680K
}
Event: 13.196 GC heap after
{Heap after GC invocations=2 (full 0):
 garbage-first heap   total 262144K, used 10963K [0x00000000e0000000, 0x0000000100000000)
  region size 1024K, 3 young (3072K), 3 survivors (3072K)
 Metaspace       used 10720K, committed 10880K, reserved 393216K
  class space    used 1107K, committed 1216K, reserved 327680K
}
Event: 24.036 GC heap before
{Heap before GC invocations=2 (full 0):
 garbage-first heap   total 262144K, used 64211K [0x00000000e0000000, 0x0000000100000000)
  region size 1024K, 53 young (54272K), 3 survivors (3072K)
 Metaspace       used 12324K, committed 12416K, reserved 393216K
  class space    used 1360K, committed 1408K, reserved 327680K
}
Event: 24.045 GC heap after
{Heap after GC invocations=3 (full 0):
 garbage-first heap   total 262144K, used 16701K [0x00000000e0000000, 0x0000000100000000)
  region size 1024K, 7 young (7168K), 7 survivors (7168K)
 Metaspace       used 12324K, committed 12416K, reserved 393216K
  class space    used 1360K, committed 1408K, reserved 327680K
}
Event: 32.437 GC heap before
{Heap before GC invocations=3 (full 0):
 garbage-first heap   total 262144K, used 48445K [0x00000000e0000000, 0x0000000100000000)
  region size 1024K, 39 young (39936K), 7 survivors (7168K)
 Metaspace       used 21287K, committed 21504K, reserved 393216K
  class space    used 2522K, committed 2624K, reserved 327680K
}
Event: 32.453 GC heap after
{Heap after GC invocations=4 (full 0):
 garbage-first heap   total 262144K, used 19899K [0x00000000e0000000, 0x0000000100000000)
  region size 1024K, 11 young (11264K), 11 survivors (11264K)
 Metaspace       used 21287K, committed 21504K, reserved 393216K
  class space    used 2522K, committed 2624K, reserved 327680K
}
Event: 62.506 GC heap before
{Heap before GC invocations=5 (full 0):
 garbage-first heap   total 262144K, used 127419K [0x00000000e0000000, 0x0000000100000000)
  region size 1024K, 117 young (119808K), 11 survivors (11264K)
 Metaspace       used 35703K, committed 35968K, reserved 393216K
  class space    used 4894K, committed 5056K, reserved 327680K
}
Event: 62.581 GC heap after
{Heap after GC invocations=6 (full 0):
 garbage-first heap   total 262144K, used 24893K [0x00000000e0000000, 0x0000000100000000)
  region size 1024K, 15 young (15360K), 15 survivors (15360K)
 Metaspace       used 35703K, committed 35968K, reserved 393216K
  class space    used 4894K, committed 5056K, reserved 327680K
}
Event: 87.721 GC heap before
{Heap before GC invocations=7 (full 0):
 garbage-first heap   total 262144K, used 172349K [0x00000000e0000000, 0x0000000100000000)
  region size 1024K, 153 young (156672K), 15 survivors (15360K)
 Metaspace       used 53448K, committed 53888K, reserved 393216K
  class space    used 7159K, committed 7360K, reserved 327680K
}
Event: 87.782 GC heap after
{Heap after GC invocations=8 (full 0):
 garbage-first heap   total 262144K, used 34478K [0x00000000e0000000, 0x0000000100000000)
  region size 1024K, 18 young (18432K), 18 survivors (18432K)
 Metaspace       used 53448K, committed 53888K, reserved 393216K
  class space    used 7159K, committed 7360K, reserved 327680K
}
Event: 96.725 GC heap before
{Heap before GC invocations=8 (full 0):
 garbage-first heap   total 262144K, used 107182K [0x00000000e0000000, 0x0000000100000000)
  region size 1024K, 90 young (92160K), 18 survivors (18432K)
 Metaspace       used 59588K, committed 60096K, reserved 393216K
  class space    used 8144K, committed 8384K, reserved 327680K
}
Event: 96.763 GC heap after
{Heap after GC invocations=9 (full 0):
 garbage-first heap   total 262144K, used 38462K [0x00000000e0000000, 0x0000000100000000)
  region size 1024K, 14 young (14336K), 14 survivors (14336K)
 Metaspace       used 59588K, committed 60096K, reserved 393216K
  class space    used 8144K, committed 8384K, reserved 327680K
}

Dll operation events (3 events):
Event: 0.047 Loaded shared library C:\Program Files\JetBrains\IntelliJ IDEA 2023.2\jbr\bin\java.dll
Event: 1.438 Loaded shared library C:\Program Files\JetBrains\IntelliJ IDEA 2023.2\jbr\bin\zip.dll
Event: 6.109 Loaded shared library C:\Program Files\JetBrains\IntelliJ IDEA 2023.2\jbr\bin\verify.dll

Deoptimization events (20 events):
Event: 98.821 Thread 0x000001574f25ca40 Uncommon trap: trap_request=0xffffffbe fr.pc=0x000001574431031c relative=0x000000000000025c
Event: 98.821 Thread 0x000001574f25ca40 Uncommon trap: reason=profile_predicate action=maybe_recompile pc=0x000001574431031c method=sun.instrument.TransformerManager.transform(Ljava/lang/Module;Ljava/lang/ClassLoader;Ljava/lang/String;Ljava/lang/Class;Ljava/security/ProtectionDomain;[B)[B @ 21 
Event: 98.821 Thread 0x000001574f25ca40 DEOPT PACKING pc=0x000001574431031c sp=0x00000049614f8580
Event: 98.821 Thread 0x000001574f25ca40 DEOPT UNPACKING pc=0x0000015743c769a3 sp=0x00000049614f8538 mode 2
Event: 99.241 Thread 0x000001574f25ca40 Uncommon trap: trap_request=0xffffffc6 fr.pc=0x0000015744423e48 relative=0x00000000000024a8
Event: 99.241 Thread 0x000001574f25ca40 Uncommon trap: reason=bimorphic_or_optimized_type_check action=maybe_recompile pc=0x0000015744423e48 method=org.codehaus.groovy.runtime.metaclass.MetaMethodIndex.isOverridden(Lgroovy/lang/MetaMethod;Lgroovy/lang/MetaMethod;)Z @ 56 c2
Event: 99.241 Thread 0x000001574f25ca40 DEOPT PACKING pc=0x0000015744423e48 sp=0x00000049614f6fb0
Event: 99.241 Thread 0x000001574f25ca40 DEOPT UNPACKING pc=0x0000015743c769a3 sp=0x00000049614f6f68 mode 2
Event: 99.247 Thread 0x000001574f25ca40 Uncommon trap: trap_request=0xffffffc6 fr.pc=0x0000015744423e48 relative=0x00000000000024a8
Event: 99.247 Thread 0x000001574f25ca40 Uncommon trap: reason=bimorphic_or_optimized_type_check action=maybe_recompile pc=0x0000015744423e48 method=org.codehaus.groovy.runtime.metaclass.MetaMethodIndex.isOverridden(Lgroovy/lang/MetaMethod;Lgroovy/lang/MetaMethod;)Z @ 56 c2
Event: 99.247 Thread 0x000001574f25ca40 DEOPT PACKING pc=0x0000015744423e48 sp=0x00000049614f7070
Event: 99.247 Thread 0x000001574f25ca40 DEOPT UNPACKING pc=0x0000015743c769a3 sp=0x00000049614f7028 mode 2
Event: 99.524 Thread 0x000001574f25ca40 Uncommon trap: trap_request=0xffffffc6 fr.pc=0x0000015744423e48 relative=0x00000000000024a8
Event: 99.524 Thread 0x000001574f25ca40 Uncommon trap: reason=bimorphic_or_optimized_type_check action=maybe_recompile pc=0x0000015744423e48 method=org.codehaus.groovy.runtime.metaclass.MetaMethodIndex.isOverridden(Lgroovy/lang/MetaMethod;Lgroovy/lang/MetaMethod;)Z @ 56 c2
Event: 99.524 Thread 0x000001574f25ca40 DEOPT PACKING pc=0x0000015744423e48 sp=0x00000049614f95f0
Event: 99.524 Thread 0x000001574f25ca40 DEOPT UNPACKING pc=0x0000015743c769a3 sp=0x00000049614f95a8 mode 2
Event: 99.533 Thread 0x000001574f25ca40 Uncommon trap: trap_request=0xffffffc6 fr.pc=0x0000015744423e48 relative=0x00000000000024a8
Event: 99.534 Thread 0x000001574f25ca40 Uncommon trap: reason=bimorphic_or_optimized_type_check action=maybe_recompile pc=0x0000015744423e48 method=org.codehaus.groovy.runtime.metaclass.MetaMethodIndex.isOverridden(Lgroovy/lang/MetaMethod;Lgroovy/lang/MetaMethod;)Z @ 56 c2
Event: 99.534 Thread 0x000001574f25ca40 DEOPT PACKING pc=0x0000015744423e48 sp=0x00000049614f96b0
Event: 99.534 Thread 0x000001574f25ca40 DEOPT UNPACKING pc=0x0000015743c769a3 sp=0x00000049614f9668 mode 2

Classes unloaded (0 events):
No events

Classes redefined (0 events):
No events

Internal exceptions (20 events):
Event: 99.313 Thread 0x000001574f25ca40 Exception <a 'java/lang/ClassNotFoundException'{0x00000000ef2c16a8}: java/util/AbstractCollectionBeanInfo> (0x00000000ef2c16a8) 
thrown [s\src\hotspot\share\classfile\systemDictionary.cpp, line 256]
Event: 99.314 Thread 0x000001574f25ca40 Exception <a 'java/lang/ClassNotFoundException'{0x00000000ef2c8848}: java/util/AbstractCollectionCustomizer> (0x00000000ef2c8848) 
thrown [s\src\hotspot\share\classfile\systemDictionary.cpp, line 256]
Event: 99.320 Thread 0x000001574f25ca40 Exception <a 'java/lang/ClassNotFoundException'{0x00000000ef2e6520}: org/gradle/api/internal/DefaultDomainObjectCollectionCustomizer> (0x00000000ef2e6520) 
thrown [s\src\hotspot\share\classfile\systemDictionary.cpp, line 256]
Event: 99.323 Thread 0x000001574f25ca40 Exception <a 'java/lang/ClassNotFoundException'{0x00000000ef11b150}: org/gradle/api/internal/DefaultNamedDomainObjectCollectionCustomizer> (0x00000000ef11b150) 
thrown [s\src\hotspot\share\classfile\systemDictionary.cpp, line 256]
Event: 99.326 Thread 0x000001574f25ca40 Exception <a 'java/lang/ClassNotFoundException'{0x00000000ef158178}: org/gradle/api/internal/DefaultNamedDomainObjectListCustomizer> (0x00000000ef158178) 
thrown [s\src\hotspot\share\classfile\systemDictionary.cpp, line 256]
Event: 99.329 Thread 0x000001574f25ca40 Exception <a 'java/lang/ClassNotFoundException'{0x00000000ef18cfd8}: org/gradle/api/internal/artifacts/DefaultArtifactRepositoryContainerCustomizer> (0x00000000ef18cfd8) 
thrown [s\src\hotspot\share\classfile\systemDictionary.cpp, line 256]
Event: 99.331 Thread 0x000001574f25ca40 Exception <a 'java/lang/ClassNotFoundException'{0x00000000ef1b6ab8}: org/gradle/api/internal/artifacts/dsl/DefaultRepositoryHandlerCustomizer> (0x00000000ef1b6ab8) 
thrown [s\src\hotspot\share\classfile\systemDictionary.cpp, line 256]
Event: 99.334 Thread 0x000001574f25ca40 Exception <a 'java/lang/ClassNotFoundException'{0x00000000ef1ee4d0}: org/gradle/api/internal/artifacts/dsl/DefaultRepositoryHandler_DecoratedCustomizer> (0x00000000ef1ee4d0) 
thrown [s\src\hotspot\share\classfile\systemDictionary.cpp, line 256]
Event: 99.423 Thread 0x000001574f25ca40 Exception <a 'java/lang/ClassNotFoundException'{0x00000000ef08e3d8}: org/gradle/api/internal/artifacts/dsl/dependencies/DefaultDependencyHandler_DecoratedBeanInfo> (0x00000000ef08e3d8) 
thrown [s\src\hotspot\share\classfile\systemDictionary.cpp, line 256]
Event: 99.425 Thread 0x000001574f25ca40 Exception <a 'java/lang/ClassNotFoundException'{0x00000000ef0a5e98}: org/gradle/api/internal/artifacts/dsl/dependencies/DefaultDependencyHandlerBeanInfo> (0x00000000ef0a5e98) 
thrown [s\src\hotspot\share\classfile\systemDictionary.cpp, line 256]
Event: 99.426 Thread 0x000001574f25ca40 Exception <a 'java/lang/ClassNotFoundException'{0x00000000ef0bd610}: org/gradle/api/internal/artifacts/dsl/dependencies/DefaultDependencyHandlerCustomizer> (0x00000000ef0bd610) 
thrown [s\src\hotspot\share\classfile\systemDictionary.cpp, line 256]
Event: 99.429 Thread 0x000001574f25ca40 Exception <a 'java/lang/ClassNotFoundException'{0x00000000ef0fd440}: org/gradle/api/internal/artifacts/dsl/dependencies/DefaultDependencyHandler_DecoratedCustomizer> (0x00000000ef0fd440) 
thrown [s\src\hotspot\share\classfile\systemDictionary.cpp, line 256]
Event: 99.545 Thread 0x000001574f25ca40 Exception <a 'java/lang/ClassNotFoundException'{0x00000000eec9f858}: org/gradle/api/internal/tasks/DefaultTaskContainer_DecoratedBeanInfo> (0x00000000eec9f858) 
thrown [s\src\hotspot\share\classfile\systemDictionary.cpp, line 256]
Event: 99.612 Thread 0x000001574f25ca40 Exception <a 'java/lang/ClassNotFoundException'{0x00000000eecb1850}: org/gradle/api/internal/tasks/DefaultTaskContainerBeanInfo> (0x00000000eecb1850) 
thrown [s\src\hotspot\share\classfile\systemDictionary.cpp, line 256]
Event: 99.615 Thread 0x000001574f25ca40 Exception <a 'java/lang/ClassNotFoundException'{0x00000000eecc3868}: org/gradle/api/internal/tasks/DefaultTaskCollectionBeanInfo> (0x00000000eecc3868) 
thrown [s\src\hotspot\share\classfile\systemDictionary.cpp, line 256]
Event: 99.635 Thread 0x000001574f25ca40 Exception <a 'java/lang/ClassNotFoundException'{0x00000000eecd5978}: org/gradle/api/internal/DefaultNamedDomainObjectSetBeanInfo> (0x00000000eecd5978) 
thrown [s\src\hotspot\share\classfile\systemDictionary.cpp, line 256]
Event: 99.638 Thread 0x000001574f25ca40 Exception <a 'java/lang/ClassNotFoundException'{0x00000000eece7a68}: org/gradle/api/internal/DefaultNamedDomainObjectSetCustomizer> (0x00000000eece7a68) 
thrown [s\src\hotspot\share\classfile\systemDictionary.cpp, line 256]
Event: 99.654 Thread 0x000001574f25ca40 Exception <a 'java/lang/ClassNotFoundException'{0x00000000eeb16000}: org/gradle/api/internal/tasks/DefaultTaskCollectionCustomizer> (0x00000000eeb16000) 
thrown [s\src\hotspot\share\classfile\systemDictionary.cpp, line 256]
Event: 99.658 Thread 0x000001574f25ca40 Exception <a 'java/lang/ClassNotFoundException'{0x00000000eeb5c228}: org/gradle/api/internal/tasks/DefaultTaskContainerCustomizer> (0x00000000eeb5c228) 
thrown [s\src\hotspot\share\classfile\systemDictionary.cpp, line 256]
Event: 99.665 Thread 0x000001574f25ca40 Exception <a 'java/lang/ClassNotFoundException'{0x00000000eebc1118}: org/gradle/api/internal/tasks/DefaultTaskContainer_DecoratedCustomizer> (0x00000000eebc1118) 
thrown [s\src\hotspot\share\classfile\systemDictionary.cpp, line 256]

VM Operations (20 events):
Event: 93.538 Executing VM operation: Cleanup
Event: 93.554 Executing VM operation: Cleanup done
Event: 94.565 Executing VM operation: Cleanup
Event: 94.566 Executing VM operation: Cleanup done
Event: 95.577 Executing VM operation: Cleanup
Event: 95.577 Executing VM operation: Cleanup done
Event: 96.582 Executing VM operation: Cleanup
Event: 96.584 Executing VM operation: Cleanup done
Event: 96.725 Executing VM operation: CollectForMetadataAllocation
Event: 96.763 Executing VM operation: CollectForMetadataAllocation done
Event: 96.814 Executing VM operation: G1Concurrent
Event: 96.825 Executing VM operation: G1Concurrent done
Event: 96.841 Executing VM operation: G1Concurrent
Event: 96.841 Executing VM operation: G1Concurrent done
Event: 97.849 Executing VM operation: Cleanup
Event: 97.850 Executing VM operation: Cleanup done
Event: 98.857 Executing VM operation: Cleanup
Event: 98.877 Executing VM operation: Cleanup done
Event: 99.886 Executing VM operation: Cleanup
Event: 99.888 Executing VM operation: Cleanup done

Events (20 events):
Event: 98.855 loading class sun/reflect/generics/tree/BooleanSignature
Event: 98.875 loading class sun/reflect/generics/tree/BooleanSignature done
Event: 98.921 loading class org/xml/sax/Locator
Event: 98.921 loading class org/xml/sax/Locator done
Event: 98.924 loading class org/xml/sax/SAXParseException
Event: 98.924 loading class org/xml/sax/SAXParseException done
Event: 98.927 loading class org/xml/sax/Attributes
Event: 98.927 loading class org/xml/sax/Attributes done
Event: 99.312 loading class java/util/AbstractCollectionBeanInfo
Event: 99.312 loading class java/util/AbstractCollectionBeanInfo done
Event: 99.313 loading class java/util/AbstractCollectionBeanInfo
Event: 99.313 loading class java/util/AbstractCollectionBeanInfo done
Event: 99.313 loading class java/util/AbstractCollectionCustomizer
Event: 99.313 loading class java/util/AbstractCollectionCustomizer done
Event: 99.314 loading class java/util/AbstractCollectionCustomizer
Event: 99.314 loading class java/util/AbstractCollectionCustomizer done
Event: 99.314 loading class sun/reflect/generics/reflectiveObjects/GenericArrayTypeImpl
Event: 99.315 loading class sun/reflect/generics/reflectiveObjects/GenericArrayTypeImpl done
Event: 99.659 loading class sun/reflect/generics/tree/LongSignature
Event: 99.659 loading class sun/reflect/generics/tree/LongSignature done


Dynamic libraries:
0x00007ff69f3d0000 - 0x00007ff69f3da000 	C:\Program Files\JetBrains\IntelliJ IDEA 2023.2\jbr\bin\java.exe
0x00007fff52af0000 - 0x00007fff52d07000 	C:\WINDOWS\SYSTEM32\ntdll.dll
0x00007fff51fc0000 - 0x00007fff52084000 	C:\WINDOWS\System32\KERNEL32.DLL
0x00007fff4fe20000 - 0x00007fff501cd000 	C:\WINDOWS\System32\KERNELBASE.dll
0x00007fff505c0000 - 0x00007fff506d1000 	C:\WINDOWS\System32\ucrtbase.dll
0x00007fff41080000 - 0x00007fff41097000 	C:\Program Files\JetBrains\IntelliJ IDEA 2023.2\jbr\bin\jli.dll
0x00007fff52800000 - 0x00007fff529ae000 	C:\WINDOWS\System32\USER32.dll
0x00007fff50290000 - 0x00007fff502b6000 	C:\WINDOWS\System32\win32u.dll
0x00007fff510f0000 - 0x00007fff51119000 	C:\WINDOWS\System32\GDI32.dll
0x00007fff50710000 - 0x00007fff50829000 	C:\WINDOWS\System32\gdi32full.dll
0x00007fff50520000 - 0x00007fff505ba000 	C:\WINDOWS\System32\msvcp_win.dll
0x00007fff41d40000 - 0x00007fff41fd3000 	C:\WINDOWS\WinSxS\amd64_microsoft.windows.common-controls_6595b64144ccf1df_6.0.22621.3672_none_2713b9d173822955\COMCTL32.dll
0x00007fff512e0000 - 0x00007fff51387000 	C:\WINDOWS\System32\msvcrt.dll
0x00007fff28450000 - 0x00007fff2846b000 	C:\Program Files\JetBrains\IntelliJ IDEA 2023.2\jbr\bin\VCRUNTIME140.dll
0x00007fff52090000 - 0x00007fff520c1000 	C:\WINDOWS\System32\IMM32.DLL
0x00007fff44cf0000 - 0x00007fff44cfc000 	C:\Program Files\JetBrains\IntelliJ IDEA 2023.2\jbr\bin\vcruntime140_1.dll
0x00007fff22630000 - 0x00007fff226bd000 	C:\Program Files\JetBrains\IntelliJ IDEA 2023.2\jbr\bin\msvcp140.dll
0x00007fff1bf40000 - 0x00007fff1cbc0000 	C:\Program Files\JetBrains\IntelliJ IDEA 2023.2\jbr\bin\server\jvm.dll
0x00007fff52610000 - 0x00007fff526c2000 	C:\WINDOWS\System32\ADVAPI32.dll
0x00007fff51960000 - 0x00007fff51a09000 	C:\WINDOWS\System32\sechost.dll
0x00007fff506e0000 - 0x00007fff50708000 	C:\WINDOWS\System32\bcrypt.dll
0x00007fff51ea0000 - 0x00007fff51fb4000 	C:\WINDOWS\System32\RPCRT4.dll
0x00007fff4b940000 - 0x00007fff4b949000 	C:\WINDOWS\SYSTEM32\WSOCK32.dll
0x00007fff52360000 - 0x00007fff523d1000 	C:\WINDOWS\System32\WS2_32.dll
0x00007fff4b760000 - 0x00007fff4b794000 	C:\WINDOWS\SYSTEM32\WINMM.dll
0x00007fff47b60000 - 0x00007fff47b6a000 	C:\WINDOWS\SYSTEM32\VERSION.dll
0x00007fff4ee50000 - 0x00007fff4ee68000 	C:\WINDOWS\SYSTEM32\kernel.appcore.dll
0x00007fff4b930000 - 0x00007fff4b93a000 	C:\Program Files\JetBrains\IntelliJ IDEA 2023.2\jbr\bin\jimage.dll
0x00007fff4d630000 - 0x00007fff4d862000 	C:\WINDOWS\SYSTEM32\DBGHELP.DLL
0x00007fff51390000 - 0x00007fff51718000 	C:\WINDOWS\System32\combase.dll
0x00007fff52720000 - 0x00007fff527f7000 	C:\WINDOWS\System32\OLEAUT32.dll
0x00007fff397c0000 - 0x00007fff397f2000 	C:\WINDOWS\SYSTEM32\dbgcore.DLL
0x00007fff502c0000 - 0x00007fff5033b000 	C:\WINDOWS\System32\bcryptPrimitives.dll
0x00007fff412f0000 - 0x00007fff412fe000 	C:\Program Files\JetBrains\IntelliJ IDEA 2023.2\jbr\bin\instrument.dll
0x00007fff410a0000 - 0x00007fff410c5000 	C:\Program Files\JetBrains\IntelliJ IDEA 2023.2\jbr\bin\java.dll
0x00007fff49020000 - 0x00007fff49038000 	C:\Program Files\JetBrains\IntelliJ IDEA 2023.2\jbr\bin\zip.dll
0x00007fff50890000 - 0x00007fff510ef000 	C:\WINDOWS\System32\SHELL32.dll
0x00007fff4dd70000 - 0x00007fff4e66c000 	C:\WINDOWS\SYSTEM32\windows.storage.dll
0x00007fff4dc30000 - 0x00007fff4dd6f000 	C:\WINDOWS\SYSTEM32\wintypes.dll
0x00007fff529b0000 - 0x00007fff52aa4000 	C:\WINDOWS\System32\SHCORE.dll
0x00007fff51730000 - 0x00007fff5178e000 	C:\WINDOWS\System32\shlwapi.dll
0x00007fff4fd50000 - 0x00007fff4fd71000 	C:\WINDOWS\SYSTEM32\profapi.dll
0x00007fff44c70000 - 0x00007fff44c89000 	C:\Program Files\JetBrains\IntelliJ IDEA 2023.2\jbr\bin\net.dll
0x00007fff4bb20000 - 0x00007fff4bc56000 	C:\WINDOWS\SYSTEM32\WINHTTP.dll
0x00007fff4f2c0000 - 0x00007fff4f329000 	C:\WINDOWS\system32\mswsock.dll
0x00007fff44b80000 - 0x00007fff44b96000 	C:\Program Files\JetBrains\IntelliJ IDEA 2023.2\jbr\bin\nio.dll
0x00007fff4b920000 - 0x00007fff4b930000 	C:\Program Files\JetBrains\IntelliJ IDEA 2023.2\jbr\bin\verify.dll
0x00007fff31d80000 - 0x00007fff31da7000 	C:\Users\TUONG VY\.gradle\native\c067742578af261105cb4f569cf0c3c89f3d7b1fecec35dd04571415982c5e48\windows-amd64\native-platform.dll
0x00007fff17f40000 - 0x00007fff18084000 	C:\Users\TUONG VY\.gradle\native\100fb08df4bc3b14c8652ba06237920a3bd2aa13389f12d3474272988ae205f9\windows-amd64\native-platform-file-events.dll
0x00007fff44b20000 - 0x00007fff44b29000 	C:\Program Files\JetBrains\IntelliJ IDEA 2023.2\jbr\bin\management.dll
0x00007fff41300000 - 0x00007fff4130b000 	C:\Program Files\JetBrains\IntelliJ IDEA 2023.2\jbr\bin\management_ext.dll
0x00007fff51720000 - 0x00007fff51728000 	C:\WINDOWS\System32\PSAPI.DLL
0x00007fff4f520000 - 0x00007fff4f53b000 	C:\WINDOWS\SYSTEM32\CRYPTSP.dll
0x00007fff4edb0000 - 0x00007fff4ede5000 	C:\WINDOWS\system32\rsaenh.dll
0x00007fff4f3c0000 - 0x00007fff4f3e8000 	C:\WINDOWS\SYSTEM32\USERENV.dll
0x00007fff4f540000 - 0x00007fff4f54c000 	C:\WINDOWS\SYSTEM32\CRYPTBASE.dll
0x00007fff4e910000 - 0x00007fff4e93d000 	C:\WINDOWS\SYSTEM32\IPHLPAPI.DLL
0x00007fff52330000 - 0x00007fff52339000 	C:\WINDOWS\System32\NSI.dll
0x00007fff4bb00000 - 0x00007fff4bb19000 	C:\WINDOWS\SYSTEM32\dhcpcsvc6.DLL
0x00007fff4bae0000 - 0x00007fff4baff000 	C:\WINDOWS\SYSTEM32\dhcpcsvc.DLL
0x00007fff4e940000 - 0x00007fff4ea38000 	C:\WINDOWS\SYSTEM32\DNSAPI.dll
0x00007fff4b870000 - 0x00007fff4b87e000 	C:\Program Files\JetBrains\IntelliJ IDEA 2023.2\jbr\bin\sunmscapi.dll
0x00007fff503b0000 - 0x00007fff50517000 	C:\WINDOWS\System32\CRYPT32.dll
0x00007fff4f6c0000 - 0x00007fff4f6ee000 	C:\WINDOWS\SYSTEM32\ncrypt.dll
0x00007fff4f680000 - 0x00007fff4f6b7000 	C:\WINDOWS\SYSTEM32\NTASN1.dll
0x00007fff45050000 - 0x00007fff45058000 	C:\WINDOWS\system32\wshunix.dll

dbghelp: loaded successfully - version: 4.0.5 - missing functions: none
symbol engine: initialized successfully - sym options: 0x614 - pdb path: .;C:\Program Files\JetBrains\IntelliJ IDEA 2023.2\jbr\bin;C:\WINDOWS\SYSTEM32;C:\WINDOWS\WinSxS\amd64_microsoft.windows.common-controls_6595b64144ccf1df_6.0.22621.3672_none_2713b9d173822955;C:\Program Files\JetBrains\IntelliJ IDEA 2023.2\jbr\bin\server;C:\Users\TUONG VY\.gradle\native\c067742578af261105cb4f569cf0c3c89f3d7b1fecec35dd04571415982c5e48\windows-amd64;C:\Users\TUONG VY\.gradle\native\100fb08df4bc3b14c8652ba06237920a3bd2aa13389f12d3474272988ae205f9\windows-amd64

VM Arguments:
jvm_args: --add-opens=java.base/java.util=ALL-UNNAMED --add-opens=java.base/java.lang=ALL-UNNAMED --add-opens=java.base/java.lang.invoke=ALL-UNNAMED --add-opens=java.prefs/java.util.prefs=ALL-UNNAMED --add-opens=java.base/java.nio.charset=ALL-UNNAMED --add-opens=java.base/java.net=ALL-UNNAMED --add-opens=java.base/java.util.concurrent.atomic=ALL-UNNAMED -XX:MaxMetaspaceSize=384m -XX:+HeapDumpOnOutOfMemoryError -Xms256m -Xmx512m -Dfile.encoding=windows-1252 -Duser.country=US -Duser.language=en -Duser.variant -javaagent:C:\Users\TUONG VY\.gradle\wrapper\dists\gradle-8.8-bin\dl7vupf4psengwqhwktix4v1\gradle-8.8\lib\agents\gradle-instrumentation-agent-8.8.jar 
java_command: org.gradle.launcher.daemon.bootstrap.GradleDaemon 8.8
java_class_path (initial): C:\Users\TUONG VY\.gradle\wrapper\dists\gradle-8.8-bin\dl7vupf4psengwqhwktix4v1\gradle-8.8\lib\gradle-launcher-8.8.jar
Launcher Type: SUN_STANDARD

[Global flags]
     intx CICompilerCount                          = 3                                         {product} {ergonomic}
   size_t CompressedClassSpaceSize                 = 335544320                                 {product} {ergonomic}
     uint ConcGCThreads                            = 1                                         {product} {ergonomic}
     uint G1ConcRefinementThreads                  = 4                                         {product} {ergonomic}
   size_t G1HeapRegionSize                         = 1048576                                   {product} {ergonomic}
    uintx GCDrainStackTargetSize                   = 64                                        {product} {ergonomic}
     bool HeapDumpOnOutOfMemoryError               = true                                   {manageable} {command line}
   size_t InitialHeapSize                          = 268435456                                 {product} {command line}
   size_t MarkStackSize                            = 4194304                                   {product} {ergonomic}
   size_t MaxHeapSize                              = 536870912                                 {product} {command line}
   size_t MaxMetaspaceSize                         = 402653184                                 {product} {command line}
   size_t MaxNewSize                               = 321912832                                 {product} {ergonomic}
   size_t MinHeapDeltaBytes                        = 1048576                                   {product} {ergonomic}
   size_t MinHeapSize                              = 268435456                                 {product} {command line}
    uintx NonNMethodCodeHeapSize                   = 5832780                                {pd product} {ergonomic}
    uintx NonProfiledCodeHeapSize                  = 122912730                              {pd product} {ergonomic}
    uintx ProfiledCodeHeapSize                     = 122912730                              {pd product} {ergonomic}
    uintx ReservedCodeCacheSize                    = 251658240                              {pd product} {ergonomic}
     bool SegmentedCodeCache                       = true                                      {product} {ergonomic}
   size_t SoftMaxHeapSize                          = 536870912                              {manageable} {ergonomic}
     bool UseCompressedClassPointers               = true                           {product lp64_product} {ergonomic}
     bool UseCompressedOops                        = true                           {product lp64_product} {ergonomic}
     bool UseG1GC                                  = true                                      {product} {ergonomic}
     bool UseLargePagesIndividualAllocation        = false                                  {pd product} {ergonomic}

Logging:
Log output configuration:
 #0: stdout all=warning uptime,level,tags
 #1: stderr all=off uptime,level,tags

Environment Variables:
PATH=C:\Python312\Scripts\;C:\Python312\;C:\Program Files\Common Files\Oracle\Java\javapath;C:\Program Files (x86)\Common Files\Oracle\Java\javapath;C:\WINDOWS\system32;C:\WINDOWS;C:\WINDOWS\System32\Wbem;C:\WINDOWS\System32\WindowsPowerShell\v1.0\;C:\WINDOWS\System32\OpenSSH\;C:\Program Files\Git\cmd;C:\Program Files\Microsoft SQL Server\150\Tools\Binn\;C:\Program Files\Microsoft SQL Server\Client SDK\ODBC\170\Tools\Binn\;C:\Program Files\dotnet\;C:\Program Files (x86)\Windows Kits\10\Windows Performance Toolkit\;C:\Program Files\nodejs\;C:\ProgramData\chocolatey\bin;C:\Users\TUONG VY\AppData\Local\Microsoft\WindowsApps;C:\Program Files\JetBrains\IntelliJ IDEA 2023.2\bin;;D:\Microsoft VS Code\bin;D:\flutter_windows_3.19.5-stable\flutter\bin;C:\Users\TUONG VY\.dotnet\tools;C:\Users\TUONG VY\AppData\Roaming\npm
USERNAME=TUONG VY
OS=Windows_NT
PROCESSOR_IDENTIFIER=AMD64 Family 23 Model 24 Stepping 1, AuthenticAMD
TMP=C:\Users\TUONGV~1\AppData\Local\Temp
TEMP=C:\Users\TUONGV~1\AppData\Local\Temp


JNI global refs:
JNI global refs: 24, weak refs: 0

JNI global refs memory usage: 843, weak refs: 841

OOME stack traces (most recent first):
Classloader memory used:
Loader org.gradle.internal.classloader.VisitableURLClassLoader                         : 3666K
Loader bootstrap                                                                       : 2442K
Loader org.gradle.initialization.MixInLegacyTypesClassLoader                           : 1245K
Loader jdk.internal.loader.ClassLoaders$PlatformClassLoader                            : 68747B
Loader org.gradle.internal.classloader.VisitableURLClassLoader$InstrumentingVisitableURLClassLoader: 63146B
Loader jdk.internal.loader.ClassLoaders$AppClassLoader                                 : 28744B
Loader jdk.internal.reflect.DelegatingClassLoader                                      : 11772B
Loader org.gradle.groovy.scripts.internal.DefaultScriptCompilationHandler$ScriptClassLoader: 11376B
Loader org.codehaus.groovy.runtime.callsite.CallSiteClassLoader                        : 2471B

Classes loaded by more than one classloader:
Class org.gradle.internal.installation.GradleInstallation                             : loaded 2 times (x 73B)
Class org.gradle.internal.classpath.ClassPath                                         : loaded 2 times (x 68B)
Class org.gradle.api.internal.classpath.DefaultModuleRegistry                         : loaded 2 times (x 84B)
Class org.gradle.api.Action                                                           : loaded 2 times (x 68B)
Class org.gradle.api.internal.DefaultClassPathProvider                                : loaded 2 times (x 74B)
Class org.gradle.internal.installation.GradleInstallation$1                           : loaded 2 times (x 73B)
Class org.gradle.internal.classloader.FilteringClassLoader                            : loaded 2 times (x 102B)
Class org.gradle.internal.classpath.DefaultClassPath$ImmutableUniqueList$Builder      : loaded 2 times (x 73B)
Class org.gradle.internal.classloader.ClassLoaderVisitor                              : loaded 2 times (x 74B)
Class org.gradle.internal.service.DefaultServiceLocator                               : loaded 2 times (x 81B)
Class org.gradle.internal.service.UnknownServiceException                             : loaded 2 times (x 81B)
Class org.gradle.internal.classloader.DefaultClassLoaderFactory                       : loaded 2 times (x 80B)
Class org.gradle.internal.classloader.VisitableURLClassLoader$Spec                    : loaded 2 times (x 72B)
Class org.gradle.api.GradleException                                                  : loaded 2 times (x 80B)
Class org.gradle.api.internal.classpath.ModuleRegistry                                : loaded 2 times (x 68B)
Class org.gradle.api.internal.ClassPathProvider                                       : loaded 2 times (x 68B)
Class org.gradle.internal.classloader.ClasspathUtil$1                                 : loaded 2 times (x 74B)
Class org.gradle.internal.classloader.ClassLoaderFactory                              : loaded 2 times (x 68B)
Class org.gradle.api.internal.classpath.ManifestUtil                                  : loaded 2 times (x 69B)
Class org.gradle.api.specs.Spec                                                       : loaded 2 times (x 68B)
Class org.gradle.internal.IoActions                                                   : loaded 2 times (x 69B)
Class org.gradle.api.internal.classpath.EffectiveClassPath                            : loaded 2 times (x 88B)
Class org.gradle.internal.installation.CurrentGradleInstallation                      : loaded 2 times (x 71B)
Class org.gradle.internal.agents.InstrumentingClassLoader                             : loaded 2 times (x 68B)
Class org.gradle.internal.installation.CurrentGradleInstallationLocator               : loaded 2 times (x 69B)
Class org.gradle.api.internal.classpath.Module                                        : loaded 2 times (x 68B)
Class org.gradle.internal.service.CachingServiceLocator                               : loaded 2 times (x 80B)
Class org.gradle.internal.classpath.DefaultClassPath                                  : loaded 2 times (x 88B)
Class build_6ta2nwr0824lqjln6jv1openi$_run_closure1                                   : loaded 2 times (x 137B)
Class build_6ta2nwr0824lqjln6jv1openi                                                 : loaded 2 times (x 178B)
Class org.gradle.internal.classloader.SystemClassLoaderSpec                           : loaded 2 times (x 69B)
Class org.gradle.api.UncheckedIOException                                             : loaded 2 times (x 80B)
Class org.gradle.internal.classloader.ClasspathUtil                                   : loaded 2 times (x 69B)
Class org.gradle.api.internal.DefaultClassPathRegistry                                : loaded 2 times (x 74B)
Class org.gradle.api.internal.classpath.DefaultModuleRegistry$DefaultModule           : loaded 2 times (x 84B)
Class org.gradle.api.internal.classpath.UnknownModuleException                        : loaded 2 times (x 80B)
Class org.gradle.internal.service.ServiceLookupException                              : loaded 2 times (x 80B)
Class org.gradle.cache.GlobalCache                                                    : loaded 2 times (x 68B)
Class [Lorg.gradle.api.internal.ClassPathProvider;                                    : loaded 2 times (x 67B)
Class org.gradle.util.internal.GUtil                                                  : loaded 2 times (x 69B)
Class org.gradle.internal.classloader.ClassLoaderSpec                                 : loaded 2 times (x 69B)
Class org.gradle.internal.classloader.VisitableURLClassLoader                         : loaded 2 times (x 114B)
Class org.gradle.internal.Cast                                                        : loaded 2 times (x 69B)
Class org.gradle.api.internal.ClassPathRegistry                                       : loaded 2 times (x 68B)
Class org.gradle.internal.classloader.VisitableURLClassLoader$InstrumentingVisitableURLClassLoader: loaded 2 times (x 120B)
Class org.gradle.internal.classloader.ClassLoaderHierarchy                            : loaded 2 times (x 68B)
Class org.gradle.internal.InternalTransformer                                         : loaded 2 times (x 68B)
Class org.gradle.internal.service.ServiceLocator                                      : loaded 2 times (x 68B)
Class org.gradle.internal.classpath.DefaultClassPath$ImmutableUniqueList              : loaded 2 times (x 159B)
Class org.gradle.internal.classpath.TransformedClassPath                              : loaded 2 times (x 94B)


---------------  S Y S T E M  ---------------

OS:
 Windows 11 , 64 bit Build 22621 (10.0.22621.3672)
OS uptime: 1 days 0:47 hours

CPU: total 4 (initial active 4) (4 cores per cpu, 2 threads per core) family 23 model 24 stepping 1 microcode 0x0, cx8, cmov, fxsr, ht, mmx, 3dnowpref, sse, sse2, sse3, ssse3, sse4a, sse4.1, sse4.2, popcnt, lzcnt, tsc, tscinvbit, avx, avx2, aes, clmul, bmi1, bmi2, adx, sha, fma, vzeroupper, clflush, clflushopt

Memory: 4k page, system-wide physical 3534M (129M free)
TotalPageFile size 14286M (AvailPageFile size 6M)
current process WorkingSet (physical memory assigned to process): 250M, peak: 292M
current process commit charge ("private bytes"): 452M, peak: 462M

vm_info: OpenJDK 64-Bit Server VM (17.0.7+7-b1000.6) for windows-amd64 JRE (17.0.7+7-b1000.6), built on 2023-07-07 by "builduser" with MS VC++ 16.10 / 16.11 (VS2019)

END.
