#
# There is insufficient memory for the Java Runtime Environment to continue.
# Native memory allocation (malloc) failed to allocate 1701136 bytes for Chunk::new
# Possible reasons:
#   The system is out of physical RAM or swap space
#   The process is running with CompressedOops enabled, and the Java Heap may be blocking the growth of the native heap
# Possible solutions:
#   Reduce memory load on the system
#   Increase physical memory or swap space
#   Check if swap backing store is full
#   Decrease Java heap size (-Xmx/-Xms)
#   Decrease number of Java threads
#   Decrease Java thread stack sizes (-Xss)
#   Set larger code cache with -XX:ReservedCodeCacheSize=
#   JVM is running with Unscaled Compressed Oops mode in which the Java heap is
#     placed in the first 4GB address space. The Java Heap base address is the
#     maximum limit for the native heap growth. Please use -XX:HeapBaseMinAddress
#     to set the Java Heap base and to place the Java Heap above 4GB virtual address.
# This output file may be truncated or incomplete.
#
#  Out of Memory Error (arena.cpp:189), pid=7704, tid=14252
#
# JRE version: OpenJDK Runtime Environment JBR-17.0.7+7-1000.6-jcef (17.0.7+7) (build 17.0.7+7-b1000.6)
# Java VM: OpenJDK 64-Bit Server VM JBR-17.0.7+7-1000.6-jcef (17.0.7+7-b1000.6, mixed mode, tiered, compressed oops, compressed class ptrs, g1 gc, windows-amd64)
# No core dump will be written. Minidumps are not enabled by default on client versions of Windows
#

---------------  S U M M A R Y ------------

Command Line: --add-opens=java.base/java.util=ALL-UNNAMED --add-opens=java.base/java.lang=ALL-UNNAMED --add-opens=java.base/java.lang.invoke=ALL-UNNAMED --add-opens=java.prefs/java.util.prefs=ALL-UNNAMED --add-opens=java.base/java.nio.charset=ALL-UNNAMED --add-opens=java.base/java.net=ALL-UNNAMED --add-opens=java.base/java.util.concurrent.atomic=ALL-UNNAMED -XX:MaxMetaspaceSize=384m -XX:+HeapDumpOnOutOfMemoryError -Xms256m -Xmx512m -Dfile.encoding=windows-1252 -Duser.country=US -Duser.language=en -Duser.variant -javaagent:C:\Users\TUONG VY\.gradle\wrapper\dists\gradle-8.8-bin\dl7vupf4psengwqhwktix4v1\gradle-8.8\lib\agents\gradle-instrumentation-agent-8.8.jar org.gradle.launcher.daemon.bootstrap.GradleDaemon 8.8

Host: AMD Ryzen 3 3250U with Radeon Graphics         , 4 cores, 3G,  Windows 11 , 64 bit Build 22621 (10.0.22621.3672)
Time: Wed Jul 31 20:55:37 2024 SE Asia Standard Time elapsed time: 174.741750 seconds (0d 0h 2m 54s)

---------------  T H R E A D  ---------------

Current thread (0x0000020b47043080):  JavaThread "C2 CompilerThread0" daemon [_thread_in_native, id=14252, stack(0x0000007069e00000,0x0000007069f00000)]


Current CompileTask:
C2: 174742 13220   !   4       io.spring.gradle.dependencymanagement.org.apache.maven.model.ModelBase::clone (397 bytes)

Stack: [0x0000007069e00000,0x0000007069f00000]
Native frames: (J=compiled Java code, j=interpreted, Vv=VM code, C=native code)
V  [jvm.dll+0x683bfa]
V  [jvm.dll+0x8430a4]
V  [jvm.dll+0x8449be]
V  [jvm.dll+0x845023]
V  [jvm.dll+0x24ad2f]
V  [jvm.dll+0xac25c]
V  [jvm.dll+0xac82c]
V  [jvm.dll+0x36a132]
V  [jvm.dll+0x334821]
V  [jvm.dll+0x333cca]
V  [jvm.dll+0x21d251]
V  [jvm.dll+0x21c671]
V  [jvm.dll+0x1a605d]
V  [jvm.dll+0x22c148]
V  [jvm.dll+0x22a209]
V  [jvm.dll+0x7f858c]
V  [jvm.dll+0x7f2aea]
V  [jvm.dll+0x682a35]
C  [ucrtbase.dll+0x29333]
C  [KERNEL32.DLL+0x1257d]
C  [ntdll.dll+0x5af28]


---------------  P R O C E S S  ---------------

Threads class SMR info:
_java_thread_list=0x0000020b473a17a0, length=84, elements={
0x0000020b2cf2fe30, 0x0000020b42ed1b70, 0x0000020b42ed3400, 0x0000020b4703d0b0,
0x0000020b4703eb80, 0x0000020b47041940, 0x0000020b470422f0, 0x0000020b47043080,
0x0000020b47044e90, 0x0000020b470b1cb0, 0x0000020b471797e0, 0x0000020b4732d590,
0x0000020b47d7e720, 0x0000020b4821caf0, 0x0000020b475d55e0, 0x0000020b48bc5d40,
0x0000020b47c308c0, 0x0000020b481e8e20, 0x0000020b481eab00, 0x0000020b481e97c0,
0x0000020b481ea160, 0x0000020b481ea630, 0x0000020b481e8950, 0x0000020b48e58700,
0x0000020b48e57d60, 0x0000020b48e590a0, 0x0000020b48e59570, 0x0000020b47c55730,
0x0000020b47c52240, 0x0000020b47c56f40, 0x0000020b47c57db0, 0x0000020b4970dd80,
0x0000020b497125b0, 0x0000020b47c565a0, 0x0000020b47c57410, 0x0000020b47c53a50,
0x0000020b47c50f00, 0x0000020b47c56a70, 0x0000020b47c52be0, 0x0000020b47c578e0,
0x0000020b47c513d0, 0x0000020b47c548c0, 0x0000020b47c55260, 0x0000020b47c53f20,
0x0000020b47c518a0, 0x0000020b47c51d70, 0x0000020b47c52710, 0x0000020b47c543f0,
0x0000020b4b403d50, 0x0000020b4b404bc0, 0x0000020b4b3feb80, 0x0000020b4b402ee0,
0x0000020b4b4033b0, 0x0000020b4b4016d0, 0x0000020b4b3ff050, 0x0000020b4b400390,
0x0000020b4b405560, 0x0000020b4b3fe6b0, 0x0000020b4b3ff520, 0x0000020b4b3ff9f0,
0x0000020b4b400860, 0x0000020b4b402a10, 0x0000020b4b403880, 0x0000020b4b401200,
0x0000020b4b401ba0, 0x0000020b4b404220, 0x0000020b4b4046f0, 0x0000020b4b402070,
0x0000020b4b402540, 0x0000020b4970f0c0, 0x0000020b49713420, 0x0000020b49710400,
0x0000020b4970ca40, 0x0000020b49712a80, 0x0000020b49710da0, 0x0000020b49712f50,
0x0000020b49713dc0, 0x0000020b49711740, 0x0000020b4970c570, 0x0000020b49711270,
0x0000020b49711c10, 0x0000020b4970ff30, 0x0000020b4970e720, 0x0000020b4970d8b0
}

Java Threads: ( => current thread )
  0x0000020b2cf2fe30 JavaThread "main" [_thread_blocked, id=13352, stack(0x0000007069100000,0x0000007069200000)]
  0x0000020b42ed1b70 JavaThread "Reference Handler" daemon [_thread_blocked, id=5336, stack(0x0000007069800000,0x0000007069900000)]
  0x0000020b42ed3400 JavaThread "Finalizer" daemon [_thread_blocked, id=11956, stack(0x0000007069900000,0x0000007069a00000)]
  0x0000020b4703d0b0 JavaThread "Signal Dispatcher" daemon [_thread_blocked, id=7448, stack(0x0000007069a00000,0x0000007069b00000)]
  0x0000020b4703eb80 JavaThread "Attach Listener" daemon [_thread_blocked, id=13964, stack(0x0000007069b00000,0x0000007069c00000)]
  0x0000020b47041940 JavaThread "Service Thread" daemon [_thread_blocked, id=6672, stack(0x0000007069c00000,0x0000007069d00000)]
  0x0000020b470422f0 JavaThread "Monitor Deflation Thread" daemon [_thread_blocked, id=4056, stack(0x0000007069d00000,0x0000007069e00000)]
=>0x0000020b47043080 JavaThread "C2 CompilerThread0" daemon [_thread_in_native, id=14252, stack(0x0000007069e00000,0x0000007069f00000)]
  0x0000020b47044e90 JavaThread "C1 CompilerThread0" daemon [_thread_blocked, id=11224, stack(0x0000007069f00000,0x000000706a000000)]
  0x0000020b470b1cb0 JavaThread "Sweeper thread" daemon [_thread_blocked, id=7076, stack(0x000000706a000000,0x000000706a100000)]
  0x0000020b471797e0 JavaThread "Common-Cleaner" daemon [_thread_blocked, id=14116, stack(0x000000706a100000,0x000000706a200000)]
  0x0000020b4732d590 JavaThread "Notification Thread" daemon [_thread_blocked, id=13604, stack(0x000000706a200000,0x000000706a300000)]
  0x0000020b47d7e720 JavaThread "Daemon health stats" [_thread_blocked, id=13492, stack(0x000000706a700000,0x000000706a800000)]
  0x0000020b4821caf0 JavaThread "Incoming local TCP Connector on port 50541" [_thread_in_native, id=13624, stack(0x000000706a800000,0x000000706a900000)]
  0x0000020b475d55e0 JavaThread "Daemon periodic checks" [_thread_blocked, id=1552, stack(0x000000706a900000,0x000000706aa00000)]
  0x0000020b48bc5d40 JavaThread "Daemon" [_thread_blocked, id=1116, stack(0x000000706aa00000,0x000000706ab00000)]
  0x0000020b47c308c0 JavaThread "Daemon worker" [_thread_in_native, id=14192, stack(0x000000706ad00000,0x000000706ae00000)]
  0x0000020b481e8e20 JavaThread "Cache worker for journal cache (C:\Users\TUONG VY\.gradle\caches\journal-1)" [_thread_blocked, id=13504, stack(0x000000706b100000,0x000000706b200000)]
  0x0000020b481eab00 JavaThread "File lock request listener" [_thread_in_native, id=12624, stack(0x000000706b200000,0x000000706b300000)]
  0x0000020b481e97c0 JavaThread "Cache worker for file hash cache (C:\Users\TUONG VY\.gradle\caches\8.8\fileHashes)" [_thread_blocked, id=4400, stack(0x000000706b300000,0x000000706b400000)]
  0x0000020b481ea160 JavaThread "File watcher server" daemon [_thread_in_native, id=11704, stack(0x000000706b500000,0x000000706b600000)]
  0x0000020b481ea630 JavaThread "File watcher consumer" daemon [_thread_blocked, id=14176, stack(0x000000706b600000,0x000000706b700000)]
  0x0000020b481e8950 JavaThread "Cache worker for file content cache (C:\Users\TUONG VY\.gradle\caches\8.8\fileContent)" [_thread_blocked, id=14144, stack(0x000000706b800000,0x000000706b900000)]
  0x0000020b48e58700 JavaThread "jar transforms" [_thread_blocked, id=4840, stack(0x000000706bb00000,0x000000706bc00000)]
  0x0000020b48e57d60 JavaThread "jar transforms Thread 2" [_thread_blocked, id=12856, stack(0x000000706bc00000,0x000000706bd00000)]
  0x0000020b48e590a0 JavaThread "jar transforms Thread 3" [_thread_blocked, id=13576, stack(0x000000706bd00000,0x000000706be00000)]
  0x0000020b48e59570 JavaThread "jar transforms Thread 4" [_thread_blocked, id=9724, stack(0x000000706be00000,0x000000706bf00000)]
  0x0000020b47c55730 JavaThread "Memory manager" [_thread_blocked, id=2832, stack(0x000000706c900000,0x000000706ca00000)]
  0x0000020b47c52240 JavaThread "ForkJoinPool.commonPool-worker-1" daemon [_thread_blocked, id=3528, stack(0x000000706cb00000,0x000000706cc00000)]
  0x0000020b47c56f40 JavaThread "ForkJoinPool.commonPool-worker-2" daemon [_thread_blocked, id=9612, stack(0x000000706cc00000,0x000000706cd00000)]
  0x0000020b47c57db0 JavaThread "ForkJoinPool.commonPool-worker-3" daemon [_thread_blocked, id=4880, stack(0x000000706cd00000,0x000000706ce00000)]
  0x0000020b4970dd80 JavaThread "Cache worker for Java compile cache (C:\Users\TUONG VY\.gradle\caches\8.8\javaCompile)" [_thread_blocked, id=4828, stack(0x000000706f800000,0x000000706f900000)]
  0x0000020b497125b0 JavaThread "VFS cleanup" [_thread_blocked, id=13392, stack(0x000000706ae00000,0x000000706af00000)]
  0x0000020b47c565a0 JavaThread "included builds" [_thread_blocked, id=13676, stack(0x000000706ed00000,0x000000706ee00000)]
  0x0000020b47c57410 JavaThread "Handler for socket connection from /127.0.0.1:50541 to /127.0.0.1:50638" [_thread_in_native, id=9552, stack(0x0000007068f00000,0x0000007069000000)]
  0x0000020b47c53a50 JavaThread "Cancel handler" [_thread_blocked, id=14284, stack(0x0000007069000000,0x0000007069100000)]
  0x0000020b47c50f00 JavaThread "Asynchronous log dispatcher for DefaultDaemonConnection: socket connection from /127.0.0.1:50541 to /127.0.0.1:50638" [_thread_blocked, id=13500, stack(0x000000706ab00000,0x000000706ac00000)]
  0x0000020b47c56a70 JavaThread "Stdin handler" [_thread_blocked, id=5464, stack(0x000000706ac00000,0x000000706ad00000)]
  0x0000020b47c52be0 JavaThread "Daemon client event forwarder" [_thread_blocked, id=2068, stack(0x000000706af00000,0x000000706b000000)]
  0x0000020b47c578e0 JavaThread "Cache worker for file hash cache (D:\module_6\C0723L1-Repo-BE\movie_booking\.gradle\8.8\fileHashes)" [_thread_blocked, id=2848, stack(0x000000706b000000,0x000000706b100000)]
  0x0000020b47c513d0 JavaThread "Cache worker for checksums cache (D:\module_6\C0723L1-Repo-BE\movie_booking\.gradle\8.8\checksums)" [_thread_blocked, id=80, stack(0x000000706b400000,0x000000706b500000)]
  0x0000020b47c548c0 JavaThread "Cache worker for cache directory md-rule (C:\Users\TUONG VY\.gradle\caches\8.8\md-rule)" [_thread_blocked, id=14000, stack(0x000000706b700000,0x000000706b800000)]
  0x0000020b47c55260 JavaThread "Cache worker for cache directory md-supplier (C:\Users\TUONG VY\.gradle\caches\8.8\md-supplier)" [_thread_blocked, id=11212, stack(0x000000706b900000,0x000000706ba00000)]
  0x0000020b47c53f20 JavaThread "Cache worker for Build Output Cleanup Cache (D:\module_6\C0723L1-Repo-BE\movie_booking\.gradle\buildOutputCleanup)" [_thread_blocked, id=12240, stack(0x000000706ba00000,0x000000706bb00000)]
  0x0000020b47c518a0 JavaThread "Unconstrained build operations" [_thread_blocked, id=524, stack(0x000000706bf00000,0x000000706c000000)]
  0x0000020b47c51d70 JavaThread "Unconstrained build operations Thread 2" [_thread_blocked, id=14216, stack(0x000000706c000000,0x000000706c100000)]
  0x0000020b47c52710 JavaThread "Unconstrained build operations Thread 3" [_thread_blocked, id=14200, stack(0x000000706c100000,0x000000706c200000)]
  0x0000020b47c543f0 JavaThread "Unconstrained build operations Thread 4" [_thread_blocked, id=13636, stack(0x000000706c200000,0x000000706c300000)]
  0x0000020b4b403d50 JavaThread "Unconstrained build operations Thread 5" [_thread_blocked, id=13072, stack(0x000000706c300000,0x000000706c400000)]
  0x0000020b4b404bc0 JavaThread "Unconstrained build operations Thread 6" [_thread_blocked, id=1212, stack(0x000000706c400000,0x000000706c500000)]
  0x0000020b4b3feb80 JavaThread "Unconstrained build operations Thread 7" [_thread_blocked, id=8600, stack(0x000000706c500000,0x000000706c600000)]
  0x0000020b4b402ee0 JavaThread "Unconstrained build operations Thread 8" [_thread_blocked, id=200, stack(0x000000706c600000,0x000000706c700000)]
  0x0000020b4b4033b0 JavaThread "Unconstrained build operations Thread 9" [_thread_blocked, id=4284, stack(0x000000706c700000,0x000000706c800000)]
  0x0000020b4b4016d0 JavaThread "Unconstrained build operations Thread 10" [_thread_blocked, id=14204, stack(0x000000706c800000,0x000000706c900000)]
  0x0000020b4b3ff050 JavaThread "Unconstrained build operations Thread 11" [_thread_blocked, id=11908, stack(0x000000706ce00000,0x000000706cf00000)]
  0x0000020b4b400390 JavaThread "Unconstrained build operations Thread 12" [_thread_blocked, id=8116, stack(0x000000706cf00000,0x000000706d000000)]
  0x0000020b4b405560 JavaThread "Unconstrained build operations Thread 13" [_thread_blocked, id=13948, stack(0x000000706d000000,0x000000706d100000)]
  0x0000020b4b3fe6b0 JavaThread "Unconstrained build operations Thread 14" [_thread_blocked, id=1900, stack(0x000000706d200000,0x000000706d300000)]
  0x0000020b4b3ff520 JavaThread "Unconstrained build operations Thread 15" [_thread_blocked, id=8460, stack(0x000000706d300000,0x000000706d400000)]
  0x0000020b4b3ff9f0 JavaThread "Unconstrained build operations Thread 16" [_thread_blocked, id=2676, stack(0x000000706d400000,0x000000706d500000)]
  0x0000020b4b400860 JavaThread "Unconstrained build operations Thread 17" [_thread_blocked, id=8444, stack(0x000000706d500000,0x000000706d600000)]
  0x0000020b4b402a10 JavaThread "Unconstrained build operations Thread 18" [_thread_blocked, id=13848, stack(0x000000706d600000,0x000000706d700000)]
  0x0000020b4b403880 JavaThread "Unconstrained build operations Thread 19" [_thread_blocked, id=3224, stack(0x000000706d700000,0x000000706d800000)]
  0x0000020b4b401200 JavaThread "Unconstrained build operations Thread 20" [_thread_blocked, id=4200, stack(0x000000706d800000,0x000000706d900000)]
  0x0000020b4b401ba0 JavaThread "Unconstrained build operations Thread 21" [_thread_blocked, id=3628, stack(0x000000706d900000,0x000000706da00000)]
  0x0000020b4b404220 JavaThread "Unconstrained build operations Thread 22" [_thread_blocked, id=2928, stack(0x000000706da00000,0x000000706db00000)]
  0x0000020b4b4046f0 JavaThread "Unconstrained build operations Thread 23" [_thread_blocked, id=1572, stack(0x000000706db00000,0x000000706dc00000)]
  0x0000020b4b402070 JavaThread "Unconstrained build operations Thread 24" [_thread_blocked, id=14092, stack(0x000000706dc00000,0x000000706dd00000)]
  0x0000020b4b402540 JavaThread "Unconstrained build operations Thread 25" [_thread_blocked, id=6824, stack(0x000000706dd00000,0x000000706de00000)]
  0x0000020b4970f0c0 JavaThread "Unconstrained build operations Thread 26" [_thread_blocked, id=11092, stack(0x000000706de00000,0x000000706df00000)]
  0x0000020b49713420 JavaThread "Unconstrained build operations Thread 27" [_thread_blocked, id=9848, stack(0x000000706df00000,0x000000706e000000)]
  0x0000020b49710400 JavaThread "Unconstrained build operations Thread 28" [_thread_blocked, id=7340, stack(0x000000706e000000,0x000000706e100000)]
  0x0000020b4970ca40 JavaThread "Unconstrained build operations Thread 29" [_thread_blocked, id=12492, stack(0x000000706e100000,0x000000706e200000)]
  0x0000020b49712a80 JavaThread "Unconstrained build operations Thread 30" [_thread_blocked, id=12640, stack(0x000000706e200000,0x000000706e300000)]
  0x0000020b49710da0 JavaThread "Unconstrained build operations Thread 31" [_thread_blocked, id=13048, stack(0x000000706e300000,0x000000706e400000)]
  0x0000020b49712f50 JavaThread "Unconstrained build operations Thread 32" [_thread_blocked, id=4696, stack(0x000000706e400000,0x000000706e500000)]
  0x0000020b49713dc0 JavaThread "Unconstrained build operations Thread 33" [_thread_blocked, id=8044, stack(0x000000706e500000,0x000000706e600000)]
  0x0000020b49711740 JavaThread "Unconstrained build operations Thread 34" [_thread_blocked, id=7464, stack(0x000000706e600000,0x000000706e700000)]
  0x0000020b4970c570 JavaThread "Unconstrained build operations Thread 35" [_thread_blocked, id=11184, stack(0x000000706e700000,0x000000706e800000)]
  0x0000020b49711270 JavaThread "Unconstrained build operations Thread 36" [_thread_blocked, id=14312, stack(0x000000706e800000,0x000000706e900000)]
  0x0000020b49711c10 JavaThread "Unconstrained build operations Thread 37" [_thread_blocked, id=13600, stack(0x000000706e900000,0x000000706ea00000)]
  0x0000020b4970ff30 JavaThread "Unconstrained build operations Thread 38" [_thread_blocked, id=7572, stack(0x000000706ea00000,0x000000706eb00000)]
  0x0000020b4970e720 JavaThread "Unconstrained build operations Thread 39" [_thread_blocked, id=1920, stack(0x000000706eb00000,0x000000706ec00000)]
  0x0000020b4970d8b0 JavaThread "Unconstrained build operations Thread 40" [_thread_blocked, id=924, stack(0x000000706ec00000,0x000000706ed00000)]

Other Threads:
  0x0000020b42ecfd40 VMThread "VM Thread" [stack: 0x0000007069700000,0x0000007069800000] [id=14212]
  0x0000020b2cf30ca0 WatcherThread [stack: 0x000000706a300000,0x000000706a400000] [id=1632]
  0x0000020b2cf5dc20 GCTaskThread "GC Thread#0" [stack: 0x0000007069200000,0x0000007069300000] [id=13472]
  0x0000020b47820c40 GCTaskThread "GC Thread#1" [stack: 0x000000706a400000,0x000000706a500000] [id=13496]
  0x0000020b47385090 GCTaskThread "GC Thread#2" [stack: 0x000000706a500000,0x000000706a600000] [id=13480]
  0x0000020b47385340 GCTaskThread "GC Thread#3" [stack: 0x000000706a600000,0x000000706a700000] [id=13824]
  0x0000020b2cf62b70 ConcurrentGCThread "G1 Main Marker" [stack: 0x0000007069300000,0x0000007069400000] [id=13764]
  0x0000020b2cf63580 ConcurrentGCThread "G1 Conc#0" [stack: 0x0000007069400000,0x0000007069500000] [id=13608]
  0x0000020b42d22c70 ConcurrentGCThread "G1 Refine#0" [stack: 0x0000007069500000,0x0000007069600000] [id=13984]
  0x0000020b49487490 ConcurrentGCThread "G1 Refine#1" [stack: 0x000000706ca00000,0x000000706cb00000] [id=11104]
  0x0000020b49488e70 ConcurrentGCThread "G1 Refine#2" [stack: 0x000000706f200000,0x000000706f300000] [id=13644]
  0x0000020b42d23690 ConcurrentGCThread "G1 Service" [stack: 0x0000007069600000,0x0000007069700000] [id=13932]

Threads with active compile tasks:
C2 CompilerThread0   174798 13220   !   4       io.spring.gradle.dependencymanagement.org.apache.maven.model.ModelBase::clone (397 bytes)

VM state: not at safepoint (normal execution)

VM Mutex/Monitor currently owned by a thread: None

Heap address: 0x00000000e0000000, size: 512 MB, Compressed Oops mode: 32-bit

CDS archive(s) not mapped
Compressed class space mapped at: 0x0000000100000000-0x0000000114000000, reserved size: 335544320
Narrow klass base: 0x0000000000000000, Narrow klass shift: 3, Narrow klass range: 0x114000000

GC Precious Log:
 CPUs: 4 total, 4 available
 Memory: 3534M
 Large Page Support: Disabled
 NUMA Support: Disabled
 Compressed Oops: Enabled (32-bit)
 Heap Region Size: 1M
 Heap Min Capacity: 256M
 Heap Initial Capacity: 256M
 Heap Max Capacity: 512M
 Pre-touch: Disabled
 Parallel Workers: 4
 Concurrent Workers: 1
 Concurrent Refinement Workers: 4
 Periodic GC: Disabled

Heap:
 garbage-first heap   total 262144K, used 160768K [0x00000000e0000000, 0x0000000100000000)
  region size 1024K, 95 young (97280K), 9 survivors (9216K)
 Metaspace       used 79348K, committed 80064K, reserved 458752K
  class space    used 10662K, committed 11008K, reserved 327680K

Heap Regions: E=young(eden), S=young(survivor), O=old, HS=humongous(starts), HC=humongous(continues), CS=collection set, F=free, OA=open archive, CA=closed archive, TAMS=top-at-mark-start (previous, next)
|   0|0x00000000e0000000, 0x00000000e0100000, 0x00000000e0100000|100%|HS|  |TAMS 0x00000000e0100000, 0x00000000e0000000| Complete 
|   1|0x00000000e0100000, 0x00000000e0200000, 0x00000000e0200000|100%|HC|  |TAMS 0x00000000e0200000, 0x00000000e0100000| Complete 
|   2|0x00000000e0200000, 0x00000000e0300000, 0x00000000e0300000|100%|HC|  |TAMS 0x00000000e0300000, 0x00000000e0200000| Complete 
|   3|0x00000000e0300000, 0x00000000e0400000, 0x00000000e0400000|100%|HC|  |TAMS 0x00000000e0400000, 0x00000000e0300000| Complete 
|   4|0x00000000e0400000, 0x00000000e0500000, 0x00000000e0500000|100%| O|  |TAMS 0x00000000e0500000, 0x00000000e0400000| Untracked 
|   5|0x00000000e0500000, 0x00000000e0600000, 0x00000000e0600000|100%| O|  |TAMS 0x00000000e0600000, 0x00000000e0500000| Untracked 
|   6|0x00000000e0600000, 0x00000000e0700000, 0x00000000e0700000|100%| O|  |TAMS 0x00000000e0700000, 0x00000000e0600000| Untracked 
|   7|0x00000000e0700000, 0x00000000e0800000, 0x00000000e0800000|100%| O|  |TAMS 0x00000000e0800000, 0x00000000e0700000| Untracked 
|   8|0x00000000e0800000, 0x00000000e0900000, 0x00000000e0900000|100%|HS|  |TAMS 0x00000000e0900000, 0x00000000e0800000| Complete 
|   9|0x00000000e0900000, 0x00000000e0a00000, 0x00000000e0a00000|100%| O|  |TAMS 0x00000000e0900000, 0x00000000e0900000| Untracked 
|  10|0x00000000e0a00000, 0x00000000e0b00000, 0x00000000e0b00000|100%| O|  |TAMS 0x00000000e0b00000, 0x00000000e0a00000| Untracked 
|  11|0x00000000e0b00000, 0x00000000e0c00000, 0x00000000e0c00000|100%| O|  |TAMS 0x00000000e0b00000, 0x00000000e0b00000| Untracked 
|  12|0x00000000e0c00000, 0x00000000e0d00000, 0x00000000e0d00000|100%| O|  |TAMS 0x00000000e0c00000, 0x00000000e0c00000| Untracked 
|  13|0x00000000e0d00000, 0x00000000e0e00000, 0x00000000e0e00000|100%| O|  |TAMS 0x00000000e0d00000, 0x00000000e0d00000| Untracked 
|  14|0x00000000e0e00000, 0x00000000e0f00000, 0x00000000e0f00000|100%| O|  |TAMS 0x00000000e0e00000, 0x00000000e0e00000| Untracked 
|  15|0x00000000e0f00000, 0x00000000e1000000, 0x00000000e1000000|100%| O|  |TAMS 0x00000000e0f00000, 0x00000000e0f00000| Untracked 
|  16|0x00000000e1000000, 0x00000000e1100000, 0x00000000e1100000|100%| O|  |TAMS 0x00000000e1000000, 0x00000000e1000000| Untracked 
|  17|0x00000000e1100000, 0x00000000e1200000, 0x00000000e1200000|100%| O|  |TAMS 0x00000000e1200000, 0x00000000e1100000| Untracked 
|  18|0x00000000e1200000, 0x00000000e1300000, 0x00000000e1300000|100%| O|  |TAMS 0x00000000e1300000, 0x00000000e1200000| Untracked 
|  19|0x00000000e1300000, 0x00000000e1400000, 0x00000000e1400000|100%| O|  |TAMS 0x00000000e1400000, 0x00000000e1300000| Untracked 
|  20|0x00000000e1400000, 0x00000000e1500000, 0x00000000e1500000|100%| O|  |TAMS 0x00000000e1500000, 0x00000000e1400000| Untracked 
|  21|0x00000000e1500000, 0x00000000e1600000, 0x00000000e1600000|100%| O|  |TAMS 0x00000000e1600000, 0x00000000e1500000| Untracked 
|  22|0x00000000e1600000, 0x00000000e1700000, 0x00000000e1700000|100%| O|  |TAMS 0x00000000e1700000, 0x00000000e1600000| Untracked 
|  23|0x00000000e1700000, 0x00000000e1800000, 0x00000000e1800000|100%| O|  |TAMS 0x00000000e1727e00, 0x00000000e1700000| Untracked 
|  24|0x00000000e1800000, 0x00000000e1900000, 0x00000000e1900000|100%| O|  |TAMS 0x00000000e1800000, 0x00000000e1800000| Untracked 
|  25|0x00000000e1900000, 0x00000000e1a00000, 0x00000000e1a00000|100%| O|  |TAMS 0x00000000e1900000, 0x00000000e1900000| Untracked 
|  26|0x00000000e1a00000, 0x00000000e1b00000, 0x00000000e1b00000|100%| O|  |TAMS 0x00000000e1a00000, 0x00000000e1a00000| Untracked 
|  27|0x00000000e1b00000, 0x00000000e1c00000, 0x00000000e1c00000|100%| O|  |TAMS 0x00000000e1b00000, 0x00000000e1b00000| Untracked 
|  28|0x00000000e1c00000, 0x00000000e1d00000, 0x00000000e1d00000|100%| O|  |TAMS 0x00000000e1c00000, 0x00000000e1c00000| Untracked 
|  29|0x00000000e1d00000, 0x00000000e1e00000, 0x00000000e1e00000|100%| O|  |TAMS 0x00000000e1d00000, 0x00000000e1d00000| Untracked 
|  30|0x00000000e1e00000, 0x00000000e1f00000, 0x00000000e1f00000|100%| O|  |TAMS 0x00000000e1e00000, 0x00000000e1e00000| Untracked 
|  31|0x00000000e1f00000, 0x00000000e2000000, 0x00000000e2000000|100%| O|  |TAMS 0x00000000e1f00000, 0x00000000e1f00000| Untracked 
|  32|0x00000000e2000000, 0x00000000e2100000, 0x00000000e2100000|100%| O|  |TAMS 0x00000000e2000000, 0x00000000e2000000| Untracked 
|  33|0x00000000e2100000, 0x00000000e2200000, 0x00000000e2200000|100%| O|  |TAMS 0x00000000e2100000, 0x00000000e2100000| Untracked 
|  34|0x00000000e2200000, 0x00000000e2300000, 0x00000000e2300000|100%| O|  |TAMS 0x00000000e2200000, 0x00000000e2200000| Untracked 
|  35|0x00000000e2300000, 0x00000000e2400000, 0x00000000e2400000|100%| O|  |TAMS 0x00000000e2300000, 0x00000000e2300000| Untracked 
|  36|0x00000000e2400000, 0x00000000e2500000, 0x00000000e2500000|100%|HS|  |TAMS 0x00000000e2400000, 0x00000000e2400000| Complete 
|  37|0x00000000e2500000, 0x00000000e2600000, 0x00000000e2600000|100%| O|  |TAMS 0x00000000e2500000, 0x00000000e2500000| Untracked 
|  38|0x00000000e2600000, 0x00000000e2700000, 0x00000000e2700000|100%| O|  |TAMS 0x00000000e2600000, 0x00000000e2600000| Untracked 
|  39|0x00000000e2700000, 0x00000000e2800000, 0x00000000e2800000|100%| O|  |TAMS 0x00000000e2700000, 0x00000000e2700000| Untracked 
|  40|0x00000000e2800000, 0x00000000e2900000, 0x00000000e2900000|100%| O|  |TAMS 0x00000000e2800000, 0x00000000e2800000| Untracked 
|  41|0x00000000e2900000, 0x00000000e2a00000, 0x00000000e2a00000|100%| O|  |TAMS 0x00000000e2900000, 0x00000000e2900000| Untracked 
|  42|0x00000000e2a00000, 0x00000000e2b00000, 0x00000000e2b00000|100%| O|  |TAMS 0x00000000e2a00000, 0x00000000e2a00000| Untracked 
|  43|0x00000000e2b00000, 0x00000000e2c00000, 0x00000000e2c00000|100%| O|  |TAMS 0x00000000e2b00000, 0x00000000e2b00000| Untracked 
|  44|0x00000000e2c00000, 0x00000000e2d00000, 0x00000000e2d00000|100%| O|  |TAMS 0x00000000e2c00000, 0x00000000e2c00000| Untracked 
|  45|0x00000000e2d00000, 0x00000000e2e00000, 0x00000000e2e00000|100%| O|  |TAMS 0x00000000e2d00000, 0x00000000e2d00000| Untracked 
|  46|0x00000000e2e00000, 0x00000000e2f00000, 0x00000000e2f00000|100%| O|  |TAMS 0x00000000e2e00000, 0x00000000e2e00000| Untracked 
|  47|0x00000000e2f00000, 0x00000000e3000000, 0x00000000e3000000|100%| O|  |TAMS 0x00000000e2f00000, 0x00000000e2f00000| Untracked 
|  48|0x00000000e3000000, 0x00000000e3100000, 0x00000000e3100000|100%| O|  |TAMS 0x00000000e3000000, 0x00000000e3000000| Untracked 
|  49|0x00000000e3100000, 0x00000000e3200000, 0x00000000e3200000|100%| O|  |TAMS 0x00000000e3100000, 0x00000000e3100000| Untracked 
|  50|0x00000000e3200000, 0x00000000e3300000, 0x00000000e3300000|100%| O|  |TAMS 0x00000000e3200000, 0x00000000e3200000| Untracked 
|  51|0x00000000e3300000, 0x00000000e3400000, 0x00000000e3400000|100%| O|  |TAMS 0x00000000e3300000, 0x00000000e3300000| Untracked 
|  52|0x00000000e3400000, 0x00000000e3500000, 0x00000000e3500000|100%| O|  |TAMS 0x00000000e3400000, 0x00000000e3400000| Untracked 
|  53|0x00000000e3500000, 0x00000000e3600000, 0x00000000e3600000|100%| O|  |TAMS 0x00000000e3500000, 0x00000000e3500000| Untracked 
|  54|0x00000000e3600000, 0x00000000e3700000, 0x00000000e3700000|100%| O|  |TAMS 0x00000000e3600000, 0x00000000e3600000| Untracked 
|  55|0x00000000e3700000, 0x00000000e3800000, 0x00000000e3800000|100%| O|  |TAMS 0x00000000e3700000, 0x00000000e3700000| Untracked 
|  56|0x00000000e3800000, 0x00000000e3900000, 0x00000000e3900000|100%| O|  |TAMS 0x00000000e3800000, 0x00000000e3800000| Untracked 
|  57|0x00000000e3900000, 0x00000000e3a00000, 0x00000000e3a00000|100%| O|  |TAMS 0x00000000e3900000, 0x00000000e3900000| Untracked 
|  58|0x00000000e3a00000, 0x00000000e3b00000, 0x00000000e3b00000|100%| O|  |TAMS 0x00000000e3a00000, 0x00000000e3a00000| Untracked 
|  59|0x00000000e3b00000, 0x00000000e3c00000, 0x00000000e3c00000|100%| O|  |TAMS 0x00000000e3b00000, 0x00000000e3b00000| Untracked 
|  60|0x00000000e3c00000, 0x00000000e3d00000, 0x00000000e3d00000|100%| O|  |TAMS 0x00000000e3c00000, 0x00000000e3c00000| Untracked 
|  61|0x00000000e3d00000, 0x00000000e3e00000, 0x00000000e3e00000|100%| O|  |TAMS 0x00000000e3d00000, 0x00000000e3d00000| Untracked 
|  62|0x00000000e3e00000, 0x00000000e3f00000, 0x00000000e3f00000|100%| O|  |TAMS 0x00000000e3e00000, 0x00000000e3e00000| Untracked 
|  63|0x00000000e3f00000, 0x00000000e3f00000, 0x00000000e4000000|  0%| F|  |TAMS 0x00000000e3f00000, 0x00000000e3f00000| Untracked 
|  64|0x00000000e4000000, 0x00000000e4000000, 0x00000000e4100000|  0%| F|  |TAMS 0x00000000e4000000, 0x00000000e4000000| Untracked 
|  65|0x00000000e4100000, 0x00000000e4100000, 0x00000000e4200000|  0%| F|  |TAMS 0x00000000e4100000, 0x00000000e4100000| Untracked 
|  66|0x00000000e4200000, 0x00000000e4200000, 0x00000000e4300000|  0%| F|  |TAMS 0x00000000e4200000, 0x00000000e4200000| Untracked 
|  67|0x00000000e4300000, 0x00000000e4300000, 0x00000000e4400000|  0%| F|  |TAMS 0x00000000e4300000, 0x00000000e4300000| Untracked 
|  68|0x00000000e4400000, 0x00000000e4400000, 0x00000000e4500000|  0%| F|  |TAMS 0x00000000e4400000, 0x00000000e4400000| Untracked 
|  69|0x00000000e4500000, 0x00000000e4500000, 0x00000000e4600000|  0%| F|  |TAMS 0x00000000e4500000, 0x00000000e4500000| Untracked 
|  70|0x00000000e4600000, 0x00000000e4600000, 0x00000000e4700000|  0%| F|  |TAMS 0x00000000e4600000, 0x00000000e4600000| Untracked 
|  71|0x00000000e4700000, 0x00000000e4700000, 0x00000000e4800000|  0%| F|  |TAMS 0x00000000e4700000, 0x00000000e4700000| Untracked 
|  72|0x00000000e4800000, 0x00000000e4800000, 0x00000000e4900000|  0%| F|  |TAMS 0x00000000e4800000, 0x00000000e4800000| Untracked 
|  73|0x00000000e4900000, 0x00000000e4900000, 0x00000000e4a00000|  0%| F|  |TAMS 0x00000000e4900000, 0x00000000e4900000| Untracked 
|  74|0x00000000e4a00000, 0x00000000e4a00000, 0x00000000e4b00000|  0%| F|  |TAMS 0x00000000e4a00000, 0x00000000e4a00000| Untracked 
|  75|0x00000000e4b00000, 0x00000000e4b00000, 0x00000000e4c00000|  0%| F|  |TAMS 0x00000000e4b00000, 0x00000000e4b00000| Untracked 
|  76|0x00000000e4c00000, 0x00000000e4c00000, 0x00000000e4d00000|  0%| F|  |TAMS 0x00000000e4c00000, 0x00000000e4c00000| Untracked 
|  77|0x00000000e4d00000, 0x00000000e4d00000, 0x00000000e4e00000|  0%| F|  |TAMS 0x00000000e4d00000, 0x00000000e4d00000| Untracked 
|  78|0x00000000e4e00000, 0x00000000e4e00000, 0x00000000e4f00000|  0%| F|  |TAMS 0x00000000e4e00000, 0x00000000e4e00000| Untracked 
|  79|0x00000000e4f00000, 0x00000000e4f00000, 0x00000000e5000000|  0%| F|  |TAMS 0x00000000e4f00000, 0x00000000e4f00000| Untracked 
|  80|0x00000000e5000000, 0x00000000e5000000, 0x00000000e5100000|  0%| F|  |TAMS 0x00000000e5000000, 0x00000000e5000000| Untracked 
|  81|0x00000000e5100000, 0x00000000e5100000, 0x00000000e5200000|  0%| F|  |TAMS 0x00000000e5100000, 0x00000000e5100000| Untracked 
|  82|0x00000000e5200000, 0x00000000e5200000, 0x00000000e5300000|  0%| F|  |TAMS 0x00000000e5200000, 0x00000000e5200000| Untracked 
|  83|0x00000000e5300000, 0x00000000e5300000, 0x00000000e5400000|  0%| F|  |TAMS 0x00000000e5300000, 0x00000000e5300000| Untracked 
|  84|0x00000000e5400000, 0x00000000e5400000, 0x00000000e5500000|  0%| F|  |TAMS 0x00000000e5400000, 0x00000000e5400000| Untracked 
|  85|0x00000000e5500000, 0x00000000e5500000, 0x00000000e5600000|  0%| F|  |TAMS 0x00000000e5500000, 0x00000000e5500000| Untracked 
|  86|0x00000000e5600000, 0x00000000e5600000, 0x00000000e5700000|  0%| F|  |TAMS 0x00000000e5600000, 0x00000000e5600000| Untracked 
|  87|0x00000000e5700000, 0x00000000e5700000, 0x00000000e5800000|  0%| F|  |TAMS 0x00000000e5700000, 0x00000000e5700000| Untracked 
|  88|0x00000000e5800000, 0x00000000e5800000, 0x00000000e5900000|  0%| F|  |TAMS 0x00000000e5800000, 0x00000000e5800000| Untracked 
|  89|0x00000000e5900000, 0x00000000e5900000, 0x00000000e5a00000|  0%| F|  |TAMS 0x00000000e5900000, 0x00000000e5900000| Untracked 
|  90|0x00000000e5a00000, 0x00000000e5a00000, 0x00000000e5b00000|  0%| F|  |TAMS 0x00000000e5a00000, 0x00000000e5a00000| Untracked 
|  91|0x00000000e5b00000, 0x00000000e5b00000, 0x00000000e5c00000|  0%| F|  |TAMS 0x00000000e5b00000, 0x00000000e5b00000| Untracked 
|  92|0x00000000e5c00000, 0x00000000e5c00000, 0x00000000e5d00000|  0%| F|  |TAMS 0x00000000e5c00000, 0x00000000e5c00000| Untracked 
|  93|0x00000000e5d00000, 0x00000000e5d00000, 0x00000000e5e00000|  0%| F|  |TAMS 0x00000000e5d00000, 0x00000000e5d00000| Untracked 
|  94|0x00000000e5e00000, 0x00000000e5e00000, 0x00000000e5f00000|  0%| F|  |TAMS 0x00000000e5e00000, 0x00000000e5e00000| Untracked 
|  95|0x00000000e5f00000, 0x00000000e5f00000, 0x00000000e6000000|  0%| F|  |TAMS 0x00000000e5f00000, 0x00000000e5f00000| Untracked 
|  96|0x00000000e6000000, 0x00000000e6000000, 0x00000000e6100000|  0%| F|  |TAMS 0x00000000e6000000, 0x00000000e6000000| Untracked 
|  97|0x00000000e6100000, 0x00000000e6100000, 0x00000000e6200000|  0%| F|  |TAMS 0x00000000e6100000, 0x00000000e6100000| Untracked 
|  98|0x00000000e6200000, 0x00000000e6200000, 0x00000000e6300000|  0%| F|  |TAMS 0x00000000e6200000, 0x00000000e6200000| Untracked 
|  99|0x00000000e6300000, 0x00000000e6300000, 0x00000000e6400000|  0%| F|  |TAMS 0x00000000e6300000, 0x00000000e6300000| Untracked 
| 100|0x00000000e6400000, 0x00000000e6400000, 0x00000000e6500000|  0%| F|  |TAMS 0x00000000e6400000, 0x00000000e6400000| Untracked 
| 101|0x00000000e6500000, 0x00000000e6500000, 0x00000000e6600000|  0%| F|  |TAMS 0x00000000e6500000, 0x00000000e6500000| Untracked 
| 102|0x00000000e6600000, 0x00000000e6600000, 0x00000000e6700000|  0%| F|  |TAMS 0x00000000e6600000, 0x00000000e6600000| Untracked 
| 103|0x00000000e6700000, 0x00000000e6700000, 0x00000000e6800000|  0%| F|  |TAMS 0x00000000e6700000, 0x00000000e6700000| Untracked 
| 104|0x00000000e6800000, 0x00000000e6800000, 0x00000000e6900000|  0%| F|  |TAMS 0x00000000e6800000, 0x00000000e6800000| Untracked 
| 105|0x00000000e6900000, 0x00000000e6900000, 0x00000000e6a00000|  0%| F|  |TAMS 0x00000000e6900000, 0x00000000e6900000| Untracked 
| 106|0x00000000e6a00000, 0x00000000e6a00000, 0x00000000e6b00000|  0%| F|  |TAMS 0x00000000e6a00000, 0x00000000e6a00000| Untracked 
| 107|0x00000000e6b00000, 0x00000000e6b00000, 0x00000000e6c00000|  0%| F|  |TAMS 0x00000000e6b00000, 0x00000000e6b00000| Untracked 
| 108|0x00000000e6c00000, 0x00000000e6c00000, 0x00000000e6d00000|  0%| F|  |TAMS 0x00000000e6c00000, 0x00000000e6c00000| Untracked 
| 109|0x00000000e6d00000, 0x00000000e6d00000, 0x00000000e6e00000|  0%| F|  |TAMS 0x00000000e6d00000, 0x00000000e6d00000| Untracked 
| 110|0x00000000e6e00000, 0x00000000e6e00000, 0x00000000e6f00000|  0%| F|  |TAMS 0x00000000e6e00000, 0x00000000e6e00000| Untracked 
| 111|0x00000000e6f00000, 0x00000000e6f00000, 0x00000000e7000000|  0%| F|  |TAMS 0x00000000e6f00000, 0x00000000e6f00000| Untracked 
| 112|0x00000000e7000000, 0x00000000e7100000, 0x00000000e7100000|100%| S|CS|TAMS 0x00000000e7000000, 0x00000000e7000000| Complete 
| 113|0x00000000e7100000, 0x00000000e7200000, 0x00000000e7200000|100%| S|CS|TAMS 0x00000000e7100000, 0x00000000e7100000| Complete 
| 114|0x00000000e7200000, 0x00000000e7300000, 0x00000000e7300000|100%| S|CS|TAMS 0x00000000e7200000, 0x00000000e7200000| Complete 
| 115|0x00000000e7300000, 0x00000000e7400000, 0x00000000e7400000|100%| S|CS|TAMS 0x00000000e7300000, 0x00000000e7300000| Complete 
| 116|0x00000000e7400000, 0x00000000e7500000, 0x00000000e7500000|100%| S|CS|TAMS 0x00000000e7400000, 0x00000000e7400000| Complete 
| 117|0x00000000e7500000, 0x00000000e7600000, 0x00000000e7600000|100%| S|CS|TAMS 0x00000000e7500000, 0x00000000e7500000| Complete 
| 118|0x00000000e7600000, 0x00000000e7700000, 0x00000000e7700000|100%| S|CS|TAMS 0x00000000e7600000, 0x00000000e7600000| Complete 
| 119|0x00000000e7700000, 0x00000000e7800000, 0x00000000e7800000|100%| S|CS|TAMS 0x00000000e7700000, 0x00000000e7700000| Complete 
| 120|0x00000000e7800000, 0x00000000e7900000, 0x00000000e7900000|100%| S|CS|TAMS 0x00000000e7800000, 0x00000000e7800000| Complete 
| 121|0x00000000e7900000, 0x00000000e7900000, 0x00000000e7a00000|  0%| F|  |TAMS 0x00000000e7900000, 0x00000000e7900000| Untracked 
| 122|0x00000000e7a00000, 0x00000000e7a00000, 0x00000000e7b00000|  0%| F|  |TAMS 0x00000000e7a00000, 0x00000000e7a00000| Untracked 
| 123|0x00000000e7b00000, 0x00000000e7b00000, 0x00000000e7c00000|  0%| F|  |TAMS 0x00000000e7b00000, 0x00000000e7b00000| Untracked 
| 124|0x00000000e7c00000, 0x00000000e7c00000, 0x00000000e7d00000|  0%| F|  |TAMS 0x00000000e7c00000, 0x00000000e7c00000| Untracked 
| 125|0x00000000e7d00000, 0x00000000e7d00000, 0x00000000e7e00000|  0%| F|  |TAMS 0x00000000e7d00000, 0x00000000e7d00000| Untracked 
| 126|0x00000000e7e00000, 0x00000000e7e00000, 0x00000000e7f00000|  0%| F|  |TAMS 0x00000000e7e00000, 0x00000000e7e00000| Untracked 
| 127|0x00000000e7f00000, 0x00000000e7f00000, 0x00000000e8000000|  0%| F|  |TAMS 0x00000000e7f00000, 0x00000000e7f00000| Untracked 
| 128|0x00000000e8000000, 0x00000000e8000000, 0x00000000e8100000|  0%| F|  |TAMS 0x00000000e8000000, 0x00000000e8000000| Untracked 
| 129|0x00000000e8100000, 0x00000000e8100000, 0x00000000e8200000|  0%| F|  |TAMS 0x00000000e8100000, 0x00000000e8100000| Untracked 
| 130|0x00000000e8200000, 0x00000000e8200000, 0x00000000e8300000|  0%| F|  |TAMS 0x00000000e8200000, 0x00000000e8200000| Untracked 
| 131|0x00000000e8300000, 0x00000000e8300000, 0x00000000e8400000|  0%| F|  |TAMS 0x00000000e8300000, 0x00000000e8300000| Untracked 
| 132|0x00000000e8400000, 0x00000000e8400000, 0x00000000e8500000|  0%| F|  |TAMS 0x00000000e8400000, 0x00000000e8400000| Untracked 
| 133|0x00000000e8500000, 0x00000000e8500000, 0x00000000e8600000|  0%| F|  |TAMS 0x00000000e8500000, 0x00000000e8500000| Untracked 
| 134|0x00000000e8600000, 0x00000000e8600000, 0x00000000e8700000|  0%| F|  |TAMS 0x00000000e8600000, 0x00000000e8600000| Untracked 
| 135|0x00000000e8700000, 0x00000000e8700000, 0x00000000e8800000|  0%| F|  |TAMS 0x00000000e8700000, 0x00000000e8700000| Untracked 
| 136|0x00000000e8800000, 0x00000000e8800000, 0x00000000e8900000|  0%| F|  |TAMS 0x00000000e8800000, 0x00000000e8800000| Untracked 
| 137|0x00000000e8900000, 0x00000000e8900000, 0x00000000e8a00000|  0%| F|  |TAMS 0x00000000e8900000, 0x00000000e8900000| Untracked 
| 138|0x00000000e8a00000, 0x00000000e8a00000, 0x00000000e8b00000|  0%| F|  |TAMS 0x00000000e8a00000, 0x00000000e8a00000| Untracked 
| 139|0x00000000e8b00000, 0x00000000e8b00000, 0x00000000e8c00000|  0%| F|  |TAMS 0x00000000e8b00000, 0x00000000e8b00000| Untracked 
| 140|0x00000000e8c00000, 0x00000000e8c00000, 0x00000000e8d00000|  0%| F|  |TAMS 0x00000000e8c00000, 0x00000000e8c00000| Untracked 
| 141|0x00000000e8d00000, 0x00000000e8d00000, 0x00000000e8e00000|  0%| F|  |TAMS 0x00000000e8d00000, 0x00000000e8d00000| Untracked 
| 142|0x00000000e8e00000, 0x00000000e8e00000, 0x00000000e8f00000|  0%| F|  |TAMS 0x00000000e8e00000, 0x00000000e8e00000| Untracked 
| 143|0x00000000e8f00000, 0x00000000e8f00000, 0x00000000e9000000|  0%| F|  |TAMS 0x00000000e8f00000, 0x00000000e8f00000| Untracked 
| 144|0x00000000e9000000, 0x00000000e9000000, 0x00000000e9100000|  0%| F|  |TAMS 0x00000000e9000000, 0x00000000e9000000| Untracked 
| 145|0x00000000e9100000, 0x00000000e9100000, 0x00000000e9200000|  0%| F|  |TAMS 0x00000000e9100000, 0x00000000e9100000| Untracked 
| 146|0x00000000e9200000, 0x00000000e9200000, 0x00000000e9300000|  0%| F|  |TAMS 0x00000000e9200000, 0x00000000e9200000| Untracked 
| 147|0x00000000e9300000, 0x00000000e9300000, 0x00000000e9400000|  0%| F|  |TAMS 0x00000000e9300000, 0x00000000e9300000| Untracked 
| 148|0x00000000e9400000, 0x00000000e9400000, 0x00000000e9500000|  0%| F|  |TAMS 0x00000000e9400000, 0x00000000e9400000| Untracked 
| 149|0x00000000e9500000, 0x00000000e9500000, 0x00000000e9600000|  0%| F|  |TAMS 0x00000000e9500000, 0x00000000e9500000| Untracked 
| 150|0x00000000e9600000, 0x00000000e9600000, 0x00000000e9700000|  0%| F|  |TAMS 0x00000000e9600000, 0x00000000e9600000| Untracked 
| 151|0x00000000e9700000, 0x00000000e9700000, 0x00000000e9800000|  0%| F|  |TAMS 0x00000000e9700000, 0x00000000e9700000| Untracked 
| 152|0x00000000e9800000, 0x00000000e9800000, 0x00000000e9900000|  0%| F|  |TAMS 0x00000000e9800000, 0x00000000e9800000| Untracked 
| 153|0x00000000e9900000, 0x00000000e9900000, 0x00000000e9a00000|  0%| F|  |TAMS 0x00000000e9900000, 0x00000000e9900000| Untracked 
| 154|0x00000000e9a00000, 0x00000000e9a00000, 0x00000000e9b00000|  0%| F|  |TAMS 0x00000000e9a00000, 0x00000000e9a00000| Untracked 
| 155|0x00000000e9b00000, 0x00000000e9b00000, 0x00000000e9c00000|  0%| F|  |TAMS 0x00000000e9b00000, 0x00000000e9b00000| Untracked 
| 156|0x00000000e9c00000, 0x00000000e9c00000, 0x00000000e9d00000|  0%| F|  |TAMS 0x00000000e9c00000, 0x00000000e9c00000| Untracked 
| 157|0x00000000e9d00000, 0x00000000e9d00000, 0x00000000e9e00000|  0%| F|  |TAMS 0x00000000e9d00000, 0x00000000e9d00000| Untracked 
| 158|0x00000000e9e00000, 0x00000000e9e00000, 0x00000000e9f00000|  0%| F|  |TAMS 0x00000000e9e00000, 0x00000000e9e00000| Untracked 
| 159|0x00000000e9f00000, 0x00000000e9f00000, 0x00000000ea000000|  0%| F|  |TAMS 0x00000000e9f00000, 0x00000000e9f00000| Untracked 
| 160|0x00000000ea000000, 0x00000000ea000000, 0x00000000ea100000|  0%| F|  |TAMS 0x00000000ea000000, 0x00000000ea000000| Untracked 
| 161|0x00000000ea100000, 0x00000000ea100000, 0x00000000ea200000|  0%| F|  |TAMS 0x00000000ea100000, 0x00000000ea100000| Untracked 
| 162|0x00000000ea200000, 0x00000000ea200000, 0x00000000ea300000|  0%| F|  |TAMS 0x00000000ea200000, 0x00000000ea200000| Untracked 
| 163|0x00000000ea300000, 0x00000000ea300000, 0x00000000ea400000|  0%| F|  |TAMS 0x00000000ea300000, 0x00000000ea300000| Untracked 
| 164|0x00000000ea400000, 0x00000000ea400000, 0x00000000ea500000|  0%| F|  |TAMS 0x00000000ea400000, 0x00000000ea400000| Untracked 
| 165|0x00000000ea500000, 0x00000000ea500000, 0x00000000ea600000|  0%| F|  |TAMS 0x00000000ea500000, 0x00000000ea500000| Untracked 
| 166|0x00000000ea600000, 0x00000000ea600000, 0x00000000ea700000|  0%| F|  |TAMS 0x00000000ea600000, 0x00000000ea600000| Untracked 
| 167|0x00000000ea700000, 0x00000000ea700000, 0x00000000ea800000|  0%| F|  |TAMS 0x00000000ea700000, 0x00000000ea700000| Untracked 
| 168|0x00000000ea800000, 0x00000000ea800000, 0x00000000ea900000|  0%| F|  |TAMS 0x00000000ea800000, 0x00000000ea800000| Untracked 
| 169|0x00000000ea900000, 0x00000000ea900000, 0x00000000eaa00000|  0%| F|  |TAMS 0x00000000ea900000, 0x00000000ea900000| Untracked 
| 170|0x00000000eaa00000, 0x00000000eab00000, 0x00000000eab00000|100%| E|  |TAMS 0x00000000eaa00000, 0x00000000eaa00000| Complete 
| 171|0x00000000eab00000, 0x00000000eac00000, 0x00000000eac00000|100%| E|CS|TAMS 0x00000000eab00000, 0x00000000eab00000| Complete 
| 172|0x00000000eac00000, 0x00000000ead00000, 0x00000000ead00000|100%| E|CS|TAMS 0x00000000eac00000, 0x00000000eac00000| Complete 
| 173|0x00000000ead00000, 0x00000000eae00000, 0x00000000eae00000|100%| E|CS|TAMS 0x00000000ead00000, 0x00000000ead00000| Complete 
| 174|0x00000000eae00000, 0x00000000eaf00000, 0x00000000eaf00000|100%| E|CS|TAMS 0x00000000eae00000, 0x00000000eae00000| Complete 
| 175|0x00000000eaf00000, 0x00000000eb000000, 0x00000000eb000000|100%| E|CS|TAMS 0x00000000eaf00000, 0x00000000eaf00000| Complete 
| 176|0x00000000eb000000, 0x00000000eb100000, 0x00000000eb100000|100%| E|CS|TAMS 0x00000000eb000000, 0x00000000eb000000| Complete 
| 177|0x00000000eb100000, 0x00000000eb200000, 0x00000000eb200000|100%| E|CS|TAMS 0x00000000eb100000, 0x00000000eb100000| Complete 
| 178|0x00000000eb200000, 0x00000000eb300000, 0x00000000eb300000|100%| E|CS|TAMS 0x00000000eb200000, 0x00000000eb200000| Complete 
| 179|0x00000000eb300000, 0x00000000eb400000, 0x00000000eb400000|100%| E|CS|TAMS 0x00000000eb300000, 0x00000000eb300000| Complete 
| 180|0x00000000eb400000, 0x00000000eb500000, 0x00000000eb500000|100%| E|CS|TAMS 0x00000000eb400000, 0x00000000eb400000| Complete 
| 181|0x00000000eb500000, 0x00000000eb600000, 0x00000000eb600000|100%| E|CS|TAMS 0x00000000eb500000, 0x00000000eb500000| Complete 
| 182|0x00000000eb600000, 0x00000000eb700000, 0x00000000eb700000|100%| E|CS|TAMS 0x00000000eb600000, 0x00000000eb600000| Complete 
| 183|0x00000000eb700000, 0x00000000eb800000, 0x00000000eb800000|100%| E|CS|TAMS 0x00000000eb700000, 0x00000000eb700000| Complete 
| 184|0x00000000eb800000, 0x00000000eb900000, 0x00000000eb900000|100%| E|CS|TAMS 0x00000000eb800000, 0x00000000eb800000| Complete 
| 185|0x00000000eb900000, 0x00000000eba00000, 0x00000000eba00000|100%| E|CS|TAMS 0x00000000eb900000, 0x00000000eb900000| Complete 
| 186|0x00000000eba00000, 0x00000000ebb00000, 0x00000000ebb00000|100%| E|CS|TAMS 0x00000000eba00000, 0x00000000eba00000| Complete 
| 187|0x00000000ebb00000, 0x00000000ebc00000, 0x00000000ebc00000|100%| E|CS|TAMS 0x00000000ebb00000, 0x00000000ebb00000| Complete 
| 188|0x00000000ebc00000, 0x00000000ebd00000, 0x00000000ebd00000|100%| E|CS|TAMS 0x00000000ebc00000, 0x00000000ebc00000| Complete 
| 189|0x00000000ebd00000, 0x00000000ebe00000, 0x00000000ebe00000|100%| E|CS|TAMS 0x00000000ebd00000, 0x00000000ebd00000| Complete 
| 190|0x00000000ebe00000, 0x00000000ebf00000, 0x00000000ebf00000|100%| E|CS|TAMS 0x00000000ebe00000, 0x00000000ebe00000| Complete 
| 191|0x00000000ebf00000, 0x00000000ec000000, 0x00000000ec000000|100%| E|CS|TAMS 0x00000000ebf00000, 0x00000000ebf00000| Complete 
| 192|0x00000000ec000000, 0x00000000ec100000, 0x00000000ec100000|100%| E|CS|TAMS 0x00000000ec000000, 0x00000000ec000000| Complete 
| 193|0x00000000ec100000, 0x00000000ec200000, 0x00000000ec200000|100%| E|CS|TAMS 0x00000000ec100000, 0x00000000ec100000| Complete 
| 194|0x00000000ec200000, 0x00000000ec300000, 0x00000000ec300000|100%| E|CS|TAMS 0x00000000ec200000, 0x00000000ec200000| Complete 
| 195|0x00000000ec300000, 0x00000000ec400000, 0x00000000ec400000|100%| E|CS|TAMS 0x00000000ec300000, 0x00000000ec300000| Complete 
| 196|0x00000000ec400000, 0x00000000ec500000, 0x00000000ec500000|100%| E|CS|TAMS 0x00000000ec400000, 0x00000000ec400000| Complete 
| 197|0x00000000ec500000, 0x00000000ec600000, 0x00000000ec600000|100%| E|CS|TAMS 0x00000000ec500000, 0x00000000ec500000| Complete 
| 198|0x00000000ec600000, 0x00000000ec700000, 0x00000000ec700000|100%| E|CS|TAMS 0x00000000ec600000, 0x00000000ec600000| Complete 
| 199|0x00000000ec700000, 0x00000000ec800000, 0x00000000ec800000|100%| E|CS|TAMS 0x00000000ec700000, 0x00000000ec700000| Complete 
| 200|0x00000000ec800000, 0x00000000ec900000, 0x00000000ec900000|100%| E|CS|TAMS 0x00000000ec800000, 0x00000000ec800000| Complete 
| 201|0x00000000ec900000, 0x00000000eca00000, 0x00000000eca00000|100%| E|CS|TAMS 0x00000000ec900000, 0x00000000ec900000| Complete 
| 202|0x00000000eca00000, 0x00000000ecb00000, 0x00000000ecb00000|100%| E|CS|TAMS 0x00000000eca00000, 0x00000000eca00000| Complete 
| 203|0x00000000ecb00000, 0x00000000ecc00000, 0x00000000ecc00000|100%| E|CS|TAMS 0x00000000ecb00000, 0x00000000ecb00000| Complete 
| 204|0x00000000ecc00000, 0x00000000ecd00000, 0x00000000ecd00000|100%| E|CS|TAMS 0x00000000ecc00000, 0x00000000ecc00000| Complete 
| 205|0x00000000ecd00000, 0x00000000ece00000, 0x00000000ece00000|100%| E|CS|TAMS 0x00000000ecd00000, 0x00000000ecd00000| Complete 
| 206|0x00000000ece00000, 0x00000000ecf00000, 0x00000000ecf00000|100%| E|CS|TAMS 0x00000000ece00000, 0x00000000ece00000| Complete 
| 207|0x00000000ecf00000, 0x00000000ed000000, 0x00000000ed000000|100%| E|CS|TAMS 0x00000000ecf00000, 0x00000000ecf00000| Complete 
| 208|0x00000000ed000000, 0x00000000ed100000, 0x00000000ed100000|100%| E|CS|TAMS 0x00000000ed000000, 0x00000000ed000000| Complete 
| 209|0x00000000ed100000, 0x00000000ed200000, 0x00000000ed200000|100%| E|CS|TAMS 0x00000000ed100000, 0x00000000ed100000| Complete 
| 210|0x00000000ed200000, 0x00000000ed300000, 0x00000000ed300000|100%| E|CS|TAMS 0x00000000ed200000, 0x00000000ed200000| Complete 
| 211|0x00000000ed300000, 0x00000000ed400000, 0x00000000ed400000|100%| E|CS|TAMS 0x00000000ed300000, 0x00000000ed300000| Complete 
| 212|0x00000000ed400000, 0x00000000ed500000, 0x00000000ed500000|100%| E|CS|TAMS 0x00000000ed400000, 0x00000000ed400000| Complete 
| 213|0x00000000ed500000, 0x00000000ed600000, 0x00000000ed600000|100%| E|CS|TAMS 0x00000000ed500000, 0x00000000ed500000| Complete 
| 214|0x00000000ed600000, 0x00000000ed700000, 0x00000000ed700000|100%| E|CS|TAMS 0x00000000ed600000, 0x00000000ed600000| Complete 
| 215|0x00000000ed700000, 0x00000000ed800000, 0x00000000ed800000|100%| E|CS|TAMS 0x00000000ed700000, 0x00000000ed700000| Complete 
| 216|0x00000000ed800000, 0x00000000ed900000, 0x00000000ed900000|100%| E|CS|TAMS 0x00000000ed800000, 0x00000000ed800000| Complete 
| 217|0x00000000ed900000, 0x00000000eda00000, 0x00000000eda00000|100%| E|CS|TAMS 0x00000000ed900000, 0x00000000ed900000| Complete 
| 218|0x00000000eda00000, 0x00000000edb00000, 0x00000000edb00000|100%| E|CS|TAMS 0x00000000eda00000, 0x00000000eda00000| Complete 
| 219|0x00000000edb00000, 0x00000000edc00000, 0x00000000edc00000|100%| E|CS|TAMS 0x00000000edb00000, 0x00000000edb00000| Complete 
| 220|0x00000000edc00000, 0x00000000edd00000, 0x00000000edd00000|100%| E|CS|TAMS 0x00000000edc00000, 0x00000000edc00000| Complete 
| 221|0x00000000edd00000, 0x00000000ede00000, 0x00000000ede00000|100%| E|CS|TAMS 0x00000000edd00000, 0x00000000edd00000| Complete 
| 222|0x00000000ede00000, 0x00000000edf00000, 0x00000000edf00000|100%| E|CS|TAMS 0x00000000ede00000, 0x00000000ede00000| Complete 
| 223|0x00000000edf00000, 0x00000000ee000000, 0x00000000ee000000|100%| E|CS|TAMS 0x00000000edf00000, 0x00000000edf00000| Complete 
| 224|0x00000000ee000000, 0x00000000ee100000, 0x00000000ee100000|100%| E|CS|TAMS 0x00000000ee000000, 0x00000000ee000000| Complete 
| 225|0x00000000ee100000, 0x00000000ee200000, 0x00000000ee200000|100%| E|CS|TAMS 0x00000000ee100000, 0x00000000ee100000| Complete 
| 226|0x00000000ee200000, 0x00000000ee300000, 0x00000000ee300000|100%| E|CS|TAMS 0x00000000ee200000, 0x00000000ee200000| Complete 
| 227|0x00000000ee300000, 0x00000000ee400000, 0x00000000ee400000|100%| E|CS|TAMS 0x00000000ee300000, 0x00000000ee300000| Complete 
| 228|0x00000000ee400000, 0x00000000ee500000, 0x00000000ee500000|100%| E|CS|TAMS 0x00000000ee400000, 0x00000000ee400000| Complete 
| 229|0x00000000ee500000, 0x00000000ee600000, 0x00000000ee600000|100%| E|CS|TAMS 0x00000000ee500000, 0x00000000ee500000| Complete 
| 230|0x00000000ee600000, 0x00000000ee700000, 0x00000000ee700000|100%| E|CS|TAMS 0x00000000ee600000, 0x00000000ee600000| Complete 
| 231|0x00000000ee700000, 0x00000000ee800000, 0x00000000ee800000|100%| E|CS|TAMS 0x00000000ee700000, 0x00000000ee700000| Complete 
| 232|0x00000000ee800000, 0x00000000ee900000, 0x00000000ee900000|100%| E|CS|TAMS 0x00000000ee800000, 0x00000000ee800000| Complete 
| 233|0x00000000ee900000, 0x00000000eea00000, 0x00000000eea00000|100%| E|CS|TAMS 0x00000000ee900000, 0x00000000ee900000| Complete 
| 234|0x00000000eea00000, 0x00000000eeb00000, 0x00000000eeb00000|100%| E|CS|TAMS 0x00000000eea00000, 0x00000000eea00000| Complete 
| 235|0x00000000eeb00000, 0x00000000eec00000, 0x00000000eec00000|100%| E|CS|TAMS 0x00000000eeb00000, 0x00000000eeb00000| Complete 
| 236|0x00000000eec00000, 0x00000000eed00000, 0x00000000eed00000|100%| E|CS|TAMS 0x00000000eec00000, 0x00000000eec00000| Complete 
| 237|0x00000000eed00000, 0x00000000eee00000, 0x00000000eee00000|100%| E|CS|TAMS 0x00000000eed00000, 0x00000000eed00000| Complete 
| 238|0x00000000eee00000, 0x00000000eef00000, 0x00000000eef00000|100%| E|CS|TAMS 0x00000000eee00000, 0x00000000eee00000| Complete 
| 239|0x00000000eef00000, 0x00000000ef000000, 0x00000000ef000000|100%| E|CS|TAMS 0x00000000eef00000, 0x00000000eef00000| Complete 
| 240|0x00000000ef000000, 0x00000000ef100000, 0x00000000ef100000|100%| E|CS|TAMS 0x00000000ef000000, 0x00000000ef000000| Complete 
| 241|0x00000000ef100000, 0x00000000ef200000, 0x00000000ef200000|100%| E|CS|TAMS 0x00000000ef100000, 0x00000000ef100000| Complete 
| 242|0x00000000ef200000, 0x00000000ef300000, 0x00000000ef300000|100%| E|CS|TAMS 0x00000000ef200000, 0x00000000ef200000| Complete 
| 243|0x00000000ef300000, 0x00000000ef400000, 0x00000000ef400000|100%| E|CS|TAMS 0x00000000ef300000, 0x00000000ef300000| Complete 
| 244|0x00000000ef400000, 0x00000000ef500000, 0x00000000ef500000|100%| E|CS|TAMS 0x00000000ef400000, 0x00000000ef400000| Complete 
| 245|0x00000000ef500000, 0x00000000ef600000, 0x00000000ef600000|100%| E|CS|TAMS 0x00000000ef500000, 0x00000000ef500000| Complete 
| 246|0x00000000ef600000, 0x00000000ef700000, 0x00000000ef700000|100%| E|CS|TAMS 0x00000000ef600000, 0x00000000ef600000| Complete 
| 247|0x00000000ef700000, 0x00000000ef800000, 0x00000000ef800000|100%| E|CS|TAMS 0x00000000ef700000, 0x00000000ef700000| Complete 
| 248|0x00000000ef800000, 0x00000000ef900000, 0x00000000ef900000|100%| E|CS|TAMS 0x00000000ef800000, 0x00000000ef800000| Complete 
| 249|0x00000000ef900000, 0x00000000efa00000, 0x00000000efa00000|100%| E|CS|TAMS 0x00000000ef900000, 0x00000000ef900000| Complete 
| 250|0x00000000efa00000, 0x00000000efb00000, 0x00000000efb00000|100%| E|CS|TAMS 0x00000000efa00000, 0x00000000efa00000| Complete 
| 251|0x00000000efb00000, 0x00000000efc00000, 0x00000000efc00000|100%| E|CS|TAMS 0x00000000efb00000, 0x00000000efb00000| Complete 
| 252|0x00000000efc00000, 0x00000000efd00000, 0x00000000efd00000|100%| E|CS|TAMS 0x00000000efc00000, 0x00000000efc00000| Complete 
| 253|0x00000000efd00000, 0x00000000efe00000, 0x00000000efe00000|100%| E|CS|TAMS 0x00000000efd00000, 0x00000000efd00000| Complete 
| 254|0x00000000efe00000, 0x00000000eff00000, 0x00000000eff00000|100%| E|CS|TAMS 0x00000000efe00000, 0x00000000efe00000| Complete 
| 255|0x00000000eff00000, 0x00000000f0000000, 0x00000000f0000000|100%| E|CS|TAMS 0x00000000eff00000, 0x00000000eff00000| Complete 

Card table byte_map: [0x0000020b3f6a0000,0x0000020b3f7a0000] _byte_map_base: 0x0000020b3efa0000

Marking Bits (Prev, Next): (CMBitMap*) 0x0000020b2cf5e280, (CMBitMap*) 0x0000020b2cf5e240
 Prev Bits: [0x0000020b400a0000, 0x0000020b408a0000)
 Next Bits: [0x0000020b3f8a0000, 0x0000020b400a0000)

Polling page: 0x0000020b2c6f0000

Metaspace:

Usage:
  Non-class:     67.08 MB used.
      Class:     10.41 MB used.
       Both:     77.49 MB used.

Virtual space:
  Non-class space:      128.00 MB reserved,      67.44 MB ( 53%) committed,  2 nodes.
      Class space:      320.00 MB reserved,      10.75 MB (  3%) committed,  1 nodes.
             Both:      448.00 MB reserved,      78.19 MB ( 17%) committed. 

Chunk freelists:
   Non-Class:  11.92 MB
       Class:  5.11 MB
        Both:  17.03 MB

MaxMetaspaceSize: 384.00 MB
CompressedClassSpaceSize: 320.00 MB
Initial GC threshold: 21.00 MB
Current GC threshold: 98.06 MB
CDS: off
MetaspaceReclaimPolicy: balanced
 - commit_granule_bytes: 65536.
 - commit_granule_words: 8192.
 - virtual_space_node_default_size: 8388608.
 - enlarge_chunks_in_place: 1.
 - new_chunks_are_fully_committed: 0.
 - uncommit_free_chunks: 1.
 - use_allocation_guard: 0.
 - handle_deallocations: 1.


Internal statistics:

num_allocs_failed_limit: 9.
num_arena_births: 896.
num_arena_deaths: 0.
num_vsnodes_births: 3.
num_vsnodes_deaths: 0.
num_space_committed: 1251.
num_space_uncommitted: 0.
num_chunks_returned_to_freelist: 9.
num_chunks_taken_from_freelist: 3936.
num_chunk_merges: 6.
num_chunk_splits: 2481.
num_chunks_enlarged: 1576.
num_inconsistent_stats: 0.

CodeHeap 'non-profiled nmethods': size=120000Kb used=6767Kb max_used=6767Kb free=113232Kb
 bounds [0x0000020b38170000, 0x0000020b38810000, 0x0000020b3f6a0000]
CodeHeap 'profiled nmethods': size=120000Kb used=22798Kb max_used=22798Kb free=97201Kb
 bounds [0x0000020b306a0000, 0x0000020b31cf0000, 0x0000020b37bd0000]
CodeHeap 'non-nmethods': size=5760Kb used=2345Kb max_used=2394Kb free=3414Kb
 bounds [0x0000020b37bd0000, 0x0000020b37e40000, 0x0000020b38170000]
 total_blobs=12316 nmethods=11451 adapters=776
 compilation: enabled
              stopped_count=0, restarted_count=0
 full_count=0

Compilation events (20 events):
Event: 173.214 Thread 0x0000020b47043080 nmethod 13211 0x0000020b38809f90 code [0x0000020b3880a140, 0x0000020b3880a808]
Event: 173.859 Thread 0x0000020b47044e90 13213       1       io.spring.gradle.dependencymanagement.org.apache.maven.model.building.ModelProblemCollectorRequest::getMessage (5 bytes)
Event: 173.860 Thread 0x0000020b47044e90 nmethod 13213 0x0000020b3880ab10 code [0x0000020b3880aca0, 0x0000020b3880ad78]
Event: 173.863 Thread 0x0000020b47044e90 13214       1       io.spring.gradle.dependencymanagement.org.apache.maven.model.building.ModelProblemCollectorRequest::getSeverity (5 bytes)
Event: 173.864 Thread 0x0000020b47044e90 nmethod 13214 0x0000020b3880ae10 code [0x0000020b3880afa0, 0x0000020b3880b078]
Event: 173.864 Thread 0x0000020b47044e90 13215       1       io.spring.gradle.dependencymanagement.org.apache.maven.model.building.ModelProblemCollectorRequest::getVersion (5 bytes)
Event: 173.864 Thread 0x0000020b47044e90 nmethod 13215 0x0000020b3880b110 code [0x0000020b3880b2a0, 0x0000020b3880b378]
Event: 173.865 Thread 0x0000020b47044e90 13212       1       io.spring.gradle.dependencymanagement.org.apache.maven.model.building.ModelProblemCollectorRequest::getLocation (5 bytes)
Event: 173.867 Thread 0x0000020b47044e90 nmethod 13212 0x0000020b3880b410 code [0x0000020b3880b5a0, 0x0000020b3880b678]
Event: 174.232 Thread 0x0000020b47043080 13217       4       java.util.regex.Pattern$BitClass::is (22 bytes)
Event: 174.233 Thread 0x0000020b47043080 nmethod 13217 0x0000020b3880b710 code [0x0000020b3880b880, 0x0000020b3880b958]
Event: 174.239 Thread 0x0000020b47043080 13218       4       java.util.concurrent.ConcurrentHashMap::sumCount (60 bytes)
Event: 174.242 Thread 0x0000020b47043080 nmethod 13218 0x0000020b3880ba10 code [0x0000020b3880bb80, 0x0000020b3880bc98]
Event: 174.248 Thread 0x0000020b47044e90 13219   !   3       sun.net.www.protocol.jar.JarFileFactory::getOrCreate (91 bytes)
Event: 174.252 Thread 0x0000020b47044e90 nmethod 13219 0x0000020b31ce2110 code [0x0000020b31ce2360, 0x0000020b31ce2a98]
Event: 174.324 Thread 0x0000020b47043080 13220   !   4       io.spring.gradle.dependencymanagement.org.apache.maven.model.ModelBase::clone (397 bytes)
Event: 174.617 Thread 0x0000020b47044e90 13221       3       io.spring.gradle.dependencymanagement.org.apache.maven.model.profile.activation.JdkVersionProfileActivator::isActive (171 bytes)
Event: 174.620 Thread 0x0000020b47044e90 nmethod 13221 0x0000020b31ce2d90 code [0x0000020b31ce3180, 0x0000020b31ce4938]
Event: 174.621 Thread 0x0000020b47044e90 13222       3       io.spring.gradle.dependencymanagement.org.apache.maven.model.profile.activation.JdkVersionProfileActivator::isRange (24 bytes)
Event: 174.621 Thread 0x0000020b47044e90 nmethod 13222 0x0000020b31ce5210 code [0x0000020b31ce53e0, 0x0000020b31ce56b8]

GC Heap History (20 events):
Event: 17.600 GC heap before
{Heap before GC invocations=1 (full 0):
 garbage-first heap   total 262144K, used 22140K [0x00000000e0000000, 0x0000000100000000)
  region size 1024K, 19 young (19456K), 2 survivors (2048K)
 Metaspace       used 10726K, committed 10880K, reserved 393216K
  class space    used 1108K, committed 1216K, reserved 327680K
}
Event: 17.631 GC heap after
{Heap after GC invocations=2 (full 0):
 garbage-first heap   total 262144K, used 11090K [0x00000000e0000000, 0x0000000100000000)
  region size 1024K, 3 young (3072K), 3 survivors (3072K)
 Metaspace       used 10726K, committed 10880K, reserved 393216K
  class space    used 1108K, committed 1216K, reserved 327680K
}
Event: 25.377 GC heap before
{Heap before GC invocations=2 (full 0):
 garbage-first heap   total 262144K, used 64338K [0x00000000e0000000, 0x0000000100000000)
  region size 1024K, 53 young (54272K), 3 survivors (3072K)
 Metaspace       used 12153K, committed 12352K, reserved 393216K
  class space    used 1330K, committed 1408K, reserved 327680K
}
Event: 25.390 GC heap after
{Heap after GC invocations=3 (full 0):
 garbage-first heap   total 262144K, used 16545K [0x00000000e0000000, 0x0000000100000000)
  region size 1024K, 7 young (7168K), 7 survivors (7168K)
 Metaspace       used 12153K, committed 12352K, reserved 393216K
  class space    used 1330K, committed 1408K, reserved 327680K
}
Event: 33.948 GC heap before
{Heap before GC invocations=3 (full 0):
 garbage-first heap   total 262144K, used 48289K [0x00000000e0000000, 0x0000000100000000)
  region size 1024K, 39 young (39936K), 7 survivors (7168K)
 Metaspace       used 21321K, committed 21504K, reserved 393216K
  class space    used 2521K, committed 2624K, reserved 327680K
}
Event: 33.978 GC heap after
{Heap after GC invocations=4 (full 0):
 garbage-first heap   total 262144K, used 19763K [0x00000000e0000000, 0x0000000100000000)
  region size 1024K, 11 young (11264K), 11 survivors (11264K)
 Metaspace       used 21321K, committed 21504K, reserved 393216K
  class space    used 2521K, committed 2624K, reserved 327680K
}
Event: 41.648 GC heap before
{Heap before GC invocations=5 (full 0):
 garbage-first heap   total 262144K, used 125235K [0x00000000e0000000, 0x0000000100000000)
  region size 1024K, 116 young (118784K), 11 survivors (11264K)
 Metaspace       used 35645K, committed 35968K, reserved 393216K
  class space    used 4890K, committed 5056K, reserved 327680K
}
Event: 41.703 GC heap after
{Heap after GC invocations=6 (full 0):
 garbage-first heap   total 262144K, used 25065K [0x00000000e0000000, 0x0000000100000000)
  region size 1024K, 16 young (16384K), 16 survivors (16384K)
 Metaspace       used 35645K, committed 35968K, reserved 393216K
  class space    used 4890K, committed 5056K, reserved 327680K
}
Event: 47.998 GC heap before
{Heap before GC invocations=7 (full 0):
 garbage-first heap   total 262144K, used 171497K [0x00000000e0000000, 0x0000000100000000)
  region size 1024K, 153 young (156672K), 16 survivors (16384K)
 Metaspace       used 53357K, committed 53824K, reserved 393216K
  class space    used 7153K, committed 7360K, reserved 327680K
}
Event: 48.091 GC heap after
{Heap after GC invocations=8 (full 0):
 garbage-first heap   total 262144K, used 34935K [0x00000000e0000000, 0x0000000100000000)
  region size 1024K, 18 young (18432K), 18 survivors (18432K)
 Metaspace       used 53357K, committed 53824K, reserved 393216K
  class space    used 7153K, committed 7360K, reserved 327680K
}
Event: 54.215 GC heap before
{Heap before GC invocations=8 (full 0):
 garbage-first heap   total 262144K, used 107639K [0x00000000e0000000, 0x0000000100000000)
  region size 1024K, 90 young (92160K), 18 survivors (18432K)
 Metaspace       used 59622K, committed 60096K, reserved 393216K
  class space    used 8164K, committed 8384K, reserved 327680K
}
Event: 54.283 GC heap after
{Heap after GC invocations=9 (full 0):
 garbage-first heap   total 262144K, used 39078K [0x00000000e0000000, 0x0000000100000000)
  region size 1024K, 15 young (15360K), 15 survivors (15360K)
 Metaspace       used 59622K, committed 60096K, reserved 393216K
  class space    used 8164K, committed 8384K, reserved 327680K
}
Event: 63.664 GC heap before
{Heap before GC invocations=10 (full 0):
 garbage-first heap   total 262144K, used 180390K [0x00000000e0000000, 0x0000000100000000)
  region size 1024K, 153 young (156672K), 15 survivors (15360K)
 Metaspace       used 64598K, committed 65152K, reserved 393216K
  class space    used 8743K, committed 9024K, reserved 327680K
}
Event: 63.738 GC heap after
{Heap after GC invocations=11 (full 0):
 garbage-first heap   total 262144K, used 50473K [0x00000000e0000000, 0x0000000100000000)
  region size 1024K, 16 young (16384K), 16 survivors (16384K)
 Metaspace       used 64598K, committed 65152K, reserved 393216K
  class space    used 8743K, committed 9024K, reserved 327680K
}
Event: 67.307 GC heap before
{Heap before GC invocations=11 (full 0):
 garbage-first heap   total 262144K, used 192809K [0x00000000e0000000, 0x0000000100000000)
  region size 1024K, 153 young (156672K), 16 survivors (16384K)
 Metaspace       used 74404K, committed 74944K, reserved 393216K
  class space    used 10134K, committed 10368K, reserved 327680K
}
Event: 67.367 GC heap after
{Heap after GC invocations=12 (full 0):
 garbage-first heap   total 262144K, used 69448K [0x00000000e0000000, 0x0000000100000000)
  region size 1024K, 20 young (20480K), 20 survivors (20480K)
 Metaspace       used 74404K, committed 74944K, reserved 393216K
  class space    used 10134K, committed 10368K, reserved 327680K
}
Event: 84.489 GC heap before
{Heap before GC invocations=12 (full 0):
 garbage-first heap   total 262144K, used 197448K [0x00000000e0000000, 0x0000000100000000)
  region size 1024K, 145 young (148480K), 20 survivors (20480K)
 Metaspace       used 77988K, committed 78592K, reserved 458752K
  class space    used 10620K, committed 10944K, reserved 327680K
}
Event: 84.650 GC heap after
{Heap after GC invocations=13 (full 0):
 garbage-first heap   total 262144K, used 71168K [0x00000000e0000000, 0x0000000100000000)
  region size 1024K, 10 young (10240K), 10 survivors (10240K)
 Metaspace       used 77988K, committed 78592K, reserved 458752K
  class space    used 10620K, committed 10944K, reserved 327680K
}
Event: 138.646 GC heap before
{Heap before GC invocations=13 (full 0):
 garbage-first heap   total 262144K, used 199168K [0x00000000e0000000, 0x0000000100000000)
  region size 1024K, 135 young (138240K), 10 survivors (10240K)
 Metaspace       used 78965K, committed 79680K, reserved 458752K
  class space    used 10657K, committed 11008K, reserved 327680K
}
Event: 138.741 GC heap after
{Heap after GC invocations=14 (full 0):
 garbage-first heap   total 262144K, used 73728K [0x00000000e0000000, 0x0000000100000000)
  region size 1024K, 9 young (9216K), 9 survivors (9216K)
 Metaspace       used 78965K, committed 79680K, reserved 458752K
  class space    used 10657K, committed 11008K, reserved 327680K
}

Dll operation events (3 events):
Event: 0.049 Loaded shared library C:\Program Files\JetBrains\IntelliJ IDEA 2023.2\jbr\bin\java.dll
Event: 4.014 Loaded shared library C:\Program Files\JetBrains\IntelliJ IDEA 2023.2\jbr\bin\zip.dll
Event: 9.457 Loaded shared library C:\Program Files\JetBrains\IntelliJ IDEA 2023.2\jbr\bin\verify.dll

Deoptimization events (20 events):
Event: 164.515 Thread 0x0000020b47c308c0 DEOPT PACKING pc=0x0000020b307d9f3b sp=0x000000706adf6410
Event: 164.516 Thread 0x0000020b47c308c0 DEOPT UNPACKING pc=0x0000020b37c27143 sp=0x000000706adf58b8 mode 0
Event: 165.510 Thread 0x0000020b47d7e720 DEOPT PACKING pc=0x0000020b30c8ae50 sp=0x000000706a7fe9d0
Event: 165.513 Thread 0x0000020b47d7e720 DEOPT UNPACKING pc=0x0000020b37c27143 sp=0x000000706a7fdf10 mode 0
Event: 168.705 Thread 0x0000020b47c308c0 Uncommon trap: trap_request=0xffffffbe fr.pc=0x0000020b38785bbc relative=0x000000000000019c
Event: 168.705 Thread 0x0000020b47c308c0 Uncommon trap: reason=profile_predicate action=maybe_recompile pc=0x0000020b38785bbc method=java.util.LinkedHashMap.keysToArray([Ljava/lang/Object;)[Ljava/lang/Object; @ 12 c2
Event: 168.705 Thread 0x0000020b47c308c0 DEOPT PACKING pc=0x0000020b38785bbc sp=0x000000706adf7fe0
Event: 168.705 Thread 0x0000020b47c308c0 DEOPT UNPACKING pc=0x0000020b37c269a3 sp=0x000000706adf7f98 mode 2
Event: 169.021 Thread 0x0000020b47c308c0 Uncommon trap: trap_request=0xffffffbe fr.pc=0x0000020b387b1a7c relative=0x000000000000023c
Event: 169.021 Thread 0x0000020b47c308c0 Uncommon trap: reason=profile_predicate action=maybe_recompile pc=0x0000020b387b1a7c method=java.util.Collections.indexedBinarySearch(Ljava/util/List;Ljava/lang/Object;Ljava/util/Comparator;)I @ 15 c2
Event: 169.021 Thread 0x0000020b47c308c0 DEOPT PACKING pc=0x0000020b387b1a7c sp=0x000000706adf8a00
Event: 169.021 Thread 0x0000020b47c308c0 DEOPT UNPACKING pc=0x0000020b37c269a3 sp=0x000000706adf8920 mode 2
Event: 169.027 Thread 0x0000020b47c308c0 Uncommon trap: trap_request=0xffffffbe fr.pc=0x0000020b387b1a7c relative=0x000000000000023c
Event: 169.027 Thread 0x0000020b47c308c0 Uncommon trap: reason=profile_predicate action=maybe_recompile pc=0x0000020b387b1a7c method=java.util.Collections.indexedBinarySearch(Ljava/util/List;Ljava/lang/Object;Ljava/util/Comparator;)I @ 15 c2
Event: 169.027 Thread 0x0000020b47c308c0 DEOPT PACKING pc=0x0000020b387b1a7c sp=0x000000706adf8a00
Event: 169.027 Thread 0x0000020b47c308c0 DEOPT UNPACKING pc=0x0000020b37c269a3 sp=0x000000706adf8920 mode 2
Event: 171.901 Thread 0x0000020b47c308c0 Uncommon trap: trap_request=0xffffff45 fr.pc=0x0000020b381c78e4 relative=0x0000000000000624
Event: 171.901 Thread 0x0000020b47c308c0 Uncommon trap: reason=unstable_if action=reinterpret pc=0x0000020b381c78e4 method=java.lang.AbstractStringBuilder.append(Ljava/lang/String;)Ljava/lang/AbstractStringBuilder; @ 1 c2
Event: 171.901 Thread 0x0000020b47c308c0 DEOPT PACKING pc=0x0000020b381c78e4 sp=0x000000706adf9080
Event: 171.901 Thread 0x0000020b47c308c0 DEOPT UNPACKING pc=0x0000020b37c269a3 sp=0x000000706adf9058 mode 2

Classes unloaded (0 events):
No events

Classes redefined (0 events):
No events

Internal exceptions (20 events):
Event: 78.591 Thread 0x0000020b47c308c0 Exception <a 'java/lang/NoClassDefFoundError'{0x00000000eb514a30}: org/jetbrains/kotlin/gradle/plugin/KotlinPluginWrapper> (0x00000000eb514a30) 
thrown [s\src\hotspot\share\oops\constantPool.cpp, line 835]
Event: 78.591 Thread 0x0000020b47c308c0 Exception <a 'java/lang/NoClassDefFoundError'{0x00000000eb516b28}: org/graalvm/buildtools/gradle/NativeImagePlugin> (0x00000000eb516b28) 
thrown [s\src\hotspot\share\oops\constantPool.cpp, line 835]
Event: 78.591 Thread 0x0000020b47c308c0 Exception <a 'java/lang/NoClassDefFoundError'{0x00000000eb518c10}: org/cyclonedx/gradle/CycloneDxPlugin> (0x00000000eb518c10) 
thrown [s\src\hotspot\share\oops\constantPool.cpp, line 835]
Event: 134.261 Thread 0x0000020b47c308c0 Implicit null exception at 0x0000020b3838fadb to 0x0000020b3838fb64
Event: 134.608 Thread 0x0000020b47c308c0 Exception <a 'sun/nio/fs/WindowsException'{0x00000000ecf1add0}> (0x00000000ecf1add0) 
thrown [s\src\hotspot\share\prims\jni.cpp, line 517]
Event: 134.612 Thread 0x0000020b47c308c0 Exception <a 'sun/nio/fs/WindowsException'{0x00000000ecf1c360}> (0x00000000ecf1c360) 
thrown [s\src\hotspot\share\prims\jni.cpp, line 517]
Event: 134.613 Thread 0x0000020b47c308c0 Exception <a 'sun/nio/fs/WindowsException'{0x00000000ecf1d8f0}> (0x00000000ecf1d8f0) 
thrown [s\src\hotspot\share\prims\jni.cpp, line 517]
Event: 134.614 Thread 0x0000020b47c308c0 Exception <a 'sun/nio/fs/WindowsException'{0x00000000ecf1ee78}> (0x00000000ecf1ee78) 
thrown [s\src\hotspot\share\prims\jni.cpp, line 517]
Event: 135.649 Thread 0x0000020b47c308c0 Exception <a 'java/lang/NoClassDefFoundError'{0x00000000eca32658}: org/jetbrains/kotlin/gradle/plugin/KotlinPluginWrapper> (0x00000000eca32658) 
thrown [s\src\hotspot\share\oops\constantPool.cpp, line 835]
Event: 135.649 Thread 0x0000020b47c308c0 Exception <a 'java/lang/NoClassDefFoundError'{0x00000000eca34750}: org/graalvm/buildtools/gradle/NativeImagePlugin> (0x00000000eca34750) 
thrown [s\src\hotspot\share\oops\constantPool.cpp, line 835]
Event: 135.649 Thread 0x0000020b47c308c0 Exception <a 'java/lang/NoClassDefFoundError'{0x00000000eca36838}: org/cyclonedx/gradle/CycloneDxPlugin> (0x00000000eca36838) 
thrown [s\src\hotspot\share\oops\constantPool.cpp, line 835]
Event: 135.785 Thread 0x0000020b47c308c0 Implicit null exception at 0x0000020b382e9cc6 to 0x0000020b382ea45c
Event: 163.353 Thread 0x0000020b47c308c0 Exception <a 'sun/nio/fs/WindowsException'{0x00000000ee9d9378}> (0x00000000ee9d9378) 
thrown [s\src\hotspot\share\prims\jni.cpp, line 517]
Event: 163.356 Thread 0x0000020b47c308c0 Exception <a 'sun/nio/fs/WindowsException'{0x00000000ee9da908}> (0x00000000ee9da908) 
thrown [s\src\hotspot\share\prims\jni.cpp, line 517]
Event: 163.358 Thread 0x0000020b47c308c0 Exception <a 'sun/nio/fs/WindowsException'{0x00000000ee9dbe98}> (0x00000000ee9dbe98) 
thrown [s\src\hotspot\share\prims\jni.cpp, line 517]
Event: 163.360 Thread 0x0000020b47c308c0 Exception <a 'sun/nio/fs/WindowsException'{0x00000000ee9dd420}> (0x00000000ee9dd420) 
thrown [s\src\hotspot\share\prims\jni.cpp, line 517]
Event: 163.895 Thread 0x0000020b47c308c0 Exception <a 'java/lang/NoClassDefFoundError'{0x00000000ee4f4708}: org/jetbrains/kotlin/gradle/plugin/KotlinPluginWrapper> (0x00000000ee4f4708) 
thrown [s\src\hotspot\share\oops\constantPool.cpp, line 835]
Event: 163.896 Thread 0x0000020b47c308c0 Exception <a 'java/lang/NoClassDefFoundError'{0x00000000ee4f6800}: org/graalvm/buildtools/gradle/NativeImagePlugin> (0x00000000ee4f6800) 
thrown [s\src\hotspot\share\oops\constantPool.cpp, line 835]
Event: 163.896 Thread 0x0000020b47c308c0 Exception <a 'java/lang/NoClassDefFoundError'{0x00000000ee4f88e8}: org/cyclonedx/gradle/CycloneDxPlugin> (0x00000000ee4f88e8) 
thrown [s\src\hotspot\share\oops\constantPool.cpp, line 835]
Event: 171.901 Thread 0x0000020b47c308c0 Implicit null exception at 0x0000020b381c72f2 to 0x0000020b381c78cc

VM Operations (20 events):
Event: 152.895 Executing VM operation: Cleanup
Event: 152.896 Executing VM operation: Cleanup done
Event: 163.015 Executing VM operation: Cleanup
Event: 163.016 Executing VM operation: Cleanup done
Event: 164.016 Executing VM operation: Cleanup
Event: 164.016 Executing VM operation: Cleanup done
Event: 165.026 Executing VM operation: Cleanup
Event: 165.026 Executing VM operation: Cleanup done
Event: 166.071 Executing VM operation: Cleanup
Event: 167.035 Executing VM operation: Cleanup done
Event: 168.043 Executing VM operation: Cleanup
Event: 168.060 Executing VM operation: Cleanup done
Event: 169.066 Executing VM operation: Cleanup
Event: 169.066 Executing VM operation: Cleanup done
Event: 170.071 Executing VM operation: Cleanup
Event: 170.071 Executing VM operation: Cleanup done
Event: 171.078 Executing VM operation: Cleanup
Event: 171.079 Executing VM operation: Cleanup done
Event: 172.085 Executing VM operation: Cleanup
Event: 172.102 Executing VM operation: Cleanup done

Events (20 events):
Event: 164.193 Thread 0x0000020b4b401ba0 Thread added: 0x0000020b4b401ba0
Event: 164.204 Thread 0x0000020b4b404220 Thread added: 0x0000020b4b404220
Event: 164.219 Thread 0x0000020b4b4046f0 Thread added: 0x0000020b4b4046f0
Event: 164.230 Thread 0x0000020b4b402070 Thread added: 0x0000020b4b402070
Event: 164.241 Thread 0x0000020b4b402540 Thread added: 0x0000020b4b402540
Event: 164.252 Thread 0x0000020b4970f0c0 Thread added: 0x0000020b4970f0c0
Event: 164.262 Thread 0x0000020b49713420 Thread added: 0x0000020b49713420
Event: 164.273 Thread 0x0000020b49710400 Thread added: 0x0000020b49710400
Event: 164.289 Thread 0x0000020b4970ca40 Thread added: 0x0000020b4970ca40
Event: 164.302 Thread 0x0000020b49712a80 Thread added: 0x0000020b49712a80
Event: 164.315 Thread 0x0000020b49710da0 Thread added: 0x0000020b49710da0
Event: 164.332 Thread 0x0000020b49712f50 Thread added: 0x0000020b49712f50
Event: 164.362 Thread 0x0000020b49713dc0 Thread added: 0x0000020b49713dc0
Event: 164.378 Thread 0x0000020b49711740 Thread added: 0x0000020b49711740
Event: 164.392 Thread 0x0000020b4970c570 Thread added: 0x0000020b4970c570
Event: 164.403 Thread 0x0000020b49711270 Thread added: 0x0000020b49711270
Event: 164.425 Thread 0x0000020b49711c10 Thread added: 0x0000020b49711c10
Event: 164.486 Thread 0x0000020b4970ff30 Thread added: 0x0000020b4970ff30
Event: 164.517 Thread 0x0000020b4970e720 Thread added: 0x0000020b4970e720
Event: 164.535 Thread 0x0000020b4970d8b0 Thread added: 0x0000020b4970d8b0


Dynamic libraries:
0x00007ff6512c0000 - 0x00007ff6512ca000 	C:\Program Files\JetBrains\IntelliJ IDEA 2023.2\jbr\bin\java.exe
0x00007ff8e41b0000 - 0x00007ff8e43c7000 	C:\WINDOWS\SYSTEM32\ntdll.dll
0x00007ff8e2df0000 - 0x00007ff8e2eb4000 	C:\WINDOWS\System32\KERNEL32.DLL
0x00007ff8e14e0000 - 0x00007ff8e188d000 	C:\WINDOWS\System32\KERNELBASE.dll
0x00007ff8e1ab0000 - 0x00007ff8e1bc1000 	C:\WINDOWS\System32\ucrtbase.dll
0x00007ff8c6c60000 - 0x00007ff8c6c77000 	C:\Program Files\JetBrains\IntelliJ IDEA 2023.2\jbr\bin\jli.dll
0x00007ff8e2600000 - 0x00007ff8e27ae000 	C:\WINDOWS\System32\USER32.dll
0x00007ff8e1c70000 - 0x00007ff8e1c96000 	C:\WINDOWS\System32\win32u.dll
0x00007ff8e21e0000 - 0x00007ff8e2209000 	C:\WINDOWS\System32\GDI32.dll
0x00007ff8e1d10000 - 0x00007ff8e1e29000 	C:\WINDOWS\System32\gdi32full.dll
0x00007ff8e1bd0000 - 0x00007ff8e1c6a000 	C:\WINDOWS\System32\msvcp_win.dll
0x00007ff8d2e30000 - 0x00007ff8d2e4b000 	C:\Program Files\JetBrains\IntelliJ IDEA 2023.2\jbr\bin\VCRUNTIME140.dll
0x00007ff8d4c60000 - 0x00007ff8d4ef3000 	C:\WINDOWS\WinSxS\amd64_microsoft.windows.common-controls_6595b64144ccf1df_6.0.22621.3672_none_2713b9d173822955\COMCTL32.dll
0x00007ff8e1ef0000 - 0x00007ff8e1f97000 	C:\WINDOWS\System32\msvcrt.dll
0x00007ff8e27b0000 - 0x00007ff8e27e1000 	C:\WINDOWS\System32\IMM32.DLL
0x00007ff8d36e0000 - 0x00007ff8d36ec000 	C:\Program Files\JetBrains\IntelliJ IDEA 2023.2\jbr\bin\vcruntime140_1.dll
0x00007ff8b1610000 - 0x00007ff8b169d000 	C:\Program Files\JetBrains\IntelliJ IDEA 2023.2\jbr\bin\msvcp140.dll
0x00007ff85dcc0000 - 0x00007ff85e940000 	C:\Program Files\JetBrains\IntelliJ IDEA 2023.2\jbr\bin\server\jvm.dll
0x00007ff8e2840000 - 0x00007ff8e28f2000 	C:\WINDOWS\System32\ADVAPI32.dll
0x00007ff8e2ef0000 - 0x00007ff8e2f99000 	C:\WINDOWS\System32\sechost.dll
0x00007ff8e1890000 - 0x00007ff8e18b8000 	C:\WINDOWS\System32\bcrypt.dll
0x00007ff8e2fa0000 - 0x00007ff8e30b4000 	C:\WINDOWS\System32\RPCRT4.dll
0x00007ff8dcfe0000 - 0x00007ff8dcfe9000 	C:\WINDOWS\SYSTEM32\WSOCK32.dll
0x00007ff8e2900000 - 0x00007ff8e2971000 	C:\WINDOWS\System32\WS2_32.dll
0x00007ff8dcf70000 - 0x00007ff8dcfa4000 	C:\WINDOWS\SYSTEM32\WINMM.dll
0x00007ff8d89f0000 - 0x00007ff8d89fa000 	C:\WINDOWS\SYSTEM32\VERSION.dll
0x00007ff8e0510000 - 0x00007ff8e0528000 	C:\WINDOWS\SYSTEM32\kernel.appcore.dll
0x00007ff8d36d0000 - 0x00007ff8d36da000 	C:\Program Files\JetBrains\IntelliJ IDEA 2023.2\jbr\bin\jimage.dll
0x00007ff8ded20000 - 0x00007ff8def52000 	C:\WINDOWS\SYSTEM32\DBGHELP.DLL
0x00007ff8e2210000 - 0x00007ff8e2598000 	C:\WINDOWS\System32\combase.dll
0x00007ff8e1fa0000 - 0x00007ff8e2077000 	C:\WINDOWS\System32\OLEAUT32.dll
0x00007ff8ce7c0000 - 0x00007ff8ce7f2000 	C:\WINDOWS\SYSTEM32\dbgcore.DLL
0x00007ff8e1a30000 - 0x00007ff8e1aab000 	C:\WINDOWS\System32\bcryptPrimitives.dll
0x00007ff8d36f0000 - 0x00007ff8d36fe000 	C:\Program Files\JetBrains\IntelliJ IDEA 2023.2\jbr\bin\instrument.dll
0x00007ff8d2550000 - 0x00007ff8d2575000 	C:\Program Files\JetBrains\IntelliJ IDEA 2023.2\jbr\bin\java.dll
0x00007ff8d1d00000 - 0x00007ff8d1d18000 	C:\Program Files\JetBrains\IntelliJ IDEA 2023.2\jbr\bin\zip.dll
0x00007ff8e30e0000 - 0x00007ff8e393f000 	C:\WINDOWS\System32\SHELL32.dll
0x00007ff8df430000 - 0x00007ff8dfd2c000 	C:\WINDOWS\SYSTEM32\windows.storage.dll
0x00007ff8df2f0000 - 0x00007ff8df42f000 	C:\WINDOWS\SYSTEM32\wintypes.dll
0x00007ff8e3f70000 - 0x00007ff8e4064000 	C:\WINDOWS\System32\SHCORE.dll
0x00007ff8e2a20000 - 0x00007ff8e2a7e000 	C:\WINDOWS\System32\shlwapi.dll
0x00007ff8e1410000 - 0x00007ff8e1431000 	C:\WINDOWS\SYSTEM32\profapi.dll
0x00007ff8d0e00000 - 0x00007ff8d0e19000 	C:\Program Files\JetBrains\IntelliJ IDEA 2023.2\jbr\bin\net.dll
0x00007ff8dd1a0000 - 0x00007ff8dd2d6000 	C:\WINDOWS\SYSTEM32\WINHTTP.dll
0x00007ff8e0980000 - 0x00007ff8e09e9000 	C:\WINDOWS\system32\mswsock.dll
0x00007ff8c7d40000 - 0x00007ff8c7d56000 	C:\Program Files\JetBrains\IntelliJ IDEA 2023.2\jbr\bin\nio.dll
0x00007ff8d36c0000 - 0x00007ff8d36d0000 	C:\Program Files\JetBrains\IntelliJ IDEA 2023.2\jbr\bin\verify.dll
0x00007ff8c1ad0000 - 0x00007ff8c1af7000 	C:\Users\TUONG VY\.gradle\native\c067742578af261105cb4f569cf0c3c89f3d7b1fecec35dd04571415982c5e48\windows-amd64\native-platform.dll
0x00007ff8a9f60000 - 0x00007ff8aa0a4000 	C:\Users\TUONG VY\.gradle\native\100fb08df4bc3b14c8652ba06237920a3bd2aa13389f12d3474272988ae205f9\windows-amd64\native-platform-file-events.dll
0x00007ff8d3a90000 - 0x00007ff8d3a99000 	C:\Program Files\JetBrains\IntelliJ IDEA 2023.2\jbr\bin\management.dll
0x00007ff8d3700000 - 0x00007ff8d370b000 	C:\Program Files\JetBrains\IntelliJ IDEA 2023.2\jbr\bin\management_ext.dll
0x00007ff8e2ec0000 - 0x00007ff8e2ec8000 	C:\WINDOWS\System32\PSAPI.DLL
0x00007ff8e0bf0000 - 0x00007ff8e0c0b000 	C:\WINDOWS\SYSTEM32\CRYPTSP.dll
0x00007ff8e0470000 - 0x00007ff8e04a5000 	C:\WINDOWS\system32\rsaenh.dll
0x00007ff8e0a80000 - 0x00007ff8e0aa8000 	C:\WINDOWS\SYSTEM32\USERENV.dll
0x00007ff8e0be0000 - 0x00007ff8e0bec000 	C:\WINDOWS\SYSTEM32\CRYPTBASE.dll
0x00007ff8dff90000 - 0x00007ff8dffbd000 	C:\WINDOWS\SYSTEM32\IPHLPAPI.DLL
0x00007ff8e2b90000 - 0x00007ff8e2b99000 	C:\WINDOWS\System32\NSI.dll
0x00007ff8dcf50000 - 0x00007ff8dcf69000 	C:\WINDOWS\SYSTEM32\dhcpcsvc6.DLL
0x00007ff8dcf30000 - 0x00007ff8dcf4f000 	C:\WINDOWS\SYSTEM32\dhcpcsvc.DLL
0x00007ff8e0000000 - 0x00007ff8e00f8000 	C:\WINDOWS\SYSTEM32\DNSAPI.dll
0x00007ff8d2370000 - 0x00007ff8d237e000 	C:\Program Files\JetBrains\IntelliJ IDEA 2023.2\jbr\bin\sunmscapi.dll
0x00007ff8e18c0000 - 0x00007ff8e1a27000 	C:\WINDOWS\System32\CRYPT32.dll
0x00007ff8e0d80000 - 0x00007ff8e0dae000 	C:\WINDOWS\SYSTEM32\ncrypt.dll
0x00007ff8e0d40000 - 0x00007ff8e0d77000 	C:\WINDOWS\SYSTEM32\NTASN1.dll
0x00007ff8d1db0000 - 0x00007ff8d1db8000 	C:\WINDOWS\system32\wshunix.dll

dbghelp: loaded successfully - version: 4.0.5 - missing functions: none
symbol engine: initialized successfully - sym options: 0x614 - pdb path: .;C:\Program Files\JetBrains\IntelliJ IDEA 2023.2\jbr\bin;C:\WINDOWS\SYSTEM32;C:\WINDOWS\WinSxS\amd64_microsoft.windows.common-controls_6595b64144ccf1df_6.0.22621.3672_none_2713b9d173822955;C:\Program Files\JetBrains\IntelliJ IDEA 2023.2\jbr\bin\server;C:\Users\TUONG VY\.gradle\native\c067742578af261105cb4f569cf0c3c89f3d7b1fecec35dd04571415982c5e48\windows-amd64;C:\Users\TUONG VY\.gradle\native\100fb08df4bc3b14c8652ba06237920a3bd2aa13389f12d3474272988ae205f9\windows-amd64

VM Arguments:
jvm_args: --add-opens=java.base/java.util=ALL-UNNAMED --add-opens=java.base/java.lang=ALL-UNNAMED --add-opens=java.base/java.lang.invoke=ALL-UNNAMED --add-opens=java.prefs/java.util.prefs=ALL-UNNAMED --add-opens=java.base/java.nio.charset=ALL-UNNAMED --add-opens=java.base/java.net=ALL-UNNAMED --add-opens=java.base/java.util.concurrent.atomic=ALL-UNNAMED -XX:MaxMetaspaceSize=384m -XX:+HeapDumpOnOutOfMemoryError -Xms256m -Xmx512m -Dfile.encoding=windows-1252 -Duser.country=US -Duser.language=en -Duser.variant -javaagent:C:\Users\TUONG VY\.gradle\wrapper\dists\gradle-8.8-bin\dl7vupf4psengwqhwktix4v1\gradle-8.8\lib\agents\gradle-instrumentation-agent-8.8.jar 
java_command: org.gradle.launcher.daemon.bootstrap.GradleDaemon 8.8
java_class_path (initial): C:\Users\TUONG VY\.gradle\wrapper\dists\gradle-8.8-bin\dl7vupf4psengwqhwktix4v1\gradle-8.8\lib\gradle-launcher-8.8.jar
Launcher Type: SUN_STANDARD

[Global flags]
     intx CICompilerCount                          = 3                                         {product} {ergonomic}
   size_t CompressedClassSpaceSize                 = 335544320                                 {product} {ergonomic}
     uint ConcGCThreads                            = 1                                         {product} {ergonomic}
     uint G1ConcRefinementThreads                  = 4                                         {product} {ergonomic}
   size_t G1HeapRegionSize                         = 1048576                                   {product} {ergonomic}
    uintx GCDrainStackTargetSize                   = 64                                        {product} {ergonomic}
     bool HeapDumpOnOutOfMemoryError               = true                                   {manageable} {command line}
   size_t InitialHeapSize                          = 268435456                                 {product} {command line}
   size_t MarkStackSize                            = 4194304                                   {product} {ergonomic}
   size_t MaxHeapSize                              = 536870912                                 {product} {command line}
   size_t MaxMetaspaceSize                         = 402653184                                 {product} {command line}
   size_t MaxNewSize                               = 321912832                                 {product} {ergonomic}
   size_t MinHeapDeltaBytes                        = 1048576                                   {product} {ergonomic}
   size_t MinHeapSize                              = 268435456                                 {product} {command line}
    uintx NonNMethodCodeHeapSize                   = 5832780                                {pd product} {ergonomic}
    uintx NonProfiledCodeHeapSize                  = 122912730                              {pd product} {ergonomic}
    uintx ProfiledCodeHeapSize                     = 122912730                              {pd product} {ergonomic}
    uintx ReservedCodeCacheSize                    = 251658240                              {pd product} {ergonomic}
     bool SegmentedCodeCache                       = true                                      {product} {ergonomic}
   size_t SoftMaxHeapSize                          = 536870912                              {manageable} {ergonomic}
     bool UseCompressedClassPointers               = true                           {product lp64_product} {ergonomic}
     bool UseCompressedOops                        = true                           {product lp64_product} {ergonomic}
     bool UseG1GC                                  = true                                      {product} {ergonomic}
     bool UseLargePagesIndividualAllocation        = false                                  {pd product} {ergonomic}

Logging:
Log output configuration:
 #0: stdout all=warning uptime,level,tags
 #1: stderr all=off uptime,level,tags

Environment Variables:
PATH=C:\Python312\Scripts\;C:\Python312\;C:\Program Files\Common Files\Oracle\Java\javapath;C:\Program Files (x86)\Common Files\Oracle\Java\javapath;C:\WINDOWS\system32;C:\WINDOWS;C:\WINDOWS\System32\Wbem;C:\WINDOWS\System32\WindowsPowerShell\v1.0\;C:\WINDOWS\System32\OpenSSH\;C:\Program Files\Git\cmd;C:\Program Files\Microsoft SQL Server\150\Tools\Binn\;C:\Program Files\Microsoft SQL Server\Client SDK\ODBC\170\Tools\Binn\;C:\Program Files\dotnet\;C:\Program Files (x86)\Windows Kits\10\Windows Performance Toolkit\;C:\Program Files\nodejs\;C:\ProgramData\chocolatey\bin;C:\Users\TUONG VY\AppData\Local\Microsoft\WindowsApps;C:\Program Files\JetBrains\IntelliJ IDEA 2023.2\bin;;D:\Microsoft VS Code\bin;D:\flutter_windows_3.19.5-stable\flutter\bin;C:\Users\TUONG VY\.dotnet\tools;C:\Users\TUONG VY\AppData\Roaming\npm
USERNAME=TUONG VY
OS=Windows_NT
PROCESSOR_IDENTIFIER=AMD64 Family 23 Model 24 Stepping 1, AuthenticAMD
TMP=C:\Users\TUONGV~1\AppData\Local\Temp
TEMP=C:\Users\TUONGV~1\AppData\Local\Temp


JNI global refs:
JNI global refs: 26, weak refs: 1

JNI global refs memory usage: 843, weak refs: 841

OOME stack traces (most recent first):
Classloader memory used:
Loader org.gradle.internal.classloader.VisitableURLClassLoader                         : 4240K
Loader bootstrap                                                                       : 2601K
Loader org.gradle.initialization.MixInLegacyTypesClassLoader                           : 1503K
Loader jdk.internal.loader.ClassLoaders$AppClassLoader                                 : 1045K
Loader org.gradle.internal.classloader.VisitableURLClassLoader$InstrumentingVisitableURLClassLoader: 351K
Loader jdk.internal.loader.ClassLoaders$PlatformClassLoader                            : 96121B
Loader jdk.internal.reflect.DelegatingClassLoader                                      : 62505B
Loader org.gradle.groovy.scripts.internal.DefaultScriptCompilationHandler$ScriptClassLoader: 13606B
Loader org.gradle.internal.classloader.VisitableURLClassLoader                         : 4588B
Loader org.codehaus.groovy.runtime.callsite.CallSiteClassLoader                        : 2966B

Classes loaded by more than one classloader:
Class org.gradle.internal.installation.GradleInstallation                             : loaded 2 times (x 73B)
Class org.gradle.internal.classpath.ClassPath                                         : loaded 2 times (x 68B)
Class org.gradle.api.internal.classpath.DefaultModuleRegistry                         : loaded 2 times (x 84B)
Class org.gradle.api.Action                                                           : loaded 2 times (x 68B)
Class org.gradle.api.internal.DefaultClassPathProvider                                : loaded 2 times (x 74B)
Class org.gradle.internal.installation.GradleInstallation$1                           : loaded 2 times (x 73B)
Class org.gradle.internal.classloader.FilteringClassLoader                            : loaded 2 times (x 102B)
Class org.gradle.internal.classpath.DefaultClassPath$ImmutableUniqueList$Builder      : loaded 2 times (x 73B)
Class org.gradle.internal.classloader.ClassLoaderVisitor                              : loaded 2 times (x 74B)
Class org.gradle.internal.service.DefaultServiceLocator                               : loaded 2 times (x 81B)
Class org.gradle.internal.service.UnknownServiceException                             : loaded 2 times (x 81B)
Class org.gradle.internal.classloader.DefaultClassLoaderFactory                       : loaded 2 times (x 80B)
Class org.gradle.internal.classloader.VisitableURLClassLoader$Spec                    : loaded 2 times (x 72B)
Class org.gradle.api.GradleException                                                  : loaded 2 times (x 80B)
Class org.gradle.api.internal.classpath.ModuleRegistry                                : loaded 2 times (x 68B)
Class org.gradle.api.internal.ClassPathProvider                                       : loaded 2 times (x 68B)
Class org.gradle.internal.classloader.ClasspathUtil$1                                 : loaded 2 times (x 74B)
Class org.gradle.internal.classloader.ClassLoaderFactory                              : loaded 2 times (x 68B)
Class org.gradle.api.internal.classpath.ManifestUtil                                  : loaded 2 times (x 69B)
Class org.gradle.api.specs.Spec                                                       : loaded 2 times (x 68B)
Class org.gradle.internal.IoActions                                                   : loaded 2 times (x 69B)
Class org.gradle.api.internal.classpath.EffectiveClassPath                            : loaded 2 times (x 88B)
Class org.gradle.internal.installation.CurrentGradleInstallation                      : loaded 2 times (x 71B)
Class org.gradle.internal.agents.InstrumentingClassLoader                             : loaded 2 times (x 68B)
Class org.gradle.internal.installation.CurrentGradleInstallationLocator               : loaded 2 times (x 69B)
Class org.gradle.api.internal.classpath.Module                                        : loaded 2 times (x 68B)
Class org.gradle.internal.service.CachingServiceLocator                               : loaded 2 times (x 80B)
Class org.gradle.internal.classpath.DefaultClassPath                                  : loaded 2 times (x 88B)
Class build_6ta2nwr0824lqjln6jv1openi$_run_closure1                                   : loaded 2 times (x 137B)
Class build_6ta2nwr0824lqjln6jv1openi                                                 : loaded 2 times (x 178B)
Class org.gradle.internal.classloader.SystemClassLoaderSpec                           : loaded 2 times (x 69B)
Class org.gradle.api.UncheckedIOException                                             : loaded 2 times (x 80B)
Class org.gradle.internal.classloader.ClasspathUtil                                   : loaded 2 times (x 69B)
Class org.gradle.api.internal.DefaultClassPathRegistry                                : loaded 2 times (x 74B)
Class org.gradle.api.internal.classpath.DefaultModuleRegistry$DefaultModule           : loaded 2 times (x 84B)
Class org.gradle.api.internal.classpath.UnknownModuleException                        : loaded 2 times (x 80B)
Class org.gradle.internal.service.ServiceLookupException                              : loaded 2 times (x 80B)
Class org.gradle.cache.GlobalCache                                                    : loaded 2 times (x 68B)
Class [Lorg.gradle.api.internal.ClassPathProvider;                                    : loaded 2 times (x 67B)
Class org.gradle.util.internal.GUtil                                                  : loaded 2 times (x 69B)
Class org.gradle.internal.classloader.ClassLoaderSpec                                 : loaded 2 times (x 69B)
Class org.gradle.internal.classloader.VisitableURLClassLoader                         : loaded 2 times (x 114B)
Class org.gradle.internal.Cast                                                        : loaded 2 times (x 69B)
Class org.gradle.api.internal.ClassPathRegistry                                       : loaded 2 times (x 68B)
Class org.gradle.internal.classloader.VisitableURLClassLoader$InstrumentingVisitableURLClassLoader: loaded 2 times (x 120B)
Class org.gradle.internal.classloader.ClassLoaderHierarchy                            : loaded 2 times (x 68B)
Class org.gradle.internal.InternalTransformer                                         : loaded 2 times (x 68B)
Class org.gradle.internal.service.ServiceLocator                                      : loaded 2 times (x 68B)
Class org.gradle.internal.classpath.DefaultClassPath$ImmutableUniqueList              : loaded 2 times (x 159B)
Class org.gradle.internal.classpath.TransformedClassPath                              : loaded 2 times (x 94B)


---------------  S Y S T E M  ---------------

OS:
 Windows 11 , 64 bit Build 22621 (10.0.22621.3672)
OS uptime: 0 days 0:31 hours

CPU: total 4 (initial active 4) (4 cores per cpu, 2 threads per core) family 23 model 24 stepping 1 microcode 0x0, cx8, cmov, fxsr, ht, mmx, 3dnowpref, sse, sse2, sse3, ssse3, sse4a, sse4.1, sse4.2, popcnt, lzcnt, tsc, tscinvbit, avx, avx2, aes, clmul, bmi1, bmi2, adx, sha, fma, vzeroupper, clflush, clflushopt

Memory: 4k page, system-wide physical 3534M (185M free)
TotalPageFile size 14286M (AvailPageFile size 65M)
current process WorkingSet (physical memory assigned to process): 215M, peak: 377M
current process commit charge ("private bytes"): 502M, peak: 509M

vm_info: OpenJDK 64-Bit Server VM (17.0.7+7-b1000.6) for windows-amd64 JRE (17.0.7+7-b1000.6), built on 2023-07-07 by "builduser" with MS VC++ 16.10 / 16.11 (VS2019)

END.
