#
# There is insufficient memory for the Java Runtime Environment to continue.
# Native memory allocation (mmap) failed to map 18874368 bytes for G1 virtual space
# Possible reasons:
#   The system is out of physical RAM or swap space
#   The process is running with CompressedOops enabled, and the Java Heap may be blocking the growth of the native heap
# Possible solutions:
#   Reduce memory load on the system
#   Increase physical memory or swap space
#   Check if swap backing store is full
#   Decrease Java heap size (-Xmx/-Xms)
#   Decrease number of Java threads
#   Decrease Java thread stack sizes (-Xss)
#   Set larger code cache with -XX:ReservedCodeCacheSize=
#   JVM is running with Unscaled Compressed Oops mode in which the Java heap is
#     placed in the first 4GB address space. The Java Heap base address is the
#     maximum limit for the native heap growth. Please use -XX:HeapBaseMinAddress
#     to set the Java Heap base and to place the Java Heap above 4GB virtual address.
# This output file may be truncated or incomplete.
#
#  Out of Memory Error (os_windows.cpp:3771), pid=3788, tid=1880
#
# JRE version: OpenJDK Runtime Environment JBR-17.0.7+7-1000.6-jcef (17.0.7+7) (build 17.0.7+7-b1000.6)
# Java VM: OpenJDK 64-Bit Server VM JBR-17.0.7+7-1000.6-jcef (17.0.7+7-b1000.6, mixed mode, emulated-client, tiered, compressed oops, compressed class ptrs, g1 gc, windows-amd64)
# No core dump will be written. Minidumps are not enabled by default on client versions of Windows
#

---------------  S U M M A R Y ------------

Command Line: -XX:TieredStopAtLevel=1 -Dspring.output.ansi.enabled=always -Dcom.sun.management.jmxremote -Dspring.jmx.enabled=true -Dspring.liveBeansView.mbeanDomain -Dspring.application.admin.enabled=true -Dmanagement.endpoints.jmx.exposure.include=* -javaagent:C:\Program Files\JetBrains\IntelliJ IDEA 2023.2\lib\idea_rt.jar=50756:C:\Program Files\JetBrains\IntelliJ IDEA 2023.2\bin -Dfile.encoding=UTF-8 org.c07.movie_booking.MovieBookingApplication

Host: AMD Ryzen 3 3250U with Radeon Graphics         , 4 cores, 3G,  Windows 11 , 64 bit Build 22621 (10.0.22621.3672)
Time: Wed Jul 31 21:04:33 2024 SE Asia Standard Time elapsed time: 9.772470 seconds (0d 0h 0m 9s)

---------------  T H R E A D  ---------------

Current thread (0x00000256117e6f40):  VMThread "VM Thread" [stack: 0x000000773c600000,0x000000773c700000] [id=1880]

Stack: [0x000000773c600000,0x000000773c700000]
Native frames: (J=compiled Java code, j=interpreted, Vv=VM code, C=native code)
V  [jvm.dll+0x683bfa]
V  [jvm.dll+0x8430a4]
V  [jvm.dll+0x8449be]
V  [jvm.dll+0x845023]
V  [jvm.dll+0x24ad2f]
V  [jvm.dll+0x680ac9]
V  [jvm.dll+0x67519a]
V  [jvm.dll+0x30b3cb]
V  [jvm.dll+0x312876]
V  [jvm.dll+0x36221e]
V  [jvm.dll+0x36244f]
V  [jvm.dll+0x2e14a8]
V  [jvm.dll+0x2df684]
V  [jvm.dll+0x2dec8c]
V  [jvm.dll+0x32382b]
V  [jvm.dll+0x8496eb]
V  [jvm.dll+0x84a424]
V  [jvm.dll+0x84a93d]
V  [jvm.dll+0x84ad14]
V  [jvm.dll+0x84ade0]
V  [jvm.dll+0x7f2aea]
V  [jvm.dll+0x682a35]
C  [ucrtbase.dll+0x29333]
C  [KERNEL32.DLL+0x1257d]
C  [ntdll.dll+0x5af28]

VM_Operation (0x000000773dbfad50): G1CollectForAllocation, mode: safepoint, requested by thread 0x000002561671a760


---------------  P R O C E S S  ---------------

Threads class SMR info:
_java_thread_list=0x00000256171f7100, length=17, elements={
0x0000025606cb3e70, 0x00000256117f9870, 0x00000256117fa6e0, 0x0000025611830140,
0x0000025611831d00, 0x00000256118347c0, 0x0000025611835170, 0x0000025611835bd0,
0x000002561183a5d0, 0x0000025606d430a0, 0x0000025611bd4240, 0x0000025611e8ad60,
0x0000025611e8b230, 0x0000025616371a90, 0x000002561670cea0, 0x000002561671a760,
0x0000025616ea0010
}

Java Threads: ( => current thread )
  0x0000025606cb3e70 JavaThread "main" [_thread_blocked, id=13540, stack(0x000000773c000000,0x000000773c100000)]
  0x00000256117f9870 JavaThread "Reference Handler" daemon [_thread_blocked, id=1556, stack(0x000000773c700000,0x000000773c800000)]
  0x00000256117fa6e0 JavaThread "Finalizer" daemon [_thread_blocked, id=11688, stack(0x000000773c800000,0x000000773c900000)]
  0x0000025611830140 JavaThread "Signal Dispatcher" daemon [_thread_blocked, id=11864, stack(0x000000773c900000,0x000000773ca00000)]
  0x0000025611831d00 JavaThread "Attach Listener" daemon [_thread_blocked, id=14208, stack(0x000000773ca00000,0x000000773cb00000)]
  0x00000256118347c0 JavaThread "Service Thread" daemon [_thread_blocked, id=13980, stack(0x000000773cb00000,0x000000773cc00000)]
  0x0000025611835170 JavaThread "Monitor Deflation Thread" daemon [_thread_blocked, id=14020, stack(0x000000773cc00000,0x000000773cd00000)]
  0x0000025611835bd0 JavaThread "C1 CompilerThread0" daemon [_thread_blocked, id=11804, stack(0x000000773cd00000,0x000000773ce00000)]
  0x000002561183a5d0 JavaThread "Sweeper thread" daemon [_thread_blocked, id=11820, stack(0x000000773ce00000,0x000000773cf00000)]
  0x0000025606d430a0 JavaThread "Common-Cleaner" daemon [_thread_blocked, id=3672, stack(0x000000773cf00000,0x000000773d000000)]
  0x0000025611bd4240 JavaThread "C1 CompilerThread1" daemon [_thread_blocked, id=1096, stack(0x000000773d000000,0x000000773d100000)]
  0x0000025611e8ad60 JavaThread "Monitor Ctrl-Break" daemon [_thread_in_native, id=1336, stack(0x000000773d100000,0x000000773d200000)]
  0x0000025611e8b230 JavaThread "Notification Thread" daemon [_thread_blocked, id=13620, stack(0x000000773d200000,0x000000773d300000)]
  0x0000025616371a90 JavaThread "RMI TCP Accept-0" daemon [_thread_in_native, id=3904, stack(0x000000773d300000,0x000000773d400000)]
  0x000002561670cea0 JavaThread "Thread-0" [_thread_blocked, id=3696, stack(0x000000773da00000,0x000000773db00000)]
  0x000002561671a760 JavaThread "restartedMain" [_thread_blocked, id=14104, stack(0x000000773db00000,0x000000773dc00000)]
  0x0000025616ea0010 JavaThread "C1 CompilerThread2" daemon [_thread_blocked, id=8504, stack(0x000000773dd00000,0x000000773de00000)]

Other Threads:
=>0x00000256117e6f40 VMThread "VM Thread" [stack: 0x000000773c600000,0x000000773c700000] [id=1880]
  0x0000025606cb4ce0 WatcherThread [stack: 0x000000773d400000,0x000000773d500000] [id=4840]
  0x0000025606cec890 GCTaskThread "GC Thread#0" [stack: 0x000000773c100000,0x000000773c200000] [id=4748]
  0x00000256164451a0 GCTaskThread "GC Thread#1" [stack: 0x000000773d500000,0x000000773d600000] [id=12412]
  0x00000256164833d0 GCTaskThread "GC Thread#2" [stack: 0x000000773d600000,0x000000773d700000] [id=2096]
  0x0000025616483680 GCTaskThread "GC Thread#3" [stack: 0x000000773d700000,0x000000773d800000] [id=1684]
  0x0000025606cf4df0 ConcurrentGCThread "G1 Main Marker" [stack: 0x000000773c200000,0x000000773c300000] [id=11068]
  0x0000025606cf5800 ConcurrentGCThread "G1 Conc#0" [stack: 0x000000773c300000,0x000000773c400000] [id=14152]
  0x0000025606d319b0 ConcurrentGCThread "G1 Refine#0" [stack: 0x000000773c400000,0x000000773c500000] [id=8444]
  0x000002561643c480 ConcurrentGCThread "G1 Refine#1" [stack: 0x000000773d800000,0x000000773d900000] [id=14064]
  0x0000025616473460 ConcurrentGCThread "G1 Refine#2" [stack: 0x000000773d900000,0x000000773da00000] [id=3100]
  0x0000025606d323d0 ConcurrentGCThread "G1 Service" [stack: 0x000000773c500000,0x000000773c600000] [id=8880]

Threads with active compile tasks:

VM state: at safepoint (normal execution)

VM Mutex/Monitor currently owned by a thread:  ([mutex/lock_event])
[0x0000025606cb03f0] Threads_lock - owner thread: 0x00000256117e6f40
[0x0000025606caefb0] Heap_lock - owner thread: 0x000002561671a760

Heap address: 0x00000000c8c00000, size: 884 MB, Compressed Oops mode: 32-bit

CDS archive(s) not mapped
Compressed class space mapped at: 0x0000000100000000-0x0000000140000000, reserved size: 1073741824
Narrow klass base: 0x0000000000000000, Narrow klass shift: 3, Narrow klass range: 0x140000000

GC Precious Log:
 CPUs: 4 total, 4 available
 Memory: 3534M
 Large Page Support: Disabled
 NUMA Support: Disabled
 Compressed Oops: Enabled (32-bit)
 Heap Region Size: 1M
 Heap Min Capacity: 8M
 Heap Initial Capacity: 56M
 Heap Max Capacity: 884M
 Pre-touch: Disabled
 Parallel Workers: 4
 Concurrent Workers: 1
 Concurrent Refinement Workers: 4
 Periodic GC: Disabled

Heap:
 garbage-first heap   total 57344K, used 14134K [0x00000000c8c00000, 0x0000000100000000)
  region size 1024K, 2 young (2048K), 2 survivors (2048K)
 Metaspace       used 31979K, committed 32256K, reserved 1114112K
  class space    used 4046K, committed 4160K, reserved 1048576K

Heap Regions: E=young(eden), S=young(survivor), O=old, HS=humongous(starts), HC=humongous(continues), CS=collection set, F=free, OA=open archive, CA=closed archive, TAMS=top-at-mark-start (previous, next)
|   0|0x00000000c8c00000, 0x00000000c8d00000, 0x00000000c8d00000|100%|HS|  |TAMS 0x00000000c8d00000, 0x00000000c8c00000| Complete 
|   1|0x00000000c8d00000, 0x00000000c8e00000, 0x00000000c8e00000|100%| O|  |TAMS 0x00000000c8e00000, 0x00000000c8d00000| Untracked 
|   2|0x00000000c8e00000, 0x00000000c8f00000, 0x00000000c8f00000|100%| O|  |TAMS 0x00000000c8f00000, 0x00000000c8e00000| Untracked 
|   3|0x00000000c8f00000, 0x00000000c9000000, 0x00000000c9000000|100%| O|  |TAMS 0x00000000c9000000, 0x00000000c8f00000| Untracked 
|   4|0x00000000c9000000, 0x00000000c9100000, 0x00000000c9100000|100%| O|  |TAMS 0x00000000c9100000, 0x00000000c9000000| Untracked 
|   5|0x00000000c9100000, 0x00000000c9200000, 0x00000000c9200000|100%| O|  |TAMS 0x00000000c9200000, 0x00000000c9100000| Untracked 
|   6|0x00000000c9200000, 0x00000000c92cda00, 0x00000000c9300000| 80%| O|  |TAMS 0x00000000c9200000, 0x00000000c9200000| Untracked 
|   7|0x00000000c9300000, 0x00000000c9400000, 0x00000000c9400000|100%| O|  |TAMS 0x00000000c9300000, 0x00000000c9300000| Untracked 
|   8|0x00000000c9400000, 0x00000000c9500000, 0x00000000c9500000|100%| O|  |TAMS 0x00000000c9400000, 0x00000000c9400000| Untracked 
|   9|0x00000000c9500000, 0x00000000c9600000, 0x00000000c9600000|100%| O|  |TAMS 0x00000000c9500000, 0x00000000c9500000| Untracked 
|  10|0x00000000c9600000, 0x00000000c9700000, 0x00000000c9700000|100%| O|  |TAMS 0x00000000c9600000, 0x00000000c9600000| Untracked 
|  11|0x00000000c9700000, 0x00000000c9700000, 0x00000000c9800000|  0%| F|  |TAMS 0x00000000c9700000, 0x00000000c9700000| Untracked 
|  12|0x00000000c9800000, 0x00000000c9800000, 0x00000000c9900000|  0%| F|  |TAMS 0x00000000c9800000, 0x00000000c9800000| Untracked 
|  13|0x00000000c9900000, 0x00000000c9900000, 0x00000000c9a00000|  0%| F|  |TAMS 0x00000000c9900000, 0x00000000c9900000| Untracked 
|  14|0x00000000c9a00000, 0x00000000c9b00000, 0x00000000c9b00000|100%| O|  |TAMS 0x00000000c9a00000, 0x00000000c9a00000| Untracked 
|  15|0x00000000c9b00000, 0x00000000c9b00000, 0x00000000c9c00000|  0%| F|  |TAMS 0x00000000c9b00000, 0x00000000c9b00000| Untracked 
|  16|0x00000000c9c00000, 0x00000000c9c00000, 0x00000000c9d00000|  0%| F|  |TAMS 0x00000000c9c00000, 0x00000000c9c00000| Untracked 
|  17|0x00000000c9d00000, 0x00000000c9d00000, 0x00000000c9e00000|  0%| F|  |TAMS 0x00000000c9d00000, 0x00000000c9d00000| Untracked 
|  18|0x00000000c9e00000, 0x00000000c9e00000, 0x00000000c9f00000|  0%| F|  |TAMS 0x00000000c9e00000, 0x00000000c9e00000| Untracked 
|  19|0x00000000c9f00000, 0x00000000c9f00000, 0x00000000ca000000|  0%| F|  |TAMS 0x00000000c9f00000, 0x00000000c9f00000| Untracked 
|  20|0x00000000ca000000, 0x00000000ca000000, 0x00000000ca100000|  0%| F|  |TAMS 0x00000000ca000000, 0x00000000ca000000| Untracked 
|  21|0x00000000ca100000, 0x00000000ca200000, 0x00000000ca200000|100%| S|CS|TAMS 0x00000000ca100000, 0x00000000ca100000| Complete 
|  22|0x00000000ca200000, 0x00000000ca300000, 0x00000000ca300000|100%| S|CS|TAMS 0x00000000ca200000, 0x00000000ca200000| Complete 
|  23|0x00000000ca300000, 0x00000000ca300000, 0x00000000ca400000|  0%| F|  |TAMS 0x00000000ca300000, 0x00000000ca300000| Untracked 
|  24|0x00000000ca400000, 0x00000000ca400000, 0x00000000ca500000|  0%| F|  |TAMS 0x00000000ca400000, 0x00000000ca400000| Untracked 
|  25|0x00000000ca500000, 0x00000000ca500000, 0x00000000ca600000|  0%| F|  |TAMS 0x00000000ca500000, 0x00000000ca500000| Untracked 
|  26|0x00000000ca600000, 0x00000000ca600000, 0x00000000ca700000|  0%| F|  |TAMS 0x00000000ca600000, 0x00000000ca600000| Untracked 
|  27|0x00000000ca700000, 0x00000000ca700000, 0x00000000ca800000|  0%| F|  |TAMS 0x00000000ca700000, 0x00000000ca700000| Untracked 
|  28|0x00000000ca800000, 0x00000000ca800000, 0x00000000ca900000|  0%| F|  |TAMS 0x00000000ca800000, 0x00000000ca800000| Untracked 
|  29|0x00000000ca900000, 0x00000000ca900000, 0x00000000caa00000|  0%| F|  |TAMS 0x00000000ca900000, 0x00000000ca900000| Untracked 
|  30|0x00000000caa00000, 0x00000000caa00000, 0x00000000cab00000|  0%| F|  |TAMS 0x00000000caa00000, 0x00000000caa00000| Untracked 
|  31|0x00000000cab00000, 0x00000000cab00000, 0x00000000cac00000|  0%| F|  |TAMS 0x00000000cab00000, 0x00000000cab00000| Untracked 
|  32|0x00000000cac00000, 0x00000000cac00000, 0x00000000cad00000|  0%| F|  |TAMS 0x00000000cac00000, 0x00000000cac00000| Untracked 
|  33|0x00000000cad00000, 0x00000000cad00000, 0x00000000cae00000|  0%| F|  |TAMS 0x00000000cad00000, 0x00000000cad00000| Untracked 
|  34|0x00000000cae00000, 0x00000000cae00000, 0x00000000caf00000|  0%| F|  |TAMS 0x00000000cae00000, 0x00000000cae00000| Untracked 
|  35|0x00000000caf00000, 0x00000000caf00000, 0x00000000cb000000|  0%| F|  |TAMS 0x00000000caf00000, 0x00000000caf00000| Untracked 
|  36|0x00000000cb000000, 0x00000000cb000000, 0x00000000cb100000|  0%| F|  |TAMS 0x00000000cb000000, 0x00000000cb000000| Untracked 
|  37|0x00000000cb100000, 0x00000000cb100000, 0x00000000cb200000|  0%| F|  |TAMS 0x00000000cb100000, 0x00000000cb100000| Untracked 
|  38|0x00000000cb200000, 0x00000000cb200000, 0x00000000cb300000|  0%| F|  |TAMS 0x00000000cb200000, 0x00000000cb200000| Untracked 
|  39|0x00000000cb300000, 0x00000000cb300000, 0x00000000cb400000|  0%| F|  |TAMS 0x00000000cb300000, 0x00000000cb300000| Untracked 
|  40|0x00000000cb400000, 0x00000000cb400000, 0x00000000cb500000|  0%| F|  |TAMS 0x00000000cb400000, 0x00000000cb400000| Untracked 
|  41|0x00000000cb500000, 0x00000000cb500000, 0x00000000cb600000|  0%| F|  |TAMS 0x00000000cb500000, 0x00000000cb500000| Untracked 
|  42|0x00000000cb600000, 0x00000000cb600000, 0x00000000cb700000|  0%| F|  |TAMS 0x00000000cb600000, 0x00000000cb600000| Untracked 
|  43|0x00000000cb700000, 0x00000000cb700000, 0x00000000cb800000|  0%| F|  |TAMS 0x00000000cb700000, 0x00000000cb700000| Untracked 
|  44|0x00000000cb800000, 0x00000000cb800000, 0x00000000cb900000|  0%| F|  |TAMS 0x00000000cb800000, 0x00000000cb800000| Untracked 
|  45|0x00000000cb900000, 0x00000000cb900000, 0x00000000cba00000|  0%| F|  |TAMS 0x00000000cb900000, 0x00000000cb900000| Untracked 
|  46|0x00000000cba00000, 0x00000000cba00000, 0x00000000cbb00000|  0%| F|  |TAMS 0x00000000cba00000, 0x00000000cba00000| Untracked 
|  47|0x00000000cbb00000, 0x00000000cbb00000, 0x00000000cbc00000|  0%| F|  |TAMS 0x00000000cbb00000, 0x00000000cbb00000| Untracked 
|  48|0x00000000cbc00000, 0x00000000cbc00000, 0x00000000cbd00000|  0%| F|  |TAMS 0x00000000cbc00000, 0x00000000cbc00000| Untracked 
|  49|0x00000000cbd00000, 0x00000000cbd00000, 0x00000000cbe00000|  0%| F|  |TAMS 0x00000000cbd00000, 0x00000000cbd00000| Untracked 
|  50|0x00000000cbe00000, 0x00000000cbe00000, 0x00000000cbf00000|  0%| F|  |TAMS 0x00000000cbe00000, 0x00000000cbe00000| Untracked 
|  51|0x00000000cbf00000, 0x00000000cbf00000, 0x00000000cc000000|  0%| F|  |TAMS 0x00000000cbf00000, 0x00000000cbf00000| Untracked 
|  52|0x00000000cc000000, 0x00000000cc000000, 0x00000000cc100000|  0%| F|  |TAMS 0x00000000cc000000, 0x00000000cc000000| Untracked 
|  53|0x00000000cc100000, 0x00000000cc100000, 0x00000000cc200000|  0%| F|  |TAMS 0x00000000cc100000, 0x00000000cc100000| Untracked 
|  54|0x00000000cc200000, 0x00000000cc200000, 0x00000000cc300000|  0%| F|  |TAMS 0x00000000cc200000, 0x00000000cc200000| Untracked 
|  55|0x00000000cc300000, 0x00000000cc300000, 0x00000000cc400000|  0%| F|  |TAMS 0x00000000cc300000, 0x00000000cc300000| Untracked 

Card table byte_map: [0x000002560d410000,0x000002560d5d0000] _byte_map_base: 0x000002560cdca000

Marking Bits (Prev, Next): (CMBitMap*) 0x0000025606cecee0, (CMBitMap*) 0x0000025606cecea0
 Prev Bits: [0x000002560e560000, 0x000002560f330000)
 Next Bits: [0x000002560d790000, 0x000002560e560000)

Polling page: 0x0000025606460000

Metaspace:

Usage:
  Non-class:     27.28 MB used.
      Class:      3.95 MB used.
       Both:     31.23 MB used.

Virtual space:
  Non-class space:       64.00 MB reserved,      27.44 MB ( 43%) committed,  1 nodes.
      Class space:        1.00 GB reserved,       4.06 MB ( <1%) committed,  1 nodes.
             Both:        1.06 GB reserved,      31.50 MB (  3%) committed. 

Chunk freelists:
   Non-Class:  4.41 MB
       Class:  11.83 MB
        Both:  16.23 MB

MaxMetaspaceSize: unlimited
CompressedClassSpaceSize: 1.00 GB
Initial GC threshold: 21.00 MB
Current GC threshold: 35.31 MB
CDS: off
MetaspaceReclaimPolicy: balanced
 - commit_granule_bytes: 65536.
 - commit_granule_words: 8192.
 - virtual_space_node_default_size: 8388608.
 - enlarge_chunks_in_place: 1.
 - new_chunks_are_fully_committed: 0.
 - uncommit_free_chunks: 1.
 - use_allocation_guard: 0.
 - handle_deallocations: 1.


Internal statistics:

num_allocs_failed_limit: 5.
num_arena_births: 258.
num_arena_deaths: 0.
num_vsnodes_births: 2.
num_vsnodes_deaths: 0.
num_space_committed: 504.
num_space_uncommitted: 0.
num_chunks_returned_to_freelist: 5.
num_chunks_taken_from_freelist: 964.
num_chunk_merges: 5.
num_chunk_splits: 687.
num_chunks_enlarged: 551.
num_inconsistent_stats: 0.

CodeCache: size=49152Kb used=6618Kb max_used=6618Kb free=42533Kb
 bounds [0x000002560a410000, 0x000002560aa90000, 0x000002560d410000]
 total_blobs=3328 nmethods=2813 adapters=440
 compilation: enabled
              stopped_count=0, restarted_count=0
 full_count=0

Compilation events (20 events):
Event: 9.734 Thread 0x0000025611bd4240 2804       1       org.springframework.core.annotation.TypeMappedAnnotation::asMap (126 bytes)
Event: 9.735 Thread 0x0000025616ea0010 2805       1       java.util.stream.Collectors$$Lambda$229/0x00000001001a20e8::accept (11 bytes)
Event: 9.735 Thread 0x0000025616ea0010 nmethod 2805 0x000002560aa83f10 code [0x000002560aa840a0, 0x000002560aa841e8]
Event: 9.735 Thread 0x0000025611bd4240 nmethod 2804 0x000002560aa84290 code [0x000002560aa84480, 0x000002560aa84888]
Event: 9.737 Thread 0x0000025611835bd0 2806       1       org.springframework.core.annotation.AnnotationAwareOrderComparator::findOrderFromAnnotation (69 bytes)
Event: 9.737 Thread 0x0000025611bd4240 2807       1       org.springframework.core.annotation.OrderUtils::getOrderFromAnnotations (72 bytes)
Event: 9.737 Thread 0x0000025611835bd0 nmethod 2806 0x000002560aa84b90 code [0x000002560aa84d80, 0x000002560aa850d8]
Event: 9.737 Thread 0x0000025611bd4240 nmethod 2807 0x000002560aa85290 code [0x000002560aa85480, 0x000002560aa85718]
Event: 9.737 Thread 0x0000025611835bd0 2808       1       org.springframework.util.ObjectUtils::isEmpty (15 bytes)
Event: 9.737 Thread 0x0000025611835bd0 nmethod 2808 0x000002560aa85810 code [0x000002560aa859a0, 0x000002560aa85a78]
Event: 9.738 Thread 0x0000025616ea0010 2809       1       org.springframework.boot.autoconfigure.condition.ConditionMessage::<init> (6 bytes)
Event: 9.738 Thread 0x0000025611835bd0 2810       1       org.springframework.boot.autoconfigure.condition.ConditionMessage::<init> (10 bytes)
Event: 9.738 Thread 0x0000025611835bd0 nmethod 2810 0x000002560aa85b10 code [0x000002560aa85ca0, 0x000002560aa85db8]
Event: 9.738 Thread 0x0000025616ea0010 nmethod 2809 0x000002560aa85e10 code [0x000002560aa85fa0, 0x000002560aa86098]
Event: 9.752 Thread 0x0000025611bd4240 2811       1       java.lang.invoke.BoundMethodHandle$Species_L::speciesData (4 bytes)
Event: 9.752 Thread 0x0000025611bd4240 nmethod 2811 0x000002560aa86110 code [0x000002560aa862a0, 0x000002560aa86378]
Event: 9.756 Thread 0x0000025616ea0010 2812       1       org.springframework.core.annotation.AnnotationTypeMapping::getAnnotation (5 bytes)
Event: 9.756 Thread 0x0000025616ea0010 nmethod 2812 0x000002560aa86410 code [0x000002560aa865a0, 0x000002560aa86678]
Event: 9.757 Thread 0x0000025616ea0010 2813       1       java.util.stream.ReferencePipeline$StatefulOp::opIsStateful (2 bytes)
Event: 9.757 Thread 0x0000025616ea0010 nmethod 2813 0x000002560aa86710 code [0x000002560aa868a0, 0x000002560aa86978]

GC Heap History (17 events):
Event: 6.205 GC heap before
{Heap before GC invocations=0 (full 0):
 garbage-first heap   total 57344K, used 13312K [0x00000000c8c00000, 0x0000000100000000)
  region size 1024K, 13 young (13312K), 0 survivors (0K)
 Metaspace       used 13328K, committed 13504K, reserved 1114112K
  class space    used 1374K, committed 1472K, reserved 1048576K
}
Event: 6.219 GC heap after
{Heap after GC invocations=1 (full 0):
 garbage-first heap   total 57344K, used 7216K [0x00000000c8c00000, 0x0000000100000000)
  region size 1024K, 2 young (2048K), 2 survivors (2048K)
 Metaspace       used 13328K, committed 13504K, reserved 1114112K
  class space    used 1374K, committed 1472K, reserved 1048576K
}
Event: 6.654 GC heap before
{Heap before GC invocations=1 (full 0):
 garbage-first heap   total 57344K, used 14384K [0x00000000c8c00000, 0x0000000100000000)
  region size 1024K, 9 young (9216K), 2 survivors (2048K)
 Metaspace       used 15920K, committed 16128K, reserved 1114112K
  class space    used 1713K, committed 1792K, reserved 1048576K
}
Event: 6.659 GC heap after
{Heap after GC invocations=2 (full 0):
 garbage-first heap   total 57344K, used 7904K [0x00000000c8c00000, 0x0000000100000000)
  region size 1024K, 1 young (1024K), 1 survivors (1024K)
 Metaspace       used 15920K, committed 16128K, reserved 1114112K
  class space    used 1713K, committed 1792K, reserved 1048576K
}
Event: 7.645 GC heap before
{Heap before GC invocations=2 (full 0):
 garbage-first heap   total 57344K, used 25312K [0x00000000c8c00000, 0x0000000100000000)
  region size 1024K, 18 young (18432K), 1 survivors (1024K)
 Metaspace       used 19141K, committed 19392K, reserved 1114112K
  class space    used 2194K, committed 2304K, reserved 1048576K
}
Event: 7.649 GC heap after
{Heap after GC invocations=3 (full 0):
 garbage-first heap   total 57344K, used 8972K [0x00000000c8c00000, 0x0000000100000000)
  region size 1024K, 2 young (2048K), 2 survivors (2048K)
 Metaspace       used 19141K, committed 19392K, reserved 1114112K
  class space    used 2194K, committed 2304K, reserved 1048576K
}
Event: 7.965 GC heap before
{Heap before GC invocations=3 (full 0):
 garbage-first heap   total 57344K, used 17164K [0x00000000c8c00000, 0x0000000100000000)
  region size 1024K, 12 young (12288K), 2 survivors (2048K)
 Metaspace       used 21344K, committed 21504K, reserved 1114112K
  class space    used 2537K, committed 2624K, reserved 1048576K
}
Event: 7.970 GC heap after
{Heap after GC invocations=4 (full 0):
 garbage-first heap   total 57344K, used 9584K [0x00000000c8c00000, 0x0000000100000000)
  region size 1024K, 3 young (3072K), 3 survivors (3072K)
 Metaspace       used 21344K, committed 21504K, reserved 1114112K
  class space    used 2537K, committed 2624K, reserved 1048576K
}
Event: 8.637 GC heap before
{Heap before GC invocations=5 (full 0):
 garbage-first heap   total 37888K, used 28016K [0x00000000c8c00000, 0x0000000100000000)
  region size 1024K, 23 young (23552K), 3 survivors (3072K)
 Metaspace       used 25777K, committed 26048K, reserved 1114112K
  class space    used 3237K, committed 3392K, reserved 1048576K
}
Event: 8.643 GC heap after
{Heap after GC invocations=6 (full 0):
 garbage-first heap   total 37888K, used 10903K [0x00000000c8c00000, 0x0000000100000000)
  region size 1024K, 3 young (3072K), 3 survivors (3072K)
 Metaspace       used 25777K, committed 26048K, reserved 1114112K
  class space    used 3237K, committed 3392K, reserved 1048576K
}
Event: 8.653 GC heap before
{Heap before GC invocations=6 (full 0):
 garbage-first heap   total 37888K, used 10903K [0x00000000c8c00000, 0x0000000100000000)
  region size 1024K, 4 young (4096K), 3 survivors (3072K)
 Metaspace       used 25981K, committed 26240K, reserved 1114112K
  class space    used 3251K, committed 3392K, reserved 1048576K
}
Event: 8.658 GC heap after
{Heap after GC invocations=7 (full 0):
 garbage-first heap   total 37888K, used 10910K [0x00000000c8c00000, 0x0000000100000000)
  region size 1024K, 1 young (1024K), 1 survivors (1024K)
 Metaspace       used 25981K, committed 26240K, reserved 1114112K
  class space    used 3251K, committed 3392K, reserved 1048576K
}
Event: 9.230 GC heap before
{Heap before GC invocations=7 (full 0):
 garbage-first heap   total 37888K, used 23198K [0x00000000c8c00000, 0x0000000100000000)
  region size 1024K, 14 young (14336K), 1 survivors (1024K)
 Metaspace       used 28870K, committed 29056K, reserved 1114112K
  class space    used 3585K, committed 3648K, reserved 1048576K
}
Event: 9.233 GC heap after
{Heap after GC invocations=8 (full 0):
 garbage-first heap   total 37888K, used 11888K [0x00000000c8c00000, 0x0000000100000000)
  region size 1024K, 2 young (2048K), 2 survivors (2048K)
 Metaspace       used 28870K, committed 29056K, reserved 1114112K
  class space    used 3585K, committed 3648K, reserved 1048576K
}
Event: 9.395 GC heap before
{Heap before GC invocations=8 (full 0):
 garbage-first heap   total 37888K, used 25200K [0x00000000c8c00000, 0x0000000100000000)
  region size 1024K, 15 young (15360K), 2 survivors (2048K)
 Metaspace       used 31089K, committed 31360K, reserved 1114112K
  class space    used 3901K, committed 4032K, reserved 1048576K
}
Event: 9.399 GC heap after
{Heap after GC invocations=9 (full 0):
 garbage-first heap   total 37888K, used 13000K [0x00000000c8c00000, 0x0000000100000000)
  region size 1024K, 2 young (2048K), 2 survivors (2048K)
 Metaspace       used 31089K, committed 31360K, reserved 1114112K
  class space    used 3901K, committed 4032K, reserved 1048576K
}
Event: 9.760 GC heap before
{Heap before GC invocations=9 (full 0):
 garbage-first heap   total 37888K, used 26312K [0x00000000c8c00000, 0x0000000100000000)
  region size 1024K, 15 young (15360K), 2 survivors (2048K)
 Metaspace       used 31979K, committed 32256K, reserved 1114112K
  class space    used 4046K, committed 4160K, reserved 1048576K
}

Dll operation events (2 events):
Event: 0.444 Loaded shared library C:\Program Files\JetBrains\IntelliJ IDEA 2023.2\jbr\bin\java.dll
Event: 4.888 Loaded shared library C:\Program Files\JetBrains\IntelliJ IDEA 2023.2\jbr\bin\zip.dll

Deoptimization events (6 events):
Event: 8.168 Thread 0x000002561671a760 DEOPT PACKING pc=0x000002560a898319 sp=0x000000773dbfcd00
Event: 8.168 Thread 0x000002561671a760 DEOPT UNPACKING pc=0x000002560a467143 sp=0x000000773dbfc1e0 mode 3
Event: 8.706 Thread 0x000002561671a760 DEOPT PACKING pc=0x000002560a96fbd5 sp=0x000000773dbfd200
Event: 8.706 Thread 0x000002561671a760 DEOPT UNPACKING pc=0x000002560a467143 sp=0x000000773dbfc6a8 mode 3
Event: 9.390 Thread 0x0000025616c8ed00 DEOPT PACKING pc=0x000002560a9b89fd sp=0x000000773dcfd650
Event: 9.390 Thread 0x0000025616c8ed00 DEOPT UNPACKING pc=0x000002560a467143 sp=0x000000773dcfcbb8 mode 3

Classes unloaded (0 events):
No events

Classes redefined (0 events):
No events

Internal exceptions (20 events):
Event: 7.662 Thread 0x000002561671a760 Exception <a 'java/lang/NoSuchMethodError'{0x00000000cc340640}: 'java.lang.Object java.lang.invoke.DirectMethodHandle$Holder.invokeVirtual(java.lang.Object, java.lang.Object, java.lang.Object)'> (0x00000000cc340640) 
thrown [s\src\hotspot\share\interpreter\linkResolver.cpp, line 771]
Event: 7.706 Thread 0x000002561671a760 Exception <a 'java/lang/NoSuchMethodError'{0x00000000cc23bbd0}: 'void java.lang.invoke.DirectMethodHandle$Holder.invokeStatic(java.lang.Object, java.lang.Object, int)'> (0x00000000cc23bbd0) 
thrown [s\src\hotspot\share\interpreter\linkResolver.cpp, line 771]
Event: 7.711 Thread 0x000002561671a760 Exception <a 'java/lang/NoSuchMethodError'{0x00000000cc2537e0}: 'void java.lang.invoke.DirectMethodHandle$Holder.invokeStaticInit(java.lang.Object, java.lang.Object, java.lang.Object)'> (0x00000000cc2537e0) 
thrown [s\src\hotspot\share\interpreter\linkResolver.cpp, line 771]
Event: 7.723 Thread 0x000002561671a760 Exception <a 'java/lang/NoSuchMethodError'{0x00000000cc2a7fc8}: 'java.lang.Object java.lang.invoke.DirectMethodHandle$Holder.invokeStatic(java.lang.Object, java.lang.Object, long, java.lang.Object)'> (0x00000000cc2a7fc8) 
thrown [s\src\hotspot\share\interpreter\linkResolver.cpp, line 771]
Event: 7.723 Thread 0x000002561671a760 Exception <a 'java/lang/NoSuchMethodError'{0x00000000cc2aba60}: 'java.lang.Object java.lang.invoke.DirectMethodHandle$Holder.invokeStaticInit(java.lang.Object, java.lang.Object, long, java.lang.Object)'> (0x00000000cc2aba60) 
thrown [s\src\hotspot\share\interpreter\linkResolver.cpp, line 771]
Event: 7.727 Thread 0x000002561671a760 Exception <a 'java/lang/NoSuchMethodError'{0x00000000cc2b2070}: 'java.lang.Object java.lang.invoke.DirectMethodHandle$Holder.newInvokeSpecial(java.lang.Object, java.lang.Object, long)'> (0x00000000cc2b2070) 
thrown [s\src\hotspot\share\interpreter\linkResolver.cpp, line 771]
Event: 7.727 Thread 0x000002561671a760 Exception <a 'java/lang/NoSuchMethodError'{0x00000000cc2b5be0}: 'java.lang.Object java.lang.invoke.Invokers$Holder.linkToTargetMethod(java.lang.Object, long, java.lang.Object)'> (0x00000000cc2b5be0) 
thrown [s\src\hotspot\share\interpreter\linkResolver.cpp, line 771]
Event: 7.754 Thread 0x000002561671a760 Exception <a 'java/lang/NoSuchMethodError'{0x00000000cc128458}: 'void java.lang.invoke.DirectMethodHandle$Holder.invokeVirtual(java.lang.Object, java.lang.Object, java.lang.Object, java.lang.Object)'> (0x00000000cc128458) 
thrown [s\src\hotspot\share\interpreter\linkResolver.cpp, line 771]
Event: 7.828 Thread 0x000002561671a760 Exception <a 'java/lang/NoSuchMethodError'{0x00000000cbf13940}: 'void java.lang.invoke.DirectMethodHandle$Holder.invokeSpecial(java.lang.Object, java.lang.Object, java.lang.Object)'> (0x00000000cbf13940) 
thrown [s\src\hotspot\share\interpreter\linkResolver.cpp, line 771]
Event: 7.835 Thread 0x000002561671a760 Exception <a 'java/lang/IncompatibleClassChangeError'{0x00000000cbf6a6a0}: Found class java.lang.Object, but interface was expected> (0x00000000cbf6a6a0) 
thrown [s\src\hotspot\share\interpreter\linkResolver.cpp, line 838]
Event: 8.590 Thread 0x000002561671a760 Exception <a 'sun/nio/fs/WindowsException'{0x00000000c9c95d60}> (0x00000000c9c95d60) 
thrown [s\src\hotspot\share\prims\jni.cpp, line 517]
Event: 8.593 Thread 0x000002561671a760 Exception <a 'java/lang/NoSuchMethodError'{0x00000000c9c973f0}: 'int java.lang.invoke.DirectMethodHandle$Holder.invokeSpecial(java.lang.Object, java.lang.Object, java.lang.Object, java.lang.Object, java.lang.Object)'> (0x00000000c9c973f0) 
thrown [s\src\hotspot\share\interpreter\linkResolver.cpp, line 771]
Event: 8.595 Thread 0x000002561671a760 Exception <a 'java/lang/NoSuchMethodError'{0x00000000c9c9fff0}: 'void java.lang.invoke.DirectMethodHandle$Holder.invokeVirtual(java.lang.Object, java.lang.Object)'> (0x00000000c9c9fff0) 
thrown [s\src\hotspot\share\interpreter\linkResolver.cpp, line 771]
Event: 9.337 Thread 0x000002561671a760 Exception <a 'java/lang/IncompatibleClassChangeError'{0x00000000ca7b2640}: Found class java.lang.Object, but interface was expected> (0x00000000ca7b2640) 
thrown [s\src\hotspot\share\interpreter\linkResolver.cpp, line 838]
Event: 9.338 Thread 0x0000025616c8ed00 Exception <a 'java/lang/NoSuchMethodError'{0x00000000ca797838}: 'long java.lang.invoke.DirectMethodHandle$Holder.invokeSpecial(java.lang.Object, java.lang.Object)'> (0x00000000ca797838) 
thrown [s\src\hotspot\share\interpreter\linkResolver.cpp, line 771]
Event: 9.339 Thread 0x0000025616c8ed00 Exception <a 'java/lang/NoSuchMethodError'{0x00000000ca7dde48}: 'long java.lang.invoke.DirectMethodHandle$Holder.invokeStatic(java.lang.Object, java.lang.Object)'> (0x00000000ca7dde48) 
thrown [s\src\hotspot\share\interpreter\linkResolver.cpp, line 771]
Event: 9.340 Thread 0x0000025616c8ed00 Exception <a 'java/lang/NoSuchMethodError'{0x00000000ca7e11a0}: 'long java.lang.invoke.DirectMethodHandle$Holder.invokeStaticInit(java.lang.Object, java.lang.Object)'> (0x00000000ca7e11a0) 
thrown [s\src\hotspot\share\interpreter\linkResolver.cpp, line 771]
Event: 9.341 Thread 0x0000025616c8ed00 Exception <a 'java/lang/NoSuchMethodError'{0x00000000ca7eeaa0}: 'long java.lang.invoke.DirectMethodHandle$Holder.invokeInterface(java.lang.Object, java.lang.Object)'> (0x00000000ca7eeaa0) 
thrown [s\src\hotspot\share\interpreter\linkResolver.cpp, line 771]
Event: 9.341 Thread 0x0000025616c8ed00 Exception <a 'java/lang/IncompatibleClassChangeError'{0x00000000ca7f1d88}: Found class java.lang.Object, but interface was expected> (0x00000000ca7f1d88) 
thrown [s\src\hotspot\share\interpreter\linkResolver.cpp, line 838]
Event: 9.346 Thread 0x0000025616c8ed00 Exception <a 'java/lang/NoSuchMethodError'{0x00000000ca664058}: 'java.lang.Object java.lang.invoke.DirectMethodHandle$Holder.invokeVirtual(java.lang.Object, java.lang.Object, java.lang.Object, java.lang.Object)'> (0x00000000ca664058) 
thrown [s\src\hotspot\share\interpreter\linkResolver.cpp, line 771]

VM Operations (20 events):
Event: 7.970 Executing VM operation: CollectForMetadataAllocation done
Event: 7.982 Executing VM operation: G1Concurrent
Event: 7.984 Executing VM operation: G1Concurrent done
Event: 7.988 Executing VM operation: G1Concurrent
Event: 7.988 Executing VM operation: G1Concurrent done
Event: 8.371 Executing VM operation: HandshakeAllThreads
Event: 8.371 Executing VM operation: HandshakeAllThreads done
Event: 8.484 Executing VM operation: HandshakeAllThreads
Event: 8.484 Executing VM operation: HandshakeAllThreads done
Event: 8.636 Executing VM operation: G1CollectForAllocation
Event: 8.643 Executing VM operation: G1CollectForAllocation done
Event: 8.653 Executing VM operation: G1CollectForAllocation
Event: 8.658 Executing VM operation: G1CollectForAllocation done
Event: 9.230 Executing VM operation: G1CollectForAllocation
Event: 9.233 Executing VM operation: G1CollectForAllocation done
Event: 9.395 Executing VM operation: G1CollectForAllocation
Event: 9.399 Executing VM operation: G1CollectForAllocation done
Event: 9.423 Executing VM operation: HandshakeAllThreads
Event: 9.423 Executing VM operation: HandshakeAllThreads done
Event: 9.760 Executing VM operation: G1CollectForAllocation

Events (20 events):
Event: 9.451 loading class javax/security/auth/Subject
Event: 9.452 loading class javax/security/auth/Subject done
Event: 9.452 loading class javax/security/auth/callback/CallbackHandler
Event: 9.452 loading class javax/security/auth/callback/CallbackHandler done
Event: 9.463 Loaded shared library C:\Program Files\JetBrains\IntelliJ IDEA 2023.2\jbr\bin\sunmscapi.dll
Event: 9.465 loading class sun/security/provider/certpath/ldap/JdkLDAP
Event: 9.466 loading class sun/security/provider/certpath/ldap/JdkLDAP done
Event: 9.466 loading class sun/security/provider/certpath/ldap/JdkLDAP$ProviderService
Event: 9.466 loading class sun/security/provider/certpath/ldap/JdkLDAP$ProviderService done
Event: 9.466 loading class com/sun/security/sasl/Provider
Event: 9.467 loading class com/sun/security/sasl/Provider done
Event: 9.467 loading class com/sun/security/sasl/Provider$1
Event: 9.467 loading class com/sun/security/sasl/Provider$1 done
Event: 9.467 loading class com/sun/security/sasl/Provider$ProviderService
Event: 9.467 loading class com/sun/security/sasl/Provider$ProviderService done
Event: 9.470 loading class java/util/IdentityHashMap$KeyIterator
Event: 9.470 loading class java/util/IdentityHashMap$KeyIterator done
Event: 9.470 Thread 0x0000025616c8ed00 Thread exited: 0x0000025616c8ed00
Event: 9.640 loading class java/beans/PropertyVetoException
Event: 9.641 loading class java/beans/PropertyVetoException done


Dynamic libraries:
0x00007ff6512c0000 - 0x00007ff6512ca000 	C:\Program Files\JetBrains\IntelliJ IDEA 2023.2\jbr\bin\java.exe
0x00007ff8e41b0000 - 0x00007ff8e43c7000 	C:\WINDOWS\SYSTEM32\ntdll.dll
0x00007ff8e2df0000 - 0x00007ff8e2eb4000 	C:\WINDOWS\System32\KERNEL32.DLL
0x00007ff8e14e0000 - 0x00007ff8e188d000 	C:\WINDOWS\System32\KERNELBASE.dll
0x00007ff8e1ab0000 - 0x00007ff8e1bc1000 	C:\WINDOWS\System32\ucrtbase.dll
0x00007ff8c6c60000 - 0x00007ff8c6c77000 	C:\Program Files\JetBrains\IntelliJ IDEA 2023.2\jbr\bin\jli.dll
0x00007ff8d2e30000 - 0x00007ff8d2e4b000 	C:\Program Files\JetBrains\IntelliJ IDEA 2023.2\jbr\bin\VCRUNTIME140.dll
0x00007ff8e2600000 - 0x00007ff8e27ae000 	C:\WINDOWS\System32\USER32.dll
0x00007ff8e1c70000 - 0x00007ff8e1c96000 	C:\WINDOWS\System32\win32u.dll
0x00007ff8e21e0000 - 0x00007ff8e2209000 	C:\WINDOWS\System32\GDI32.dll
0x00007ff8e1d10000 - 0x00007ff8e1e29000 	C:\WINDOWS\System32\gdi32full.dll
0x00007ff8e1bd0000 - 0x00007ff8e1c6a000 	C:\WINDOWS\System32\msvcp_win.dll
0x00007ff8d4c60000 - 0x00007ff8d4ef3000 	C:\WINDOWS\WinSxS\amd64_microsoft.windows.common-controls_6595b64144ccf1df_6.0.22621.3672_none_2713b9d173822955\COMCTL32.dll
0x00007ff8e1ef0000 - 0x00007ff8e1f97000 	C:\WINDOWS\System32\msvcrt.dll
0x00007ff8e27b0000 - 0x00007ff8e27e1000 	C:\WINDOWS\System32\IMM32.DLL
0x00007ff8d36e0000 - 0x00007ff8d36ec000 	C:\Program Files\JetBrains\IntelliJ IDEA 2023.2\jbr\bin\vcruntime140_1.dll
0x00007ff8b1610000 - 0x00007ff8b169d000 	C:\Program Files\JetBrains\IntelliJ IDEA 2023.2\jbr\bin\msvcp140.dll
0x00007ff85dcc0000 - 0x00007ff85e940000 	C:\Program Files\JetBrains\IntelliJ IDEA 2023.2\jbr\bin\server\jvm.dll
0x00007ff8e2840000 - 0x00007ff8e28f2000 	C:\WINDOWS\System32\ADVAPI32.dll
0x00007ff8e2ef0000 - 0x00007ff8e2f99000 	C:\WINDOWS\System32\sechost.dll
0x00007ff8e1890000 - 0x00007ff8e18b8000 	C:\WINDOWS\System32\bcrypt.dll
0x00007ff8e2fa0000 - 0x00007ff8e30b4000 	C:\WINDOWS\System32\RPCRT4.dll
0x00007ff8dcfe0000 - 0x00007ff8dcfe9000 	C:\WINDOWS\SYSTEM32\WSOCK32.dll
0x00007ff8e2900000 - 0x00007ff8e2971000 	C:\WINDOWS\System32\WS2_32.dll
0x00007ff8dcf70000 - 0x00007ff8dcfa4000 	C:\WINDOWS\SYSTEM32\WINMM.dll
0x00007ff8d89f0000 - 0x00007ff8d89fa000 	C:\WINDOWS\SYSTEM32\VERSION.dll
0x00007ff8e0510000 - 0x00007ff8e0528000 	C:\WINDOWS\SYSTEM32\kernel.appcore.dll
0x00007ff8d36d0000 - 0x00007ff8d36da000 	C:\Program Files\JetBrains\IntelliJ IDEA 2023.2\jbr\bin\jimage.dll
0x00007ff8ded20000 - 0x00007ff8def52000 	C:\WINDOWS\SYSTEM32\DBGHELP.DLL
0x00007ff8e2210000 - 0x00007ff8e2598000 	C:\WINDOWS\System32\combase.dll
0x00007ff8e1fa0000 - 0x00007ff8e2077000 	C:\WINDOWS\System32\OLEAUT32.dll
0x00007ff8ce7c0000 - 0x00007ff8ce7f2000 	C:\WINDOWS\SYSTEM32\dbgcore.DLL
0x00007ff8e1a30000 - 0x00007ff8e1aab000 	C:\WINDOWS\System32\bcryptPrimitives.dll
0x00007ff8d36f0000 - 0x00007ff8d36fe000 	C:\Program Files\JetBrains\IntelliJ IDEA 2023.2\jbr\bin\instrument.dll
0x00007ff8d2550000 - 0x00007ff8d2575000 	C:\Program Files\JetBrains\IntelliJ IDEA 2023.2\jbr\bin\java.dll
0x00007ff8d1d00000 - 0x00007ff8d1d18000 	C:\Program Files\JetBrains\IntelliJ IDEA 2023.2\jbr\bin\zip.dll
0x00007ff8e30e0000 - 0x00007ff8e393f000 	C:\WINDOWS\System32\SHELL32.dll
0x00007ff8df430000 - 0x00007ff8dfd2c000 	C:\WINDOWS\SYSTEM32\windows.storage.dll
0x00007ff8df2f0000 - 0x00007ff8df42f000 	C:\WINDOWS\SYSTEM32\wintypes.dll
0x00007ff8e3f70000 - 0x00007ff8e4064000 	C:\WINDOWS\System32\SHCORE.dll
0x00007ff8e2a20000 - 0x00007ff8e2a7e000 	C:\WINDOWS\System32\shlwapi.dll
0x00007ff8e1410000 - 0x00007ff8e1431000 	C:\WINDOWS\SYSTEM32\profapi.dll
0x00007ff8d0e00000 - 0x00007ff8d0e19000 	C:\Program Files\JetBrains\IntelliJ IDEA 2023.2\jbr\bin\net.dll
0x00007ff8dd1a0000 - 0x00007ff8dd2d6000 	C:\WINDOWS\SYSTEM32\WINHTTP.dll
0x00007ff8e0980000 - 0x00007ff8e09e9000 	C:\WINDOWS\system32\mswsock.dll
0x00007ff8c7d40000 - 0x00007ff8c7d56000 	C:\Program Files\JetBrains\IntelliJ IDEA 2023.2\jbr\bin\nio.dll
0x00007ff8c6c40000 - 0x00007ff8c6c5a000 	C:\Program Files\JetBrains\IntelliJ IDEA 2023.2\bin\breakgen64.dll
0x00007ff8e0000000 - 0x00007ff8e00f8000 	C:\WINDOWS\SYSTEM32\DNSAPI.dll
0x00007ff8dff90000 - 0x00007ff8dffbd000 	C:\WINDOWS\SYSTEM32\IPHLPAPI.DLL
0x00007ff8e2b90000 - 0x00007ff8e2b99000 	C:\WINDOWS\System32\NSI.dll
0x00007ff8d3aa0000 - 0x00007ff8d3aaa000 	C:\Windows\System32\rasadhlp.dll
0x00007ff8da960000 - 0x00007ff8da9e3000 	C:\WINDOWS\System32\fwpuclnt.dll
0x00007ff8d3a90000 - 0x00007ff8d3a99000 	C:\Program Files\JetBrains\IntelliJ IDEA 2023.2\jbr\bin\management.dll
0x00007ff8d3700000 - 0x00007ff8d370b000 	C:\Program Files\JetBrains\IntelliJ IDEA 2023.2\jbr\bin\management_ext.dll
0x00007ff8e2ec0000 - 0x00007ff8e2ec8000 	C:\WINDOWS\System32\PSAPI.DLL
0x00007ff8e0bf0000 - 0x00007ff8e0c0b000 	C:\WINDOWS\SYSTEM32\CRYPTSP.dll
0x00007ff8e0470000 - 0x00007ff8e04a5000 	C:\WINDOWS\system32\rsaenh.dll
0x00007ff8e0a80000 - 0x00007ff8e0aa8000 	C:\WINDOWS\SYSTEM32\USERENV.dll
0x00007ff8e0be0000 - 0x00007ff8e0bec000 	C:\WINDOWS\SYSTEM32\CRYPTBASE.dll
0x00007ff8dcf50000 - 0x00007ff8dcf69000 	C:\WINDOWS\SYSTEM32\dhcpcsvc6.DLL
0x00007ff8dcf30000 - 0x00007ff8dcf4f000 	C:\WINDOWS\SYSTEM32\dhcpcsvc.DLL
0x00007ff8cbe80000 - 0x00007ff8cbe97000 	C:\WINDOWS\system32\napinsp.dll
0x00007ff8cd040000 - 0x00007ff8cd05b000 	C:\WINDOWS\system32\pnrpnsp.dll
0x00007ff8cd020000 - 0x00007ff8cd031000 	C:\WINDOWS\System32\winrnr.dll
0x00007ff8cd000000 - 0x00007ff8cd015000 	C:\WINDOWS\system32\wshbth.dll
0x00007ff8ccfd0000 - 0x00007ff8ccff7000 	C:\WINDOWS\system32\nlansp_c.dll
0x00007ff8d2370000 - 0x00007ff8d237e000 	C:\Program Files\JetBrains\IntelliJ IDEA 2023.2\jbr\bin\sunmscapi.dll
0x00007ff8e18c0000 - 0x00007ff8e1a27000 	C:\WINDOWS\System32\CRYPT32.dll
0x00007ff8e0d80000 - 0x00007ff8e0dae000 	C:\WINDOWS\SYSTEM32\ncrypt.dll
0x00007ff8e0d40000 - 0x00007ff8e0d77000 	C:\WINDOWS\SYSTEM32\NTASN1.dll

dbghelp: loaded successfully - version: 4.0.5 - missing functions: none
symbol engine: initialized successfully - sym options: 0x614 - pdb path: .;C:\Program Files\JetBrains\IntelliJ IDEA 2023.2\jbr\bin;C:\WINDOWS\SYSTEM32;C:\WINDOWS\WinSxS\amd64_microsoft.windows.common-controls_6595b64144ccf1df_6.0.22621.3672_none_2713b9d173822955;C:\Program Files\JetBrains\IntelliJ IDEA 2023.2\jbr\bin\server;C:\Program Files\JetBrains\IntelliJ IDEA 2023.2\bin

VM Arguments:
jvm_args: -XX:TieredStopAtLevel=1 -Dspring.output.ansi.enabled=always -Dcom.sun.management.jmxremote -Dspring.jmx.enabled=true -Dspring.liveBeansView.mbeanDomain -Dspring.application.admin.enabled=true -Dmanagement.endpoints.jmx.exposure.include=* -javaagent:C:\Program Files\JetBrains\IntelliJ IDEA 2023.2\lib\idea_rt.jar=50756:C:\Program Files\JetBrains\IntelliJ IDEA 2023.2\bin -Dfile.encoding=UTF-8 
java_command: org.c07.movie_booking.MovieBookingApplication
java_class_path (initial): D:\module_6\C0723L1-Repo-BE\movie_booking\build\classes\java\main;D:\module_6\C0723L1-Repo-BE\movie_booking\build\resources\main;C:\Users\TUONG VY\.gradle\caches\modules-2\files-2.1\org.springframework.boot\spring-boot-starter-data-jpa\3.3.2\2731d74dfc18fb905c29930cf55493980c2cee5a\spring-boot-starter-data-jpa-3.3.2.jar;C:\Users\TUONG VY\.gradle\caches\modules-2\files-2.1\org.springframework.boot\spring-boot-starter-validation\3.3.2\81ee06b318ed35c2a3f4882a0f7b9946a39e1b39\spring-boot-starter-validation-3.3.2.jar;C:\Users\TUONG VY\.gradle\caches\modules-2\files-2.1\org.springframework.boot\spring-boot-starter-web\3.3.2\720418538668a8742d0ae24097811d5250cf5c32\spring-boot-starter-web-3.3.2.jar;C:\Users\TUONG VY\.gradle\caches\modules-2\files-2.1\org.modelmapper\modelmapper\2.1.1\a983407fe1c7ae31845c7f80a323d01c25c21ca4\modelmapper-2.1.1.jar;C:\Users\TUONG VY\.gradle\caches\modules-2\files-2.1\org.springframework.boot\spring-boot-starter-aop\3.3.2\26d996e253768d3121bb3ffbef28cefc07fdbddb\spring-boot-starter-aop-3.3.2.jar;C:\Users\TUONG VY\.gradle\caches\modules-2\files-2.1\org.springframework.boot\spring-boot-starter-jdbc\3.3.2\544775d745288972598ab2e872e5a4816b6d9b39\spring-boot-starter-jdbc-3.3.2.jar;C:\Users\TUONG VY\.gradle\caches\modules-2\files-2.1\org.hibernate.orm\hibernate-core\6.5.2.Final\e9e0cc47f6cd2b2553968aee66bd9e55e7485221\hibernate-core-6.5.2.Final.jar;C:\Users\TUONG VY\.gradle\caches\modules-2\files-2.1\org.springframework.data\spring-data-jpa\3.3.2\cfa9cd077f3f15d0657bbb6d7c8e1c7c7da7e6e2\spring-data-jpa-3.3.2.jar;C:\Users\TUONG VY\.gradle\caches\modules-2\files-2.1\org.springframework\spring-aspects\6.1.11\141d92094a460f338aa0999023ca7a25861d49a1\spring-aspects-6.1.11.jar;C:\Users\TUONG VY\.gradle\caches\modules-2\files-2.1\org.springframework.boot\spring-boot-starter\3.3.2\f9377a223dab5c4afe7aead05bf6ac567cf565ab\spring-boot-starter-3.3.2.jar;C:\Users\TUONG VY\.gradle\caches\modules-2\files-2.1\org.apache.tomcat.embed\
Launcher Type: SUN_STANDARD

[Global flags]
     intx CICompilerCount                          = 3                                         {product} {ergonomic}
     uint ConcGCThreads                            = 1                                         {product} {ergonomic}
     uint G1ConcRefinementThreads                  = 4                                         {product} {ergonomic}
   size_t G1HeapRegionSize                         = 1048576                                   {product} {ergonomic}
    uintx GCDrainStackTargetSize                   = 64                                        {product} {ergonomic}
   size_t InitialHeapSize                          = 58720256                                  {product} {ergonomic}
     bool ManagementServer                         = true                                      {product} {command line}
   size_t MarkStackSize                            = 4194304                                   {product} {ergonomic}
   size_t MaxHeapSize                              = 926941184                                 {product} {ergonomic}
   size_t MaxNewSize                               = 555745280                                 {product} {ergonomic}
   size_t MinHeapDeltaBytes                        = 1048576                                   {product} {ergonomic}
   size_t MinHeapSize                              = 8388608                                   {product} {ergonomic}
    uintx NonProfiledCodeHeapSize                  = 0                                      {pd product} {ergonomic}
     bool ProfileInterpreter                       = false                                  {pd product} {command line}
    uintx ProfiledCodeHeapSize                     = 0                                      {pd product} {ergonomic}
   size_t SoftMaxHeapSize                          = 926941184                              {manageable} {ergonomic}
     intx TieredStopAtLevel                        = 1                                         {product} {command line}
     bool UseCompressedClassPointers               = true                           {product lp64_product} {ergonomic}
     bool UseCompressedOops                        = true                           {product lp64_product} {ergonomic}
     bool UseG1GC                                  = true                                      {product} {ergonomic}
     bool UseLargePagesIndividualAllocation        = false                                  {pd product} {ergonomic}

Logging:
Log output configuration:
 #0: stdout all=warning uptime,level,tags
 #1: stderr all=off uptime,level,tags

Environment Variables:
PATH=C:\Python312\Scripts\;C:\Python312\;C:\Program Files\Common Files\Oracle\Java\javapath;C:\Program Files (x86)\Common Files\Oracle\Java\javapath;C:\WINDOWS\system32;C:\WINDOWS;C:\WINDOWS\System32\Wbem;C:\WINDOWS\System32\WindowsPowerShell\v1.0\;C:\WINDOWS\System32\OpenSSH\;C:\Program Files\Git\cmd;C:\Program Files\Microsoft SQL Server\150\Tools\Binn\;C:\Program Files\Microsoft SQL Server\Client SDK\ODBC\170\Tools\Binn\;C:\Program Files\dotnet\;C:\Program Files (x86)\Windows Kits\10\Windows Performance Toolkit\;C:\Program Files\nodejs\;C:\ProgramData\chocolatey\bin;C:\Users\TUONG VY\AppData\Local\Microsoft\WindowsApps;C:\Program Files\JetBrains\IntelliJ IDEA 2023.2\bin;;D:\Microsoft VS Code\bin;D:\flutter_windows_3.19.5-stable\flutter\bin;C:\Users\TUONG VY\.dotnet\tools;C:\Users\TUONG VY\AppData\Roaming\npm
USERNAME=TUONG VY
OS=Windows_NT
PROCESSOR_IDENTIFIER=AMD64 Family 23 Model 24 Stepping 1, AuthenticAMD
TMP=C:\Users\TUONGV~1\AppData\Local\Temp
TEMP=C:\Users\TUONGV~1\AppData\Local\Temp


JNI global refs:
JNI global refs: 17, weak refs: 0

JNI global refs memory usage: 843, weak refs: 841

OOME stack traces (most recent first):
Classloader memory used:
Loader bootstrap                                                                       : 2061K
Loader jdk.internal.loader.ClassLoaders$AppClassLoader                                 : 1908K
Loader jdk.internal.loader.ClassLoaders$PlatformClassLoader                            : 19546B
Loader jdk.internal.reflect.DelegatingClassLoader                                      : 5507B
Loader org.springframework.boot.devtools.restart.classloader.RestartClassLoader        : 2875B

Classes loaded by more than one classloader:
Class org.c07.movie_booking.MovieBookingApplication                                   : loaded 2 times (x 69B)


---------------  S Y S T E M  ---------------

OS:
 Windows 11 , 64 bit Build 22621 (10.0.22621.3672)
OS uptime: 0 days 0:40 hours

CPU: total 4 (initial active 4) (4 cores per cpu, 2 threads per core) family 23 model 24 stepping 1 microcode 0x0, cx8, cmov, fxsr, ht, mmx, 3dnowpref, sse, sse2, sse3, ssse3, sse4a, sse4.1, sse4.2, popcnt, lzcnt, tsc, tscinvbit, avx, avx2, aes, clmul, bmi1, bmi2, adx, sha, fma, vzeroupper, clflush, clflushopt

Memory: 4k page, system-wide physical 3534M (349M free)
TotalPageFile size 14286M (AvailPageFile size 7M)
current process WorkingSet (physical memory assigned to process): 120M, peak: 120M
current process commit charge ("private bytes"): 164M, peak: 183M

vm_info: OpenJDK 64-Bit Server VM (17.0.7+7-b1000.6) for windows-amd64 JRE (17.0.7+7-b1000.6), built on 2023-07-07 by "builduser" with MS VC++ 16.10 / 16.11 (VS2019)

END.
