#
# There is insufficient memory for the Java Runtime Environment to continue.
# Native memory allocation (malloc) failed to allocate 131088 bytes for Chunk::new
# Possible reasons:
#   The system is out of physical RAM or swap space
#   The process is running with CompressedOops enabled, and the Java Heap may be blocking the growth of the native heap
# Possible solutions:
#   Reduce memory load on the system
#   Increase physical memory or swap space
#   Check if swap backing store is full
#   Decrease Java heap size (-Xmx/-Xms)
#   Decrease number of Java threads
#   Decrease Java thread stack sizes (-Xss)
#   Set larger code cache with -XX:ReservedCodeCacheSize=
#   JVM is running with Unscaled Compressed Oops mode in which the Java heap is
#     placed in the first 4GB address space. The Java Heap base address is the
#     maximum limit for the native heap growth. Please use -XX:HeapBaseMinAddress
#     to set the Java Heap base and to place the Java Heap above 4GB virtual address.
# This output file may be truncated or incomplete.
#
#  Out of Memory Error (arena.cpp:189), pid=9912, tid=12868
#
# JRE version: OpenJDK Runtime Environment JBR-17.0.7+7-1000.6-jcef (17.0.7+7) (build 17.0.7+7-b1000.6)
# Java VM: OpenJDK 64-Bit Server VM JBR-17.0.7+7-1000.6-jcef (17.0.7+7-b1000.6, mixed mode, tiered, compressed oops, compressed class ptrs, g1 gc, windows-amd64)
# No core dump will be written. Minidumps are not enabled by default on client versions of Windows
#

---------------  S U M M A R Y ------------

Command Line: --add-opens=java.base/java.util=ALL-UNNAMED --add-opens=java.base/java.lang=ALL-UNNAMED --add-opens=java.base/java.lang.invoke=ALL-UNNAMED --add-opens=java.prefs/java.util.prefs=ALL-UNNAMED --add-opens=java.base/java.nio.charset=ALL-UNNAMED --add-opens=java.base/java.net=ALL-UNNAMED --add-opens=java.base/java.util.concurrent.atomic=ALL-UNNAMED -XX:MaxMetaspaceSize=384m -XX:+HeapDumpOnOutOfMemoryError -Xms256m -Xmx512m -Dfile.encoding=windows-1252 -Duser.country=US -Duser.language=en -Duser.variant -javaagent:C:\Users\TUONG VY\.gradle\wrapper\dists\gradle-8.8-bin\dl7vupf4psengwqhwktix4v1\gradle-8.8\lib\agents\gradle-instrumentation-agent-8.8.jar org.gradle.launcher.daemon.bootstrap.GradleDaemon 8.8

Host: AMD Ryzen 3 3250U with Radeon Graphics         , 4 cores, 3G,  Windows 11 , 64 bit Build 22621 (10.0.22621.3672)
Time: Wed Jul 31 18:34:11 2024 SE Asia Standard Time elapsed time: 315.752103 seconds (0d 0h 5m 15s)

---------------  T H R E A D  ---------------

Current thread (0x0000021c7603af60):  JavaThread "C2 CompilerThread0" daemon [_thread_in_native, id=12868, stack(0x00000054b6d00000,0x00000054b6e00000)]


Current CompileTask:
C2: 315752 5500       4       java.lang.invoke.MethodType::makeImpl (109 bytes)

Stack: [0x00000054b6d00000,0x00000054b6e00000]
Native frames: (J=compiled Java code, j=interpreted, Vv=VM code, C=native code)
V  [jvm.dll+0x683bfa]
V  [jvm.dll+0x8430a4]
V  [jvm.dll+0x8449be]
V  [jvm.dll+0x845023]
V  [jvm.dll+0x24ad2f]
V  [jvm.dll+0xac25c]
V  [jvm.dll+0xac82c]
V  [jvm.dll+0xac36b]
V  [jvm.dll+0x6dadac]
V  [jvm.dll+0x595b77]
V  [jvm.dll+0x762d62]
V  [jvm.dll+0x761dd7]
V  [jvm.dll+0x59feeb]
V  [jvm.dll+0x58caea]
V  [jvm.dll+0x225a12]
V  [jvm.dll+0x21ec49]
V  [jvm.dll+0x21c56b]
V  [jvm.dll+0x1a605d]
V  [jvm.dll+0x22c148]
V  [jvm.dll+0x22a209]
V  [jvm.dll+0x7f858c]
V  [jvm.dll+0x7f2aea]
V  [jvm.dll+0x682a35]
C  [ucrtbase.dll+0x29333]
C  [KERNEL32.DLL+0x1257d]
C  [ntdll.dll+0x5af28]


---------------  P R O C E S S  ---------------

Threads class SMR info:
_java_thread_list=0x0000021c76d48290, length=45, elements={
0x0000021c59effed0, 0x0000021c71de1b70, 0x0000021c71de28f0, 0x0000021c71dc8800,
0x0000021c71dc92c0, 0x0000021c76039820, 0x0000021c7603a1d0, 0x0000021c7603af60,
0x0000021c7603ba00, 0x0000021c7603cb90, 0x0000021c76194fb0, 0x0000021c762d7770,
0x0000021c77c48930, 0x0000021c7763f030, 0x0000021c76b71040, 0x0000021c76b6fd00,
0x0000021c76b701d0, 0x0000021c76b706a0, 0x0000021c76b70b70, 0x0000021c76b71510,
0x0000021c76b719e0, 0x0000021c76b71eb0, 0x0000021c76b6e9c0, 0x0000021c76b6ee90,
0x0000021c76b6f830, 0x0000021c77efa4c0, 0x0000021c77efa990, 0x0000021c77ef6630,
0x0000021c77ef8310, 0x0000021c77ef4950, 0x0000021c77efae60, 0x0000021c77ef9650,
0x0000021c77ef4e20, 0x0000021c77ef6160, 0x0000021c77efb330, 0x0000021c77efb800,
0x0000021c77ef6fd0, 0x0000021c77ef9180, 0x0000021c77ef3fb0, 0x0000021c77ef6b00,
0x0000021c77ef4480, 0x0000021c77ef7970, 0x0000021c77ef74a0, 0x0000021c76b6f360,
0x0000021c76b6e4f0
}

Java Threads: ( => current thread )
  0x0000021c59effed0 JavaThread "main" [_thread_blocked, id=14916, stack(0x00000054b5f00000,0x00000054b6000000)]
  0x0000021c71de1b70 JavaThread "Reference Handler" daemon [_thread_blocked, id=11972, stack(0x00000054b6700000,0x00000054b6800000)]
  0x0000021c71de28f0 JavaThread "Finalizer" daemon [_thread_blocked, id=14464, stack(0x00000054b6800000,0x00000054b6900000)]
  0x0000021c71dc8800 JavaThread "Signal Dispatcher" daemon [_thread_blocked, id=10908, stack(0x00000054b6900000,0x00000054b6a00000)]
  0x0000021c71dc92c0 JavaThread "Attach Listener" daemon [_thread_blocked, id=8492, stack(0x00000054b6a00000,0x00000054b6b00000)]
  0x0000021c76039820 JavaThread "Service Thread" daemon [_thread_blocked, id=7936, stack(0x00000054b6b00000,0x00000054b6c00000)]
  0x0000021c7603a1d0 JavaThread "Monitor Deflation Thread" daemon [_thread_blocked, id=8372, stack(0x00000054b6c00000,0x00000054b6d00000)]
=>0x0000021c7603af60 JavaThread "C2 CompilerThread0" daemon [_thread_in_native, id=12868, stack(0x00000054b6d00000,0x00000054b6e00000)]
  0x0000021c7603ba00 JavaThread "C1 CompilerThread0" daemon [_thread_blocked, id=3180, stack(0x00000054b6e00000,0x00000054b6f00000)]
  0x0000021c7603cb90 JavaThread "Sweeper thread" daemon [_thread_blocked, id=16276, stack(0x00000054b6f00000,0x00000054b7000000)]
  0x0000021c76194fb0 JavaThread "Common-Cleaner" daemon [_thread_blocked, id=13612, stack(0x00000054b7000000,0x00000054b7100000)]
  0x0000021c762d7770 JavaThread "Notification Thread" daemon [_thread_blocked, id=13628, stack(0x00000054b7100000,0x00000054b7200000)]
  0x0000021c77c48930 JavaThread "Daemon health stats" [_thread_blocked, id=5944, stack(0x00000054b6000000,0x00000054b6100000)]
  0x0000021c7763f030 JavaThread "Incoming local TCP Connector on port 56333" [_thread_in_native, id=14952, stack(0x00000054b7700000,0x00000054b7800000)]
  0x0000021c76b71040 JavaThread "Daemon periodic checks" [_thread_blocked, id=9312, stack(0x00000054b7800000,0x00000054b7900000)]
  0x0000021c76b6fd00 JavaThread "Daemon" [_thread_blocked, id=15756, stack(0x00000054b7900000,0x00000054b7a00000)]
  0x0000021c76b701d0 JavaThread "Handler for socket connection from /127.0.0.1:56333 to /127.0.0.1:56339" [_thread_in_native, id=11824, stack(0x00000054b7a00000,0x00000054b7b00000)]
  0x0000021c76b706a0 JavaThread "Cancel handler" [_thread_blocked, id=10928, stack(0x00000054b7b00000,0x00000054b7c00000)]
  0x0000021c76b70b70 JavaThread "Daemon worker" [_thread_blocked, id=7972, stack(0x00000054b7c00000,0x00000054b7d00000)]
  0x0000021c76b71510 JavaThread "Asynchronous log dispatcher for DefaultDaemonConnection: socket connection from /127.0.0.1:56333 to /127.0.0.1:56339" [_thread_blocked, id=15068, stack(0x00000054b7d00000,0x00000054b7e00000)]
  0x0000021c76b719e0 JavaThread "Stdin handler" [_thread_blocked, id=15164, stack(0x00000054b7e00000,0x00000054b7f00000)]
  0x0000021c76b71eb0 JavaThread "Daemon client event forwarder" [_thread_blocked, id=1200, stack(0x00000054b7f00000,0x00000054b8000000)]
  0x0000021c76b6e9c0 JavaThread "Cache worker for journal cache (C:\Users\TUONG VY\.gradle\caches\journal-1)" [_thread_blocked, id=2552, stack(0x00000054b8200000,0x00000054b8300000)]
  0x0000021c76b6ee90 JavaThread "File lock request listener" [_thread_in_native, id=10888, stack(0x00000054b8300000,0x00000054b8400000)]
  0x0000021c76b6f830 JavaThread "Cache worker for file hash cache (C:\Users\TUONG VY\.gradle\caches\8.8\fileHashes)" [_thread_blocked, id=12372, stack(0x00000054b8500000,0x00000054b8600000)]
  0x0000021c77efa4c0 JavaThread "Cache worker for file hash cache (D:\module_6\C0723L1-Repo-BE\movie_booking\.gradle\8.8\fileHashes)" [_thread_blocked, id=8592, stack(0x00000054b5e00000,0x00000054b5f00000)]
  0x0000021c77efa990 JavaThread "File watcher server" daemon [_thread_in_native, id=3388, stack(0x00000054b7600000,0x00000054b7700000)]
  0x0000021c77ef6630 JavaThread "File watcher consumer" daemon [_thread_blocked, id=14068, stack(0x00000054b8600000,0x00000054b8700000)]
  0x0000021c77ef8310 JavaThread "Cache worker for checksums cache (D:\module_6\C0723L1-Repo-BE\movie_booking\.gradle\8.8\checksums)" [_thread_blocked, id=5028, stack(0x00000054b8700000,0x00000054b8800000)]
  0x0000021c77ef4950 JavaThread "Cache worker for file content cache (C:\Users\TUONG VY\.gradle\caches\8.8\fileContent)" [_thread_blocked, id=12416, stack(0x00000054b8400000,0x00000054b8500000)]
  0x0000021c77efae60 JavaThread "File lock release action executor Thread 2" [_thread_blocked, id=14456, stack(0x00000054b8800000,0x00000054b8900000)]
  0x0000021c77ef9650 JavaThread "Cache worker for cache directory md-rule (C:\Users\TUONG VY\.gradle\caches\8.8\md-rule)" [_thread_blocked, id=9896, stack(0x00000054b8900000,0x00000054b8a00000)]
  0x0000021c77ef4e20 JavaThread "Cache worker for cache directory md-supplier (C:\Users\TUONG VY\.gradle\caches\8.8\md-supplier)" [_thread_blocked, id=14992, stack(0x00000054b8000000,0x00000054b8100000)]
  0x0000021c77ef6160 JavaThread "jar transforms" [_thread_blocked, id=14268, stack(0x00000054b8a00000,0x00000054b8b00000)]
  0x0000021c77efb330 JavaThread "jar transforms Thread 2" [_thread_blocked, id=3764, stack(0x00000054b8b00000,0x00000054b8c00000)]
  0x0000021c77efb800 JavaThread "jar transforms Thread 3" [_thread_blocked, id=16048, stack(0x00000054b8c00000,0x00000054b8d00000)]
  0x0000021c77ef6fd0 JavaThread "jar transforms Thread 4" [_thread_blocked, id=3512, stack(0x00000054b8d00000,0x00000054b8e00000)]
  0x0000021c77ef9180 JavaThread "Cache worker for Build Output Cleanup Cache (D:\module_6\C0723L1-Repo-BE\movie_booking\.gradle\buildOutputCleanup)" [_thread_blocked, id=14312, stack(0x00000054b8100000,0x00000054b8200000)]
  0x0000021c77ef3fb0 JavaThread "Unconstrained build operations" [_thread_blocked, id=11652, stack(0x00000054b9000000,0x00000054b9100000)]
  0x0000021c77ef6b00 JavaThread "Unconstrained build operations Thread 2" [_thread_blocked, id=10912, stack(0x00000054b9100000,0x00000054b9200000)]
  0x0000021c77ef4480 JavaThread "Unconstrained build operations Thread 3" [_thread_blocked, id=7420, stack(0x00000054b9200000,0x00000054b9300000)]
  0x0000021c77ef7970 JavaThread "File lock release action executor Thread 3" [_thread_blocked, id=4820, stack(0x00000054b9300000,0x00000054b9400000)]
  0x0000021c77ef74a0 JavaThread "Unconstrained build operations Thread 4" [_thread_in_vm, id=8616, stack(0x00000054b9400000,0x00000054b9500000)]
  0x0000021c76b6f360 JavaThread "Unconstrained build operations Thread 5" [_thread_in_vm, id=4152, stack(0x00000054b9500000,0x00000054b9600000)] _threads_hazard_ptr=0x0000021c76d48290
  0x0000021c76b6e4f0 JavaThread "Unconstrained build operations Thread 6" [_thread_in_vm, id=14588, stack(0x00000054b9600000,0x00000054b9700000)]

Other Threads:
  0x0000021c71ddfd40 VMThread "VM Thread" [stack: 0x00000054b6600000,0x00000054b6700000] [id=3324]
  0x0000021c762d98f0 WatcherThread [stack: 0x00000054b7200000,0x00000054b7300000] [id=2628]
  0x0000021c59f2dcc0 GCTaskThread "GC Thread#0" [stack: 0x00000054b6100000,0x00000054b6200000] [id=16064]
  0x0000021c763505c0 GCTaskThread "GC Thread#1" [stack: 0x00000054b7300000,0x00000054b7400000] [id=7388]
  0x0000021c76397e80 GCTaskThread "GC Thread#2" [stack: 0x00000054b7400000,0x00000054b7500000] [id=5420]
  0x0000021c76398130 GCTaskThread "GC Thread#3" [stack: 0x00000054b7500000,0x00000054b7600000] [id=12388]
  0x0000021c59f32c00 ConcurrentGCThread "G1 Main Marker" [stack: 0x00000054b6200000,0x00000054b6300000] [id=7668]
  0x0000021c59f33610 ConcurrentGCThread "G1 Conc#0" [stack: 0x00000054b6300000,0x00000054b6400000] [id=6388]
  0x0000021c71c324d0 ConcurrentGCThread "G1 Refine#0" [stack: 0x00000054b6400000,0x00000054b6500000] [id=15020]
  0x0000021c71c32ef0 ConcurrentGCThread "G1 Service" [stack: 0x00000054b6500000,0x00000054b6600000] [id=15356]

Threads with active compile tasks:
C2 CompilerThread0   315799 5500       4       java.lang.invoke.MethodType::makeImpl (109 bytes)

VM state: not at safepoint (normal execution)

VM Mutex/Monitor currently owned by a thread: None

Heap address: 0x00000000e0000000, size: 512 MB, Compressed Oops mode: 32-bit

CDS archive(s) not mapped
Compressed class space mapped at: 0x0000000100000000-0x0000000114000000, reserved size: 335544320
Narrow klass base: 0x0000000000000000, Narrow klass shift: 3, Narrow klass range: 0x114000000

GC Precious Log:
 CPUs: 4 total, 4 available
 Memory: 3534M
 Large Page Support: Disabled
 NUMA Support: Disabled
 Compressed Oops: Enabled (32-bit)
 Heap Region Size: 1M
 Heap Min Capacity: 256M
 Heap Initial Capacity: 256M
 Heap Max Capacity: 512M
 Pre-touch: Disabled
 Parallel Workers: 4
 Concurrent Workers: 1
 Concurrent Refinement Workers: 4
 Periodic GC: Disabled

Heap:
 garbage-first heap   total 262144K, used 62000K [0x00000000e0000000, 0x0000000100000000)
  region size 1024K, 29 young (29696K), 2 survivors (2048K)
 Metaspace       used 55615K, committed 56064K, reserved 393216K
  class space    used 7505K, committed 7680K, reserved 327680K

Heap Regions: E=young(eden), S=young(survivor), O=old, HS=humongous(starts), HC=humongous(continues), CS=collection set, F=free, OA=open archive, CA=closed archive, TAMS=top-at-mark-start (previous, next)
|   0|0x00000000e0000000, 0x00000000e0100000, 0x00000000e0100000|100%|HS|  |TAMS 0x00000000e0100000, 0x00000000e0000000| Complete 
|   1|0x00000000e0100000, 0x00000000e0200000, 0x00000000e0200000|100%|HC|  |TAMS 0x00000000e0200000, 0x00000000e0100000| Complete 
|   2|0x00000000e0200000, 0x00000000e0300000, 0x00000000e0300000|100%|HC|  |TAMS 0x00000000e0300000, 0x00000000e0200000| Complete 
|   3|0x00000000e0300000, 0x00000000e0400000, 0x00000000e0400000|100%|HC|  |TAMS 0x00000000e0400000, 0x00000000e0300000| Complete 
|   4|0x00000000e0400000, 0x00000000e0500000, 0x00000000e0500000|100%| O|  |TAMS 0x00000000e0500000, 0x00000000e0400000| Untracked 
|   5|0x00000000e0500000, 0x00000000e0600000, 0x00000000e0600000|100%| O|  |TAMS 0x00000000e0600000, 0x00000000e0500000| Untracked 
|   6|0x00000000e0600000, 0x00000000e0700000, 0x00000000e0700000|100%| O|  |TAMS 0x00000000e0700000, 0x00000000e0600000| Untracked 
|   7|0x00000000e0700000, 0x00000000e0800000, 0x00000000e0800000|100%| O|  |TAMS 0x00000000e0800000, 0x00000000e0700000| Untracked 
|   8|0x00000000e0800000, 0x00000000e0900000, 0x00000000e0900000|100%|HS|  |TAMS 0x00000000e0900000, 0x00000000e0800000| Complete 
|   9|0x00000000e0900000, 0x00000000e0a00000, 0x00000000e0a00000|100%| O|  |TAMS 0x00000000e0a00000, 0x00000000e0900000| Untracked 
|  10|0x00000000e0a00000, 0x00000000e0b00000, 0x00000000e0b00000|100%| O|  |TAMS 0x00000000e0b00000, 0x00000000e0a00000| Untracked 
|  11|0x00000000e0b00000, 0x00000000e0c00000, 0x00000000e0c00000|100%| O|  |TAMS 0x00000000e0c00000, 0x00000000e0b00000| Untracked 
|  12|0x00000000e0c00000, 0x00000000e0d00000, 0x00000000e0d00000|100%| O|  |TAMS 0x00000000e0d00000, 0x00000000e0c00000| Untracked 
|  13|0x00000000e0d00000, 0x00000000e0e00000, 0x00000000e0e00000|100%| O|  |TAMS 0x00000000e0e00000, 0x00000000e0d00000| Untracked 
|  14|0x00000000e0e00000, 0x00000000e0f00000, 0x00000000e0f00000|100%| O|  |TAMS 0x00000000e0f00000, 0x00000000e0e00000| Untracked 
|  15|0x00000000e0f00000, 0x00000000e1000000, 0x00000000e1000000|100%| O|  |TAMS 0x00000000e1000000, 0x00000000e0f00000| Untracked 
|  16|0x00000000e1000000, 0x00000000e1100000, 0x00000000e1100000|100%| O|  |TAMS 0x00000000e1100000, 0x00000000e1000000| Untracked 
|  17|0x00000000e1100000, 0x00000000e1200000, 0x00000000e1200000|100%| O|  |TAMS 0x00000000e1200000, 0x00000000e1100000| Untracked 
|  18|0x00000000e1200000, 0x00000000e1300000, 0x00000000e1300000|100%| O|  |TAMS 0x00000000e1300000, 0x00000000e1200000| Untracked 
|  19|0x00000000e1300000, 0x00000000e1400000, 0x00000000e1400000|100%| O|  |TAMS 0x00000000e1400000, 0x00000000e1300000| Untracked 
|  20|0x00000000e1400000, 0x00000000e1500000, 0x00000000e1500000|100%| O|  |TAMS 0x00000000e1500000, 0x00000000e1400000| Untracked 
|  21|0x00000000e1500000, 0x00000000e1600000, 0x00000000e1600000|100%| O|  |TAMS 0x00000000e1600000, 0x00000000e1500000| Untracked 
|  22|0x00000000e1600000, 0x00000000e1700000, 0x00000000e1700000|100%| O|  |TAMS 0x00000000e1628400, 0x00000000e1600000| Untracked 
|  23|0x00000000e1700000, 0x00000000e1800000, 0x00000000e1800000|100%| O|  |TAMS 0x00000000e1700000, 0x00000000e1700000| Untracked 
|  24|0x00000000e1800000, 0x00000000e1900000, 0x00000000e1900000|100%| O|  |TAMS 0x00000000e1800000, 0x00000000e1800000| Untracked 
|  25|0x00000000e1900000, 0x00000000e1a00000, 0x00000000e1a00000|100%| O|  |TAMS 0x00000000e1900000, 0x00000000e1900000| Untracked 
|  26|0x00000000e1a00000, 0x00000000e1b00000, 0x00000000e1b00000|100%| O|  |TAMS 0x00000000e1a00000, 0x00000000e1a00000| Untracked 
|  27|0x00000000e1b00000, 0x00000000e1c00000, 0x00000000e1c00000|100%| O|  |TAMS 0x00000000e1b00000, 0x00000000e1b00000| Untracked 
|  28|0x00000000e1c00000, 0x00000000e1d00000, 0x00000000e1d00000|100%| O|  |TAMS 0x00000000e1c00000, 0x00000000e1c00000| Untracked 
|  29|0x00000000e1d00000, 0x00000000e1e00000, 0x00000000e1e00000|100%| O|  |TAMS 0x00000000e1d00000, 0x00000000e1d00000| Untracked 
|  30|0x00000000e1e00000, 0x00000000e1e00000, 0x00000000e1f00000|  0%| F|  |TAMS 0x00000000e1e00000, 0x00000000e1e00000| Untracked 
|  31|0x00000000e1f00000, 0x00000000e1f00000, 0x00000000e2000000|  0%| F|  |TAMS 0x00000000e1f00000, 0x00000000e1f00000| Untracked 
|  32|0x00000000e2000000, 0x00000000e20b0800, 0x00000000e2100000| 68%| O|  |TAMS 0x00000000e2000000, 0x00000000e2000000| Untracked 
|  33|0x00000000e2100000, 0x00000000e2100000, 0x00000000e2200000|  0%| F|  |TAMS 0x00000000e2100000, 0x00000000e2100000| Untracked 
|  34|0x00000000e2200000, 0x00000000e2300000, 0x00000000e2300000|100%| O|  |TAMS 0x00000000e2200000, 0x00000000e2200000| Untracked 
|  35|0x00000000e2300000, 0x00000000e2400000, 0x00000000e2400000|100%| O|  |TAMS 0x00000000e2300000, 0x00000000e2300000| Untracked 
|  36|0x00000000e2400000, 0x00000000e2400000, 0x00000000e2500000|  0%| F|  |TAMS 0x00000000e2400000, 0x00000000e2400000| Untracked 
|  37|0x00000000e2500000, 0x00000000e2500000, 0x00000000e2600000|  0%| F|  |TAMS 0x00000000e2500000, 0x00000000e2500000| Untracked 
|  38|0x00000000e2600000, 0x00000000e2600000, 0x00000000e2700000|  0%| F|  |TAMS 0x00000000e2600000, 0x00000000e2600000| Untracked 
|  39|0x00000000e2700000, 0x00000000e2700000, 0x00000000e2800000|  0%| F|  |TAMS 0x00000000e2700000, 0x00000000e2700000| Untracked 
|  40|0x00000000e2800000, 0x00000000e2800000, 0x00000000e2900000|  0%| F|  |TAMS 0x00000000e2800000, 0x00000000e2800000| Untracked 
|  41|0x00000000e2900000, 0x00000000e2900000, 0x00000000e2a00000|  0%| F|  |TAMS 0x00000000e2900000, 0x00000000e2900000| Untracked 
|  42|0x00000000e2a00000, 0x00000000e2a00000, 0x00000000e2b00000|  0%| F|  |TAMS 0x00000000e2a00000, 0x00000000e2a00000| Untracked 
|  43|0x00000000e2b00000, 0x00000000e2b00000, 0x00000000e2c00000|  0%| F|  |TAMS 0x00000000e2b00000, 0x00000000e2b00000| Untracked 
|  44|0x00000000e2c00000, 0x00000000e2c00000, 0x00000000e2d00000|  0%| F|  |TAMS 0x00000000e2c00000, 0x00000000e2c00000| Untracked 
|  45|0x00000000e2d00000, 0x00000000e2d00000, 0x00000000e2e00000|  0%| F|  |TAMS 0x00000000e2d00000, 0x00000000e2d00000| Untracked 
|  46|0x00000000e2e00000, 0x00000000e2e00000, 0x00000000e2f00000|  0%| F|  |TAMS 0x00000000e2e00000, 0x00000000e2e00000| Untracked 
|  47|0x00000000e2f00000, 0x00000000e2f00000, 0x00000000e3000000|  0%| F|  |TAMS 0x00000000e2f00000, 0x00000000e2f00000| Untracked 
|  48|0x00000000e3000000, 0x00000000e3000000, 0x00000000e3100000|  0%| F|  |TAMS 0x00000000e3000000, 0x00000000e3000000| Untracked 
|  49|0x00000000e3100000, 0x00000000e3100000, 0x00000000e3200000|  0%| F|  |TAMS 0x00000000e3100000, 0x00000000e3100000| Untracked 
|  50|0x00000000e3200000, 0x00000000e3200000, 0x00000000e3300000|  0%| F|  |TAMS 0x00000000e3200000, 0x00000000e3200000| Untracked 
|  51|0x00000000e3300000, 0x00000000e3300000, 0x00000000e3400000|  0%| F|  |TAMS 0x00000000e3300000, 0x00000000e3300000| Untracked 
|  52|0x00000000e3400000, 0x00000000e3400000, 0x00000000e3500000|  0%| F|  |TAMS 0x00000000e3400000, 0x00000000e3400000| Untracked 
|  53|0x00000000e3500000, 0x00000000e3500000, 0x00000000e3600000|  0%| F|  |TAMS 0x00000000e3500000, 0x00000000e3500000| Untracked 
|  54|0x00000000e3600000, 0x00000000e3600000, 0x00000000e3700000|  0%| F|  |TAMS 0x00000000e3600000, 0x00000000e3600000| Untracked 
|  55|0x00000000e3700000, 0x00000000e3700000, 0x00000000e3800000|  0%| F|  |TAMS 0x00000000e3700000, 0x00000000e3700000| Untracked 
|  56|0x00000000e3800000, 0x00000000e3800000, 0x00000000e3900000|  0%| F|  |TAMS 0x00000000e3800000, 0x00000000e3800000| Untracked 
|  57|0x00000000e3900000, 0x00000000e3900000, 0x00000000e3a00000|  0%| F|  |TAMS 0x00000000e3900000, 0x00000000e3900000| Untracked 
|  58|0x00000000e3a00000, 0x00000000e3a00000, 0x00000000e3b00000|  0%| F|  |TAMS 0x00000000e3a00000, 0x00000000e3a00000| Untracked 
|  59|0x00000000e3b00000, 0x00000000e3b00000, 0x00000000e3c00000|  0%| F|  |TAMS 0x00000000e3b00000, 0x00000000e3b00000| Untracked 
|  60|0x00000000e3c00000, 0x00000000e3c00000, 0x00000000e3d00000|  0%| F|  |TAMS 0x00000000e3c00000, 0x00000000e3c00000| Untracked 
|  61|0x00000000e3d00000, 0x00000000e3d00000, 0x00000000e3e00000|  0%| F|  |TAMS 0x00000000e3d00000, 0x00000000e3d00000| Untracked 
|  62|0x00000000e3e00000, 0x00000000e3e00000, 0x00000000e3f00000|  0%| F|  |TAMS 0x00000000e3e00000, 0x00000000e3e00000| Untracked 
|  63|0x00000000e3f00000, 0x00000000e3f00000, 0x00000000e4000000|  0%| F|  |TAMS 0x00000000e3f00000, 0x00000000e3f00000| Untracked 
|  64|0x00000000e4000000, 0x00000000e4000000, 0x00000000e4100000|  0%| F|  |TAMS 0x00000000e4000000, 0x00000000e4000000| Untracked 
|  65|0x00000000e4100000, 0x00000000e4100000, 0x00000000e4200000|  0%| F|  |TAMS 0x00000000e4100000, 0x00000000e4100000| Untracked 
|  66|0x00000000e4200000, 0x00000000e4200000, 0x00000000e4300000|  0%| F|  |TAMS 0x00000000e4200000, 0x00000000e4200000| Untracked 
|  67|0x00000000e4300000, 0x00000000e4300000, 0x00000000e4400000|  0%| F|  |TAMS 0x00000000e4300000, 0x00000000e4300000| Untracked 
|  68|0x00000000e4400000, 0x00000000e4400000, 0x00000000e4500000|  0%| F|  |TAMS 0x00000000e4400000, 0x00000000e4400000| Untracked 
|  69|0x00000000e4500000, 0x00000000e4500000, 0x00000000e4600000|  0%| F|  |TAMS 0x00000000e4500000, 0x00000000e4500000| Untracked 
|  70|0x00000000e4600000, 0x00000000e4600000, 0x00000000e4700000|  0%| F|  |TAMS 0x00000000e4600000, 0x00000000e4600000| Untracked 
|  71|0x00000000e4700000, 0x00000000e4700000, 0x00000000e4800000|  0%| F|  |TAMS 0x00000000e4700000, 0x00000000e4700000| Untracked 
|  72|0x00000000e4800000, 0x00000000e4800000, 0x00000000e4900000|  0%| F|  |TAMS 0x00000000e4800000, 0x00000000e4800000| Untracked 
|  73|0x00000000e4900000, 0x00000000e4900000, 0x00000000e4a00000|  0%| F|  |TAMS 0x00000000e4900000, 0x00000000e4900000| Untracked 
|  74|0x00000000e4a00000, 0x00000000e4a00000, 0x00000000e4b00000|  0%| F|  |TAMS 0x00000000e4a00000, 0x00000000e4a00000| Untracked 
|  75|0x00000000e4b00000, 0x00000000e4b00000, 0x00000000e4c00000|  0%| F|  |TAMS 0x00000000e4b00000, 0x00000000e4b00000| Untracked 
|  76|0x00000000e4c00000, 0x00000000e4c00000, 0x00000000e4d00000|  0%| F|  |TAMS 0x00000000e4c00000, 0x00000000e4c00000| Untracked 
|  77|0x00000000e4d00000, 0x00000000e4d00000, 0x00000000e4e00000|  0%| F|  |TAMS 0x00000000e4d00000, 0x00000000e4d00000| Untracked 
|  78|0x00000000e4e00000, 0x00000000e4e00000, 0x00000000e4f00000|  0%| F|  |TAMS 0x00000000e4e00000, 0x00000000e4e00000| Untracked 
|  79|0x00000000e4f00000, 0x00000000e4f00000, 0x00000000e5000000|  0%| F|  |TAMS 0x00000000e4f00000, 0x00000000e4f00000| Untracked 
|  80|0x00000000e5000000, 0x00000000e5000000, 0x00000000e5100000|  0%| F|  |TAMS 0x00000000e5000000, 0x00000000e5000000| Untracked 
|  81|0x00000000e5100000, 0x00000000e5100000, 0x00000000e5200000|  0%| F|  |TAMS 0x00000000e5100000, 0x00000000e5100000| Untracked 
|  82|0x00000000e5200000, 0x00000000e5200000, 0x00000000e5300000|  0%| F|  |TAMS 0x00000000e5200000, 0x00000000e5200000| Untracked 
|  83|0x00000000e5300000, 0x00000000e5300000, 0x00000000e5400000|  0%| F|  |TAMS 0x00000000e5300000, 0x00000000e5300000| Untracked 
|  84|0x00000000e5400000, 0x00000000e5400000, 0x00000000e5500000|  0%| F|  |TAMS 0x00000000e5400000, 0x00000000e5400000| Untracked 
|  85|0x00000000e5500000, 0x00000000e5500000, 0x00000000e5600000|  0%| F|  |TAMS 0x00000000e5500000, 0x00000000e5500000| Untracked 
|  86|0x00000000e5600000, 0x00000000e5600000, 0x00000000e5700000|  0%| F|  |TAMS 0x00000000e5600000, 0x00000000e5600000| Untracked 
|  87|0x00000000e5700000, 0x00000000e5700000, 0x00000000e5800000|  0%| F|  |TAMS 0x00000000e5700000, 0x00000000e5700000| Untracked 
|  88|0x00000000e5800000, 0x00000000e5800000, 0x00000000e5900000|  0%| F|  |TAMS 0x00000000e5800000, 0x00000000e5800000| Untracked 
|  89|0x00000000e5900000, 0x00000000e5900000, 0x00000000e5a00000|  0%| F|  |TAMS 0x00000000e5900000, 0x00000000e5900000| Untracked 
|  90|0x00000000e5a00000, 0x00000000e5a00000, 0x00000000e5b00000|  0%| F|  |TAMS 0x00000000e5a00000, 0x00000000e5a00000| Untracked 
|  91|0x00000000e5b00000, 0x00000000e5b00000, 0x00000000e5c00000|  0%| F|  |TAMS 0x00000000e5b00000, 0x00000000e5b00000| Untracked 
|  92|0x00000000e5c00000, 0x00000000e5c00000, 0x00000000e5d00000|  0%| F|  |TAMS 0x00000000e5c00000, 0x00000000e5c00000| Untracked 
|  93|0x00000000e5d00000, 0x00000000e5d00000, 0x00000000e5e00000|  0%| F|  |TAMS 0x00000000e5d00000, 0x00000000e5d00000| Untracked 
|  94|0x00000000e5e00000, 0x00000000e5e00000, 0x00000000e5f00000|  0%| F|  |TAMS 0x00000000e5e00000, 0x00000000e5e00000| Untracked 
|  95|0x00000000e5f00000, 0x00000000e5f00000, 0x00000000e6000000|  0%| F|  |TAMS 0x00000000e5f00000, 0x00000000e5f00000| Untracked 
|  96|0x00000000e6000000, 0x00000000e6000000, 0x00000000e6100000|  0%| F|  |TAMS 0x00000000e6000000, 0x00000000e6000000| Untracked 
|  97|0x00000000e6100000, 0x00000000e6100000, 0x00000000e6200000|  0%| F|  |TAMS 0x00000000e6100000, 0x00000000e6100000| Untracked 
|  98|0x00000000e6200000, 0x00000000e6200000, 0x00000000e6300000|  0%| F|  |TAMS 0x00000000e6200000, 0x00000000e6200000| Untracked 
|  99|0x00000000e6300000, 0x00000000e6300000, 0x00000000e6400000|  0%| F|  |TAMS 0x00000000e6300000, 0x00000000e6300000| Untracked 
| 100|0x00000000e6400000, 0x00000000e6400000, 0x00000000e6500000|  0%| F|  |TAMS 0x00000000e6400000, 0x00000000e6400000| Untracked 
| 101|0x00000000e6500000, 0x00000000e6500000, 0x00000000e6600000|  0%| F|  |TAMS 0x00000000e6500000, 0x00000000e6500000| Untracked 
| 102|0x00000000e6600000, 0x00000000e6600000, 0x00000000e6700000|  0%| F|  |TAMS 0x00000000e6600000, 0x00000000e6600000| Untracked 
| 103|0x00000000e6700000, 0x00000000e6700000, 0x00000000e6800000|  0%| F|  |TAMS 0x00000000e6700000, 0x00000000e6700000| Untracked 
| 104|0x00000000e6800000, 0x00000000e6800000, 0x00000000e6900000|  0%| F|  |TAMS 0x00000000e6800000, 0x00000000e6800000| Untracked 
| 105|0x00000000e6900000, 0x00000000e6900000, 0x00000000e6a00000|  0%| F|  |TAMS 0x00000000e6900000, 0x00000000e6900000| Untracked 
| 106|0x00000000e6a00000, 0x00000000e6a00000, 0x00000000e6b00000|  0%| F|  |TAMS 0x00000000e6a00000, 0x00000000e6a00000| Untracked 
| 107|0x00000000e6b00000, 0x00000000e6b00000, 0x00000000e6c00000|  0%| F|  |TAMS 0x00000000e6b00000, 0x00000000e6b00000| Untracked 
| 108|0x00000000e6c00000, 0x00000000e6c00000, 0x00000000e6d00000|  0%| F|  |TAMS 0x00000000e6c00000, 0x00000000e6c00000| Untracked 
| 109|0x00000000e6d00000, 0x00000000e6d00000, 0x00000000e6e00000|  0%| F|  |TAMS 0x00000000e6d00000, 0x00000000e6d00000| Untracked 
| 110|0x00000000e6e00000, 0x00000000e6e00000, 0x00000000e6f00000|  0%| F|  |TAMS 0x00000000e6e00000, 0x00000000e6e00000| Untracked 
| 111|0x00000000e6f00000, 0x00000000e6f00000, 0x00000000e7000000|  0%| F|  |TAMS 0x00000000e6f00000, 0x00000000e6f00000| Untracked 
| 112|0x00000000e7000000, 0x00000000e7000000, 0x00000000e7100000|  0%| F|  |TAMS 0x00000000e7000000, 0x00000000e7000000| Untracked 
| 113|0x00000000e7100000, 0x00000000e7100000, 0x00000000e7200000|  0%| F|  |TAMS 0x00000000e7100000, 0x00000000e7100000| Untracked 
| 114|0x00000000e7200000, 0x00000000e7200000, 0x00000000e7300000|  0%| F|  |TAMS 0x00000000e7200000, 0x00000000e7200000| Untracked 
| 115|0x00000000e7300000, 0x00000000e7300000, 0x00000000e7400000|  0%| F|  |TAMS 0x00000000e7300000, 0x00000000e7300000| Untracked 
| 116|0x00000000e7400000, 0x00000000e7400000, 0x00000000e7500000|  0%| F|  |TAMS 0x00000000e7400000, 0x00000000e7400000| Untracked 
| 117|0x00000000e7500000, 0x00000000e7500000, 0x00000000e7600000|  0%| F|  |TAMS 0x00000000e7500000, 0x00000000e7500000| Untracked 
| 118|0x00000000e7600000, 0x00000000e7600000, 0x00000000e7700000|  0%| F|  |TAMS 0x00000000e7600000, 0x00000000e7600000| Untracked 
| 119|0x00000000e7700000, 0x00000000e7700000, 0x00000000e7800000|  0%| F|  |TAMS 0x00000000e7700000, 0x00000000e7700000| Untracked 
| 120|0x00000000e7800000, 0x00000000e7800000, 0x00000000e7900000|  0%| F|  |TAMS 0x00000000e7800000, 0x00000000e7800000| Untracked 
| 121|0x00000000e7900000, 0x00000000e7900000, 0x00000000e7a00000|  0%| F|  |TAMS 0x00000000e7900000, 0x00000000e7900000| Untracked 
| 122|0x00000000e7a00000, 0x00000000e7a00000, 0x00000000e7b00000|  0%| F|  |TAMS 0x00000000e7a00000, 0x00000000e7a00000| Untracked 
| 123|0x00000000e7b00000, 0x00000000e7b00000, 0x00000000e7c00000|  0%| F|  |TAMS 0x00000000e7b00000, 0x00000000e7b00000| Untracked 
| 124|0x00000000e7c00000, 0x00000000e7c00000, 0x00000000e7d00000|  0%| F|  |TAMS 0x00000000e7c00000, 0x00000000e7c00000| Untracked 
| 125|0x00000000e7d00000, 0x00000000e7d00000, 0x00000000e7e00000|  0%| F|  |TAMS 0x00000000e7d00000, 0x00000000e7d00000| Untracked 
| 126|0x00000000e7e00000, 0x00000000e7e00000, 0x00000000e7f00000|  0%| F|  |TAMS 0x00000000e7e00000, 0x00000000e7e00000| Untracked 
| 127|0x00000000e7f00000, 0x00000000e7f00000, 0x00000000e8000000|  0%| F|  |TAMS 0x00000000e7f00000, 0x00000000e7f00000| Untracked 
| 128|0x00000000e8000000, 0x00000000e8000000, 0x00000000e8100000|  0%| F|  |TAMS 0x00000000e8000000, 0x00000000e8000000| Untracked 
| 129|0x00000000e8100000, 0x00000000e8100000, 0x00000000e8200000|  0%| F|  |TAMS 0x00000000e8100000, 0x00000000e8100000| Untracked 
| 130|0x00000000e8200000, 0x00000000e8200000, 0x00000000e8300000|  0%| F|  |TAMS 0x00000000e8200000, 0x00000000e8200000| Untracked 
| 131|0x00000000e8300000, 0x00000000e8300000, 0x00000000e8400000|  0%| F|  |TAMS 0x00000000e8300000, 0x00000000e8300000| Untracked 
| 132|0x00000000e8400000, 0x00000000e8400000, 0x00000000e8500000|  0%| F|  |TAMS 0x00000000e8400000, 0x00000000e8400000| Untracked 
| 133|0x00000000e8500000, 0x00000000e8500000, 0x00000000e8600000|  0%| F|  |TAMS 0x00000000e8500000, 0x00000000e8500000| Untracked 
| 134|0x00000000e8600000, 0x00000000e8600000, 0x00000000e8700000|  0%| F|  |TAMS 0x00000000e8600000, 0x00000000e8600000| Untracked 
| 135|0x00000000e8700000, 0x00000000e8700000, 0x00000000e8800000|  0%| F|  |TAMS 0x00000000e8700000, 0x00000000e8700000| Untracked 
| 136|0x00000000e8800000, 0x00000000e8800000, 0x00000000e8900000|  0%| F|  |TAMS 0x00000000e8800000, 0x00000000e8800000| Untracked 
| 137|0x00000000e8900000, 0x00000000e8900000, 0x00000000e8a00000|  0%| F|  |TAMS 0x00000000e8900000, 0x00000000e8900000| Untracked 
| 138|0x00000000e8a00000, 0x00000000e8a00000, 0x00000000e8b00000|  0%| F|  |TAMS 0x00000000e8a00000, 0x00000000e8a00000| Untracked 
| 139|0x00000000e8b00000, 0x00000000e8b00000, 0x00000000e8c00000|  0%| F|  |TAMS 0x00000000e8b00000, 0x00000000e8b00000| Untracked 
| 140|0x00000000e8c00000, 0x00000000e8c00000, 0x00000000e8d00000|  0%| F|  |TAMS 0x00000000e8c00000, 0x00000000e8c00000| Untracked 
| 141|0x00000000e8d00000, 0x00000000e8d00000, 0x00000000e8e00000|  0%| F|  |TAMS 0x00000000e8d00000, 0x00000000e8d00000| Untracked 
| 142|0x00000000e8e00000, 0x00000000e8e00000, 0x00000000e8f00000|  0%| F|  |TAMS 0x00000000e8e00000, 0x00000000e8e00000| Untracked 
| 143|0x00000000e8f00000, 0x00000000e8f00000, 0x00000000e9000000|  0%| F|  |TAMS 0x00000000e8f00000, 0x00000000e8f00000| Untracked 
| 144|0x00000000e9000000, 0x00000000e9000000, 0x00000000e9100000|  0%| F|  |TAMS 0x00000000e9000000, 0x00000000e9000000| Untracked 
| 145|0x00000000e9100000, 0x00000000e9100000, 0x00000000e9200000|  0%| F|  |TAMS 0x00000000e9100000, 0x00000000e9100000| Untracked 
| 146|0x00000000e9200000, 0x00000000e9200000, 0x00000000e9300000|  0%| F|  |TAMS 0x00000000e9200000, 0x00000000e9200000| Untracked 
| 147|0x00000000e9300000, 0x00000000e9300000, 0x00000000e9400000|  0%| F|  |TAMS 0x00000000e9300000, 0x00000000e9300000| Untracked 
| 148|0x00000000e9400000, 0x00000000e9400000, 0x00000000e9500000|  0%| F|  |TAMS 0x00000000e9400000, 0x00000000e9400000| Untracked 
| 149|0x00000000e9500000, 0x00000000e9500000, 0x00000000e9600000|  0%| F|  |TAMS 0x00000000e9500000, 0x00000000e9500000| Untracked 
| 150|0x00000000e9600000, 0x00000000e9600000, 0x00000000e9700000|  0%| F|  |TAMS 0x00000000e9600000, 0x00000000e9600000| Untracked 
| 151|0x00000000e9700000, 0x00000000e9700000, 0x00000000e9800000|  0%| F|  |TAMS 0x00000000e9700000, 0x00000000e9700000| Untracked 
| 152|0x00000000e9800000, 0x00000000e9800000, 0x00000000e9900000|  0%| F|  |TAMS 0x00000000e9800000, 0x00000000e9800000| Untracked 
| 153|0x00000000e9900000, 0x00000000e9900000, 0x00000000e9a00000|  0%| F|  |TAMS 0x00000000e9900000, 0x00000000e9900000| Untracked 
| 154|0x00000000e9a00000, 0x00000000e9a00000, 0x00000000e9b00000|  0%| F|  |TAMS 0x00000000e9a00000, 0x00000000e9a00000| Untracked 
| 155|0x00000000e9b00000, 0x00000000e9b00000, 0x00000000e9c00000|  0%| F|  |TAMS 0x00000000e9b00000, 0x00000000e9b00000| Untracked 
| 156|0x00000000e9c00000, 0x00000000e9c00000, 0x00000000e9d00000|  0%| F|  |TAMS 0x00000000e9c00000, 0x00000000e9c00000| Untracked 
| 157|0x00000000e9d00000, 0x00000000e9d00000, 0x00000000e9e00000|  0%| F|  |TAMS 0x00000000e9d00000, 0x00000000e9d00000| Untracked 
| 158|0x00000000e9e00000, 0x00000000e9e00000, 0x00000000e9f00000|  0%| F|  |TAMS 0x00000000e9e00000, 0x00000000e9e00000| Untracked 
| 159|0x00000000e9f00000, 0x00000000e9f00000, 0x00000000ea000000|  0%| F|  |TAMS 0x00000000e9f00000, 0x00000000e9f00000| Untracked 
| 160|0x00000000ea000000, 0x00000000ea000000, 0x00000000ea100000|  0%| F|  |TAMS 0x00000000ea000000, 0x00000000ea000000| Untracked 
| 161|0x00000000ea100000, 0x00000000ea100000, 0x00000000ea200000|  0%| F|  |TAMS 0x00000000ea100000, 0x00000000ea100000| Untracked 
| 162|0x00000000ea200000, 0x00000000ea200000, 0x00000000ea300000|  0%| F|  |TAMS 0x00000000ea200000, 0x00000000ea200000| Untracked 
| 163|0x00000000ea300000, 0x00000000ea300000, 0x00000000ea400000|  0%| F|  |TAMS 0x00000000ea300000, 0x00000000ea300000| Untracked 
| 164|0x00000000ea400000, 0x00000000ea400000, 0x00000000ea500000|  0%| F|  |TAMS 0x00000000ea400000, 0x00000000ea400000| Untracked 
| 165|0x00000000ea500000, 0x00000000ea500000, 0x00000000ea600000|  0%| F|  |TAMS 0x00000000ea500000, 0x00000000ea500000| Untracked 
| 166|0x00000000ea600000, 0x00000000ea600000, 0x00000000ea700000|  0%| F|  |TAMS 0x00000000ea600000, 0x00000000ea600000| Untracked 
| 167|0x00000000ea700000, 0x00000000ea700000, 0x00000000ea800000|  0%| F|  |TAMS 0x00000000ea700000, 0x00000000ea700000| Untracked 
| 168|0x00000000ea800000, 0x00000000ea800000, 0x00000000ea900000|  0%| F|  |TAMS 0x00000000ea800000, 0x00000000ea800000| Untracked 
| 169|0x00000000ea900000, 0x00000000ea900000, 0x00000000eaa00000|  0%| F|  |TAMS 0x00000000ea900000, 0x00000000ea900000| Untracked 
| 170|0x00000000eaa00000, 0x00000000eaa00000, 0x00000000eab00000|  0%| F|  |TAMS 0x00000000eaa00000, 0x00000000eaa00000| Untracked 
| 171|0x00000000eab00000, 0x00000000eab00000, 0x00000000eac00000|  0%| F|  |TAMS 0x00000000eab00000, 0x00000000eab00000| Untracked 
| 172|0x00000000eac00000, 0x00000000eac00000, 0x00000000ead00000|  0%| F|  |TAMS 0x00000000eac00000, 0x00000000eac00000| Untracked 
| 173|0x00000000ead00000, 0x00000000ead00000, 0x00000000eae00000|  0%| F|  |TAMS 0x00000000ead00000, 0x00000000ead00000| Untracked 
| 174|0x00000000eae00000, 0x00000000eae00000, 0x00000000eaf00000|  0%| F|  |TAMS 0x00000000eae00000, 0x00000000eae00000| Untracked 
| 175|0x00000000eaf00000, 0x00000000eaf00000, 0x00000000eb000000|  0%| F|  |TAMS 0x00000000eaf00000, 0x00000000eaf00000| Untracked 
| 176|0x00000000eb000000, 0x00000000eb000000, 0x00000000eb100000|  0%| F|  |TAMS 0x00000000eb000000, 0x00000000eb000000| Untracked 
| 177|0x00000000eb100000, 0x00000000eb100000, 0x00000000eb200000|  0%| F|  |TAMS 0x00000000eb100000, 0x00000000eb100000| Untracked 
| 178|0x00000000eb200000, 0x00000000eb200000, 0x00000000eb300000|  0%| F|  |TAMS 0x00000000eb200000, 0x00000000eb200000| Untracked 
| 179|0x00000000eb300000, 0x00000000eb300000, 0x00000000eb400000|  0%| F|  |TAMS 0x00000000eb300000, 0x00000000eb300000| Untracked 
| 180|0x00000000eb400000, 0x00000000eb400000, 0x00000000eb500000|  0%| F|  |TAMS 0x00000000eb400000, 0x00000000eb400000| Untracked 
| 181|0x00000000eb500000, 0x00000000eb500000, 0x00000000eb600000|  0%| F|  |TAMS 0x00000000eb500000, 0x00000000eb500000| Untracked 
| 182|0x00000000eb600000, 0x00000000eb600000, 0x00000000eb700000|  0%| F|  |TAMS 0x00000000eb600000, 0x00000000eb600000| Untracked 
| 183|0x00000000eb700000, 0x00000000eb700000, 0x00000000eb800000|  0%| F|  |TAMS 0x00000000eb700000, 0x00000000eb700000| Untracked 
| 184|0x00000000eb800000, 0x00000000eb800000, 0x00000000eb900000|  0%| F|  |TAMS 0x00000000eb800000, 0x00000000eb800000| Untracked 
| 185|0x00000000eb900000, 0x00000000eb900000, 0x00000000eba00000|  0%| F|  |TAMS 0x00000000eb900000, 0x00000000eb900000| Untracked 
| 186|0x00000000eba00000, 0x00000000eba00000, 0x00000000ebb00000|  0%| F|  |TAMS 0x00000000eba00000, 0x00000000eba00000| Untracked 
| 187|0x00000000ebb00000, 0x00000000ebb00000, 0x00000000ebc00000|  0%| F|  |TAMS 0x00000000ebb00000, 0x00000000ebb00000| Untracked 
| 188|0x00000000ebc00000, 0x00000000ebc00000, 0x00000000ebd00000|  0%| F|  |TAMS 0x00000000ebc00000, 0x00000000ebc00000| Untracked 
| 189|0x00000000ebd00000, 0x00000000ebd00000, 0x00000000ebe00000|  0%| F|  |TAMS 0x00000000ebd00000, 0x00000000ebd00000| Untracked 
| 190|0x00000000ebe00000, 0x00000000ebe00000, 0x00000000ebf00000|  0%| F|  |TAMS 0x00000000ebe00000, 0x00000000ebe00000| Untracked 
| 191|0x00000000ebf00000, 0x00000000ebf00000, 0x00000000ec000000|  0%| F|  |TAMS 0x00000000ebf00000, 0x00000000ebf00000| Untracked 
| 192|0x00000000ec000000, 0x00000000ec000000, 0x00000000ec100000|  0%| F|  |TAMS 0x00000000ec000000, 0x00000000ec000000| Untracked 
| 193|0x00000000ec100000, 0x00000000ec100000, 0x00000000ec200000|  0%| F|  |TAMS 0x00000000ec100000, 0x00000000ec100000| Untracked 
| 194|0x00000000ec200000, 0x00000000ec200000, 0x00000000ec300000|  0%| F|  |TAMS 0x00000000ec200000, 0x00000000ec200000| Untracked 
| 195|0x00000000ec300000, 0x00000000ec300000, 0x00000000ec400000|  0%| F|  |TAMS 0x00000000ec300000, 0x00000000ec300000| Untracked 
| 196|0x00000000ec400000, 0x00000000ec400000, 0x00000000ec500000|  0%| F|  |TAMS 0x00000000ec400000, 0x00000000ec400000| Untracked 
| 197|0x00000000ec500000, 0x00000000ec500000, 0x00000000ec600000|  0%| F|  |TAMS 0x00000000ec500000, 0x00000000ec500000| Untracked 
| 198|0x00000000ec600000, 0x00000000ec600000, 0x00000000ec700000|  0%| F|  |TAMS 0x00000000ec600000, 0x00000000ec600000| Untracked 
| 199|0x00000000ec700000, 0x00000000ec700000, 0x00000000ec800000|  0%| F|  |TAMS 0x00000000ec700000, 0x00000000ec700000| Untracked 
| 200|0x00000000ec800000, 0x00000000ec800000, 0x00000000ec900000|  0%| F|  |TAMS 0x00000000ec800000, 0x00000000ec800000| Untracked 
| 201|0x00000000ec900000, 0x00000000ec900000, 0x00000000eca00000|  0%| F|  |TAMS 0x00000000ec900000, 0x00000000ec900000| Untracked 
| 202|0x00000000eca00000, 0x00000000eca00000, 0x00000000ecb00000|  0%| F|  |TAMS 0x00000000eca00000, 0x00000000eca00000| Untracked 
| 203|0x00000000ecb00000, 0x00000000ecb00000, 0x00000000ecc00000|  0%| F|  |TAMS 0x00000000ecb00000, 0x00000000ecb00000| Untracked 
| 204|0x00000000ecc00000, 0x00000000ecc00000, 0x00000000ecd00000|  0%| F|  |TAMS 0x00000000ecc00000, 0x00000000ecc00000| Untracked 
| 205|0x00000000ecd00000, 0x00000000ecd00000, 0x00000000ece00000|  0%| F|  |TAMS 0x00000000ecd00000, 0x00000000ecd00000| Untracked 
| 206|0x00000000ece00000, 0x00000000ece00000, 0x00000000ecf00000|  0%| F|  |TAMS 0x00000000ece00000, 0x00000000ece00000| Untracked 
| 207|0x00000000ecf00000, 0x00000000ecf00000, 0x00000000ed000000|  0%| F|  |TAMS 0x00000000ecf00000, 0x00000000ecf00000| Untracked 
| 208|0x00000000ed000000, 0x00000000ed000000, 0x00000000ed100000|  0%| F|  |TAMS 0x00000000ed000000, 0x00000000ed000000| Untracked 
| 209|0x00000000ed100000, 0x00000000ed100000, 0x00000000ed200000|  0%| F|  |TAMS 0x00000000ed100000, 0x00000000ed100000| Untracked 
| 210|0x00000000ed200000, 0x00000000ed200000, 0x00000000ed300000|  0%| F|  |TAMS 0x00000000ed200000, 0x00000000ed200000| Untracked 
| 211|0x00000000ed300000, 0x00000000ed300000, 0x00000000ed400000|  0%| F|  |TAMS 0x00000000ed300000, 0x00000000ed300000| Untracked 
| 212|0x00000000ed400000, 0x00000000ed400000, 0x00000000ed500000|  0%| F|  |TAMS 0x00000000ed400000, 0x00000000ed400000| Untracked 
| 213|0x00000000ed500000, 0x00000000ed500000, 0x00000000ed600000|  0%| F|  |TAMS 0x00000000ed500000, 0x00000000ed500000| Untracked 
| 214|0x00000000ed600000, 0x00000000ed600000, 0x00000000ed700000|  0%| F|  |TAMS 0x00000000ed600000, 0x00000000ed600000| Untracked 
| 215|0x00000000ed700000, 0x00000000ed700000, 0x00000000ed800000|  0%| F|  |TAMS 0x00000000ed700000, 0x00000000ed700000| Untracked 
| 216|0x00000000ed800000, 0x00000000ed800000, 0x00000000ed900000|  0%| F|  |TAMS 0x00000000ed800000, 0x00000000ed800000| Untracked 
| 217|0x00000000ed900000, 0x00000000ed900000, 0x00000000eda00000|  0%| F|  |TAMS 0x00000000ed900000, 0x00000000ed900000| Untracked 
| 218|0x00000000eda00000, 0x00000000eda00000, 0x00000000edb00000|  0%| F|  |TAMS 0x00000000eda00000, 0x00000000eda00000| Untracked 
| 219|0x00000000edb00000, 0x00000000edb00000, 0x00000000edc00000|  0%| F|  |TAMS 0x00000000edb00000, 0x00000000edb00000| Untracked 
| 220|0x00000000edc00000, 0x00000000edc00000, 0x00000000edd00000|  0%| F|  |TAMS 0x00000000edc00000, 0x00000000edc00000| Untracked 
| 221|0x00000000edd00000, 0x00000000edd00000, 0x00000000ede00000|  0%| F|  |TAMS 0x00000000edd00000, 0x00000000edd00000| Untracked 
| 222|0x00000000ede00000, 0x00000000ede00000, 0x00000000edf00000|  0%| F|  |TAMS 0x00000000ede00000, 0x00000000ede00000| Untracked 
| 223|0x00000000edf00000, 0x00000000edf00000, 0x00000000ee000000|  0%| F|  |TAMS 0x00000000edf00000, 0x00000000edf00000| Untracked 
| 224|0x00000000ee000000, 0x00000000ee0db920, 0x00000000ee100000| 85%| S|CS|TAMS 0x00000000ee000000, 0x00000000ee000000| Complete 
| 225|0x00000000ee100000, 0x00000000ee200000, 0x00000000ee200000|100%| S|CS|TAMS 0x00000000ee100000, 0x00000000ee100000| Complete 
| 226|0x00000000ee200000, 0x00000000ee200000, 0x00000000ee300000|  0%| F|  |TAMS 0x00000000ee200000, 0x00000000ee200000| Untracked 
| 227|0x00000000ee300000, 0x00000000ee300000, 0x00000000ee400000|  0%| F|  |TAMS 0x00000000ee300000, 0x00000000ee300000| Untracked 
| 228|0x00000000ee400000, 0x00000000ee400000, 0x00000000ee500000|  0%| F|  |TAMS 0x00000000ee400000, 0x00000000ee400000| Untracked 
| 229|0x00000000ee500000, 0x00000000ee516260, 0x00000000ee600000|  8%| E|  |TAMS 0x00000000ee500000, 0x00000000ee500000| Complete 
| 230|0x00000000ee600000, 0x00000000ee700000, 0x00000000ee700000|100%| E|CS|TAMS 0x00000000ee600000, 0x00000000ee600000| Complete 
| 231|0x00000000ee700000, 0x00000000ee800000, 0x00000000ee800000|100%| E|CS|TAMS 0x00000000ee700000, 0x00000000ee700000| Complete 
| 232|0x00000000ee800000, 0x00000000ee900000, 0x00000000ee900000|100%| E|CS|TAMS 0x00000000ee800000, 0x00000000ee800000| Complete 
| 233|0x00000000ee900000, 0x00000000eea00000, 0x00000000eea00000|100%| E|CS|TAMS 0x00000000ee900000, 0x00000000ee900000| Complete 
| 234|0x00000000eea00000, 0x00000000eeb00000, 0x00000000eeb00000|100%| E|CS|TAMS 0x00000000eea00000, 0x00000000eea00000| Complete 
| 235|0x00000000eeb00000, 0x00000000eec00000, 0x00000000eec00000|100%| E|CS|TAMS 0x00000000eeb00000, 0x00000000eeb00000| Complete 
| 236|0x00000000eec00000, 0x00000000eed00000, 0x00000000eed00000|100%| E|CS|TAMS 0x00000000eec00000, 0x00000000eec00000| Complete 
| 237|0x00000000eed00000, 0x00000000eee00000, 0x00000000eee00000|100%| E|CS|TAMS 0x00000000eed00000, 0x00000000eed00000| Complete 
| 238|0x00000000eee00000, 0x00000000eef00000, 0x00000000eef00000|100%| E|CS|TAMS 0x00000000eee00000, 0x00000000eee00000| Complete 
| 239|0x00000000eef00000, 0x00000000ef000000, 0x00000000ef000000|100%| E|CS|TAMS 0x00000000eef00000, 0x00000000eef00000| Complete 
| 240|0x00000000ef000000, 0x00000000ef100000, 0x00000000ef100000|100%| E|CS|TAMS 0x00000000ef000000, 0x00000000ef000000| Complete 
| 241|0x00000000ef100000, 0x00000000ef200000, 0x00000000ef200000|100%| E|CS|TAMS 0x00000000ef100000, 0x00000000ef100000| Complete 
| 242|0x00000000ef200000, 0x00000000ef300000, 0x00000000ef300000|100%| E|CS|TAMS 0x00000000ef200000, 0x00000000ef200000| Complete 
| 243|0x00000000ef300000, 0x00000000ef400000, 0x00000000ef400000|100%| E|CS|TAMS 0x00000000ef300000, 0x00000000ef300000| Complete 
| 244|0x00000000ef400000, 0x00000000ef500000, 0x00000000ef500000|100%| E|CS|TAMS 0x00000000ef400000, 0x00000000ef400000| Complete 
| 245|0x00000000ef500000, 0x00000000ef600000, 0x00000000ef600000|100%| E|CS|TAMS 0x00000000ef500000, 0x00000000ef500000| Complete 
| 246|0x00000000ef600000, 0x00000000ef700000, 0x00000000ef700000|100%| E|CS|TAMS 0x00000000ef600000, 0x00000000ef600000| Complete 
| 247|0x00000000ef700000, 0x00000000ef800000, 0x00000000ef800000|100%| E|CS|TAMS 0x00000000ef700000, 0x00000000ef700000| Complete 
| 248|0x00000000ef800000, 0x00000000ef900000, 0x00000000ef900000|100%| E|CS|TAMS 0x00000000ef800000, 0x00000000ef800000| Complete 
| 249|0x00000000ef900000, 0x00000000efa00000, 0x00000000efa00000|100%| E|CS|TAMS 0x00000000ef900000, 0x00000000ef900000| Complete 
| 250|0x00000000efa00000, 0x00000000efb00000, 0x00000000efb00000|100%| E|CS|TAMS 0x00000000efa00000, 0x00000000efa00000| Complete 
| 251|0x00000000efb00000, 0x00000000efc00000, 0x00000000efc00000|100%| E|CS|TAMS 0x00000000efb00000, 0x00000000efb00000| Complete 
| 252|0x00000000efc00000, 0x00000000efd00000, 0x00000000efd00000|100%| E|CS|TAMS 0x00000000efc00000, 0x00000000efc00000| Complete 
| 253|0x00000000efd00000, 0x00000000efe00000, 0x00000000efe00000|100%| E|CS|TAMS 0x00000000efd00000, 0x00000000efd00000| Complete 
| 254|0x00000000efe00000, 0x00000000eff00000, 0x00000000eff00000|100%| E|CS|TAMS 0x00000000efe00000, 0x00000000efe00000| Complete 
| 255|0x00000000eff00000, 0x00000000f0000000, 0x00000000f0000000|100%| E|CS|TAMS 0x00000000eff00000, 0x00000000eff00000| Complete 

Card table byte_map: [0x0000021c6e5a0000,0x0000021c6e6a0000] _byte_map_base: 0x0000021c6dea0000

Marking Bits (Prev, Next): (CMBitMap*) 0x0000021c59f2e310, (CMBitMap*) 0x0000021c59f2e2d0
 Prev Bits: [0x0000021c6efa0000, 0x0000021c6f7a0000)
 Next Bits: [0x0000021c6e7a0000, 0x0000021c6efa0000)

Polling page: 0x0000021c59fc0000

Metaspace:

Usage:
  Non-class:     46.98 MB used.
      Class:      7.33 MB used.
       Both:     54.31 MB used.

Virtual space:
  Non-class space:       64.00 MB reserved,      47.25 MB ( 74%) committed,  1 nodes.
      Class space:      320.00 MB reserved,       7.50 MB (  2%) committed,  1 nodes.
             Both:      384.00 MB reserved,      54.75 MB ( 14%) committed. 

Chunk freelists:
   Non-Class:  752.00 KB
       Class:  8.44 MB
        Both:  9.17 MB

MaxMetaspaceSize: 384.00 MB
CompressedClassSpaceSize: 320.00 MB
Initial GC threshold: 21.00 MB
Current GC threshold: 61.06 MB
CDS: off
MetaspaceReclaimPolicy: balanced
 - commit_granule_bytes: 65536.
 - commit_granule_words: 8192.
 - virtual_space_node_default_size: 8388608.
 - enlarge_chunks_in_place: 1.
 - new_chunks_are_fully_committed: 0.
 - uncommit_free_chunks: 1.
 - use_allocation_guard: 0.
 - handle_deallocations: 1.


Internal statistics:

num_allocs_failed_limit: 9.
num_arena_births: 510.
num_arena_deaths: 0.
num_vsnodes_births: 2.
num_vsnodes_deaths: 0.
num_space_committed: 876.
num_space_uncommitted: 0.
num_chunks_returned_to_freelist: 9.
num_chunks_taken_from_freelist: 2346.
num_chunk_merges: 9.
num_chunk_splits: 1531.
num_chunks_enlarged: 1049.
num_inconsistent_stats: 0.

CodeHeap 'non-profiled nmethods': size=120000Kb used=2708Kb max_used=3177Kb free=117291Kb
 bounds [0x0000021c66940000, 0x0000021c66c60000, 0x0000021c6de70000]
CodeHeap 'profiled nmethods': size=120000Kb used=8800Kb max_used=10097Kb free=111199Kb
 bounds [0x0000021c5ee70000, 0x0000021c5f850000, 0x0000021c663a0000]
CodeHeap 'non-nmethods': size=5760Kb used=2313Kb max_used=2349Kb free=3446Kb
 bounds [0x0000021c663a0000, 0x0000021c66610000, 0x0000021c66940000]
 total_blobs=5486 nmethods=4656 adapters=742
 compilation: enabled
              stopped_count=0, restarted_count=0
 full_count=0

Compilation events (20 events):
Event: 313.372 Thread 0x0000021c7603ba00 nmethod 5490 0x0000021c5f5dc790 code [0x0000021c5f5dcb40, 0x0000021c5f5de448]
Event: 313.372 Thread 0x0000021c7603ba00 5493       3       jdk.internal.misc.Unsafe::putLongUnaligned (14 bytes)
Event: 313.372 Thread 0x0000021c7603ba00 nmethod 5493 0x0000021c5f1bf390 code [0x0000021c5f1bf540, 0x0000021c5f1bf748]
Event: 313.372 Thread 0x0000021c7603ba00 5491       3       org.gradle.internal.hash.Hashing$MessageDigestHasher::putHash (6 bytes)
Event: 313.372 Thread 0x0000021c7603ba00 nmethod 5491 0x0000021c5f5fd510 code [0x0000021c5f5fd6c0, 0x0000021c5f5fd888]
Event: 313.372 Thread 0x0000021c7603ba00 5492       3       org.gradle.internal.hash.HashCode$HashCode128::appendToHasher (21 bytes)
Event: 313.373 Thread 0x0000021c7603ba00 nmethod 5492 0x0000021c5f2a9590 code [0x0000021c5f2a9820, 0x0000021c5f2aa458]
Event: 313.405 Thread 0x0000021c7603ba00 5494       3       org.gradle.internal.snapshot.VfsRelativePath::<init> (15 bytes)
Event: 313.405 Thread 0x0000021c7603ba00 nmethod 5494 0x0000021c5f2a9190 code [0x0000021c5f2a9320, 0x0000021c5f2a94d8]
Event: 313.405 Thread 0x0000021c7603ba00 5496       3       org.gradle.internal.snapshot.SnapshotUtil$1::<init> (15 bytes)
Event: 313.405 Thread 0x0000021c7603ba00 nmethod 5496 0x0000021c5f2a8c90 code [0x0000021c5f2a8e40, 0x0000021c5f2a9058]
Event: 313.405 Thread 0x0000021c7603ba00 5495       3       org.gradle.internal.snapshot.SnapshotUtil::getMetadataFromChildren (21 bytes)
Event: 313.406 Thread 0x0000021c7603ba00 nmethod 5495 0x0000021c5f5fcd10 code [0x0000021c5f5fcee0, 0x0000021c5f5fd348]
Event: 313.708 Thread 0x0000021c7603ba00 5497       3       com.google.common.cache.LongAdder::add (108 bytes)
Event: 313.709 Thread 0x0000021c7603ba00 nmethod 5497 0x0000021c5f3bca90 code [0x0000021c5f3bcc80, 0x0000021c5f3bd2b8]
Event: 313.709 Thread 0x0000021c7603ba00 5498       3       com.google.common.cache.Striped64::casBase (13 bytes)
Event: 313.815 Thread 0x0000021c7603ba00 nmethod 5498 0x0000021c5f5fc910 code [0x0000021c5f5fcaa0, 0x0000021c5f5fcc38]
Event: 313.815 Thread 0x0000021c7603ba00 5499       3       sun.misc.Unsafe::compareAndSwapLong (13 bytes)
Event: 313.815 Thread 0x0000021c7603ba00 nmethod 5499 0x0000021c5f638990 code [0x0000021c5f638b20, 0x0000021c5f638c58]
Event: 315.604 Thread 0x0000021c7603af60 5500       4       java.lang.invoke.MethodType::makeImpl (109 bytes)

GC Heap History (20 events):
Event: 228.415 GC heap before
{Heap before GC invocations=14 (full 0):
 garbage-first heap   total 262144K, used 36028K [0x00000000e0000000, 0x0000000100000000)
  region size 1024K, 12 young (12288K), 1 survivors (1024K)
 Metaspace       used 38701K, committed 39104K, reserved 393216K
  class space    used 5334K, committed 5504K, reserved 327680K
}
Event: 228.431 GC heap after
{Heap after GC invocations=15 (full 0):
 garbage-first heap   total 262144K, used 26484K [0x00000000e0000000, 0x0000000100000000)
  region size 1024K, 2 young (2048K), 2 survivors (2048K)
 Metaspace       used 38701K, committed 39104K, reserved 393216K
  class space    used 5334K, committed 5504K, reserved 327680K
}
Event: 239.868 GC heap before
{Heap before GC invocations=15 (full 0):
 garbage-first heap   total 262144K, used 36724K [0x00000000e0000000, 0x0000000100000000)
  region size 1024K, 12 young (12288K), 2 survivors (2048K)
 Metaspace       used 41843K, committed 42240K, reserved 393216K
  class space    used 5654K, committed 5824K, reserved 327680K
}
Event: 239.907 GC heap after
{Heap after GC invocations=16 (full 0):
 garbage-first heap   total 262144K, used 27661K [0x00000000e0000000, 0x0000000100000000)
  region size 1024K, 2 young (2048K), 2 survivors (2048K)
 Metaspace       used 41843K, committed 42240K, reserved 393216K
  class space    used 5654K, committed 5824K, reserved 327680K
}
Event: 245.141 GC heap before
{Heap before GC invocations=16 (full 0):
 garbage-first heap   total 262144K, used 36877K [0x00000000e0000000, 0x0000000100000000)
  region size 1024K, 12 young (12288K), 2 survivors (2048K)
 Metaspace       used 43318K, committed 43712K, reserved 393216K
  class space    used 5809K, committed 6016K, reserved 327680K
}
Event: 245.150 GC heap after
{Heap after GC invocations=17 (full 0):
 garbage-first heap   total 262144K, used 29143K [0x00000000e0000000, 0x0000000100000000)
  region size 1024K, 2 young (2048K), 2 survivors (2048K)
 Metaspace       used 43318K, committed 43712K, reserved 393216K
  class space    used 5809K, committed 6016K, reserved 327680K
}
Event: 245.809 GC heap before
{Heap before GC invocations=17 (full 0):
 garbage-first heap   total 262144K, used 39383K [0x00000000e0000000, 0x0000000100000000)
  region size 1024K, 12 young (12288K), 2 survivors (2048K)
 Metaspace       used 43352K, committed 43712K, reserved 393216K
  class space    used 5809K, committed 6016K, reserved 327680K
}
Event: 245.814 GC heap after
{Heap after GC invocations=18 (full 0):
 garbage-first heap   total 262144K, used 29723K [0x00000000e0000000, 0x0000000100000000)
  region size 1024K, 2 young (2048K), 2 survivors (2048K)
 Metaspace       used 43352K, committed 43712K, reserved 393216K
  class space    used 5809K, committed 6016K, reserved 327680K
}
Event: 248.485 GC heap before
{Heap before GC invocations=18 (full 0):
 garbage-first heap   total 262144K, used 38939K [0x00000000e0000000, 0x0000000100000000)
  region size 1024K, 12 young (12288K), 2 survivors (2048K)
 Metaspace       used 43740K, committed 44096K, reserved 393216K
  class space    used 5851K, committed 6016K, reserved 327680K
}
Event: 248.512 GC heap after
{Heap after GC invocations=19 (full 0):
 garbage-first heap   total 262144K, used 31230K [0x00000000e0000000, 0x0000000100000000)
  region size 1024K, 2 young (2048K), 2 survivors (2048K)
 Metaspace       used 43740K, committed 44096K, reserved 393216K
  class space    used 5851K, committed 6016K, reserved 327680K
}
Event: 258.887 GC heap before
{Heap before GC invocations=19 (full 0):
 garbage-first heap   total 262144K, used 48638K [0x00000000e0000000, 0x0000000100000000)
  region size 1024K, 15 young (15360K), 2 survivors (2048K)
 Metaspace       used 45569K, committed 45952K, reserved 393216K
  class space    used 5991K, committed 6208K, reserved 327680K
}
Event: 259.542 GC heap after
{Heap after GC invocations=20 (full 0):
 garbage-first heap   total 262144K, used 32587K [0x00000000e0000000, 0x0000000100000000)
  region size 1024K, 2 young (2048K), 2 survivors (2048K)
 Metaspace       used 45569K, committed 45952K, reserved 393216K
  class space    used 5991K, committed 6208K, reserved 327680K
}
Event: 269.536 GC heap before
{Heap before GC invocations=20 (full 0):
 garbage-first heap   total 262144K, used 41803K [0x00000000e0000000, 0x0000000100000000)
  region size 1024K, 12 young (12288K), 2 survivors (2048K)
 Metaspace       used 46659K, committed 47040K, reserved 393216K
  class space    used 6166K, committed 6336K, reserved 327680K
}
Event: 269.545 GC heap after
{Heap after GC invocations=21 (full 0):
 garbage-first heap   total 262144K, used 33567K [0x00000000e0000000, 0x0000000100000000)
  region size 1024K, 2 young (2048K), 2 survivors (2048K)
 Metaspace       used 46659K, committed 47040K, reserved 393216K
  class space    used 6166K, committed 6336K, reserved 327680K
}
Event: 272.680 GC heap before
{Heap before GC invocations=21 (full 0):
 garbage-first heap   total 262144K, used 42783K [0x00000000e0000000, 0x0000000100000000)
  region size 1024K, 12 young (12288K), 2 survivors (2048K)
 Metaspace       used 47989K, committed 48384K, reserved 393216K
  class space    used 6398K, committed 6592K, reserved 327680K
}
Event: 272.685 GC heap after
{Heap after GC invocations=22 (full 0):
 garbage-first heap   total 262144K, used 33828K [0x00000000e0000000, 0x0000000100000000)
  region size 1024K, 2 young (2048K), 2 survivors (2048K)
 Metaspace       used 47989K, committed 48384K, reserved 393216K
  class space    used 6398K, committed 6592K, reserved 327680K
}
Event: 280.522 GC heap before
{Heap before GC invocations=22 (full 0):
 garbage-first heap   total 262144K, used 49188K [0x00000000e0000000, 0x0000000100000000)
  region size 1024K, 16 young (16384K), 2 survivors (2048K)
 Metaspace       used 50102K, committed 50560K, reserved 393216K
  class space    used 6602K, committed 6784K, reserved 327680K
}
Event: 280.531 GC heap after
{Heap after GC invocations=23 (full 0):
 garbage-first heap   total 262144K, used 34298K [0x00000000e0000000, 0x0000000100000000)
  region size 1024K, 1 young (1024K), 1 survivors (1024K)
 Metaspace       used 50102K, committed 50560K, reserved 393216K
  class space    used 6602K, committed 6784K, reserved 327680K
}
Event: 289.948 GC heap before
{Heap before GC invocations=23 (full 0):
 garbage-first heap   total 262144K, used 63994K [0x00000000e0000000, 0x0000000100000000)
  region size 1024K, 30 young (30720K), 1 survivors (1024K)
 Metaspace       used 53192K, committed 53632K, reserved 393216K
  class space    used 7089K, committed 7296K, reserved 327680K
}
Event: 289.965 GC heap after
{Heap after GC invocations=24 (full 0):
 garbage-first heap   total 262144K, used 35376K [0x00000000e0000000, 0x0000000100000000)
  region size 1024K, 2 young (2048K), 2 survivors (2048K)
 Metaspace       used 53192K, committed 53632K, reserved 393216K
  class space    used 7089K, committed 7296K, reserved 327680K
}

Dll operation events (3 events):
Event: 0.443 Loaded shared library C:\Program Files\JetBrains\IntelliJ IDEA 2023.2\jbr\bin\java.dll
Event: 2.452 Loaded shared library C:\Program Files\JetBrains\IntelliJ IDEA 2023.2\jbr\bin\zip.dll
Event: 17.269 Loaded shared library C:\Program Files\JetBrains\IntelliJ IDEA 2023.2\jbr\bin\verify.dll

Deoptimization events (20 events):
Event: 299.760 Thread 0x0000021c76b70b70 DEOPT PACKING pc=0x0000021c66ba85b0 sp=0x00000054b7cf83e0
Event: 299.760 Thread 0x0000021c76b70b70 DEOPT UNPACKING pc=0x0000021c663f69a3 sp=0x00000054b7cf83a8 mode 2
Event: 305.997 Thread 0x0000021c76b70b70 Uncommon trap: trap_request=0xffffff45 fr.pc=0x0000021c66b2ff80 relative=0x00000000000001e0
Event: 305.997 Thread 0x0000021c76b70b70 Uncommon trap: reason=unstable_if action=reinterpret pc=0x0000021c66b2ff80 method=java.util.concurrent.locks.ReentrantLock$Sync.lockInterruptibly()V @ 18 c2
Event: 305.997 Thread 0x0000021c76b70b70 DEOPT PACKING pc=0x0000021c66b2ff80 sp=0x00000054b7cf7a50
Event: 305.997 Thread 0x0000021c76b70b70 DEOPT UNPACKING pc=0x0000021c663f69a3 sp=0x00000054b7cf79b0 mode 2
Event: 306.293 Thread 0x0000021c76b70b70 Uncommon trap: trap_request=0xffffffcc fr.pc=0x0000021c66b390b0 relative=0x0000000000001390
Event: 306.293 Thread 0x0000021c76b70b70 Uncommon trap: reason=intrinsic_or_type_checked_inlining action=make_not_entrant pc=0x0000021c66b390b0 method=java.util.ArrayList.toArray([Ljava/lang/Object;)[Ljava/lang/Object; @ 36 c2
Event: 306.293 Thread 0x0000021c76b70b70 DEOPT PACKING pc=0x0000021c66b390b0 sp=0x00000054b7cf7cd0
Event: 306.294 Thread 0x0000021c76b70b70 DEOPT UNPACKING pc=0x0000021c663f69a3 sp=0x00000054b7cf7c20 mode 2
Event: 306.390 Thread 0x0000021c76b70b70 DEOPT PACKING pc=0x0000021c5f37bf54 sp=0x00000054b7cf7960
Event: 306.390 Thread 0x0000021c76b70b70 DEOPT UNPACKING pc=0x0000021c663f7143 sp=0x00000054b7cf6eb8 mode 0
Event: 313.220 Thread 0x0000021c77ef74a0 Uncommon trap: trap_request=0xffffff45 fr.pc=0x0000021c66a791d0 relative=0x0000000000000fb0
Event: 313.220 Thread 0x0000021c77ef74a0 Uncommon trap: reason=unstable_if action=reinterpret pc=0x0000021c66a791d0 method=java.util.concurrent.ConcurrentHashMap.putVal(Ljava/lang/Object;Ljava/lang/Object;Z)Ljava/lang/Object; @ 97 c2
Event: 313.220 Thread 0x0000021c77ef74a0 DEOPT PACKING pc=0x0000021c66a791d0 sp=0x00000054b94fd1f0
Event: 313.220 Thread 0x0000021c77ef74a0 DEOPT UNPACKING pc=0x0000021c663f69a3 sp=0x00000054b94fd178 mode 2
Event: 315.477 Thread 0x0000021c76b70b70 Uncommon trap: trap_request=0xffffff54 fr.pc=0x0000021c66ae8e6c relative=0x0000000000004c8c
Event: 315.477 Thread 0x0000021c76b70b70 Uncommon trap: reason=speculate_null_assert action=make_not_entrant pc=0x0000021c66ae8e6c method=java.lang.invoke.MethodType$ConcurrentWeakInternSet.add(Ljava/lang/Object;)Ljava/lang/Object; @ 47 c2
Event: 315.477 Thread 0x0000021c76b70b70 DEOPT PACKING pc=0x0000021c66ae8e6c sp=0x00000054b7cf4cf0
Event: 315.477 Thread 0x0000021c76b70b70 DEOPT UNPACKING pc=0x0000021c663f69a3 sp=0x00000054b7cf4c98 mode 2

Classes unloaded (0 events):
No events

Classes redefined (0 events):
No events

Internal exceptions (20 events):
Event: 290.428 Thread 0x0000021c76b70b70 Exception <a 'java/lang/NoSuchMethodError'{0x00000000eff46638}: 'java.lang.Object java.lang.invoke.DirectMethodHandle$Holder.newInvokeSpecial(java.lang.Object, java.lang.Object, java.lang.Object, java.lang.Object, java.lang.Object, int)'> (0x00000000eff46638) 
thrown [s\src\hotspot\share\interpreter\linkResolver.cpp, line 771]
Event: 290.429 Thread 0x0000021c76b70b70 Exception <a 'java/lang/NoSuchMethodError'{0x00000000eff4bc90}: 'java.lang.Object java.lang.invoke.DirectMethodHandle$Holder.invokeSpecial(java.lang.Object, java.lang.Object, java.lang.Object, java.lang.Object, java.lang.Object, java.lang.Object, int)'> (0x00000000eff4bc90) 
thrown [s\src\hotspot\share\interpreter\linkResolver.cpp, line 771]
Event: 290.457 Thread 0x0000021c76b70b70 Exception <a 'java/lang/NoSuchMethodError'{0x00000000effb06c8}: 'java.lang.Object java.lang.invoke.DirectMethodHandle$Holder.invokeSpecial(java.lang.Object, java.lang.Object, java.lang.Object, java.lang.Object, java.lang.Object, long)'> (0x00000000effb06c8) 
thrown [s\src\hotspot\share\interpreter\linkResolver.cpp, line 771]
Event: 291.203 Thread 0x0000021c76b70b70 Exception <a 'java/lang/NoSuchMethodError'{0x00000000effdab58}: 'void java.lang.invoke.DirectMethodHandle$Holder.invokeStatic(java.lang.Object, java.lang.Object, java.lang.Object, int, java.lang.Object)'> (0x00000000effdab58) 
thrown [s\src\hotspot\share\interpreter\linkResolver.cpp, line 771]
Event: 295.231 Thread 0x0000021c76b70b70 Exception <a 'java/lang/NoSuchMethodError'{0x00000000ef894220}: 'java.lang.Object java.lang.invoke.DirectMethodHandle$Holder.invokeSpecial(java.lang.Object, java.lang.Object, java.lang.Object, java.lang.Object, int, java.lang.Object)'> (0x00000000ef894220) 
thrown [s\src\hotspot\share\interpreter\linkResolver.cpp, line 771]
Event: 295.235 Thread 0x0000021c76b70b70 Exception <a 'java/lang/NoSuchMethodError'{0x00000000ef89cc18}: 'java.lang.Object java.lang.invoke.DirectMethodHandle$Holder.newInvokeSpecial(java.lang.Object, java.lang.Object, java.lang.Object, java.lang.Object, int)'> (0x00000000ef89cc18) 
thrown [s\src\hotspot\share\interpreter\linkResolver.cpp, line 771]
Event: 295.238 Thread 0x0000021c76b70b70 Exception <a 'java/lang/NoSuchMethodError'{0x00000000ef8a1ac8}: 'java.lang.Object java.lang.invoke.DirectMethodHandle$Holder.invokeSpecial(java.lang.Object, java.lang.Object, java.lang.Object, java.lang.Object, java.lang.Object, int)'> (0x00000000ef8a1ac8) 
thrown [s\src\hotspot\share\interpreter\linkResolver.cpp, line 771]
Event: 295.251 Thread 0x0000021c76b70b70 Exception <a 'java/lang/NoSuchMethodError'{0x00000000ef8a62b0}: 'java.lang.Object java.lang.invoke.Invokers$Holder.linkToTargetMethod(java.lang.Object, java.lang.Object, java.lang.Object, int, java.lang.Object)'> (0x00000000ef8a62b0) 
thrown [s\src\hotspot\share\interpreter\linkResolver.cpp, line 771]
Event: 296.389 Thread 0x0000021c76b70b70 Exception <a 'java/lang/NoSuchMethodError'{0x00000000ef6e2a30}: 'int java.lang.invoke.DirectMethodHandle$Holder.invokeInterface(java.lang.Object, java.lang.Object, java.lang.Object, java.lang.Object)'> (0x00000000ef6e2a30) 
thrown [s\src\hotspot\share\interpreter\linkResolver.cpp, line 771]
Event: 297.243 Thread 0x0000021c76b70b70 Exception <a 'java/lang/NoSuchMethodError'{0x00000000ef4ae570}: 'java.lang.Object java.lang.invoke.DirectMethodHandle$Holder.invokeStatic(java.lang.Object, long, java.lang.Object)'> (0x00000000ef4ae570) 
thrown [s\src\hotspot\share\interpreter\linkResolver.cpp, line 771]
Event: 297.259 Thread 0x0000021c76b70b70 Exception <a 'java/lang/NoSuchMethodError'{0x00000000ef4b62a8}: 'java.lang.Object java.lang.invoke.DirectMethodHandle$Holder.newInvokeSpecial(java.lang.Object, long)'> (0x00000000ef4b62a8) 
thrown [s\src\hotspot\share\interpreter\linkResolver.cpp, line 771]
Event: 297.450 Thread 0x0000021c76b70b70 Exception <a 'java/lang/NoSuchMethodError'{0x00000000ef3140b8}: 'java.lang.Object java.lang.invoke.DirectMethodHandle$Holder.newInvokeSpecial(java.lang.Object, java.lang.Object, java.lang.Object, java.lang.Object, java.lang.Object, long)'> (0x00000000ef3140b8) 
thrown [s\src\hotspot\share\interpreter\linkResolver.cpp, line 771]
Event: 297.459 Thread 0x0000021c76b70b70 Exception <a 'java/lang/NoSuchMethodError'{0x00000000ef318f80}: 'java.lang.Object java.lang.invoke.DirectMethodHandle$Holder.invokeSpecial(java.lang.Object, java.lang.Object, java.lang.Object, java.lang.Object, java.lang.Object, java.lang.Object, long)'> (0x00000000ef318f80) 
thrown [s\src\hotspot\share\interpreter\linkResolver.cpp, line 771]
Event: 297.612 Thread 0x0000021c76b70b70 Exception <a 'java/lang/NoSuchMethodError'{0x00000000ef3653f0}: 'java.lang.Object java.lang.invoke.DirectMethodHandle$Holder.newInvokeSpecial(java.lang.Object, java.lang.Object, java.lang.Object, long)'> (0x00000000ef3653f0) 
thrown [s\src\hotspot\share\interpreter\linkResolver.cpp, line 771]
Event: 297.616 Thread 0x0000021c76b70b70 Exception <a 'java/lang/NoSuchMethodError'{0x00000000ef36a3e8}: 'java.lang.Object java.lang.invoke.DirectMethodHandle$Holder.invokeSpecial(java.lang.Object, java.lang.Object, java.lang.Object, java.lang.Object, long)'> (0x00000000ef36a3e8) 
thrown [s\src\hotspot\share\interpreter\linkResolver.cpp, line 771]
Event: 297.617 Thread 0x0000021c76b70b70 Exception <a 'java/lang/NoSuchMethodError'{0x00000000ef36eac8}: 'java.lang.Object java.lang.invoke.Invokers$Holder.linkToTargetMethod(java.lang.Object, java.lang.Object, long, java.lang.Object)'> (0x00000000ef36eac8) 
thrown [s\src\hotspot\share\interpreter\linkResolver.cpp, line 771]
Event: 298.472 Thread 0x0000021c76b70b70 Exception <a 'java/lang/NoSuchMethodError'{0x00000000ef1a90e0}: 'java.lang.Object java.lang.invoke.DirectMethodHandle$Holder.invokeSpecial(java.lang.Object, java.lang.Object, long, java.lang.Object, java.lang.Object)'> (0x00000000ef1a90e0) 
thrown [s\src\hotspot\share\interpreter\linkResolver.cpp, line 771]
Event: 299.619 Thread 0x0000021c76b70b70 Exception <a 'java/lang/NoSuchMethodError'{0x00000000eef71b78}: 'java.lang.Object java.lang.invoke.DirectMethodHandle$Holder.newInvokeSpecial(java.lang.Object, java.lang.Object, int)'> (0x00000000eef71b78) 
thrown [s\src\hotspot\share\interpreter\linkResolver.cpp, line 771]
Event: 307.211 Thread 0x0000021c76b70b70 Exception <a 'java/lang/NoSuchMethodError'{0x00000000ee915068}: 'java.lang.Object java.lang.invoke.DirectMethodHandle$Holder.newInvokeSpecial(java.lang.Object, java.lang.Object, java.lang.Object, java.lang.Object, int, java.lang.Object)'> (0x00000000ee915068) 
thrown [s\src\hotspot\share\interpreter\linkResolver.cpp, line 771]
Event: 307.212 Thread 0x0000021c76b70b70 Exception <a 'java/lang/NoSuchMethodError'{0x00000000ee91a0d0}: 'java.lang.Object java.lang.invoke.Invokers$Holder.linkToTargetMethod(java.lang.Object, java.lang.Object, java.lang.Object, int, java.lang.Object, java.lang.Object)'> (0x00000000ee91a0d0) 
thrown [s\src\hotspot\share\interpreter\linkResolver.cpp, line 771]

VM Operations (20 events):
Event: 301.575 Executing VM operation: Cleanup
Event: 301.578 Executing VM operation: Cleanup done
Event: 303.598 Executing VM operation: Cleanup
Event: 303.599 Executing VM operation: Cleanup done
Event: 305.630 Executing VM operation: Cleanup
Event: 305.631 Executing VM operation: Cleanup done
Event: 306.653 Executing VM operation: Cleanup
Event: 306.721 Executing VM operation: Cleanup done
Event: 307.727 Executing VM operation: Cleanup
Event: 307.790 Executing VM operation: Cleanup done
Event: 308.794 Executing VM operation: Cleanup
Event: 308.825 Executing VM operation: Cleanup done
Event: 310.843 Executing VM operation: Cleanup
Event: 310.938 Executing VM operation: Cleanup done
Event: 311.941 Executing VM operation: Cleanup
Event: 311.941 Executing VM operation: Cleanup done
Event: 312.944 Executing VM operation: Cleanup
Event: 312.990 Executing VM operation: Cleanup done
Event: 313.995 Executing VM operation: Cleanup
Event: 314.069 Executing VM operation: Cleanup done

Events (20 events):
Event: 306.578 loading class java/util/stream/DistinctOps done
Event: 306.578 loading class java/util/stream/DistinctOps$1
Event: 306.580 loading class java/util/stream/ReferencePipeline$StatefulOp
Event: 306.582 loading class java/util/stream/ReferencePipeline$StatefulOp done
Event: 306.582 loading class java/util/stream/DistinctOps$1 done
Event: 306.583 loading class java/util/stream/DistinctOps$1$2
Event: 306.584 loading class java/util/stream/DistinctOps$1$2 done
Event: 307.037 loading class sun/reflect/ReflectionFactory
Event: 307.045 loading class sun/reflect/ReflectionFactory done
Event: 307.045 loading class sun/reflect/ReflectionFactory$1
Event: 307.064 loading class sun/reflect/ReflectionFactory$1 done
Event: 307.065 loading class jdk/internal/reflect/SerializationConstructorAccessorImpl
Event: 307.068 loading class jdk/internal/reflect/SerializationConstructorAccessorImpl done
Event: 312.420 Thread 0x0000021c77ef74a0 Thread added: 0x0000021c77ef74a0
Event: 312.588 Thread 0x0000021c76b6f360 Thread added: 0x0000021c76b6f360
Event: 312.592 Thread 0x0000021c76b6e4f0 Thread added: 0x0000021c76b6e4f0
Event: 314.422 loading class java/nio/channels/Channels
Event: 314.460 loading class java/nio/channels/Channels done
Event: 314.461 loading class sun/nio/ch/ChannelInputStream
Event: 314.553 loading class sun/nio/ch/ChannelInputStream done


Dynamic libraries:
0x00007ff7a4290000 - 0x00007ff7a429a000 	C:\Program Files\JetBrains\IntelliJ IDEA 2023.2\jbr\bin\java.exe
0x00007fff52af0000 - 0x00007fff52d07000 	C:\WINDOWS\SYSTEM32\ntdll.dll
0x00007fff51fc0000 - 0x00007fff52084000 	C:\WINDOWS\System32\KERNEL32.DLL
0x00007fff4fe20000 - 0x00007fff501cd000 	C:\WINDOWS\System32\KERNELBASE.dll
0x00007fff505c0000 - 0x00007fff506d1000 	C:\WINDOWS\System32\ucrtbase.dll
0x00007fff3b660000 - 0x00007fff3b677000 	C:\Program Files\JetBrains\IntelliJ IDEA 2023.2\jbr\bin\jli.dll
0x00007fff52800000 - 0x00007fff529ae000 	C:\WINDOWS\System32\USER32.dll
0x00007fff50290000 - 0x00007fff502b6000 	C:\WINDOWS\System32\win32u.dll
0x00007fff510f0000 - 0x00007fff51119000 	C:\WINDOWS\System32\GDI32.dll
0x00007fff50710000 - 0x00007fff50829000 	C:\WINDOWS\System32\gdi32full.dll
0x00007fff50520000 - 0x00007fff505ba000 	C:\WINDOWS\System32\msvcp_win.dll
0x00007fff33e10000 - 0x00007fff33e2b000 	C:\Program Files\JetBrains\IntelliJ IDEA 2023.2\jbr\bin\VCRUNTIME140.dll
0x00007fff41d40000 - 0x00007fff41fd3000 	C:\WINDOWS\WinSxS\amd64_microsoft.windows.common-controls_6595b64144ccf1df_6.0.22621.3672_none_2713b9d173822955\COMCTL32.dll
0x00007fff512e0000 - 0x00007fff51387000 	C:\WINDOWS\System32\msvcrt.dll
0x00007fff52090000 - 0x00007fff520c1000 	C:\WINDOWS\System32\IMM32.DLL
0x00007fff3e6a0000 - 0x00007fff3e6ac000 	C:\Program Files\JetBrains\IntelliJ IDEA 2023.2\jbr\bin\vcruntime140_1.dll
0x00007fff1eb40000 - 0x00007fff1ebcd000 	C:\Program Files\JetBrains\IntelliJ IDEA 2023.2\jbr\bin\msvcp140.dll
0x00007fff190d0000 - 0x00007fff19d50000 	C:\Program Files\JetBrains\IntelliJ IDEA 2023.2\jbr\bin\server\jvm.dll
0x00007fff52610000 - 0x00007fff526c2000 	C:\WINDOWS\System32\ADVAPI32.dll
0x00007fff51960000 - 0x00007fff51a09000 	C:\WINDOWS\System32\sechost.dll
0x00007fff506e0000 - 0x00007fff50708000 	C:\WINDOWS\System32\bcrypt.dll
0x00007fff51ea0000 - 0x00007fff51fb4000 	C:\WINDOWS\System32\RPCRT4.dll
0x00007fff4b890000 - 0x00007fff4b899000 	C:\WINDOWS\SYSTEM32\WSOCK32.dll
0x00007fff52360000 - 0x00007fff523d1000 	C:\WINDOWS\System32\WS2_32.dll
0x00007fff4b760000 - 0x00007fff4b794000 	C:\WINDOWS\SYSTEM32\WINMM.dll
0x00007fff47b60000 - 0x00007fff47b6a000 	C:\WINDOWS\SYSTEM32\VERSION.dll
0x00007fff4ee50000 - 0x00007fff4ee68000 	C:\WINDOWS\SYSTEM32\kernel.appcore.dll
0x00007fff4b850000 - 0x00007fff4b85a000 	C:\Program Files\JetBrains\IntelliJ IDEA 2023.2\jbr\bin\jimage.dll
0x00007fff4d630000 - 0x00007fff4d862000 	C:\WINDOWS\SYSTEM32\DBGHELP.DLL
0x00007fff51390000 - 0x00007fff51718000 	C:\WINDOWS\System32\combase.dll
0x00007fff52720000 - 0x00007fff527f7000 	C:\WINDOWS\System32\OLEAUT32.dll
0x00007fff397c0000 - 0x00007fff397f2000 	C:\WINDOWS\SYSTEM32\dbgcore.DLL
0x00007fff502c0000 - 0x00007fff5033b000 	C:\WINDOWS\System32\bcryptPrimitives.dll
0x00007fff3f860000 - 0x00007fff3f86e000 	C:\Program Files\JetBrains\IntelliJ IDEA 2023.2\jbr\bin\instrument.dll
0x00007fff45150000 - 0x00007fff45175000 	C:\Program Files\JetBrains\IntelliJ IDEA 2023.2\jbr\bin\java.dll
0x00007fff41430000 - 0x00007fff41448000 	C:\Program Files\JetBrains\IntelliJ IDEA 2023.2\jbr\bin\zip.dll
0x00007fff50890000 - 0x00007fff510ef000 	C:\WINDOWS\System32\SHELL32.dll
0x00007fff4dd70000 - 0x00007fff4e66c000 	C:\WINDOWS\SYSTEM32\windows.storage.dll
0x00007fff4dc30000 - 0x00007fff4dd6f000 	C:\WINDOWS\SYSTEM32\wintypes.dll
0x00007fff529b0000 - 0x00007fff52aa4000 	C:\WINDOWS\System32\SHCORE.dll
0x00007fff51730000 - 0x00007fff5178e000 	C:\WINDOWS\System32\shlwapi.dll
0x00007fff4fd50000 - 0x00007fff4fd71000 	C:\WINDOWS\SYSTEM32\profapi.dll
0x00007fff41310000 - 0x00007fff41329000 	C:\Program Files\JetBrains\IntelliJ IDEA 2023.2\jbr\bin\net.dll
0x00007fff4bb20000 - 0x00007fff4bc56000 	C:\WINDOWS\SYSTEM32\WINHTTP.dll
0x00007fff4f2c0000 - 0x00007fff4f329000 	C:\WINDOWS\system32\mswsock.dll
0x00007fff3f870000 - 0x00007fff3f886000 	C:\Program Files\JetBrains\IntelliJ IDEA 2023.2\jbr\bin\nio.dll
0x00007fff49100000 - 0x00007fff49110000 	C:\Program Files\JetBrains\IntelliJ IDEA 2023.2\jbr\bin\verify.dll
0x00007fff30620000 - 0x00007fff30647000 	C:\Users\TUONG VY\.gradle\native\c067742578af261105cb4f569cf0c3c89f3d7b1fecec35dd04571415982c5e48\windows-amd64\native-platform.dll
0x00007fff18f80000 - 0x00007fff190c4000 	C:\Users\TUONG VY\.gradle\native\100fb08df4bc3b14c8652ba06237920a3bd2aa13389f12d3474272988ae205f9\windows-amd64\native-platform-file-events.dll
0x00007fff413c0000 - 0x00007fff413c9000 	C:\Program Files\JetBrains\IntelliJ IDEA 2023.2\jbr\bin\management.dll
0x00007fff41300000 - 0x00007fff4130b000 	C:\Program Files\JetBrains\IntelliJ IDEA 2023.2\jbr\bin\management_ext.dll
0x00007fff51720000 - 0x00007fff51728000 	C:\WINDOWS\System32\PSAPI.DLL
0x00007fff4f520000 - 0x00007fff4f53b000 	C:\WINDOWS\SYSTEM32\CRYPTSP.dll
0x00007fff4edb0000 - 0x00007fff4ede5000 	C:\WINDOWS\system32\rsaenh.dll
0x00007fff4f3c0000 - 0x00007fff4f3e8000 	C:\WINDOWS\SYSTEM32\USERENV.dll
0x00007fff4f540000 - 0x00007fff4f54c000 	C:\WINDOWS\SYSTEM32\CRYPTBASE.dll
0x00007fff4e910000 - 0x00007fff4e93d000 	C:\WINDOWS\SYSTEM32\IPHLPAPI.DLL
0x00007fff52330000 - 0x00007fff52339000 	C:\WINDOWS\System32\NSI.dll
0x00007fff4bb00000 - 0x00007fff4bb19000 	C:\WINDOWS\SYSTEM32\dhcpcsvc6.DLL
0x00007fff4bae0000 - 0x00007fff4baff000 	C:\WINDOWS\SYSTEM32\dhcpcsvc.DLL
0x00007fff4e940000 - 0x00007fff4ea38000 	C:\WINDOWS\SYSTEM32\DNSAPI.dll
0x00007fff44b50000 - 0x00007fff44b5e000 	C:\Program Files\JetBrains\IntelliJ IDEA 2023.2\jbr\bin\sunmscapi.dll
0x00007fff503b0000 - 0x00007fff50517000 	C:\WINDOWS\System32\CRYPT32.dll
0x00007fff4f6c0000 - 0x00007fff4f6ee000 	C:\WINDOWS\SYSTEM32\ncrypt.dll
0x00007fff4f680000 - 0x00007fff4f6b7000 	C:\WINDOWS\SYSTEM32\NTASN1.dll
0x00007fff41730000 - 0x00007fff41738000 	C:\WINDOWS\system32\wshunix.dll

dbghelp: loaded successfully - version: 4.0.5 - missing functions: none
symbol engine: initialized successfully - sym options: 0x614 - pdb path: .;C:\Program Files\JetBrains\IntelliJ IDEA 2023.2\jbr\bin;C:\WINDOWS\SYSTEM32;C:\WINDOWS\WinSxS\amd64_microsoft.windows.common-controls_6595b64144ccf1df_6.0.22621.3672_none_2713b9d173822955;C:\Program Files\JetBrains\IntelliJ IDEA 2023.2\jbr\bin\server;C:\Users\TUONG VY\.gradle\native\c067742578af261105cb4f569cf0c3c89f3d7b1fecec35dd04571415982c5e48\windows-amd64;C:\Users\TUONG VY\.gradle\native\100fb08df4bc3b14c8652ba06237920a3bd2aa13389f12d3474272988ae205f9\windows-amd64

VM Arguments:
jvm_args: --add-opens=java.base/java.util=ALL-UNNAMED --add-opens=java.base/java.lang=ALL-UNNAMED --add-opens=java.base/java.lang.invoke=ALL-UNNAMED --add-opens=java.prefs/java.util.prefs=ALL-UNNAMED --add-opens=java.base/java.nio.charset=ALL-UNNAMED --add-opens=java.base/java.net=ALL-UNNAMED --add-opens=java.base/java.util.concurrent.atomic=ALL-UNNAMED -XX:MaxMetaspaceSize=384m -XX:+HeapDumpOnOutOfMemoryError -Xms256m -Xmx512m -Dfile.encoding=windows-1252 -Duser.country=US -Duser.language=en -Duser.variant -javaagent:C:\Users\TUONG VY\.gradle\wrapper\dists\gradle-8.8-bin\dl7vupf4psengwqhwktix4v1\gradle-8.8\lib\agents\gradle-instrumentation-agent-8.8.jar 
java_command: org.gradle.launcher.daemon.bootstrap.GradleDaemon 8.8
java_class_path (initial): C:\Users\TUONG VY\.gradle\wrapper\dists\gradle-8.8-bin\dl7vupf4psengwqhwktix4v1\gradle-8.8\lib\gradle-launcher-8.8.jar
Launcher Type: SUN_STANDARD

[Global flags]
     intx CICompilerCount                          = 3                                         {product} {ergonomic}
   size_t CompressedClassSpaceSize                 = 335544320                                 {product} {ergonomic}
     uint ConcGCThreads                            = 1                                         {product} {ergonomic}
     uint G1ConcRefinementThreads                  = 4                                         {product} {ergonomic}
   size_t G1HeapRegionSize                         = 1048576                                   {product} {ergonomic}
    uintx GCDrainStackTargetSize                   = 64                                        {product} {ergonomic}
     bool HeapDumpOnOutOfMemoryError               = true                                   {manageable} {command line}
   size_t InitialHeapSize                          = 268435456                                 {product} {command line}
   size_t MarkStackSize                            = 4194304                                   {product} {ergonomic}
   size_t MaxHeapSize                              = 536870912                                 {product} {command line}
   size_t MaxMetaspaceSize                         = 402653184                                 {product} {command line}
   size_t MaxNewSize                               = 321912832                                 {product} {ergonomic}
   size_t MinHeapDeltaBytes                        = 1048576                                   {product} {ergonomic}
   size_t MinHeapSize                              = 268435456                                 {product} {command line}
    uintx NonNMethodCodeHeapSize                   = 5832780                                {pd product} {ergonomic}
    uintx NonProfiledCodeHeapSize                  = 122912730                              {pd product} {ergonomic}
    uintx ProfiledCodeHeapSize                     = 122912730                              {pd product} {ergonomic}
    uintx ReservedCodeCacheSize                    = 251658240                              {pd product} {ergonomic}
     bool SegmentedCodeCache                       = true                                      {product} {ergonomic}
   size_t SoftMaxHeapSize                          = 536870912                              {manageable} {ergonomic}
     bool UseCompressedClassPointers               = true                           {product lp64_product} {ergonomic}
     bool UseCompressedOops                        = true                           {product lp64_product} {ergonomic}
     bool UseG1GC                                  = true                                      {product} {ergonomic}
     bool UseLargePagesIndividualAllocation        = false                                  {pd product} {ergonomic}

Logging:
Log output configuration:
 #0: stdout all=warning uptime,level,tags
 #1: stderr all=off uptime,level,tags

Environment Variables:
PATH=C:\Python312\Scripts\;C:\Python312\;C:\Program Files\Common Files\Oracle\Java\javapath;C:\Program Files (x86)\Common Files\Oracle\Java\javapath;C:\WINDOWS\system32;C:\WINDOWS;C:\WINDOWS\System32\Wbem;C:\WINDOWS\System32\WindowsPowerShell\v1.0\;C:\WINDOWS\System32\OpenSSH\;C:\Program Files\Git\cmd;C:\Program Files\Microsoft SQL Server\150\Tools\Binn\;C:\Program Files\Microsoft SQL Server\Client SDK\ODBC\170\Tools\Binn\;C:\Program Files\dotnet\;C:\Program Files (x86)\Windows Kits\10\Windows Performance Toolkit\;C:\Program Files\nodejs\;C:\ProgramData\chocolatey\bin;C:\Users\TUONG VY\AppData\Local\Microsoft\WindowsApps;C:\Program Files\JetBrains\IntelliJ IDEA 2023.2\bin;;D:\Microsoft VS Code\bin;D:\flutter_windows_3.19.5-stable\flutter\bin;C:\Users\TUONG VY\.dotnet\tools;C:\Users\TUONG VY\AppData\Roaming\npm
USERNAME=TUONG VY
OS=Windows_NT
PROCESSOR_IDENTIFIER=AMD64 Family 23 Model 24 Stepping 1, AuthenticAMD
TMP=C:\Users\TUONGV~1\AppData\Local\Temp
TEMP=C:\Users\TUONGV~1\AppData\Local\Temp


JNI global refs:
JNI global refs: 24, weak refs: 0

JNI global refs memory usage: 843, weak refs: 209

OOME stack traces (most recent first):
Classloader memory used:
Loader org.gradle.internal.classloader.VisitableURLClassLoader                         : 3402K
Loader bootstrap                                                                       : 2399K
Loader org.gradle.initialization.MixInLegacyTypesClassLoader                           : 1040K
Loader jdk.internal.loader.ClassLoaders$PlatformClassLoader                            : 68998B
Loader jdk.internal.loader.ClassLoaders$AppClassLoader                                 : 28744B
Loader jdk.internal.reflect.DelegatingClassLoader                                      : 6987B
Loader org.gradle.groovy.scripts.internal.DefaultScriptCompilationHandler$ScriptClassLoader: 5761B
Loader org.codehaus.groovy.runtime.callsite.CallSiteClassLoader                        : 1604B

Classes loaded by more than one classloader:
Class org.gradle.internal.installation.GradleInstallation                             : loaded 2 times (x 73B)
Class org.gradle.internal.classpath.ClassPath                                         : loaded 2 times (x 68B)
Class org.gradle.api.internal.classpath.DefaultModuleRegistry                         : loaded 2 times (x 84B)
Class org.gradle.api.Action                                                           : loaded 2 times (x 68B)
Class org.gradle.api.internal.DefaultClassPathProvider                                : loaded 2 times (x 74B)
Class org.gradle.internal.installation.GradleInstallation$1                           : loaded 2 times (x 73B)
Class org.gradle.internal.classloader.FilteringClassLoader                            : loaded 2 times (x 102B)
Class org.gradle.internal.classpath.DefaultClassPath$ImmutableUniqueList$Builder      : loaded 2 times (x 73B)
Class org.gradle.internal.classloader.ClassLoaderVisitor                              : loaded 2 times (x 74B)
Class org.gradle.internal.service.DefaultServiceLocator                               : loaded 2 times (x 81B)
Class org.gradle.internal.service.UnknownServiceException                             : loaded 2 times (x 81B)
Class org.gradle.internal.classloader.DefaultClassLoaderFactory                       : loaded 2 times (x 80B)
Class org.gradle.internal.classloader.VisitableURLClassLoader$Spec                    : loaded 2 times (x 72B)
Class org.gradle.api.GradleException                                                  : loaded 2 times (x 80B)
Class org.gradle.api.internal.classpath.ModuleRegistry                                : loaded 2 times (x 68B)
Class org.gradle.api.internal.ClassPathProvider                                       : loaded 2 times (x 68B)
Class org.gradle.internal.classloader.ClasspathUtil$1                                 : loaded 2 times (x 74B)
Class org.gradle.internal.classloader.ClassLoaderFactory                              : loaded 2 times (x 68B)
Class org.gradle.api.internal.classpath.ManifestUtil                                  : loaded 2 times (x 69B)
Class org.gradle.api.specs.Spec                                                       : loaded 2 times (x 68B)
Class org.gradle.internal.IoActions                                                   : loaded 2 times (x 69B)
Class org.gradle.api.internal.classpath.EffectiveClassPath                            : loaded 2 times (x 88B)
Class org.gradle.internal.installation.CurrentGradleInstallation                      : loaded 2 times (x 71B)
Class org.gradle.internal.agents.InstrumentingClassLoader                             : loaded 2 times (x 68B)
Class org.gradle.internal.installation.CurrentGradleInstallationLocator               : loaded 2 times (x 69B)
Class org.gradle.api.internal.classpath.Module                                        : loaded 2 times (x 68B)
Class org.gradle.internal.service.CachingServiceLocator                               : loaded 2 times (x 80B)
Class org.gradle.internal.classpath.DefaultClassPath                                  : loaded 2 times (x 88B)
Class org.gradle.internal.classloader.SystemClassLoaderSpec                           : loaded 2 times (x 69B)
Class org.gradle.api.UncheckedIOException                                             : loaded 2 times (x 80B)
Class org.gradle.internal.classloader.ClasspathUtil                                   : loaded 2 times (x 69B)
Class org.gradle.api.internal.DefaultClassPathRegistry                                : loaded 2 times (x 74B)
Class org.gradle.api.internal.classpath.DefaultModuleRegistry$DefaultModule           : loaded 2 times (x 84B)
Class org.gradle.api.internal.classpath.UnknownModuleException                        : loaded 2 times (x 80B)
Class org.gradle.internal.service.ServiceLookupException                              : loaded 2 times (x 80B)
Class org.gradle.cache.GlobalCache                                                    : loaded 2 times (x 68B)
Class [Lorg.gradle.api.internal.ClassPathProvider;                                    : loaded 2 times (x 67B)
Class org.gradle.util.internal.GUtil                                                  : loaded 2 times (x 69B)
Class org.gradle.internal.classloader.ClassLoaderSpec                                 : loaded 2 times (x 69B)
Class org.gradle.internal.classloader.VisitableURLClassLoader                         : loaded 2 times (x 114B)
Class org.gradle.internal.Cast                                                        : loaded 2 times (x 69B)
Class org.gradle.api.internal.ClassPathRegistry                                       : loaded 2 times (x 68B)
Class org.gradle.internal.classloader.VisitableURLClassLoader$InstrumentingVisitableURLClassLoader: loaded 2 times (x 120B)
Class org.gradle.internal.classloader.ClassLoaderHierarchy                            : loaded 2 times (x 68B)
Class org.gradle.internal.InternalTransformer                                         : loaded 2 times (x 68B)
Class org.gradle.internal.service.ServiceLocator                                      : loaded 2 times (x 68B)
Class org.gradle.internal.classpath.DefaultClassPath$ImmutableUniqueList              : loaded 2 times (x 159B)
Class org.gradle.internal.classpath.TransformedClassPath                              : loaded 2 times (x 94B)


---------------  S Y S T E M  ---------------

OS:
 Windows 11 , 64 bit Build 22621 (10.0.22621.3672)
OS uptime: 3 days 0:00 hours

CPU: total 4 (initial active 4) (4 cores per cpu, 2 threads per core) family 23 model 24 stepping 1 microcode 0x0, cx8, cmov, fxsr, ht, mmx, 3dnowpref, sse, sse2, sse3, ssse3, sse4a, sse4.1, sse4.2, popcnt, lzcnt, tsc, tscinvbit, avx, avx2, aes, clmul, bmi1, bmi2, adx, sha, fma, vzeroupper, clflush, clflushopt

Memory: 4k page, system-wide physical 3534M (325M free)
TotalPageFile size 14286M (AvailPageFile size 2M)
current process WorkingSet (physical memory assigned to process): 125M, peak: 152M
current process commit charge ("private bytes"): 437M, peak: 444M

vm_info: OpenJDK 64-Bit Server VM (17.0.7+7-b1000.6) for windows-amd64 JRE (17.0.7+7-b1000.6), built on 2023-07-07 by "builduser" with MS VC++ 16.10 / 16.11 (VS2019)

END.
