#
# There is insufficient memory for the Java Runtime Environment to continue.
# Native memory allocation (malloc) failed to allocate 1588064 bytes for Chunk::new
# Possible reasons:
#   The system is out of physical RAM or swap space
#   The process is running with CompressedOops enabled, and the Java Heap may be blocking the growth of the native heap
# Possible solutions:
#   Reduce memory load on the system
#   Increase physical memory or swap space
#   Check if swap backing store is full
#   Decrease Java heap size (-Xmx/-Xms)
#   Decrease number of Java threads
#   Decrease Java thread stack sizes (-Xss)
#   Set larger code cache with -XX:ReservedCodeCacheSize=
#   JVM is running with Unscaled Compressed Oops mode in which the Java heap is
#     placed in the first 4GB address space. The Java Heap base address is the
#     maximum limit for the native heap growth. Please use -XX:HeapBaseMinAddress
#     to set the Java Heap base and to place the Java Heap above 4GB virtual address.
# This output file may be truncated or incomplete.
#
#  Out of Memory Error (arena.cpp:189), pid=14472, tid=9256
#
# JRE version: OpenJDK Runtime Environment JBR-17.0.7+7-1000.6-jcef (17.0.7+7) (build 17.0.7+7-b1000.6)
# Java VM: OpenJDK 64-Bit Server VM JBR-17.0.7+7-1000.6-jcef (17.0.7+7-b1000.6, mixed mode, tiered, compressed oops, compressed class ptrs, g1 gc, windows-amd64)
# No core dump will be written. Minidumps are not enabled by default on client versions of Windows
#

---------------  S U M M A R Y ------------

Command Line: --add-opens=java.base/java.util=ALL-UNNAMED --add-opens=java.base/java.lang=ALL-UNNAMED --add-opens=java.base/java.lang.invoke=ALL-UNNAMED --add-opens=java.prefs/java.util.prefs=ALL-UNNAMED --add-opens=java.base/java.nio.charset=ALL-UNNAMED --add-opens=java.base/java.net=ALL-UNNAMED --add-opens=java.base/java.util.concurrent.atomic=ALL-UNNAMED -XX:MaxMetaspaceSize=384m -XX:+HeapDumpOnOutOfMemoryError -Xms256m -Xmx512m -Dfile.encoding=windows-1252 -Duser.country=US -Duser.language=en -Duser.variant -javaagent:C:\Users\TUONG VY\.gradle\wrapper\dists\gradle-8.8-bin\dl7vupf4psengwqhwktix4v1\gradle-8.8\lib\agents\gradle-instrumentation-agent-8.8.jar org.gradle.launcher.daemon.bootstrap.GradleDaemon 8.8

Host: AMD Ryzen 3 3250U with Radeon Graphics         , 4 cores, 3G,  Windows 11 , 64 bit Build 22621 (10.0.22621.3672)
Time: Mon Jul 29 19:21:19 2024 SE Asia Standard Time elapsed time: 87.821030 seconds (0d 0h 1m 27s)

---------------  T H R E A D  ---------------

Current thread (0x0000020bd1040300):  JavaThread "C2 CompilerThread0" daemon [_thread_in_native, id=9256, stack(0x00000027ece00000,0x00000027ecf00000)]


Current CompileTask:
C2:  87821 6159   !   4       com.google.common.reflect.TypeVisitor::visit (225 bytes)

Stack: [0x00000027ece00000,0x00000027ecf00000]
Native frames: (J=compiled Java code, j=interpreted, Vv=VM code, C=native code)
V  [jvm.dll+0x683bfa]
V  [jvm.dll+0x8430a4]
V  [jvm.dll+0x8449be]
V  [jvm.dll+0x845023]
V  [jvm.dll+0x24ad2f]
V  [jvm.dll+0xac25c]
V  [jvm.dll+0xac82c]
V  [jvm.dll+0x36a187]
V  [jvm.dll+0x1bdf52]
V  [jvm.dll+0x21d3a9]
V  [jvm.dll+0x21c671]
V  [jvm.dll+0x1a605d]
V  [jvm.dll+0x22c148]
V  [jvm.dll+0x22a209]
V  [jvm.dll+0x7f858c]
V  [jvm.dll+0x7f2aea]
V  [jvm.dll+0x682a35]
C  [ucrtbase.dll+0x29333]
C  [KERNEL32.DLL+0x1257d]
C  [ntdll.dll+0x5af28]


---------------  P R O C E S S  ---------------

Threads class SMR info:
_java_thread_list=0x0000020bd4532c50, length=48, elements={
0x0000020bb6d0fe30, 0x0000020bd1012010, 0x0000020bd1012e80, 0x0000020bd103a230,
0x0000020bd103bc00, 0x0000020bd103c7b0, 0x0000020bd103f570, 0x0000020bd1040300,
0x0000020bd1040da0, 0x0000020bcccbe730, 0x0000020bd10c12d0, 0x0000020bd12dabf0,
0x0000020bd2778070, 0x0000020bd1e94490, 0x0000020bd11d7a00, 0x0000020bd2b57600,
0x0000020bd2c643e0, 0x0000020bd1f2d400, 0x0000020bd1cfe490, 0x0000020bd2e87240,
0x0000020bd2e87710, 0x0000020bd278cd60, 0x0000020bd278b550, 0x0000020bd278ba20,
0x0000020bd278c3c0, 0x0000020bd278a6e0, 0x0000020bd278d230, 0x0000020bd278bef0,
0x0000020bd278c890, 0x0000020bd278d700, 0x0000020bd2789d40, 0x0000020bd278a210,
0x0000020bd2ae76f0, 0x0000020bd2ae7220, 0x0000020bd2aec3f0, 0x0000020bd2ae7bc0,
0x0000020bd2ae9d70, 0x0000020bd2ae5540, 0x0000020bd2ae8f00, 0x0000020bd2ae6880,
0x0000020bd2aea240, 0x0000020bd2ae93d0, 0x0000020bd2aec8c0, 0x0000020bd2ae98a0,
0x0000020bd2aea710, 0x0000020bd2aeb0b0, 0x0000020bd2aeb580, 0x0000020bd2aeba50
}

Java Threads: ( => current thread )
  0x0000020bb6d0fe30 JavaThread "main" [_thread_blocked, id=13100, stack(0x00000027ec100000,0x00000027ec200000)]
  0x0000020bd1012010 JavaThread "Reference Handler" daemon [_thread_blocked, id=5420, stack(0x00000027ec800000,0x00000027ec900000)]
  0x0000020bd1012e80 JavaThread "Finalizer" daemon [_thread_blocked, id=10508, stack(0x00000027ec900000,0x00000027eca00000)]
  0x0000020bd103a230 JavaThread "Signal Dispatcher" daemon [_thread_blocked, id=14960, stack(0x00000027eca00000,0x00000027ecb00000)]
  0x0000020bd103bc00 JavaThread "Attach Listener" daemon [_thread_blocked, id=2996, stack(0x00000027ecb00000,0x00000027ecc00000)]
  0x0000020bd103c7b0 JavaThread "Service Thread" daemon [_thread_blocked, id=13056, stack(0x00000027ecc00000,0x00000027ecd00000)]
  0x0000020bd103f570 JavaThread "Monitor Deflation Thread" daemon [_thread_blocked, id=7588, stack(0x00000027ecd00000,0x00000027ece00000)]
=>0x0000020bd1040300 JavaThread "C2 CompilerThread0" daemon [_thread_in_native, id=9256, stack(0x00000027ece00000,0x00000027ecf00000)]
  0x0000020bd1040da0 JavaThread "C1 CompilerThread0" daemon [_thread_blocked, id=2272, stack(0x00000027ecf00000,0x00000027ed000000)]
  0x0000020bcccbe730 JavaThread "Sweeper thread" daemon [_thread_blocked, id=6232, stack(0x00000027ed000000,0x00000027ed100000)]
  0x0000020bd10c12d0 JavaThread "Common-Cleaner" daemon [_thread_blocked, id=3924, stack(0x00000027ed100000,0x00000027ed200000)]
  0x0000020bd12dabf0 JavaThread "Notification Thread" daemon [_thread_blocked, id=4604, stack(0x00000027ed200000,0x00000027ed300000)]
  0x0000020bd2778070 JavaThread "Daemon health stats" [_thread_blocked, id=13272, stack(0x00000027ed700000,0x00000027ed800000)]
  0x0000020bd1e94490 JavaThread "Incoming local TCP Connector on port 55624" [_thread_in_native, id=13740, stack(0x00000027ed800000,0x00000027ed900000)]
  0x0000020bd11d7a00 JavaThread "Daemon periodic checks" [_thread_blocked, id=15988, stack(0x00000027ed900000,0x00000027eda00000)]
  0x0000020bd2b57600 JavaThread "Daemon" [_thread_blocked, id=14020, stack(0x00000027edb00000,0x00000027edc00000)]
  0x0000020bd2c643e0 JavaThread "Handler for socket connection from /127.0.0.1:55624 to /127.0.0.1:55626" [_thread_in_native, id=7032, stack(0x00000027edc00000,0x00000027edd00000)]
  0x0000020bd1f2d400 JavaThread "Cancel handler" [_thread_blocked, id=14404, stack(0x00000027edd00000,0x00000027ede00000)]
  0x0000020bd1cfe490 JavaThread "Daemon worker" [_thread_in_vm, id=15212, stack(0x00000027ede00000,0x00000027edf00000)]
  0x0000020bd2e87240 JavaThread "Asynchronous log dispatcher for DefaultDaemonConnection: socket connection from /127.0.0.1:55624 to /127.0.0.1:55626" [_thread_blocked, id=8976, stack(0x00000027edf00000,0x00000027ee000000)]
  0x0000020bd2e87710 JavaThread "Stdin handler" [_thread_blocked, id=1000, stack(0x00000027ee000000,0x00000027ee100000)]
  0x0000020bd278cd60 JavaThread "Daemon client event forwarder" [_thread_blocked, id=5448, stack(0x00000027ee100000,0x00000027ee200000)]
  0x0000020bd278b550 JavaThread "Cache worker for journal cache (C:\Users\TUONG VY\.gradle\caches\journal-1)" [_thread_blocked, id=6696, stack(0x00000027ee200000,0x00000027ee300000)]
  0x0000020bd278ba20 JavaThread "File lock request listener" [_thread_in_native, id=8844, stack(0x00000027ee300000,0x00000027ee400000)]
  0x0000020bd278c3c0 JavaThread "Cache worker for file hash cache (C:\Users\TUONG VY\.gradle\caches\8.8\fileHashes)" [_thread_blocked, id=14048, stack(0x00000027ee400000,0x00000027ee500000)]
  0x0000020bd278a6e0 JavaThread "File lock release action executor" [_thread_blocked, id=14772, stack(0x00000027ee500000,0x00000027ee600000)]
  0x0000020bd278d230 JavaThread "Cache worker for file hash cache (D:\module_6\C0723L1-Repo-BE\movie_booking\.gradle\8.8\fileHashes)" [_thread_blocked, id=5972, stack(0x00000027ee600000,0x00000027ee700000)]
  0x0000020bd278bef0 JavaThread "File watcher server" daemon [_thread_in_native, id=13776, stack(0x00000027ee700000,0x00000027ee800000)]
  0x0000020bd278c890 JavaThread "File watcher consumer" daemon [_thread_blocked, id=8388, stack(0x00000027ee800000,0x00000027ee900000)]
  0x0000020bd278d700 JavaThread "Cache worker for checksums cache (D:\module_6\C0723L1-Repo-BE\movie_booking\.gradle\8.8\checksums)" [_thread_blocked, id=8932, stack(0x00000027ee900000,0x00000027eea00000)]
  0x0000020bd2789d40 JavaThread "Cache worker for file content cache (C:\Users\TUONG VY\.gradle\caches\8.8\fileContent)" [_thread_blocked, id=8808, stack(0x00000027eeb00000,0x00000027eec00000)]
  0x0000020bd278a210 JavaThread "Cache worker for cache directory md-rule (C:\Users\TUONG VY\.gradle\caches\8.8\md-rule)" [_thread_blocked, id=13252, stack(0x00000027eed00000,0x00000027eee00000)]
  0x0000020bd2ae76f0 JavaThread "Cache worker for cache directory md-supplier (C:\Users\TUONG VY\.gradle\caches\8.8\md-supplier)" [_thread_blocked, id=13708, stack(0x00000027eee00000,0x00000027eef00000)]
  0x0000020bd2ae7220 JavaThread "jar transforms" [_thread_blocked, id=15152, stack(0x00000027eef00000,0x00000027ef000000)]
  0x0000020bd2aec3f0 JavaThread "jar transforms Thread 2" [_thread_blocked, id=3452, stack(0x00000027ef000000,0x00000027ef100000)]
  0x0000020bd2ae7bc0 JavaThread "jar transforms Thread 3" [_thread_blocked, id=10228, stack(0x00000027ebf00000,0x00000027ec000000)]
  0x0000020bd2ae9d70 JavaThread "jar transforms Thread 4" [_thread_blocked, id=8584, stack(0x00000027ec000000,0x00000027ec100000)]
  0x0000020bd2ae5540 JavaThread "Cache worker for Build Output Cleanup Cache (D:\module_6\C0723L1-Repo-BE\movie_booking\.gradle\buildOutputCleanup)" [_thread_blocked, id=13160, stack(0x00000027eda00000,0x00000027edb00000)]
  0x0000020bd2ae8f00 JavaThread "Unconstrained build operations" [_thread_blocked, id=15992, stack(0x00000027ef100000,0x00000027ef200000)]
  0x0000020bd2ae6880 JavaThread "Unconstrained build operations Thread 2" [_thread_blocked, id=15664, stack(0x00000027ef200000,0x00000027ef300000)]
  0x0000020bd2aea240 JavaThread "Unconstrained build operations Thread 3" [_thread_blocked, id=12256, stack(0x00000027ef300000,0x00000027ef400000)]
  0x0000020bd2ae93d0 JavaThread "Unconstrained build operations Thread 4" [_thread_blocked, id=15644, stack(0x00000027ef500000,0x00000027ef600000)]
  0x0000020bd2aec8c0 JavaThread "Unconstrained build operations Thread 5" [_thread_blocked, id=6084, stack(0x00000027ef600000,0x00000027ef700000)]
  0x0000020bd2ae98a0 JavaThread "Unconstrained build operations Thread 6" [_thread_blocked, id=13144, stack(0x00000027ef700000,0x00000027ef800000)]
  0x0000020bd2aea710 JavaThread "Unconstrained build operations Thread 7" [_thread_blocked, id=16032, stack(0x00000027ef800000,0x00000027ef900000)]
  0x0000020bd2aeb0b0 JavaThread "Unconstrained build operations Thread 8" [_thread_blocked, id=11212, stack(0x00000027ef900000,0x00000027efa00000)]
  0x0000020bd2aeb580 JavaThread "Unconstrained build operations Thread 9" [_thread_blocked, id=8592, stack(0x00000027efa00000,0x00000027efb00000)]
  0x0000020bd2aeba50 JavaThread "Memory manager" [_thread_blocked, id=6036, stack(0x00000027efb00000,0x00000027efc00000)]

Other Threads:
  0x0000020bccc469b0 VMThread "VM Thread" [stack: 0x00000027ec700000,0x00000027ec800000] [id=10968]
  0x0000020bb6d10ca0 WatcherThread [stack: 0x00000027ed300000,0x00000027ed400000] [id=10828]
  0x0000020bb6d3dc20 GCTaskThread "GC Thread#0" [stack: 0x00000027ec200000,0x00000027ec300000] [id=10248]
  0x0000020bd13fd260 GCTaskThread "GC Thread#1" [stack: 0x00000027ed400000,0x00000027ed500000] [id=13772]
  0x0000020bd1421850 GCTaskThread "GC Thread#2" [stack: 0x00000027ed500000,0x00000027ed600000] [id=9192]
  0x0000020bd1330310 GCTaskThread "GC Thread#3" [stack: 0x00000027ed600000,0x00000027ed700000] [id=4184]
  0x0000020bb6d42b70 ConcurrentGCThread "G1 Main Marker" [stack: 0x00000027ec300000,0x00000027ec400000] [id=3076]
  0x0000020bb6d43580 ConcurrentGCThread "G1 Conc#0" [stack: 0x00000027ec400000,0x00000027ec500000] [id=9024]
  0x0000020bccb024d0 ConcurrentGCThread "G1 Refine#0" [stack: 0x00000027ec500000,0x00000027ec600000] [id=6784]
  0x0000020bd3520510 ConcurrentGCThread "G1 Refine#1" [stack: 0x00000027ef400000,0x00000027ef500000] [id=6608]
  0x0000020bccb02ef0 ConcurrentGCThread "G1 Service" [stack: 0x00000027ec600000,0x00000027ec700000] [id=9164]

Threads with active compile tasks:
C2 CompilerThread0    87917 6159   !   4       com.google.common.reflect.TypeVisitor::visit (225 bytes)

VM state: not at safepoint (normal execution)

VM Mutex/Monitor currently owned by a thread: None

Heap address: 0x00000000e0000000, size: 512 MB, Compressed Oops mode: 32-bit

CDS archive(s) not mapped
Compressed class space mapped at: 0x0000000100000000-0x0000000114000000, reserved size: 335544320
Narrow klass base: 0x0000000000000000, Narrow klass shift: 3, Narrow klass range: 0x114000000

GC Precious Log:
 CPUs: 4 total, 4 available
 Memory: 3534M
 Large Page Support: Disabled
 NUMA Support: Disabled
 Compressed Oops: Enabled (32-bit)
 Heap Region Size: 1M
 Heap Min Capacity: 256M
 Heap Initial Capacity: 256M
 Heap Max Capacity: 512M
 Pre-touch: Disabled
 Parallel Workers: 4
 Concurrent Workers: 1
 Concurrent Refinement Workers: 4
 Periodic GC: Disabled

Heap:
 garbage-first heap   total 262144K, used 84775K [0x00000000e0000000, 0x0000000100000000)
  region size 1024K, 60 young (61440K), 11 survivors (11264K)
 Metaspace       used 58916K, committed 59456K, reserved 393216K
  class space    used 8042K, committed 8320K, reserved 327680K

Heap Regions: E=young(eden), S=young(survivor), O=old, HS=humongous(starts), HC=humongous(continues), CS=collection set, F=free, OA=open archive, CA=closed archive, TAMS=top-at-mark-start (previous, next)
|   0|0x00000000e0000000, 0x00000000e0100000, 0x00000000e0100000|100%|HS|  |TAMS 0x00000000e0100000, 0x00000000e0000000| Complete 
|   1|0x00000000e0100000, 0x00000000e0200000, 0x00000000e0200000|100%|HC|  |TAMS 0x00000000e0200000, 0x00000000e0100000| Complete 
|   2|0x00000000e0200000, 0x00000000e0300000, 0x00000000e0300000|100%|HC|  |TAMS 0x00000000e0300000, 0x00000000e0200000| Complete 
|   3|0x00000000e0300000, 0x00000000e0400000, 0x00000000e0400000|100%|HC|  |TAMS 0x00000000e0400000, 0x00000000e0300000| Complete 
|   4|0x00000000e0400000, 0x00000000e0500000, 0x00000000e0500000|100%| O|  |TAMS 0x00000000e0500000, 0x00000000e0400000| Untracked 
|   5|0x00000000e0500000, 0x00000000e0500000, 0x00000000e0600000|  0%| F|  |TAMS 0x00000000e0500000, 0x00000000e0500000| Untracked 
|   6|0x00000000e0600000, 0x00000000e0700000, 0x00000000e0700000|100%| O|  |TAMS 0x00000000e0700000, 0x00000000e0600000| Untracked 
|   7|0x00000000e0700000, 0x00000000e0800000, 0x00000000e0800000|100%| O|  |TAMS 0x00000000e0800000, 0x00000000e0700000| Untracked 
|   8|0x00000000e0800000, 0x00000000e0900000, 0x00000000e0900000|100%|HS|  |TAMS 0x00000000e0900000, 0x00000000e0800000| Complete 
|   9|0x00000000e0900000, 0x00000000e0a00000, 0x00000000e0a00000|100%| O|  |TAMS 0x00000000e0a00000, 0x00000000e0900000| Untracked 
|  10|0x00000000e0a00000, 0x00000000e0b00000, 0x00000000e0b00000|100%| O|  |TAMS 0x00000000e0b00000, 0x00000000e0a00000| Untracked 
|  11|0x00000000e0b00000, 0x00000000e0c00000, 0x00000000e0c00000|100%| O|  |TAMS 0x00000000e0c00000, 0x00000000e0b00000| Untracked 
|  12|0x00000000e0c00000, 0x00000000e0d00000, 0x00000000e0d00000|100%| O|  |TAMS 0x00000000e0d00000, 0x00000000e0c00000| Untracked 
|  13|0x00000000e0d00000, 0x00000000e0e00000, 0x00000000e0e00000|100%| O|  |TAMS 0x00000000e0e00000, 0x00000000e0d00000| Untracked 
|  14|0x00000000e0e00000, 0x00000000e0f00000, 0x00000000e0f00000|100%| O|  |TAMS 0x00000000e0f00000, 0x00000000e0e00000| Untracked 
|  15|0x00000000e0f00000, 0x00000000e1000000, 0x00000000e1000000|100%| O|  |TAMS 0x00000000e1000000, 0x00000000e0f00000| Untracked 
|  16|0x00000000e1000000, 0x00000000e1100000, 0x00000000e1100000|100%| O|  |TAMS 0x00000000e1100000, 0x00000000e1000000| Untracked 
|  17|0x00000000e1100000, 0x00000000e1200000, 0x00000000e1200000|100%| O|  |TAMS 0x00000000e1200000, 0x00000000e1100000| Untracked 
|  18|0x00000000e1200000, 0x00000000e1300000, 0x00000000e1300000|100%| O|  |TAMS 0x00000000e1300000, 0x00000000e1200000| Untracked 
|  19|0x00000000e1300000, 0x00000000e1400000, 0x00000000e1400000|100%| O|  |TAMS 0x00000000e1400000, 0x00000000e1300000| Untracked 
|  20|0x00000000e1400000, 0x00000000e1500000, 0x00000000e1500000|100%| O|  |TAMS 0x00000000e1500000, 0x00000000e1400000| Untracked 
|  21|0x00000000e1500000, 0x00000000e1600000, 0x00000000e1600000|100%| O|  |TAMS 0x00000000e1600000, 0x00000000e1500000| Untracked 
|  22|0x00000000e1600000, 0x00000000e1700000, 0x00000000e1700000|100%| O|  |TAMS 0x00000000e1700000, 0x00000000e1600000| Untracked 
|  23|0x00000000e1700000, 0x00000000e1800000, 0x00000000e1800000|100%| O|  |TAMS 0x00000000e1800000, 0x00000000e1700000| Untracked 
|  24|0x00000000e1800000, 0x00000000e1900000, 0x00000000e1900000|100%| O|  |TAMS 0x00000000e1900000, 0x00000000e1800000| Untracked 
|  25|0x00000000e1900000, 0x00000000e1920400, 0x00000000e1a00000| 12%| O|  |TAMS 0x00000000e1920400, 0x00000000e1900000| Untracked 
|  26|0x00000000e1a00000, 0x00000000e1a00000, 0x00000000e1b00000|  0%| F|  |TAMS 0x00000000e1a00000, 0x00000000e1a00000| Untracked 
|  27|0x00000000e1b00000, 0x00000000e1b00000, 0x00000000e1c00000|  0%| F|  |TAMS 0x00000000e1b00000, 0x00000000e1b00000| Untracked 
|  28|0x00000000e1c00000, 0x00000000e1c00000, 0x00000000e1d00000|  0%| F|  |TAMS 0x00000000e1c00000, 0x00000000e1c00000| Untracked 
|  29|0x00000000e1d00000, 0x00000000e1d00000, 0x00000000e1e00000|  0%| F|  |TAMS 0x00000000e1d00000, 0x00000000e1d00000| Untracked 
|  30|0x00000000e1e00000, 0x00000000e1e00000, 0x00000000e1f00000|  0%| F|  |TAMS 0x00000000e1e00000, 0x00000000e1e00000| Untracked 
|  31|0x00000000e1f00000, 0x00000000e1f00000, 0x00000000e2000000|  0%| F|  |TAMS 0x00000000e1f00000, 0x00000000e1f00000| Untracked 
|  32|0x00000000e2000000, 0x00000000e2000000, 0x00000000e2100000|  0%| F|  |TAMS 0x00000000e2000000, 0x00000000e2000000| Untracked 
|  33|0x00000000e2100000, 0x00000000e2100000, 0x00000000e2200000|  0%| F|  |TAMS 0x00000000e2100000, 0x00000000e2100000| Untracked 
|  34|0x00000000e2200000, 0x00000000e2200000, 0x00000000e2300000|  0%| F|  |TAMS 0x00000000e2200000, 0x00000000e2200000| Untracked 
|  35|0x00000000e2300000, 0x00000000e2300000, 0x00000000e2400000|  0%| F|  |TAMS 0x00000000e2300000, 0x00000000e2300000| Untracked 
|  36|0x00000000e2400000, 0x00000000e2400000, 0x00000000e2500000|  0%| F|  |TAMS 0x00000000e2400000, 0x00000000e2400000| Untracked 
|  37|0x00000000e2500000, 0x00000000e2500000, 0x00000000e2600000|  0%| F|  |TAMS 0x00000000e2500000, 0x00000000e2500000| Untracked 
|  38|0x00000000e2600000, 0x00000000e2600000, 0x00000000e2700000|  0%| F|  |TAMS 0x00000000e2600000, 0x00000000e2600000| Untracked 
|  39|0x00000000e2700000, 0x00000000e2700000, 0x00000000e2800000|  0%| F|  |TAMS 0x00000000e2700000, 0x00000000e2700000| Untracked 
|  40|0x00000000e2800000, 0x00000000e2800000, 0x00000000e2900000|  0%| F|  |TAMS 0x00000000e2800000, 0x00000000e2800000| Untracked 
|  41|0x00000000e2900000, 0x00000000e2900000, 0x00000000e2a00000|  0%| F|  |TAMS 0x00000000e2900000, 0x00000000e2900000| Untracked 
|  42|0x00000000e2a00000, 0x00000000e2a00000, 0x00000000e2b00000|  0%| F|  |TAMS 0x00000000e2a00000, 0x00000000e2a00000| Untracked 
|  43|0x00000000e2b00000, 0x00000000e2b00000, 0x00000000e2c00000|  0%| F|  |TAMS 0x00000000e2b00000, 0x00000000e2b00000| Untracked 
|  44|0x00000000e2c00000, 0x00000000e2c00000, 0x00000000e2d00000|  0%| F|  |TAMS 0x00000000e2c00000, 0x00000000e2c00000| Untracked 
|  45|0x00000000e2d00000, 0x00000000e2d00000, 0x00000000e2e00000|  0%| F|  |TAMS 0x00000000e2d00000, 0x00000000e2d00000| Untracked 
|  46|0x00000000e2e00000, 0x00000000e2e00000, 0x00000000e2f00000|  0%| F|  |TAMS 0x00000000e2e00000, 0x00000000e2e00000| Untracked 
|  47|0x00000000e2f00000, 0x00000000e2f00000, 0x00000000e3000000|  0%| F|  |TAMS 0x00000000e2f00000, 0x00000000e2f00000| Untracked 
|  48|0x00000000e3000000, 0x00000000e3000000, 0x00000000e3100000|  0%| F|  |TAMS 0x00000000e3000000, 0x00000000e3000000| Untracked 
|  49|0x00000000e3100000, 0x00000000e3100000, 0x00000000e3200000|  0%| F|  |TAMS 0x00000000e3100000, 0x00000000e3100000| Untracked 
|  50|0x00000000e3200000, 0x00000000e3200000, 0x00000000e3300000|  0%| F|  |TAMS 0x00000000e3200000, 0x00000000e3200000| Untracked 
|  51|0x00000000e3300000, 0x00000000e3300000, 0x00000000e3400000|  0%| F|  |TAMS 0x00000000e3300000, 0x00000000e3300000| Untracked 
|  52|0x00000000e3400000, 0x00000000e3400000, 0x00000000e3500000|  0%| F|  |TAMS 0x00000000e3400000, 0x00000000e3400000| Untracked 
|  53|0x00000000e3500000, 0x00000000e3500000, 0x00000000e3600000|  0%| F|  |TAMS 0x00000000e3500000, 0x00000000e3500000| Untracked 
|  54|0x00000000e3600000, 0x00000000e3600000, 0x00000000e3700000|  0%| F|  |TAMS 0x00000000e3600000, 0x00000000e3600000| Untracked 
|  55|0x00000000e3700000, 0x00000000e3700000, 0x00000000e3800000|  0%| F|  |TAMS 0x00000000e3700000, 0x00000000e3700000| Untracked 
|  56|0x00000000e3800000, 0x00000000e3800000, 0x00000000e3900000|  0%| F|  |TAMS 0x00000000e3800000, 0x00000000e3800000| Untracked 
|  57|0x00000000e3900000, 0x00000000e3900000, 0x00000000e3a00000|  0%| F|  |TAMS 0x00000000e3900000, 0x00000000e3900000| Untracked 
|  58|0x00000000e3a00000, 0x00000000e3a00000, 0x00000000e3b00000|  0%| F|  |TAMS 0x00000000e3a00000, 0x00000000e3a00000| Untracked 
|  59|0x00000000e3b00000, 0x00000000e3b00000, 0x00000000e3c00000|  0%| F|  |TAMS 0x00000000e3b00000, 0x00000000e3b00000| Untracked 
|  60|0x00000000e3c00000, 0x00000000e3c00000, 0x00000000e3d00000|  0%| F|  |TAMS 0x00000000e3c00000, 0x00000000e3c00000| Untracked 
|  61|0x00000000e3d00000, 0x00000000e3d00000, 0x00000000e3e00000|  0%| F|  |TAMS 0x00000000e3d00000, 0x00000000e3d00000| Untracked 
|  62|0x00000000e3e00000, 0x00000000e3e00000, 0x00000000e3f00000|  0%| F|  |TAMS 0x00000000e3e00000, 0x00000000e3e00000| Untracked 
|  63|0x00000000e3f00000, 0x00000000e3f00000, 0x00000000e4000000|  0%| F|  |TAMS 0x00000000e3f00000, 0x00000000e3f00000| Untracked 
|  64|0x00000000e4000000, 0x00000000e4000000, 0x00000000e4100000|  0%| F|  |TAMS 0x00000000e4000000, 0x00000000e4000000| Untracked 
|  65|0x00000000e4100000, 0x00000000e4100000, 0x00000000e4200000|  0%| F|  |TAMS 0x00000000e4100000, 0x00000000e4100000| Untracked 
|  66|0x00000000e4200000, 0x00000000e4200000, 0x00000000e4300000|  0%| F|  |TAMS 0x00000000e4200000, 0x00000000e4200000| Untracked 
|  67|0x00000000e4300000, 0x00000000e4300000, 0x00000000e4400000|  0%| F|  |TAMS 0x00000000e4300000, 0x00000000e4300000| Untracked 
|  68|0x00000000e4400000, 0x00000000e4400000, 0x00000000e4500000|  0%| F|  |TAMS 0x00000000e4400000, 0x00000000e4400000| Untracked 
|  69|0x00000000e4500000, 0x00000000e4500000, 0x00000000e4600000|  0%| F|  |TAMS 0x00000000e4500000, 0x00000000e4500000| Untracked 
|  70|0x00000000e4600000, 0x00000000e4600000, 0x00000000e4700000|  0%| F|  |TAMS 0x00000000e4600000, 0x00000000e4600000| Untracked 
|  71|0x00000000e4700000, 0x00000000e4700000, 0x00000000e4800000|  0%| F|  |TAMS 0x00000000e4700000, 0x00000000e4700000| Untracked 
|  72|0x00000000e4800000, 0x00000000e4800000, 0x00000000e4900000|  0%| F|  |TAMS 0x00000000e4800000, 0x00000000e4800000| Untracked 
|  73|0x00000000e4900000, 0x00000000e4900000, 0x00000000e4a00000|  0%| F|  |TAMS 0x00000000e4900000, 0x00000000e4900000| Untracked 
|  74|0x00000000e4a00000, 0x00000000e4a00000, 0x00000000e4b00000|  0%| F|  |TAMS 0x00000000e4a00000, 0x00000000e4a00000| Untracked 
|  75|0x00000000e4b00000, 0x00000000e4b00000, 0x00000000e4c00000|  0%| F|  |TAMS 0x00000000e4b00000, 0x00000000e4b00000| Untracked 
|  76|0x00000000e4c00000, 0x00000000e4c00000, 0x00000000e4d00000|  0%| F|  |TAMS 0x00000000e4c00000, 0x00000000e4c00000| Untracked 
|  77|0x00000000e4d00000, 0x00000000e4d00000, 0x00000000e4e00000|  0%| F|  |TAMS 0x00000000e4d00000, 0x00000000e4d00000| Untracked 
|  78|0x00000000e4e00000, 0x00000000e4e00000, 0x00000000e4f00000|  0%| F|  |TAMS 0x00000000e4e00000, 0x00000000e4e00000| Untracked 
|  79|0x00000000e4f00000, 0x00000000e4f00000, 0x00000000e5000000|  0%| F|  |TAMS 0x00000000e4f00000, 0x00000000e4f00000| Untracked 
|  80|0x00000000e5000000, 0x00000000e5000000, 0x00000000e5100000|  0%| F|  |TAMS 0x00000000e5000000, 0x00000000e5000000| Untracked 
|  81|0x00000000e5100000, 0x00000000e5100000, 0x00000000e5200000|  0%| F|  |TAMS 0x00000000e5100000, 0x00000000e5100000| Untracked 
|  82|0x00000000e5200000, 0x00000000e5200000, 0x00000000e5300000|  0%| F|  |TAMS 0x00000000e5200000, 0x00000000e5200000| Untracked 
|  83|0x00000000e5300000, 0x00000000e5300000, 0x00000000e5400000|  0%| F|  |TAMS 0x00000000e5300000, 0x00000000e5300000| Untracked 
|  84|0x00000000e5400000, 0x00000000e5400000, 0x00000000e5500000|  0%| F|  |TAMS 0x00000000e5400000, 0x00000000e5400000| Untracked 
|  85|0x00000000e5500000, 0x00000000e5500000, 0x00000000e5600000|  0%| F|  |TAMS 0x00000000e5500000, 0x00000000e5500000| Untracked 
|  86|0x00000000e5600000, 0x00000000e5600000, 0x00000000e5700000|  0%| F|  |TAMS 0x00000000e5600000, 0x00000000e5600000| Untracked 
|  87|0x00000000e5700000, 0x00000000e5700000, 0x00000000e5800000|  0%| F|  |TAMS 0x00000000e5700000, 0x00000000e5700000| Untracked 
|  88|0x00000000e5800000, 0x00000000e5800000, 0x00000000e5900000|  0%| F|  |TAMS 0x00000000e5800000, 0x00000000e5800000| Untracked 
|  89|0x00000000e5900000, 0x00000000e5900000, 0x00000000e5a00000|  0%| F|  |TAMS 0x00000000e5900000, 0x00000000e5900000| Untracked 
|  90|0x00000000e5a00000, 0x00000000e5a00000, 0x00000000e5b00000|  0%| F|  |TAMS 0x00000000e5a00000, 0x00000000e5a00000| Untracked 
|  91|0x00000000e5b00000, 0x00000000e5b00000, 0x00000000e5c00000|  0%| F|  |TAMS 0x00000000e5b00000, 0x00000000e5b00000| Untracked 
|  92|0x00000000e5c00000, 0x00000000e5ca9900, 0x00000000e5d00000| 66%| S|CS|TAMS 0x00000000e5c00000, 0x00000000e5c00000| Complete 
|  93|0x00000000e5d00000, 0x00000000e5e00000, 0x00000000e5e00000|100%| S|CS|TAMS 0x00000000e5d00000, 0x00000000e5d00000| Complete 
|  94|0x00000000e5e00000, 0x00000000e5f00000, 0x00000000e5f00000|100%| S|CS|TAMS 0x00000000e5e00000, 0x00000000e5e00000| Complete 
|  95|0x00000000e5f00000, 0x00000000e6000000, 0x00000000e6000000|100%| S|CS|TAMS 0x00000000e5f00000, 0x00000000e5f00000| Complete 
|  96|0x00000000e6000000, 0x00000000e6100000, 0x00000000e6100000|100%| S|CS|TAMS 0x00000000e6000000, 0x00000000e6000000| Complete 
|  97|0x00000000e6100000, 0x00000000e6200000, 0x00000000e6200000|100%| S|CS|TAMS 0x00000000e6100000, 0x00000000e6100000| Complete 
|  98|0x00000000e6200000, 0x00000000e6300000, 0x00000000e6300000|100%| S|CS|TAMS 0x00000000e6200000, 0x00000000e6200000| Complete 
|  99|0x00000000e6300000, 0x00000000e6400000, 0x00000000e6400000|100%| S|CS|TAMS 0x00000000e6300000, 0x00000000e6300000| Complete 
| 100|0x00000000e6400000, 0x00000000e6500000, 0x00000000e6500000|100%| S|CS|TAMS 0x00000000e6400000, 0x00000000e6400000| Complete 
| 101|0x00000000e6500000, 0x00000000e6600000, 0x00000000e6600000|100%| S|CS|TAMS 0x00000000e6500000, 0x00000000e6500000| Complete 
| 102|0x00000000e6600000, 0x00000000e6700000, 0x00000000e6700000|100%| S|CS|TAMS 0x00000000e6600000, 0x00000000e6600000| Complete 
| 103|0x00000000e6700000, 0x00000000e6700000, 0x00000000e6800000|  0%| F|  |TAMS 0x00000000e6700000, 0x00000000e6700000| Untracked 
| 104|0x00000000e6800000, 0x00000000e6800000, 0x00000000e6900000|  0%| F|  |TAMS 0x00000000e6800000, 0x00000000e6800000| Untracked 
| 105|0x00000000e6900000, 0x00000000e6900000, 0x00000000e6a00000|  0%| F|  |TAMS 0x00000000e6900000, 0x00000000e6900000| Untracked 
| 106|0x00000000e6a00000, 0x00000000e6a00000, 0x00000000e6b00000|  0%| F|  |TAMS 0x00000000e6a00000, 0x00000000e6a00000| Untracked 
| 107|0x00000000e6b00000, 0x00000000e6b00000, 0x00000000e6c00000|  0%| F|  |TAMS 0x00000000e6b00000, 0x00000000e6b00000| Untracked 
| 108|0x00000000e6c00000, 0x00000000e6c00000, 0x00000000e6d00000|  0%| F|  |TAMS 0x00000000e6c00000, 0x00000000e6c00000| Untracked 
| 109|0x00000000e6d00000, 0x00000000e6d00000, 0x00000000e6e00000|  0%| F|  |TAMS 0x00000000e6d00000, 0x00000000e6d00000| Untracked 
| 110|0x00000000e6e00000, 0x00000000e6e00000, 0x00000000e6f00000|  0%| F|  |TAMS 0x00000000e6e00000, 0x00000000e6e00000| Untracked 
| 111|0x00000000e6f00000, 0x00000000e6f00000, 0x00000000e7000000|  0%| F|  |TAMS 0x00000000e6f00000, 0x00000000e6f00000| Untracked 
| 112|0x00000000e7000000, 0x00000000e7000000, 0x00000000e7100000|  0%| F|  |TAMS 0x00000000e7000000, 0x00000000e7000000| Untracked 
| 113|0x00000000e7100000, 0x00000000e7100000, 0x00000000e7200000|  0%| F|  |TAMS 0x00000000e7100000, 0x00000000e7100000| Untracked 
| 114|0x00000000e7200000, 0x00000000e7200000, 0x00000000e7300000|  0%| F|  |TAMS 0x00000000e7200000, 0x00000000e7200000| Untracked 
| 115|0x00000000e7300000, 0x00000000e7300000, 0x00000000e7400000|  0%| F|  |TAMS 0x00000000e7300000, 0x00000000e7300000| Untracked 
| 116|0x00000000e7400000, 0x00000000e7400000, 0x00000000e7500000|  0%| F|  |TAMS 0x00000000e7400000, 0x00000000e7400000| Untracked 
| 117|0x00000000e7500000, 0x00000000e7500000, 0x00000000e7600000|  0%| F|  |TAMS 0x00000000e7500000, 0x00000000e7500000| Untracked 
| 118|0x00000000e7600000, 0x00000000e7600000, 0x00000000e7700000|  0%| F|  |TAMS 0x00000000e7600000, 0x00000000e7600000| Untracked 
| 119|0x00000000e7700000, 0x00000000e7700000, 0x00000000e7800000|  0%| F|  |TAMS 0x00000000e7700000, 0x00000000e7700000| Untracked 
| 120|0x00000000e7800000, 0x00000000e7800000, 0x00000000e7900000|  0%| F|  |TAMS 0x00000000e7800000, 0x00000000e7800000| Untracked 
| 121|0x00000000e7900000, 0x00000000e7900000, 0x00000000e7a00000|  0%| F|  |TAMS 0x00000000e7900000, 0x00000000e7900000| Untracked 
| 122|0x00000000e7a00000, 0x00000000e7a00000, 0x00000000e7b00000|  0%| F|  |TAMS 0x00000000e7a00000, 0x00000000e7a00000| Untracked 
| 123|0x00000000e7b00000, 0x00000000e7b00000, 0x00000000e7c00000|  0%| F|  |TAMS 0x00000000e7b00000, 0x00000000e7b00000| Untracked 
| 124|0x00000000e7c00000, 0x00000000e7c00000, 0x00000000e7d00000|  0%| F|  |TAMS 0x00000000e7c00000, 0x00000000e7c00000| Untracked 
| 125|0x00000000e7d00000, 0x00000000e7d00000, 0x00000000e7e00000|  0%| F|  |TAMS 0x00000000e7d00000, 0x00000000e7d00000| Untracked 
| 126|0x00000000e7e00000, 0x00000000e7e00000, 0x00000000e7f00000|  0%| F|  |TAMS 0x00000000e7e00000, 0x00000000e7e00000| Untracked 
| 127|0x00000000e7f00000, 0x00000000e7f00000, 0x00000000e8000000|  0%| F|  |TAMS 0x00000000e7f00000, 0x00000000e7f00000| Untracked 
| 128|0x00000000e8000000, 0x00000000e8000000, 0x00000000e8100000|  0%| F|  |TAMS 0x00000000e8000000, 0x00000000e8000000| Untracked 
| 129|0x00000000e8100000, 0x00000000e8100000, 0x00000000e8200000|  0%| F|  |TAMS 0x00000000e8100000, 0x00000000e8100000| Untracked 
| 130|0x00000000e8200000, 0x00000000e8200000, 0x00000000e8300000|  0%| F|  |TAMS 0x00000000e8200000, 0x00000000e8200000| Untracked 
| 131|0x00000000e8300000, 0x00000000e8300000, 0x00000000e8400000|  0%| F|  |TAMS 0x00000000e8300000, 0x00000000e8300000| Untracked 
| 132|0x00000000e8400000, 0x00000000e8400000, 0x00000000e8500000|  0%| F|  |TAMS 0x00000000e8400000, 0x00000000e8400000| Untracked 
| 133|0x00000000e8500000, 0x00000000e8500000, 0x00000000e8600000|  0%| F|  |TAMS 0x00000000e8500000, 0x00000000e8500000| Untracked 
| 134|0x00000000e8600000, 0x00000000e8600000, 0x00000000e8700000|  0%| F|  |TAMS 0x00000000e8600000, 0x00000000e8600000| Untracked 
| 135|0x00000000e8700000, 0x00000000e8700000, 0x00000000e8800000|  0%| F|  |TAMS 0x00000000e8700000, 0x00000000e8700000| Untracked 
| 136|0x00000000e8800000, 0x00000000e8800000, 0x00000000e8900000|  0%| F|  |TAMS 0x00000000e8800000, 0x00000000e8800000| Untracked 
| 137|0x00000000e8900000, 0x00000000e8900000, 0x00000000e8a00000|  0%| F|  |TAMS 0x00000000e8900000, 0x00000000e8900000| Untracked 
| 138|0x00000000e8a00000, 0x00000000e8a00000, 0x00000000e8b00000|  0%| F|  |TAMS 0x00000000e8a00000, 0x00000000e8a00000| Untracked 
| 139|0x00000000e8b00000, 0x00000000e8b00000, 0x00000000e8c00000|  0%| F|  |TAMS 0x00000000e8b00000, 0x00000000e8b00000| Untracked 
| 140|0x00000000e8c00000, 0x00000000e8c00000, 0x00000000e8d00000|  0%| F|  |TAMS 0x00000000e8c00000, 0x00000000e8c00000| Untracked 
| 141|0x00000000e8d00000, 0x00000000e8d00000, 0x00000000e8e00000|  0%| F|  |TAMS 0x00000000e8d00000, 0x00000000e8d00000| Untracked 
| 142|0x00000000e8e00000, 0x00000000e8e00000, 0x00000000e8f00000|  0%| F|  |TAMS 0x00000000e8e00000, 0x00000000e8e00000| Untracked 
| 143|0x00000000e8f00000, 0x00000000e8f00000, 0x00000000e9000000|  0%| F|  |TAMS 0x00000000e8f00000, 0x00000000e8f00000| Untracked 
| 144|0x00000000e9000000, 0x00000000e9000000, 0x00000000e9100000|  0%| F|  |TAMS 0x00000000e9000000, 0x00000000e9000000| Untracked 
| 145|0x00000000e9100000, 0x00000000e9100000, 0x00000000e9200000|  0%| F|  |TAMS 0x00000000e9100000, 0x00000000e9100000| Untracked 
| 146|0x00000000e9200000, 0x00000000e9200000, 0x00000000e9300000|  0%| F|  |TAMS 0x00000000e9200000, 0x00000000e9200000| Untracked 
| 147|0x00000000e9300000, 0x00000000e9300000, 0x00000000e9400000|  0%| F|  |TAMS 0x00000000e9300000, 0x00000000e9300000| Untracked 
| 148|0x00000000e9400000, 0x00000000e9400000, 0x00000000e9500000|  0%| F|  |TAMS 0x00000000e9400000, 0x00000000e9400000| Untracked 
| 149|0x00000000e9500000, 0x00000000e9500000, 0x00000000e9600000|  0%| F|  |TAMS 0x00000000e9500000, 0x00000000e9500000| Untracked 
| 150|0x00000000e9600000, 0x00000000e9600000, 0x00000000e9700000|  0%| F|  |TAMS 0x00000000e9600000, 0x00000000e9600000| Untracked 
| 151|0x00000000e9700000, 0x00000000e9700000, 0x00000000e9800000|  0%| F|  |TAMS 0x00000000e9700000, 0x00000000e9700000| Untracked 
| 152|0x00000000e9800000, 0x00000000e9800000, 0x00000000e9900000|  0%| F|  |TAMS 0x00000000e9800000, 0x00000000e9800000| Untracked 
| 153|0x00000000e9900000, 0x00000000e9900000, 0x00000000e9a00000|  0%| F|  |TAMS 0x00000000e9900000, 0x00000000e9900000| Untracked 
| 154|0x00000000e9a00000, 0x00000000e9a00000, 0x00000000e9b00000|  0%| F|  |TAMS 0x00000000e9a00000, 0x00000000e9a00000| Untracked 
| 155|0x00000000e9b00000, 0x00000000e9b00000, 0x00000000e9c00000|  0%| F|  |TAMS 0x00000000e9b00000, 0x00000000e9b00000| Untracked 
| 156|0x00000000e9c00000, 0x00000000e9c00000, 0x00000000e9d00000|  0%| F|  |TAMS 0x00000000e9c00000, 0x00000000e9c00000| Untracked 
| 157|0x00000000e9d00000, 0x00000000e9d00000, 0x00000000e9e00000|  0%| F|  |TAMS 0x00000000e9d00000, 0x00000000e9d00000| Untracked 
| 158|0x00000000e9e00000, 0x00000000e9e00000, 0x00000000e9f00000|  0%| F|  |TAMS 0x00000000e9e00000, 0x00000000e9e00000| Untracked 
| 159|0x00000000e9f00000, 0x00000000e9f00000, 0x00000000ea000000|  0%| F|  |TAMS 0x00000000e9f00000, 0x00000000e9f00000| Untracked 
| 160|0x00000000ea000000, 0x00000000ea000000, 0x00000000ea100000|  0%| F|  |TAMS 0x00000000ea000000, 0x00000000ea000000| Untracked 
| 161|0x00000000ea100000, 0x00000000ea100000, 0x00000000ea200000|  0%| F|  |TAMS 0x00000000ea100000, 0x00000000ea100000| Untracked 
| 162|0x00000000ea200000, 0x00000000ea200000, 0x00000000ea300000|  0%| F|  |TAMS 0x00000000ea200000, 0x00000000ea200000| Untracked 
| 163|0x00000000ea300000, 0x00000000ea300000, 0x00000000ea400000|  0%| F|  |TAMS 0x00000000ea300000, 0x00000000ea300000| Untracked 
| 164|0x00000000ea400000, 0x00000000ea400000, 0x00000000ea500000|  0%| F|  |TAMS 0x00000000ea400000, 0x00000000ea400000| Untracked 
| 165|0x00000000ea500000, 0x00000000ea500000, 0x00000000ea600000|  0%| F|  |TAMS 0x00000000ea500000, 0x00000000ea500000| Untracked 
| 166|0x00000000ea600000, 0x00000000ea600000, 0x00000000ea700000|  0%| F|  |TAMS 0x00000000ea600000, 0x00000000ea600000| Untracked 
| 167|0x00000000ea700000, 0x00000000ea700000, 0x00000000ea800000|  0%| F|  |TAMS 0x00000000ea700000, 0x00000000ea700000| Untracked 
| 168|0x00000000ea800000, 0x00000000ea800000, 0x00000000ea900000|  0%| F|  |TAMS 0x00000000ea800000, 0x00000000ea800000| Untracked 
| 169|0x00000000ea900000, 0x00000000ea900000, 0x00000000eaa00000|  0%| F|  |TAMS 0x00000000ea900000, 0x00000000ea900000| Untracked 
| 170|0x00000000eaa00000, 0x00000000eaa00000, 0x00000000eab00000|  0%| F|  |TAMS 0x00000000eaa00000, 0x00000000eaa00000| Untracked 
| 171|0x00000000eab00000, 0x00000000eab00000, 0x00000000eac00000|  0%| F|  |TAMS 0x00000000eab00000, 0x00000000eab00000| Untracked 
| 172|0x00000000eac00000, 0x00000000eac00000, 0x00000000ead00000|  0%| F|  |TAMS 0x00000000eac00000, 0x00000000eac00000| Untracked 
| 173|0x00000000ead00000, 0x00000000ead00000, 0x00000000eae00000|  0%| F|  |TAMS 0x00000000ead00000, 0x00000000ead00000| Untracked 
| 174|0x00000000eae00000, 0x00000000eae00000, 0x00000000eaf00000|  0%| F|  |TAMS 0x00000000eae00000, 0x00000000eae00000| Untracked 
| 175|0x00000000eaf00000, 0x00000000eaf00000, 0x00000000eb000000|  0%| F|  |TAMS 0x00000000eaf00000, 0x00000000eaf00000| Untracked 
| 176|0x00000000eb000000, 0x00000000eb000000, 0x00000000eb100000|  0%| F|  |TAMS 0x00000000eb000000, 0x00000000eb000000| Untracked 
| 177|0x00000000eb100000, 0x00000000eb100000, 0x00000000eb200000|  0%| F|  |TAMS 0x00000000eb100000, 0x00000000eb100000| Untracked 
| 178|0x00000000eb200000, 0x00000000eb200000, 0x00000000eb300000|  0%| F|  |TAMS 0x00000000eb200000, 0x00000000eb200000| Untracked 
| 179|0x00000000eb300000, 0x00000000eb300000, 0x00000000eb400000|  0%| F|  |TAMS 0x00000000eb300000, 0x00000000eb300000| Untracked 
| 180|0x00000000eb400000, 0x00000000eb400000, 0x00000000eb500000|  0%| F|  |TAMS 0x00000000eb400000, 0x00000000eb400000| Untracked 
| 181|0x00000000eb500000, 0x00000000eb500000, 0x00000000eb600000|  0%| F|  |TAMS 0x00000000eb500000, 0x00000000eb500000| Untracked 
| 182|0x00000000eb600000, 0x00000000eb600000, 0x00000000eb700000|  0%| F|  |TAMS 0x00000000eb600000, 0x00000000eb600000| Untracked 
| 183|0x00000000eb700000, 0x00000000eb700000, 0x00000000eb800000|  0%| F|  |TAMS 0x00000000eb700000, 0x00000000eb700000| Untracked 
| 184|0x00000000eb800000, 0x00000000eb800000, 0x00000000eb900000|  0%| F|  |TAMS 0x00000000eb800000, 0x00000000eb800000| Untracked 
| 185|0x00000000eb900000, 0x00000000eb900000, 0x00000000eba00000|  0%| F|  |TAMS 0x00000000eb900000, 0x00000000eb900000| Untracked 
| 186|0x00000000eba00000, 0x00000000eba00000, 0x00000000ebb00000|  0%| F|  |TAMS 0x00000000eba00000, 0x00000000eba00000| Untracked 
| 187|0x00000000ebb00000, 0x00000000ebb00000, 0x00000000ebc00000|  0%| F|  |TAMS 0x00000000ebb00000, 0x00000000ebb00000| Untracked 
| 188|0x00000000ebc00000, 0x00000000ebc00000, 0x00000000ebd00000|  0%| F|  |TAMS 0x00000000ebc00000, 0x00000000ebc00000| Untracked 
| 189|0x00000000ebd00000, 0x00000000ebd00000, 0x00000000ebe00000|  0%| F|  |TAMS 0x00000000ebd00000, 0x00000000ebd00000| Untracked 
| 190|0x00000000ebe00000, 0x00000000ebe00000, 0x00000000ebf00000|  0%| F|  |TAMS 0x00000000ebe00000, 0x00000000ebe00000| Untracked 
| 191|0x00000000ebf00000, 0x00000000ebf00000, 0x00000000ec000000|  0%| F|  |TAMS 0x00000000ebf00000, 0x00000000ebf00000| Untracked 
| 192|0x00000000ec000000, 0x00000000ec000000, 0x00000000ec100000|  0%| F|  |TAMS 0x00000000ec000000, 0x00000000ec000000| Untracked 
| 193|0x00000000ec100000, 0x00000000ec100000, 0x00000000ec200000|  0%| F|  |TAMS 0x00000000ec100000, 0x00000000ec100000| Untracked 
| 194|0x00000000ec200000, 0x00000000ec200000, 0x00000000ec300000|  0%| F|  |TAMS 0x00000000ec200000, 0x00000000ec200000| Untracked 
| 195|0x00000000ec300000, 0x00000000ec300000, 0x00000000ec400000|  0%| F|  |TAMS 0x00000000ec300000, 0x00000000ec300000| Untracked 
| 196|0x00000000ec400000, 0x00000000ec400000, 0x00000000ec500000|  0%| F|  |TAMS 0x00000000ec400000, 0x00000000ec400000| Untracked 
| 197|0x00000000ec500000, 0x00000000ec500000, 0x00000000ec600000|  0%| F|  |TAMS 0x00000000ec500000, 0x00000000ec500000| Untracked 
| 198|0x00000000ec600000, 0x00000000ec600000, 0x00000000ec700000|  0%| F|  |TAMS 0x00000000ec600000, 0x00000000ec600000| Untracked 
| 199|0x00000000ec700000, 0x00000000ec700000, 0x00000000ec800000|  0%| F|  |TAMS 0x00000000ec700000, 0x00000000ec700000| Untracked 
| 200|0x00000000ec800000, 0x00000000ec800000, 0x00000000ec900000|  0%| F|  |TAMS 0x00000000ec800000, 0x00000000ec800000| Untracked 
| 201|0x00000000ec900000, 0x00000000ec900000, 0x00000000eca00000|  0%| F|  |TAMS 0x00000000ec900000, 0x00000000ec900000| Untracked 
| 202|0x00000000eca00000, 0x00000000eca00000, 0x00000000ecb00000|  0%| F|  |TAMS 0x00000000eca00000, 0x00000000eca00000| Untracked 
| 203|0x00000000ecb00000, 0x00000000ecb00000, 0x00000000ecc00000|  0%| F|  |TAMS 0x00000000ecb00000, 0x00000000ecb00000| Untracked 
| 204|0x00000000ecc00000, 0x00000000ecc00000, 0x00000000ecd00000|  0%| F|  |TAMS 0x00000000ecc00000, 0x00000000ecc00000| Untracked 
| 205|0x00000000ecd00000, 0x00000000ecd00000, 0x00000000ece00000|  0%| F|  |TAMS 0x00000000ecd00000, 0x00000000ecd00000| Untracked 
| 206|0x00000000ece00000, 0x00000000ece00000, 0x00000000ecf00000|  0%| F|  |TAMS 0x00000000ece00000, 0x00000000ece00000| Untracked 
| 207|0x00000000ecf00000, 0x00000000ecf81fc8, 0x00000000ed000000| 50%| E|  |TAMS 0x00000000ecf00000, 0x00000000ecf00000| Complete 
| 208|0x00000000ed000000, 0x00000000ed100000, 0x00000000ed100000|100%| E|CS|TAMS 0x00000000ed000000, 0x00000000ed000000| Complete 
| 209|0x00000000ed100000, 0x00000000ed200000, 0x00000000ed200000|100%| E|CS|TAMS 0x00000000ed100000, 0x00000000ed100000| Complete 
| 210|0x00000000ed200000, 0x00000000ed300000, 0x00000000ed300000|100%| E|CS|TAMS 0x00000000ed200000, 0x00000000ed200000| Complete 
| 211|0x00000000ed300000, 0x00000000ed400000, 0x00000000ed400000|100%| E|CS|TAMS 0x00000000ed300000, 0x00000000ed300000| Complete 
| 212|0x00000000ed400000, 0x00000000ed500000, 0x00000000ed500000|100%| E|CS|TAMS 0x00000000ed400000, 0x00000000ed400000| Complete 
| 213|0x00000000ed500000, 0x00000000ed600000, 0x00000000ed600000|100%| E|CS|TAMS 0x00000000ed500000, 0x00000000ed500000| Complete 
| 214|0x00000000ed600000, 0x00000000ed700000, 0x00000000ed700000|100%| E|CS|TAMS 0x00000000ed600000, 0x00000000ed600000| Complete 
| 215|0x00000000ed700000, 0x00000000ed800000, 0x00000000ed800000|100%| E|CS|TAMS 0x00000000ed700000, 0x00000000ed700000| Complete 
| 216|0x00000000ed800000, 0x00000000ed900000, 0x00000000ed900000|100%| E|CS|TAMS 0x00000000ed800000, 0x00000000ed800000| Complete 
| 217|0x00000000ed900000, 0x00000000eda00000, 0x00000000eda00000|100%| E|CS|TAMS 0x00000000ed900000, 0x00000000ed900000| Complete 
| 218|0x00000000eda00000, 0x00000000edb00000, 0x00000000edb00000|100%| E|CS|TAMS 0x00000000eda00000, 0x00000000eda00000| Complete 
| 219|0x00000000edb00000, 0x00000000edc00000, 0x00000000edc00000|100%| E|CS|TAMS 0x00000000edb00000, 0x00000000edb00000| Complete 
| 220|0x00000000edc00000, 0x00000000edd00000, 0x00000000edd00000|100%| E|CS|TAMS 0x00000000edc00000, 0x00000000edc00000| Complete 
| 221|0x00000000edd00000, 0x00000000ede00000, 0x00000000ede00000|100%| E|CS|TAMS 0x00000000edd00000, 0x00000000edd00000| Complete 
| 222|0x00000000ede00000, 0x00000000edf00000, 0x00000000edf00000|100%| E|CS|TAMS 0x00000000ede00000, 0x00000000ede00000| Complete 
| 223|0x00000000edf00000, 0x00000000ee000000, 0x00000000ee000000|100%| E|CS|TAMS 0x00000000edf00000, 0x00000000edf00000| Complete 
| 224|0x00000000ee000000, 0x00000000ee100000, 0x00000000ee100000|100%| E|CS|TAMS 0x00000000ee000000, 0x00000000ee000000| Complete 
| 225|0x00000000ee100000, 0x00000000ee200000, 0x00000000ee200000|100%| E|CS|TAMS 0x00000000ee100000, 0x00000000ee100000| Complete 
| 226|0x00000000ee200000, 0x00000000ee300000, 0x00000000ee300000|100%| E|CS|TAMS 0x00000000ee200000, 0x00000000ee200000| Complete 
| 227|0x00000000ee300000, 0x00000000ee400000, 0x00000000ee400000|100%| E|CS|TAMS 0x00000000ee300000, 0x00000000ee300000| Complete 
| 228|0x00000000ee400000, 0x00000000ee500000, 0x00000000ee500000|100%| E|CS|TAMS 0x00000000ee400000, 0x00000000ee400000| Complete 
| 229|0x00000000ee500000, 0x00000000ee600000, 0x00000000ee600000|100%| E|CS|TAMS 0x00000000ee500000, 0x00000000ee500000| Complete 
| 230|0x00000000ee600000, 0x00000000ee700000, 0x00000000ee700000|100%| E|CS|TAMS 0x00000000ee600000, 0x00000000ee600000| Complete 
| 231|0x00000000ee700000, 0x00000000ee800000, 0x00000000ee800000|100%| E|CS|TAMS 0x00000000ee700000, 0x00000000ee700000| Complete 
| 232|0x00000000ee800000, 0x00000000ee900000, 0x00000000ee900000|100%| E|CS|TAMS 0x00000000ee800000, 0x00000000ee800000| Complete 
| 233|0x00000000ee900000, 0x00000000eea00000, 0x00000000eea00000|100%| E|CS|TAMS 0x00000000ee900000, 0x00000000ee900000| Complete 
| 234|0x00000000eea00000, 0x00000000eeb00000, 0x00000000eeb00000|100%| E|CS|TAMS 0x00000000eea00000, 0x00000000eea00000| Complete 
| 235|0x00000000eeb00000, 0x00000000eec00000, 0x00000000eec00000|100%| E|CS|TAMS 0x00000000eeb00000, 0x00000000eeb00000| Complete 
| 236|0x00000000eec00000, 0x00000000eed00000, 0x00000000eed00000|100%| E|CS|TAMS 0x00000000eec00000, 0x00000000eec00000| Complete 
| 237|0x00000000eed00000, 0x00000000eee00000, 0x00000000eee00000|100%| E|CS|TAMS 0x00000000eed00000, 0x00000000eed00000| Complete 
| 238|0x00000000eee00000, 0x00000000eef00000, 0x00000000eef00000|100%| E|CS|TAMS 0x00000000eee00000, 0x00000000eee00000| Complete 
| 239|0x00000000eef00000, 0x00000000ef000000, 0x00000000ef000000|100%| E|CS|TAMS 0x00000000eef00000, 0x00000000eef00000| Complete 
| 240|0x00000000ef000000, 0x00000000ef100000, 0x00000000ef100000|100%| E|CS|TAMS 0x00000000ef000000, 0x00000000ef000000| Complete 
| 241|0x00000000ef100000, 0x00000000ef200000, 0x00000000ef200000|100%| E|CS|TAMS 0x00000000ef100000, 0x00000000ef100000| Complete 
| 242|0x00000000ef200000, 0x00000000ef300000, 0x00000000ef300000|100%| E|CS|TAMS 0x00000000ef200000, 0x00000000ef200000| Complete 
| 243|0x00000000ef300000, 0x00000000ef400000, 0x00000000ef400000|100%| E|CS|TAMS 0x00000000ef300000, 0x00000000ef300000| Complete 
| 244|0x00000000ef400000, 0x00000000ef500000, 0x00000000ef500000|100%| E|CS|TAMS 0x00000000ef400000, 0x00000000ef400000| Complete 
| 245|0x00000000ef500000, 0x00000000ef600000, 0x00000000ef600000|100%| E|CS|TAMS 0x00000000ef500000, 0x00000000ef500000| Complete 
| 246|0x00000000ef600000, 0x00000000ef700000, 0x00000000ef700000|100%| E|CS|TAMS 0x00000000ef600000, 0x00000000ef600000| Complete 
| 247|0x00000000ef700000, 0x00000000ef800000, 0x00000000ef800000|100%| E|CS|TAMS 0x00000000ef700000, 0x00000000ef700000| Complete 
| 248|0x00000000ef800000, 0x00000000ef900000, 0x00000000ef900000|100%| E|CS|TAMS 0x00000000ef800000, 0x00000000ef800000| Complete 
| 249|0x00000000ef900000, 0x00000000efa00000, 0x00000000efa00000|100%| E|CS|TAMS 0x00000000ef900000, 0x00000000ef900000| Complete 
| 250|0x00000000efa00000, 0x00000000efb00000, 0x00000000efb00000|100%| E|CS|TAMS 0x00000000efa00000, 0x00000000efa00000| Complete 
| 251|0x00000000efb00000, 0x00000000efc00000, 0x00000000efc00000|100%| E|CS|TAMS 0x00000000efb00000, 0x00000000efb00000| Complete 
| 252|0x00000000efc00000, 0x00000000efd00000, 0x00000000efd00000|100%| E|CS|TAMS 0x00000000efc00000, 0x00000000efc00000| Complete 
| 253|0x00000000efd00000, 0x00000000efe00000, 0x00000000efe00000|100%| E|CS|TAMS 0x00000000efd00000, 0x00000000efd00000| Complete 
| 254|0x00000000efe00000, 0x00000000eff00000, 0x00000000eff00000|100%| E|CS|TAMS 0x00000000efe00000, 0x00000000efe00000| Complete 
| 255|0x00000000eff00000, 0x00000000f0000000, 0x00000000f0000000|100%| E|CS|TAMS 0x00000000eff00000, 0x00000000eff00000| Complete 

Card table byte_map: [0x0000020bc9480000,0x0000020bc9580000] _byte_map_base: 0x0000020bc8d80000

Marking Bits (Prev, Next): (CMBitMap*) 0x0000020bb6d3e240, (CMBitMap*) 0x0000020bb6d3e280
 Prev Bits: [0x0000020bc9680000, 0x0000020bc9e80000)
 Next Bits: [0x0000020bc9e80000, 0x0000020bca680000)

Polling page: 0x0000020bb64d0000

Metaspace:

Usage:
  Non-class:     49.68 MB used.
      Class:      7.85 MB used.
       Both:     57.54 MB used.

Virtual space:
  Non-class space:       64.00 MB reserved,      49.94 MB ( 78%) committed,  1 nodes.
      Class space:      320.00 MB reserved,       8.12 MB (  3%) committed,  1 nodes.
             Both:      384.00 MB reserved,      58.06 MB ( 15%) committed. 

Chunk freelists:
   Non-Class:  13.27 MB
       Class:  7.93 MB
        Both:  21.20 MB

MaxMetaspaceSize: 384.00 MB
CompressedClassSpaceSize: 320.00 MB
Initial GC threshold: 21.00 MB
Current GC threshold: 59.50 MB
CDS: off
MetaspaceReclaimPolicy: balanced
 - commit_granule_bytes: 65536.
 - commit_granule_words: 8192.
 - virtual_space_node_default_size: 8388608.
 - enlarge_chunks_in_place: 1.
 - new_chunks_are_fully_committed: 0.
 - uncommit_free_chunks: 1.
 - use_allocation_guard: 0.
 - handle_deallocations: 1.


Internal statistics:

num_allocs_failed_limit: 9.
num_arena_births: 546.
num_arena_deaths: 0.
num_vsnodes_births: 2.
num_vsnodes_deaths: 0.
num_space_committed: 929.
num_space_uncommitted: 0.
num_chunks_returned_to_freelist: 9.
num_chunks_taken_from_freelist: 2536.
num_chunk_merges: 9.
num_chunk_splits: 1650.
num_chunks_enlarged: 1130.
num_inconsistent_stats: 0.

CodeHeap 'non-profiled nmethods': size=120000Kb used=2955Kb max_used=3136Kb free=117044Kb
 bounds [0x0000020bc1f50000, 0x0000020bc2270000, 0x0000020bc9480000]
CodeHeap 'profiled nmethods': size=120000Kb used=10459Kb max_used=10459Kb free=109540Kb
 bounds [0x0000020bba480000, 0x0000020bbaec0000, 0x0000020bc19b0000]
CodeHeap 'non-nmethods': size=5760Kb used=2317Kb max_used=2356Kb free=3443Kb
 bounds [0x0000020bc19b0000, 0x0000020bc1c20000, 0x0000020bc1f50000]
 total_blobs=6214 nmethods=5378 adapters=748
 compilation: enabled
              stopped_count=0, restarted_count=0
 full_count=0

Compilation events (20 events):
Event: 87.374 Thread 0x0000020bd1040da0 nmethod 6161 0x0000020bbaea0710 code [0x0000020bbaea08c0, 0x0000020bbaea0b58]
Event: 87.374 Thread 0x0000020bd1040da0 6162       3       org.gradle.api.internal.AbstractMutationGuard::assertMutationAllowed (28 bytes)
Event: 87.375 Thread 0x0000020bd1040da0 nmethod 6162 0x0000020bbaea0c90 code [0x0000020bbaea0ee0, 0x0000020bbaea18c8]
Event: 87.376 Thread 0x0000020bd1040da0 6164       3       org.gradle.internal.instantiation.generator.AsmBackedClassGenerator$ClassBuilderImpl::access$6500 (4 bytes)
Event: 87.376 Thread 0x0000020bd1040da0 nmethod 6164 0x0000020bbaea1c90 code [0x0000020bbaea1e20, 0x0000020bbaea1f18]
Event: 87.379 Thread 0x0000020bd1040da0 6165       3       org.gradle.tooling.internal.provider.runner.ClientBuildEventGenerator::started (168 bytes)
Event: 87.380 Thread 0x0000020bd1040da0 nmethod 6165 0x0000020bbaea1f90 code [0x0000020bbaea22a0, 0x0000020bbaea32f8]
Event: 87.452 Thread 0x0000020bd1040da0 6168       3       com.google.common.cache.LocalCache::createSegment (13 bytes)
Event: 87.453 Thread 0x0000020bd1040da0 nmethod 6168 0x0000020bbaea3810 code [0x0000020bbaea39c0, 0x0000020bbaea3b88]
Event: 87.453 Thread 0x0000020bd1040da0 6169       3       com.google.common.cache.LocalCache$Segment::initTable (51 bytes)
Event: 87.453 Thread 0x0000020bd1040da0 nmethod 6169 0x0000020bbaea3c90 code [0x0000020bbaea3e40, 0x0000020bbaea41b8]
Event: 87.557 Thread 0x0000020bd1040da0 6170       3       org.gradle.tooling.internal.provider.runner.ClientBuildEventGenerator::finished (128 bytes)
Event: 87.558 Thread 0x0000020bd1040da0 nmethod 6170 0x0000020bbaea4310 code [0x0000020bbaea45a0, 0x0000020bbaea5398]
Event: 87.560 Thread 0x0000020bd1040da0 6172       1       org.gradle.api.internal.DefaultDomainObjectCollection::getEventRegister (5 bytes)
Event: 87.560 Thread 0x0000020bd1040da0 nmethod 6172 0x0000020bc2188510 code [0x0000020bc21886a0, 0x0000020bc2188778]
Event: 87.561 Thread 0x0000020bd1040da0 6173       1       org.gradle.api.internal.collections.DefaultCollectionEventRegister::getAddActions (5 bytes)
Event: 87.561 Thread 0x0000020bd1040da0 nmethod 6173 0x0000020bc2188210 code [0x0000020bc21883a0, 0x0000020bc2188478]
Event: 87.733 Thread 0x0000020bd1040da0 6174       3       org.gradle.cache.internal.filelock.LockInfo::<init> (22 bytes)
Event: 87.733 Thread 0x0000020bd1040da0 nmethod 6174 0x0000020bbaea5790 code [0x0000020bbaea5940, 0x0000020bbaea5b98]
Event: 87.788 Thread 0x0000020bd1040da0 6175       1       com.google.common.cache.RemovalNotification::getCause (5 bytes)

GC Heap History (16 events):
Event: 6.843 GC heap before
{Heap before GC invocations=0 (full 0):
 garbage-first heap   total 262144K, used 13312K [0x00000000e0000000, 0x0000000100000000)
  region size 1024K, 13 young (13312K), 0 survivors (0K)
 Metaspace       used 7072K, committed 7168K, reserved 393216K
  class space    used 621K, committed 704K, reserved 327680K
}
Event: 6.868 GC heap after
{Heap after GC invocations=1 (full 0):
 garbage-first heap   total 262144K, used 1660K [0x00000000e0000000, 0x0000000100000000)
  region size 1024K, 2 young (2048K), 2 survivors (2048K)
 Metaspace       used 7072K, committed 7168K, reserved 393216K
  class space    used 621K, committed 704K, reserved 327680K
}
Event: 12.154 GC heap before
{Heap before GC invocations=1 (full 0):
 garbage-first heap   total 262144K, used 23164K [0x00000000e0000000, 0x0000000100000000)
  region size 1024K, 20 young (20480K), 2 survivors (2048K)
 Metaspace       used 10727K, committed 10880K, reserved 393216K
  class space    used 1108K, committed 1216K, reserved 327680K
}
Event: 12.160 GC heap after
{Heap after GC invocations=2 (full 0):
 garbage-first heap   total 262144K, used 11123K [0x00000000e0000000, 0x0000000100000000)
  region size 1024K, 3 young (3072K), 3 survivors (3072K)
 Metaspace       used 10727K, committed 10880K, reserved 393216K
  class space    used 1108K, committed 1216K, reserved 327680K
}
Event: 20.571 GC heap before
{Heap before GC invocations=2 (full 0):
 garbage-first heap   total 262144K, used 64371K [0x00000000e0000000, 0x0000000100000000)
  region size 1024K, 53 young (54272K), 3 survivors (3072K)
 Metaspace       used 12335K, committed 12480K, reserved 393216K
  class space    used 1360K, committed 1408K, reserved 327680K
}
Event: 20.581 GC heap after
{Heap after GC invocations=3 (full 0):
 garbage-first heap   total 262144K, used 16783K [0x00000000e0000000, 0x0000000100000000)
  region size 1024K, 7 young (7168K), 7 survivors (7168K)
 Metaspace       used 12335K, committed 12480K, reserved 393216K
  class space    used 1360K, committed 1408K, reserved 327680K
}
Event: 28.898 GC heap before
{Heap before GC invocations=3 (full 0):
 garbage-first heap   total 262144K, used 48527K [0x00000000e0000000, 0x0000000100000000)
  region size 1024K, 39 young (39936K), 7 survivors (7168K)
 Metaspace       used 21344K, committed 21504K, reserved 393216K
  class space    used 2524K, committed 2624K, reserved 327680K
}
Event: 28.914 GC heap after
{Heap after GC invocations=4 (full 0):
 garbage-first heap   total 262144K, used 20391K [0x00000000e0000000, 0x0000000100000000)
  region size 1024K, 11 young (11264K), 11 survivors (11264K)
 Metaspace       used 21344K, committed 21504K, reserved 393216K
  class space    used 2524K, committed 2624K, reserved 327680K
}
Event: 56.590 GC heap before
{Heap before GC invocations=5 (full 0):
 garbage-first heap   total 262144K, used 128935K [0x00000000e0000000, 0x0000000100000000)
  region size 1024K, 118 young (120832K), 11 survivors (11264K)
 Metaspace       used 35798K, committed 36096K, reserved 393216K
  class space    used 4907K, committed 5056K, reserved 327680K
}
Event: 56.649 GC heap after
{Heap after GC invocations=6 (full 0):
 garbage-first heap   total 262144K, used 24975K [0x00000000e0000000, 0x0000000100000000)
  region size 1024K, 15 young (15360K), 15 survivors (15360K)
 Metaspace       used 35798K, committed 36096K, reserved 393216K
  class space    used 4907K, committed 5056K, reserved 327680K
}
Event: 57.009 GC heap before
{Heap before GC invocations=6 (full 0):
 garbage-first heap   total 262144K, used 25999K [0x00000000e0000000, 0x0000000100000000)
  region size 1024K, 16 young (16384K), 15 survivors (15360K)
 Metaspace       used 35950K, committed 36224K, reserved 393216K
  class space    used 4938K, committed 5056K, reserved 327680K
}
Event: 57.036 GC heap after
{Heap after GC invocations=7 (full 0):
 garbage-first heap   total 262144K, used 26753K [0x00000000e0000000, 0x0000000100000000)
  region size 1024K, 2 young (2048K), 2 survivors (2048K)
 Metaspace       used 35950K, committed 36224K, reserved 393216K
  class space    used 4938K, committed 5056K, reserved 327680K
}
Event: 57.061 GC heap before
{Heap before GC invocations=7 (full 0):
 garbage-first heap   total 262144K, used 27777K [0x00000000e0000000, 0x0000000100000000)
  region size 1024K, 4 young (4096K), 2 survivors (2048K)
 Metaspace       used 36117K, committed 36480K, reserved 393216K
  class space    used 4963K, committed 5120K, reserved 327680K
}
Event: 57.063 GC heap after
{Heap after GC invocations=8 (full 0):
 garbage-first heap   total 262144K, used 25282K [0x00000000e0000000, 0x0000000100000000)
  region size 1024K, 1 young (1024K), 1 survivors (1024K)
 Metaspace       used 36117K, committed 36480K, reserved 393216K
  class space    used 4963K, committed 5120K, reserved 327680K
}
Event: 83.172 GC heap before
{Heap before GC invocations=9 (full 0):
 garbage-first heap   total 262144K, used 187074K [0x00000000e0000000, 0x0000000100000000)
  region size 1024K, 153 young (156672K), 1 survivors (1024K)
 Metaspace       used 55098K, committed 55552K, reserved 393216K
  class space    used 7426K, committed 7616K, reserved 327680K
}
Event: 83.206 GC heap after
{Heap after GC invocations=10 (full 0):
 garbage-first heap   total 262144K, used 35623K [0x00000000e0000000, 0x0000000100000000)
  region size 1024K, 11 young (11264K), 11 survivors (11264K)
 Metaspace       used 55098K, committed 55552K, reserved 393216K
  class space    used 7426K, committed 7616K, reserved 327680K
}

Dll operation events (3 events):
Event: 0.218 Loaded shared library C:\Program Files\JetBrains\IntelliJ IDEA 2023.2\jbr\bin\java.dll
Event: 2.785 Loaded shared library C:\Program Files\JetBrains\IntelliJ IDEA 2023.2\jbr\bin\zip.dll
Event: 8.243 Loaded shared library C:\Program Files\JetBrains\IntelliJ IDEA 2023.2\jbr\bin\verify.dll

Deoptimization events (20 events):
Event: 86.497 Thread 0x0000020bd1cfe490 Uncommon trap: trap_request=0xffffff45 fr.pc=0x0000020bc20bc43c relative=0x000000000000035c
Event: 86.497 Thread 0x0000020bd1cfe490 Uncommon trap: reason=unstable_if action=reinterpret pc=0x0000020bc20bc43c method=com.google.common.reflect.TypeResolver$TypeVariableKey.equalsTypeVariable(Ljava/lang/reflect/TypeVariable;)Z @ 39 c2
Event: 86.497 Thread 0x0000020bd1cfe490 DEOPT PACKING pc=0x0000020bc20bc43c sp=0x00000027edef5440
Event: 86.497 Thread 0x0000020bd1cfe490 DEOPT UNPACKING pc=0x0000020bc1a069a3 sp=0x00000027edef53f0 mode 2
Event: 87.138 Thread 0x0000020bd1cfe490 Uncommon trap: trap_request=0xffffffde fr.pc=0x0000020bc22368a4 relative=0x00000000000006a4
Event: 87.138 Thread 0x0000020bd1cfe490 Uncommon trap: reason=class_check action=maybe_recompile pc=0x0000020bc22368a4 method=java.util.regex.Matcher.search(I)Z @ 121 c2
Event: 87.138 Thread 0x0000020bd1cfe490 DEOPT PACKING pc=0x0000020bc22368a4 sp=0x00000027edef80f0
Event: 87.139 Thread 0x0000020bd1cfe490 DEOPT UNPACKING pc=0x0000020bc1a069a3 sp=0x00000027edef8058 mode 2
Event: 87.139 Thread 0x0000020bd1cfe490 Uncommon trap: trap_request=0xffffffde fr.pc=0x0000020bc22368a4 relative=0x00000000000006a4
Event: 87.139 Thread 0x0000020bd1cfe490 Uncommon trap: reason=class_check action=maybe_recompile pc=0x0000020bc22368a4 method=java.util.regex.Matcher.search(I)Z @ 121 c2
Event: 87.139 Thread 0x0000020bd1cfe490 DEOPT PACKING pc=0x0000020bc22368a4 sp=0x00000027edef80f0
Event: 87.139 Thread 0x0000020bd1cfe490 DEOPT UNPACKING pc=0x0000020bc1a069a3 sp=0x00000027edef8058 mode 2
Event: 87.149 Thread 0x0000020bd1cfe490 Uncommon trap: trap_request=0xffffffde fr.pc=0x0000020bc22368a4 relative=0x00000000000006a4
Event: 87.149 Thread 0x0000020bd1cfe490 Uncommon trap: reason=class_check action=maybe_recompile pc=0x0000020bc22368a4 method=java.util.regex.Matcher.search(I)Z @ 121 c2
Event: 87.149 Thread 0x0000020bd1cfe490 DEOPT PACKING pc=0x0000020bc22368a4 sp=0x00000027edef8090
Event: 87.149 Thread 0x0000020bd1cfe490 DEOPT UNPACKING pc=0x0000020bc1a069a3 sp=0x00000027edef7ff8 mode 2
Event: 87.149 Thread 0x0000020bd1cfe490 Uncommon trap: trap_request=0xffffffde fr.pc=0x0000020bc22368a4 relative=0x00000000000006a4
Event: 87.149 Thread 0x0000020bd1cfe490 Uncommon trap: reason=class_check action=maybe_recompile pc=0x0000020bc22368a4 method=java.util.regex.Matcher.search(I)Z @ 121 c2
Event: 87.149 Thread 0x0000020bd1cfe490 DEOPT PACKING pc=0x0000020bc22368a4 sp=0x00000027edef8090
Event: 87.149 Thread 0x0000020bd1cfe490 DEOPT UNPACKING pc=0x0000020bc1a069a3 sp=0x00000027edef7ff8 mode 2

Classes unloaded (0 events):
No events

Classes redefined (0 events):
No events

Internal exceptions (20 events):
Event: 80.117 Thread 0x0000020bd1cfe490 Exception <a 'java/lang/NoSuchMethodError'{0x00000000e7ad87c8}: 'java.lang.Object java.lang.invoke.DirectMethodHandle$Holder.invokeSpecial(java.lang.Object, java.lang.Object, java.lang.Object, java.lang.Object, java.lang.Object, java.lang.Object, int)'> (0x00000000e7ad87c8) 
thrown [s\src\hotspot\share\interpreter\linkResolver.cpp, line 771]
Event: 80.361 Thread 0x0000020bd1cfe490 Exception <a 'java/lang/NoSuchMethodError'{0x00000000e7936f28}: 'java.lang.Object java.lang.invoke.DirectMethodHandle$Holder.invokeSpecial(java.lang.Object, java.lang.Object, java.lang.Object, java.lang.Object, java.lang.Object, long)'> (0x00000000e7936f28) 
thrown [s\src\hotspot\share\interpreter\linkResolver.cpp, line 771]
Event: 80.370 Thread 0x0000020bd1cfe490 Exception <a 'java/lang/NoSuchMethodError'{0x00000000e7960b60}: 'void java.lang.invoke.DirectMethodHandle$Holder.invokeStatic(java.lang.Object, java.lang.Object, java.lang.Object, int, java.lang.Object)'> (0x00000000e7960b60) 
thrown [s\src\hotspot\share\interpreter\linkResolver.cpp, line 771]
Event: 81.150 Thread 0x0000020bd1cfe490 Exception <a 'java/lang/NoSuchMethodError'{0x00000000e73d1690}: 'java.lang.Object java.lang.invoke.DirectMethodHandle$Holder.invokeSpecial(java.lang.Object, java.lang.Object, java.lang.Object, java.lang.Object, int, java.lang.Object)'> (0x00000000e73d1690) 
thrown [s\src\hotspot\share\interpreter\linkResolver.cpp, line 771]
Event: 81.151 Thread 0x0000020bd1cfe490 Exception <a 'java/lang/NoSuchMethodError'{0x00000000e73da088}: 'java.lang.Object java.lang.invoke.DirectMethodHandle$Holder.newInvokeSpecial(java.lang.Object, java.lang.Object, java.lang.Object, java.lang.Object, int)'> (0x00000000e73da088) 
thrown [s\src\hotspot\share\interpreter\linkResolver.cpp, line 771]
Event: 81.152 Thread 0x0000020bd1cfe490 Exception <a 'java/lang/NoSuchMethodError'{0x00000000e73def38}: 'java.lang.Object java.lang.invoke.DirectMethodHandle$Holder.invokeSpecial(java.lang.Object, java.lang.Object, java.lang.Object, java.lang.Object, java.lang.Object, int)'> (0x00000000e73def38) 
thrown [s\src\hotspot\share\interpreter\linkResolver.cpp, line 771]
Event: 81.164 Thread 0x0000020bd1cfe490 Exception <a 'java/lang/NoSuchMethodError'{0x00000000e73e3720}: 'java.lang.Object java.lang.invoke.Invokers$Holder.linkToTargetMethod(java.lang.Object, java.lang.Object, java.lang.Object, int, java.lang.Object)'> (0x00000000e73e3720) 
thrown [s\src\hotspot\share\interpreter\linkResolver.cpp, line 771]
Event: 81.346 Thread 0x0000020bd1cfe490 Exception <a 'java/lang/NoSuchMethodError'{0x00000000e7015ce8}: 'int java.lang.invoke.DirectMethodHandle$Holder.invokeInterface(java.lang.Object, java.lang.Object, java.lang.Object, java.lang.Object)'> (0x00000000e7015ce8) 
thrown [s\src\hotspot\share\interpreter\linkResolver.cpp, line 771]
Event: 81.562 Thread 0x0000020bd1cfe490 Exception <a 'java/lang/NoSuchMethodError'{0x00000000e6fddea8}: 'java.lang.Object java.lang.invoke.DirectMethodHandle$Holder.invokeStatic(java.lang.Object, long, java.lang.Object)'> (0x00000000e6fddea8) 
thrown [s\src\hotspot\share\interpreter\linkResolver.cpp, line 771]
Event: 81.563 Thread 0x0000020bd1cfe490 Exception <a 'java/lang/NoSuchMethodError'{0x00000000e6fe5be0}: 'java.lang.Object java.lang.invoke.DirectMethodHandle$Holder.newInvokeSpecial(java.lang.Object, long)'> (0x00000000e6fe5be0) 
thrown [s\src\hotspot\share\interpreter\linkResolver.cpp, line 771]
Event: 81.576 Thread 0x0000020bd1cfe490 Exception <a 'java/lang/NoSuchMethodError'{0x00000000e6e4e420}: 'java.lang.Object java.lang.invoke.DirectMethodHandle$Holder.newInvokeSpecial(java.lang.Object, java.lang.Object, java.lang.Object, java.lang.Object, java.lang.Object, long)'> (0x00000000e6e4e420) 
thrown [s\src\hotspot\share\interpreter\linkResolver.cpp, line 771]
Event: 81.577 Thread 0x0000020bd1cfe490 Exception <a 'java/lang/NoSuchMethodError'{0x00000000e6e532e8}: 'java.lang.Object java.lang.invoke.DirectMethodHandle$Holder.invokeSpecial(java.lang.Object, java.lang.Object, java.lang.Object, java.lang.Object, java.lang.Object, java.lang.Object, long)'> (0x00000000e6e532e8) 
thrown [s\src\hotspot\share\interpreter\linkResolver.cpp, line 771]
Event: 81.615 Thread 0x0000020bd1cfe490 Exception <a 'java/lang/NoSuchMethodError'{0x00000000e6e9f7c8}: 'java.lang.Object java.lang.invoke.DirectMethodHandle$Holder.newInvokeSpecial(java.lang.Object, java.lang.Object, java.lang.Object, long)'> (0x00000000e6e9f7c8) 
thrown [s\src\hotspot\share\interpreter\linkResolver.cpp, line 771]
Event: 81.627 Thread 0x0000020bd1cfe490 Exception <a 'java/lang/NoSuchMethodError'{0x00000000e6ea47c0}: 'java.lang.Object java.lang.invoke.DirectMethodHandle$Holder.invokeSpecial(java.lang.Object, java.lang.Object, java.lang.Object, java.lang.Object, long)'> (0x00000000e6ea47c0) 
thrown [s\src\hotspot\share\interpreter\linkResolver.cpp, line 771]
Event: 81.627 Thread 0x0000020bd1cfe490 Exception <a 'java/lang/NoSuchMethodError'{0x00000000e6ea8ea0}: 'java.lang.Object java.lang.invoke.Invokers$Holder.linkToTargetMethod(java.lang.Object, java.lang.Object, long, java.lang.Object)'> (0x00000000e6ea8ea0) 
thrown [s\src\hotspot\share\interpreter\linkResolver.cpp, line 771]
Event: 81.849 Thread 0x0000020bd1cfe490 Exception <a 'java/lang/NoSuchMethodError'{0x00000000e6cd7870}: 'java.lang.Object java.lang.invoke.DirectMethodHandle$Holder.invokeSpecial(java.lang.Object, java.lang.Object, long, java.lang.Object, java.lang.Object)'> (0x00000000e6cd7870) 
thrown [s\src\hotspot\share\interpreter\linkResolver.cpp, line 771]
Event: 82.138 Thread 0x0000020bd1cfe490 Exception <a 'java/lang/NoSuchMethodError'{0x00000000e6a9ece8}: 'java.lang.Object java.lang.invoke.DirectMethodHandle$Holder.newInvokeSpecial(java.lang.Object, java.lang.Object, int)'> (0x00000000e6a9ece8) 
thrown [s\src\hotspot\share\interpreter\linkResolver.cpp, line 771]
Event: 83.329 Thread 0x0000020bd1cfe490 Exception <a 'java/lang/NoSuchMethodError'{0x00000000efde6e40}: 'java.lang.Object java.lang.invoke.DirectMethodHandle$Holder.newInvokeSpecial(java.lang.Object, java.lang.Object, java.lang.Object, java.lang.Object, int, java.lang.Object)'> (0x00000000efde6e40) 
thrown [s\src\hotspot\share\interpreter\linkResolver.cpp, line 771]
Event: 83.341 Thread 0x0000020bd1cfe490 Exception <a 'java/lang/NoSuchMethodError'{0x00000000efdebea8}: 'java.lang.Object java.lang.invoke.Invokers$Holder.linkToTargetMethod(java.lang.Object, java.lang.Object, java.lang.Object, int, java.lang.Object, java.lang.Object)'> (0x00000000efdebea8) 
thrown [s\src\hotspot\share\interpreter\linkResolver.cpp, line 771]
Event: 85.320 Thread 0x0000020bd1cfe490 Exception <a 'java/lang/NoSuchMethodError'{0x00000000ef5f5da8}: 'java.lang.Object java.lang.invoke.DirectMethodHandle$Holder.invokeSpecialIFC(java.lang.Object, java.lang.Object, java.lang.Object)'> (0x00000000ef5f5da8) 
thrown [s\src\hotspot\share\interpreter\linkResolver.cpp, line 771]

VM Operations (20 events):
Event: 81.265 Executing VM operation: HandshakeAllThreads
Event: 81.273 Executing VM operation: HandshakeAllThreads done
Event: 81.319 Executing VM operation: HandshakeAllThreads
Event: 81.319 Executing VM operation: HandshakeAllThreads done
Event: 81.319 Executing VM operation: HandshakeAllThreads
Event: 81.319 Executing VM operation: HandshakeAllThreads done
Event: 81.345 Executing VM operation: HandshakeAllThreads
Event: 81.345 Executing VM operation: HandshakeAllThreads done
Event: 82.347 Executing VM operation: Cleanup
Event: 82.365 Executing VM operation: Cleanup done
Event: 83.172 Executing VM operation: G1CollectForAllocation
Event: 83.207 Executing VM operation: G1CollectForAllocation done
Event: 84.217 Executing VM operation: Cleanup
Event: 84.217 Executing VM operation: Cleanup done
Event: 85.221 Executing VM operation: Cleanup
Event: 85.222 Executing VM operation: Cleanup done
Event: 85.862 Executing VM operation: ICBufferFull
Event: 85.863 Executing VM operation: ICBufferFull done
Event: 86.877 Executing VM operation: Cleanup
Event: 86.877 Executing VM operation: Cleanup done

Events (20 events):
Event: 86.440 loading class javax/xml/parsers/FactoryFinder done
Event: 86.441 loading class javax/xml/parsers/FactoryFinder$1
Event: 86.441 loading class javax/xml/parsers/FactoryFinder$1 done
Event: 86.442 loading class com/sun/org/apache/xerces/internal/jaxp/DocumentBuilderFactoryImpl
Event: 86.443 loading class com/sun/org/apache/xerces/internal/jaxp/DocumentBuilderFactoryImpl done
Event: 86.443 loading class com/sun/org/apache/xerces/internal/utils/XMLSecurityManager
Event: 86.444 loading class com/sun/org/apache/xerces/internal/utils/XMLSecurityManager done
Event: 86.444 loading class com/sun/org/apache/xerces/internal/utils/XMLSecurityManager$Limit
Event: 86.444 loading class com/sun/org/apache/xerces/internal/utils/XMLSecurityManager$Limit done
Event: 86.444 loading class com/sun/org/apache/xerces/internal/utils/XMLSecurityManager$NameMap
Event: 86.444 loading class com/sun/org/apache/xerces/internal/utils/XMLSecurityManager$NameMap done
Event: 86.444 loading class com/sun/org/apache/xerces/internal/utils/XMLSecurityPropertyManager
Event: 86.445 loading class com/sun/org/apache/xerces/internal/utils/XMLSecurityPropertyManager done
Event: 86.445 loading class com/sun/org/apache/xerces/internal/utils/XMLSecurityPropertyManager$State
Event: 86.445 loading class com/sun/org/apache/xerces/internal/utils/XMLSecurityPropertyManager$State done
Event: 86.445 loading class com/sun/org/apache/xerces/internal/utils/XMLSecurityPropertyManager$Property
Event: 86.445 loading class com/sun/org/apache/xerces/internal/utils/XMLSecurityPropertyManager$Property done
Event: 86.594 loading class java/util/regex/Pattern$SliceI
Event: 86.594 loading class java/util/regex/Pattern$SliceI done
Event: 86.651 Thread 0x0000020bd2aeba50 Thread added: 0x0000020bd2aeba50


Dynamic libraries:
0x00007ff69f3d0000 - 0x00007ff69f3da000 	C:\Program Files\JetBrains\IntelliJ IDEA 2023.2\jbr\bin\java.exe
0x00007fff52af0000 - 0x00007fff52d07000 	C:\WINDOWS\SYSTEM32\ntdll.dll
0x00007fff51fc0000 - 0x00007fff52084000 	C:\WINDOWS\System32\KERNEL32.DLL
0x00007fff4fe20000 - 0x00007fff501cd000 	C:\WINDOWS\System32\KERNELBASE.dll
0x00007fff505c0000 - 0x00007fff506d1000 	C:\WINDOWS\System32\ucrtbase.dll
0x00007fff41080000 - 0x00007fff41097000 	C:\Program Files\JetBrains\IntelliJ IDEA 2023.2\jbr\bin\jli.dll
0x00007fff52800000 - 0x00007fff529ae000 	C:\WINDOWS\System32\USER32.dll
0x00007fff50290000 - 0x00007fff502b6000 	C:\WINDOWS\System32\win32u.dll
0x00007fff510f0000 - 0x00007fff51119000 	C:\WINDOWS\System32\GDI32.dll
0x00007fff50710000 - 0x00007fff50829000 	C:\WINDOWS\System32\gdi32full.dll
0x00007fff50520000 - 0x00007fff505ba000 	C:\WINDOWS\System32\msvcp_win.dll
0x00007fff28450000 - 0x00007fff2846b000 	C:\Program Files\JetBrains\IntelliJ IDEA 2023.2\jbr\bin\VCRUNTIME140.dll
0x00007fff41d40000 - 0x00007fff41fd3000 	C:\WINDOWS\WinSxS\amd64_microsoft.windows.common-controls_6595b64144ccf1df_6.0.22621.3672_none_2713b9d173822955\COMCTL32.dll
0x00007fff512e0000 - 0x00007fff51387000 	C:\WINDOWS\System32\msvcrt.dll
0x00007fff52090000 - 0x00007fff520c1000 	C:\WINDOWS\System32\IMM32.DLL
0x00007fff44cf0000 - 0x00007fff44cfc000 	C:\Program Files\JetBrains\IntelliJ IDEA 2023.2\jbr\bin\vcruntime140_1.dll
0x00007fff22630000 - 0x00007fff226bd000 	C:\Program Files\JetBrains\IntelliJ IDEA 2023.2\jbr\bin\msvcp140.dll
0x00007fff1bf40000 - 0x00007fff1cbc0000 	C:\Program Files\JetBrains\IntelliJ IDEA 2023.2\jbr\bin\server\jvm.dll
0x00007fff52610000 - 0x00007fff526c2000 	C:\WINDOWS\System32\ADVAPI32.dll
0x00007fff51960000 - 0x00007fff51a09000 	C:\WINDOWS\System32\sechost.dll
0x00007fff506e0000 - 0x00007fff50708000 	C:\WINDOWS\System32\bcrypt.dll
0x00007fff51ea0000 - 0x00007fff51fb4000 	C:\WINDOWS\System32\RPCRT4.dll
0x00007fff4b940000 - 0x00007fff4b949000 	C:\WINDOWS\SYSTEM32\WSOCK32.dll
0x00007fff52360000 - 0x00007fff523d1000 	C:\WINDOWS\System32\WS2_32.dll
0x00007fff4b760000 - 0x00007fff4b794000 	C:\WINDOWS\SYSTEM32\WINMM.dll
0x00007fff47b60000 - 0x00007fff47b6a000 	C:\WINDOWS\SYSTEM32\VERSION.dll
0x00007fff4ee50000 - 0x00007fff4ee68000 	C:\WINDOWS\SYSTEM32\kernel.appcore.dll
0x00007fff4b930000 - 0x00007fff4b93a000 	C:\Program Files\JetBrains\IntelliJ IDEA 2023.2\jbr\bin\jimage.dll
0x00007fff4d630000 - 0x00007fff4d862000 	C:\WINDOWS\SYSTEM32\DBGHELP.DLL
0x00007fff51390000 - 0x00007fff51718000 	C:\WINDOWS\System32\combase.dll
0x00007fff52720000 - 0x00007fff527f7000 	C:\WINDOWS\System32\OLEAUT32.dll
0x00007fff397c0000 - 0x00007fff397f2000 	C:\WINDOWS\SYSTEM32\dbgcore.DLL
0x00007fff502c0000 - 0x00007fff5033b000 	C:\WINDOWS\System32\bcryptPrimitives.dll
0x00007fff412f0000 - 0x00007fff412fe000 	C:\Program Files\JetBrains\IntelliJ IDEA 2023.2\jbr\bin\instrument.dll
0x00007fff410a0000 - 0x00007fff410c5000 	C:\Program Files\JetBrains\IntelliJ IDEA 2023.2\jbr\bin\java.dll
0x00007fff49020000 - 0x00007fff49038000 	C:\Program Files\JetBrains\IntelliJ IDEA 2023.2\jbr\bin\zip.dll
0x00007fff50890000 - 0x00007fff510ef000 	C:\WINDOWS\System32\SHELL32.dll
0x00007fff4dd70000 - 0x00007fff4e66c000 	C:\WINDOWS\SYSTEM32\windows.storage.dll
0x00007fff4dc30000 - 0x00007fff4dd6f000 	C:\WINDOWS\SYSTEM32\wintypes.dll
0x00007fff529b0000 - 0x00007fff52aa4000 	C:\WINDOWS\System32\SHCORE.dll
0x00007fff51730000 - 0x00007fff5178e000 	C:\WINDOWS\System32\shlwapi.dll
0x00007fff4fd50000 - 0x00007fff4fd71000 	C:\WINDOWS\SYSTEM32\profapi.dll
0x00007fff44c70000 - 0x00007fff44c89000 	C:\Program Files\JetBrains\IntelliJ IDEA 2023.2\jbr\bin\net.dll
0x00007fff4bb20000 - 0x00007fff4bc56000 	C:\WINDOWS\SYSTEM32\WINHTTP.dll
0x00007fff4f2c0000 - 0x00007fff4f329000 	C:\WINDOWS\system32\mswsock.dll
0x00007fff44b80000 - 0x00007fff44b96000 	C:\Program Files\JetBrains\IntelliJ IDEA 2023.2\jbr\bin\nio.dll
0x00007fff4b920000 - 0x00007fff4b930000 	C:\Program Files\JetBrains\IntelliJ IDEA 2023.2\jbr\bin\verify.dll
0x00007fff31d80000 - 0x00007fff31da7000 	C:\Users\TUONG VY\.gradle\native\c067742578af261105cb4f569cf0c3c89f3d7b1fecec35dd04571415982c5e48\windows-amd64\native-platform.dll
0x00007fff17f40000 - 0x00007fff18084000 	C:\Users\TUONG VY\.gradle\native\100fb08df4bc3b14c8652ba06237920a3bd2aa13389f12d3474272988ae205f9\windows-amd64\native-platform-file-events.dll
0x00007fff44b20000 - 0x00007fff44b29000 	C:\Program Files\JetBrains\IntelliJ IDEA 2023.2\jbr\bin\management.dll
0x00007fff41300000 - 0x00007fff4130b000 	C:\Program Files\JetBrains\IntelliJ IDEA 2023.2\jbr\bin\management_ext.dll
0x00007fff51720000 - 0x00007fff51728000 	C:\WINDOWS\System32\PSAPI.DLL
0x00007fff4f520000 - 0x00007fff4f53b000 	C:\WINDOWS\SYSTEM32\CRYPTSP.dll
0x00007fff4edb0000 - 0x00007fff4ede5000 	C:\WINDOWS\system32\rsaenh.dll
0x00007fff4f3c0000 - 0x00007fff4f3e8000 	C:\WINDOWS\SYSTEM32\USERENV.dll
0x00007fff4f540000 - 0x00007fff4f54c000 	C:\WINDOWS\SYSTEM32\CRYPTBASE.dll
0x00007fff4e910000 - 0x00007fff4e93d000 	C:\WINDOWS\SYSTEM32\IPHLPAPI.DLL
0x00007fff52330000 - 0x00007fff52339000 	C:\WINDOWS\System32\NSI.dll
0x00007fff4bb00000 - 0x00007fff4bb19000 	C:\WINDOWS\SYSTEM32\dhcpcsvc6.DLL
0x00007fff4bae0000 - 0x00007fff4baff000 	C:\WINDOWS\SYSTEM32\dhcpcsvc.DLL
0x00007fff4e940000 - 0x00007fff4ea38000 	C:\WINDOWS\SYSTEM32\DNSAPI.dll
0x00007fff4b870000 - 0x00007fff4b87e000 	C:\Program Files\JetBrains\IntelliJ IDEA 2023.2\jbr\bin\sunmscapi.dll
0x00007fff503b0000 - 0x00007fff50517000 	C:\WINDOWS\System32\CRYPT32.dll
0x00007fff4f6c0000 - 0x00007fff4f6ee000 	C:\WINDOWS\SYSTEM32\ncrypt.dll
0x00007fff4f680000 - 0x00007fff4f6b7000 	C:\WINDOWS\SYSTEM32\NTASN1.dll
0x00007fff45050000 - 0x00007fff45058000 	C:\WINDOWS\system32\wshunix.dll

dbghelp: loaded successfully - version: 4.0.5 - missing functions: none
symbol engine: initialized successfully - sym options: 0x614 - pdb path: .;C:\Program Files\JetBrains\IntelliJ IDEA 2023.2\jbr\bin;C:\WINDOWS\SYSTEM32;C:\WINDOWS\WinSxS\amd64_microsoft.windows.common-controls_6595b64144ccf1df_6.0.22621.3672_none_2713b9d173822955;C:\Program Files\JetBrains\IntelliJ IDEA 2023.2\jbr\bin\server;C:\Users\TUONG VY\.gradle\native\c067742578af261105cb4f569cf0c3c89f3d7b1fecec35dd04571415982c5e48\windows-amd64;C:\Users\TUONG VY\.gradle\native\100fb08df4bc3b14c8652ba06237920a3bd2aa13389f12d3474272988ae205f9\windows-amd64

VM Arguments:
jvm_args: --add-opens=java.base/java.util=ALL-UNNAMED --add-opens=java.base/java.lang=ALL-UNNAMED --add-opens=java.base/java.lang.invoke=ALL-UNNAMED --add-opens=java.prefs/java.util.prefs=ALL-UNNAMED --add-opens=java.base/java.nio.charset=ALL-UNNAMED --add-opens=java.base/java.net=ALL-UNNAMED --add-opens=java.base/java.util.concurrent.atomic=ALL-UNNAMED -XX:MaxMetaspaceSize=384m -XX:+HeapDumpOnOutOfMemoryError -Xms256m -Xmx512m -Dfile.encoding=windows-1252 -Duser.country=US -Duser.language=en -Duser.variant -javaagent:C:\Users\TUONG VY\.gradle\wrapper\dists\gradle-8.8-bin\dl7vupf4psengwqhwktix4v1\gradle-8.8\lib\agents\gradle-instrumentation-agent-8.8.jar 
java_command: org.gradle.launcher.daemon.bootstrap.GradleDaemon 8.8
java_class_path (initial): C:\Users\TUONG VY\.gradle\wrapper\dists\gradle-8.8-bin\dl7vupf4psengwqhwktix4v1\gradle-8.8\lib\gradle-launcher-8.8.jar
Launcher Type: SUN_STANDARD

[Global flags]
     intx CICompilerCount                          = 3                                         {product} {ergonomic}
   size_t CompressedClassSpaceSize                 = 335544320                                 {product} {ergonomic}
     uint ConcGCThreads                            = 1                                         {product} {ergonomic}
     uint G1ConcRefinementThreads                  = 4                                         {product} {ergonomic}
   size_t G1HeapRegionSize                         = 1048576                                   {product} {ergonomic}
    uintx GCDrainStackTargetSize                   = 64                                        {product} {ergonomic}
     bool HeapDumpOnOutOfMemoryError               = true                                   {manageable} {command line}
   size_t InitialHeapSize                          = 268435456                                 {product} {command line}
   size_t MarkStackSize                            = 4194304                                   {product} {ergonomic}
   size_t MaxHeapSize                              = 536870912                                 {product} {command line}
   size_t MaxMetaspaceSize                         = 402653184                                 {product} {command line}
   size_t MaxNewSize                               = 321912832                                 {product} {ergonomic}
   size_t MinHeapDeltaBytes                        = 1048576                                   {product} {ergonomic}
   size_t MinHeapSize                              = 268435456                                 {product} {command line}
    uintx NonNMethodCodeHeapSize                   = 5832780                                {pd product} {ergonomic}
    uintx NonProfiledCodeHeapSize                  = 122912730                              {pd product} {ergonomic}
    uintx ProfiledCodeHeapSize                     = 122912730                              {pd product} {ergonomic}
    uintx ReservedCodeCacheSize                    = 251658240                              {pd product} {ergonomic}
     bool SegmentedCodeCache                       = true                                      {product} {ergonomic}
   size_t SoftMaxHeapSize                          = 536870912                              {manageable} {ergonomic}
     bool UseCompressedClassPointers               = true                           {product lp64_product} {ergonomic}
     bool UseCompressedOops                        = true                           {product lp64_product} {ergonomic}
     bool UseG1GC                                  = true                                      {product} {ergonomic}
     bool UseLargePagesIndividualAllocation        = false                                  {pd product} {ergonomic}

Logging:
Log output configuration:
 #0: stdout all=warning uptime,level,tags
 #1: stderr all=off uptime,level,tags

Environment Variables:
PATH=C:\Python312\Scripts\;C:\Python312\;C:\Program Files\Common Files\Oracle\Java\javapath;C:\Program Files (x86)\Common Files\Oracle\Java\javapath;C:\WINDOWS\system32;C:\WINDOWS;C:\WINDOWS\System32\Wbem;C:\WINDOWS\System32\WindowsPowerShell\v1.0\;C:\WINDOWS\System32\OpenSSH\;C:\Program Files\Git\cmd;C:\Program Files\Microsoft SQL Server\150\Tools\Binn\;C:\Program Files\Microsoft SQL Server\Client SDK\ODBC\170\Tools\Binn\;C:\Program Files\dotnet\;C:\Program Files (x86)\Windows Kits\10\Windows Performance Toolkit\;C:\Program Files\nodejs\;C:\ProgramData\chocolatey\bin;C:\Users\TUONG VY\AppData\Local\Microsoft\WindowsApps;C:\Program Files\JetBrains\IntelliJ IDEA 2023.2\bin;;D:\Microsoft VS Code\bin;D:\flutter_windows_3.19.5-stable\flutter\bin;C:\Users\TUONG VY\.dotnet\tools;C:\Users\TUONG VY\AppData\Roaming\npm
USERNAME=TUONG VY
OS=Windows_NT
PROCESSOR_IDENTIFIER=AMD64 Family 23 Model 24 Stepping 1, AuthenticAMD
TMP=C:\Users\TUONGV~1\AppData\Local\Temp
TEMP=C:\Users\TUONGV~1\AppData\Local\Temp


JNI global refs:
JNI global refs: 25, weak refs: 3

JNI global refs memory usage: 843, weak refs: 841

OOME stack traces (most recent first):
Classloader memory used:
Loader org.gradle.internal.classloader.VisitableURLClassLoader                         : 3584K
Loader bootstrap                                                                       : 2434K
Loader org.gradle.initialization.MixInLegacyTypesClassLoader                           : 1227K
Loader jdk.internal.loader.ClassLoaders$PlatformClassLoader                            : 70277B
Loader jdk.internal.loader.ClassLoaders$AppClassLoader                                 : 28744B
Loader jdk.internal.reflect.DelegatingClassLoader                                      : 10057B
Loader org.gradle.groovy.scripts.internal.DefaultScriptCompilationHandler$ScriptClassLoader: 5682B
Loader org.gradle.internal.classloader.VisitableURLClassLoader$InstrumentingVisitableURLClassLoader: 5418B
Loader org.codehaus.groovy.runtime.callsite.CallSiteClassLoader                        : 1604B

Classes loaded by more than one classloader:
Class org.gradle.internal.installation.GradleInstallation                             : loaded 2 times (x 73B)
Class org.gradle.internal.classpath.ClassPath                                         : loaded 2 times (x 68B)
Class org.gradle.api.internal.classpath.DefaultModuleRegistry                         : loaded 2 times (x 84B)
Class org.gradle.api.Action                                                           : loaded 2 times (x 68B)
Class org.gradle.api.internal.DefaultClassPathProvider                                : loaded 2 times (x 74B)
Class org.gradle.internal.installation.GradleInstallation$1                           : loaded 2 times (x 73B)
Class org.gradle.internal.classloader.FilteringClassLoader                            : loaded 2 times (x 102B)
Class org.gradle.internal.classpath.DefaultClassPath$ImmutableUniqueList$Builder      : loaded 2 times (x 73B)
Class org.gradle.internal.classloader.ClassLoaderVisitor                              : loaded 2 times (x 74B)
Class org.gradle.internal.service.DefaultServiceLocator                               : loaded 2 times (x 81B)
Class org.gradle.internal.service.UnknownServiceException                             : loaded 2 times (x 81B)
Class org.gradle.internal.classloader.DefaultClassLoaderFactory                       : loaded 2 times (x 80B)
Class org.gradle.internal.classloader.VisitableURLClassLoader$Spec                    : loaded 2 times (x 72B)
Class org.gradle.api.GradleException                                                  : loaded 2 times (x 80B)
Class org.gradle.api.internal.classpath.ModuleRegistry                                : loaded 2 times (x 68B)
Class org.gradle.api.internal.ClassPathProvider                                       : loaded 2 times (x 68B)
Class org.gradle.internal.classloader.ClasspathUtil$1                                 : loaded 2 times (x 74B)
Class org.gradle.internal.classloader.ClassLoaderFactory                              : loaded 2 times (x 68B)
Class org.gradle.api.internal.classpath.ManifestUtil                                  : loaded 2 times (x 69B)
Class org.gradle.api.specs.Spec                                                       : loaded 2 times (x 68B)
Class org.gradle.internal.IoActions                                                   : loaded 2 times (x 69B)
Class org.gradle.api.internal.classpath.EffectiveClassPath                            : loaded 2 times (x 88B)
Class org.gradle.internal.installation.CurrentGradleInstallation                      : loaded 2 times (x 71B)
Class org.gradle.internal.agents.InstrumentingClassLoader                             : loaded 2 times (x 68B)
Class org.gradle.internal.installation.CurrentGradleInstallationLocator               : loaded 2 times (x 69B)
Class org.gradle.api.internal.classpath.Module                                        : loaded 2 times (x 68B)
Class org.gradle.internal.service.CachingServiceLocator                               : loaded 2 times (x 80B)
Class org.gradle.internal.classpath.DefaultClassPath                                  : loaded 2 times (x 88B)
Class org.gradle.internal.classloader.SystemClassLoaderSpec                           : loaded 2 times (x 69B)
Class org.gradle.api.UncheckedIOException                                             : loaded 2 times (x 80B)
Class org.gradle.internal.classloader.ClasspathUtil                                   : loaded 2 times (x 69B)
Class org.gradle.api.internal.DefaultClassPathRegistry                                : loaded 2 times (x 74B)
Class org.gradle.api.internal.classpath.DefaultModuleRegistry$DefaultModule           : loaded 2 times (x 84B)
Class org.gradle.api.internal.classpath.UnknownModuleException                        : loaded 2 times (x 80B)
Class org.gradle.internal.service.ServiceLookupException                              : loaded 2 times (x 80B)
Class org.gradle.cache.GlobalCache                                                    : loaded 2 times (x 68B)
Class [Lorg.gradle.api.internal.ClassPathProvider;                                    : loaded 2 times (x 67B)
Class org.gradle.util.internal.GUtil                                                  : loaded 2 times (x 69B)
Class org.gradle.internal.classloader.ClassLoaderSpec                                 : loaded 2 times (x 69B)
Class org.gradle.internal.classloader.VisitableURLClassLoader                         : loaded 2 times (x 114B)
Class org.gradle.internal.Cast                                                        : loaded 2 times (x 69B)
Class org.gradle.api.internal.ClassPathRegistry                                       : loaded 2 times (x 68B)
Class org.gradle.internal.classloader.VisitableURLClassLoader$InstrumentingVisitableURLClassLoader: loaded 2 times (x 120B)
Class org.gradle.internal.classloader.ClassLoaderHierarchy                            : loaded 2 times (x 68B)
Class org.gradle.internal.InternalTransformer                                         : loaded 2 times (x 68B)
Class org.gradle.internal.service.ServiceLocator                                      : loaded 2 times (x 68B)
Class org.gradle.internal.classpath.DefaultClassPath$ImmutableUniqueList              : loaded 2 times (x 159B)
Class org.gradle.internal.classpath.TransformedClassPath                              : loaded 2 times (x 94B)


---------------  S Y S T E M  ---------------

OS:
 Windows 11 , 64 bit Build 22621 (10.0.22621.3672)
OS uptime: 1 days 0:47 hours

CPU: total 4 (initial active 4) (4 cores per cpu, 2 threads per core) family 23 model 24 stepping 1 microcode 0x0, cx8, cmov, fxsr, ht, mmx, 3dnowpref, sse, sse2, sse3, ssse3, sse4a, sse4.1, sse4.2, popcnt, lzcnt, tsc, tscinvbit, avx, avx2, aes, clmul, bmi1, bmi2, adx, sha, fma, vzeroupper, clflush, clflushopt

Memory: 4k page, system-wide physical 3534M (133M free)
TotalPageFile size 14286M (AvailPageFile size 6M)
current process WorkingSet (physical memory assigned to process): 281M, peak: 294M
current process commit charge ("private bytes"): 454M, peak: 457M

vm_info: OpenJDK 64-Bit Server VM (17.0.7+7-b1000.6) for windows-amd64 JRE (17.0.7+7-b1000.6), built on 2023-07-07 by "builduser" with MS VC++ 16.10 / 16.11 (VS2019)

END.
