#
# There is insufficient memory for the Java Runtime Environment to continue.
# Native memory allocation (malloc) failed to allocate 979376 bytes for Chunk::new
# Possible reasons:
#   The system is out of physical RAM or swap space
#   The process is running with CompressedOops enabled, and the Java Heap may be blocking the growth of the native heap
# Possible solutions:
#   Reduce memory load on the system
#   Increase physical memory or swap space
#   Check if swap backing store is full
#   Decrease Java heap size (-Xmx/-Xms)
#   Decrease number of Java threads
#   Decrease Java thread stack sizes (-Xss)
#   Set larger code cache with -XX:ReservedCodeCacheSize=
#   JVM is running with Unscaled Compressed Oops mode in which the Java heap is
#     placed in the first 4GB address space. The Java Heap base address is the
#     maximum limit for the native heap growth. Please use -XX:HeapBaseMinAddress
#     to set the Java Heap base and to place the Java Heap above 4GB virtual address.
# This output file may be truncated or incomplete.
#
#  Out of Memory Error (arena.cpp:189), pid=7368, tid=13076
#
# JRE version: OpenJDK Runtime Environment JBR-17.0.7+7-1000.6-jcef (17.0.7+7) (build 17.0.7+7-b1000.6)
# Java VM: OpenJDK 64-Bit Server VM JBR-17.0.7+7-1000.6-jcef (17.0.7+7-b1000.6, mixed mode, tiered, compressed oops, compressed class ptrs, g1 gc, windows-amd64)
# No core dump will be written. Minidumps are not enabled by default on client versions of Windows
#

---------------  S U M M A R Y ------------

Command Line: --add-opens=java.base/java.util=ALL-UNNAMED --add-opens=java.base/java.lang=ALL-UNNAMED --add-opens=java.base/java.lang.invoke=ALL-UNNAMED --add-opens=java.prefs/java.util.prefs=ALL-UNNAMED --add-opens=java.base/java.nio.charset=ALL-UNNAMED --add-opens=java.base/java.net=ALL-UNNAMED --add-opens=java.base/java.util.concurrent.atomic=ALL-UNNAMED -XX:MaxMetaspaceSize=384m -XX:+HeapDumpOnOutOfMemoryError -Xms256m -Xmx512m -Dfile.encoding=windows-1252 -Duser.country=US -Duser.language=en -Duser.variant -javaagent:C:\Users\TUONG VY\.gradle\wrapper\dists\gradle-8.8-bin\dl7vupf4psengwqhwktix4v1\gradle-8.8\lib\agents\gradle-instrumentation-agent-8.8.jar org.gradle.launcher.daemon.bootstrap.GradleDaemon 8.8

Host: AMD Ryzen 3 3250U with Radeon Graphics         , 4 cores, 3G,  Windows 11 , 64 bit Build 22621 (10.0.22621.3672)
Time: Wed Jul 31 18:34:11 2024 SE Asia Standard Time elapsed time: 516.552924 seconds (0d 0h 8m 36s)

---------------  T H R E A D  ---------------

Current thread (0x00000243834816a0):  JavaThread "C2 CompilerThread0" daemon [_thread_in_native, id=13076, stack(0x000000f45e100000,0x000000f45e200000)]


Current CompileTask:
C2: 516553 9529       4       sun.management.spi.PlatformMBeanProvider$PlatformComponent::getMBeans (87 bytes)

Stack: [0x000000f45e100000,0x000000f45e200000]
Native frames: (J=compiled Java code, j=interpreted, Vv=VM code, C=native code)
V  [jvm.dll+0x683bfa]
V  [jvm.dll+0x8430a4]
V  [jvm.dll+0x8449be]
V  [jvm.dll+0x845023]
V  [jvm.dll+0x24ad2f]
V  [jvm.dll+0xac25c]
V  [jvm.dll+0xac82c]
V  [jvm.dll+0x36a132]
V  [jvm.dll+0x334821]
V  [jvm.dll+0x333cca]
V  [jvm.dll+0x21d251]
V  [jvm.dll+0x21c671]
V  [jvm.dll+0x1a605d]
V  [jvm.dll+0x22c148]
V  [jvm.dll+0x22a209]
V  [jvm.dll+0x7f858c]
V  [jvm.dll+0x7f2aea]
V  [jvm.dll+0x682a35]
C  [ucrtbase.dll+0x29333]
C  [KERNEL32.DLL+0x1257d]
C  [ntdll.dll+0x5af28]


---------------  P R O C E S S  ---------------

Threads class SMR info:
_java_thread_list=0x000002438a3f78f0, length=79, elements={
0x00000243ed32fed0, 0x0000024383452010, 0x0000024383452e80, 0x000002438347a4d0,
0x000002438347ad90, 0x000002438347b940, 0x000002438347e900, 0x00000243834816a0,
0x0000024383482140, 0x00000243834f4730, 0x0000024383506e30, 0x00000243836faa30,
0x000002438899af10, 0x0000024388b26700, 0x00000243887f8ed0, 0x000002438353d800,
0x000002438353dcd0, 0x0000024383555820, 0x0000024383555cf0, 0x000002438368ad50,
0x000002438368ca30, 0x0000024383689540, 0x000002438368b220, 0x0000024383689a10,
0x000002438368b6f0, 0x000002438368bbc0, 0x0000024383689070, 0x000002438368c090,
0x000002438368c560, 0x00000243896c9fe0, 0x00000243896ca4b0, 0x00000243896c8ca0,
0x00000243896c9b10, 0x00000243896cd4d0, 0x00000243896cbcc0, 0x00000243896d0020,
0x00000243896cae50, 0x00000243896ca980, 0x00000243896c9170, 0x00000243896cece0,
0x00000243896d04f0, 0x00000243896cc190, 0x00000243896cc660, 0x00000243896c9640,
0x00000243896cf1b0, 0x00000243896ccb30, 0x00000243896cd000, 0x0000024389de2d60,
0x0000024389ddbeb0, 0x0000024389ddeed0, 0x0000024389ddf3a0, 0x0000024389de1a20,
0x0000024389de1ef0, 0x0000024389ddf870, 0x0000024389de3700, 0x0000024389ddc380,
0x0000024389de23c0, 0x0000024389ddc850, 0x0000024389de2890, 0x0000024389de0bb0,
0x0000024389ddd6c0, 0x0000024389ddfd40, 0x0000024389de06e0, 0x0000024389ddcd20,
0x0000024389ddd1f0, 0x0000024389de1550, 0x0000024389dddb90, 0x0000024389de1080,
0x0000024389de0210, 0x0000024389dde060, 0x0000024389dde530, 0x0000024389ddea00,
0x00000243896ce810, 0x00000243896cf680, 0x00000243896cfb50, 0x0000024383689ee0,
0x000002438a9e0240, 0x000002438a9dd220, 0x000002438a9ddbc0
}

Java Threads: ( => current thread )
  0x00000243ed32fed0 JavaThread "main" [_thread_blocked, id=1100, stack(0x000000f45d400000,0x000000f45d500000)]
  0x0000024383452010 JavaThread "Reference Handler" daemon [_thread_blocked, id=13896, stack(0x000000f45db00000,0x000000f45dc00000)]
  0x0000024383452e80 JavaThread "Finalizer" daemon [_thread_blocked, id=7816, stack(0x000000f45dc00000,0x000000f45dd00000)]
  0x000002438347a4d0 JavaThread "Signal Dispatcher" daemon [_thread_blocked, id=15100, stack(0x000000f45dd00000,0x000000f45de00000)]
  0x000002438347ad90 JavaThread "Attach Listener" daemon [_thread_blocked, id=7808, stack(0x000000f45de00000,0x000000f45df00000)]
  0x000002438347b940 JavaThread "Service Thread" daemon [_thread_blocked, id=12648, stack(0x000000f45df00000,0x000000f45e000000)]
  0x000002438347e900 JavaThread "Monitor Deflation Thread" daemon [_thread_blocked, id=4780, stack(0x000000f45e000000,0x000000f45e100000)]
=>0x00000243834816a0 JavaThread "C2 CompilerThread0" daemon [_thread_in_native, id=13076, stack(0x000000f45e100000,0x000000f45e200000)]
  0x0000024383482140 JavaThread "C1 CompilerThread0" daemon [_thread_blocked, id=948, stack(0x000000f45e200000,0x000000f45e300000)]
  0x00000243834f4730 JavaThread "Sweeper thread" daemon [_thread_blocked, id=5064, stack(0x000000f45e300000,0x000000f45e400000)]
  0x0000024383506e30 JavaThread "Common-Cleaner" daemon [_thread_blocked, id=2788, stack(0x000000f45e400000,0x000000f45e500000)]
  0x00000243836faa30 JavaThread "Notification Thread" daemon [_thread_blocked, id=6088, stack(0x000000f45e500000,0x000000f45e600000)]
  0x000002438899af10 JavaThread "Daemon health stats" [_thread_blocked, id=10016, stack(0x000000f45ea00000,0x000000f45eb00000)]
  0x0000024388b26700 JavaThread "Incoming local TCP Connector on port 56223" [_thread_in_native, id=15988, stack(0x000000f45eb00000,0x000000f45ec00000)]
  0x00000243887f8ed0 JavaThread "Daemon periodic checks" [_thread_blocked, id=1344, stack(0x000000f45ec00000,0x000000f45ed00000)]
  0x000002438353d800 JavaThread "Daemon" [_thread_blocked, id=6752, stack(0x000000f45ed00000,0x000000f45ee00000)]
  0x000002438353dcd0 JavaThread "Handler for socket connection from /127.0.0.1:56223 to /127.0.0.1:56226" [_thread_in_native, id=1756, stack(0x000000f45ee00000,0x000000f45ef00000)]
  0x0000024383555820 JavaThread "Cancel handler" [_thread_blocked, id=16376, stack(0x000000f45ef00000,0x000000f45f000000)]
  0x0000024383555cf0 JavaThread "Daemon worker" [_thread_in_Java, id=3252, stack(0x000000f45f000000,0x000000f45f100000)]
  0x000002438368ad50 JavaThread "Asynchronous log dispatcher for DefaultDaemonConnection: socket connection from /127.0.0.1:56223 to /127.0.0.1:56226" [_thread_blocked, id=10960, stack(0x000000f45f100000,0x000000f45f200000)]
  0x000002438368ca30 JavaThread "Stdin handler" [_thread_blocked, id=5884, stack(0x000000f45f200000,0x000000f45f300000)]
  0x0000024383689540 JavaThread "Daemon client event forwarder" [_thread_blocked, id=13380, stack(0x000000f45f300000,0x000000f45f400000)]
  0x000002438368b220 JavaThread "Cache worker for journal cache (C:\Users\TUONG VY\.gradle\caches\journal-1)" [_thread_blocked, id=15488, stack(0x000000f45f400000,0x000000f45f500000)]
  0x0000024383689a10 JavaThread "File lock request listener" [_thread_in_native, id=9748, stack(0x000000f45f500000,0x000000f45f600000)]
  0x000002438368b6f0 JavaThread "Cache worker for file hash cache (C:\Users\TUONG VY\.gradle\caches\8.8\fileHashes)" [_thread_blocked, id=2820, stack(0x000000f45f600000,0x000000f45f700000)]
  0x000002438368bbc0 JavaThread "Cache worker for file hash cache (D:\module_6\C0723L1-Repo-BE\movie_booking\.gradle\8.8\fileHashes)" [_thread_blocked, id=8356, stack(0x000000f45f900000,0x000000f45fa00000)]
  0x0000024383689070 JavaThread "File watcher server" daemon [_thread_in_native, id=14640, stack(0x000000f45fb00000,0x000000f45fc00000)]
  0x000002438368c090 JavaThread "File watcher consumer" daemon [_thread_blocked, id=10952, stack(0x000000f45fc00000,0x000000f45fd00000)]
  0x000002438368c560 JavaThread "Cache worker for checksums cache (D:\module_6\C0723L1-Repo-BE\movie_booking\.gradle\8.8\checksums)" [_thread_blocked, id=10276, stack(0x000000f45fd00000,0x000000f45fe00000)]
  0x00000243896c9fe0 JavaThread "Cache worker for file content cache (C:\Users\TUONG VY\.gradle\caches\8.8\fileContent)" [_thread_blocked, id=11400, stack(0x000000f45fe00000,0x000000f45ff00000)]
  0x00000243896ca4b0 JavaThread "Cache worker for cache directory md-rule (C:\Users\TUONG VY\.gradle\caches\8.8\md-rule)" [_thread_blocked, id=13132, stack(0x000000f45ff00000,0x000000f460000000)]
  0x00000243896c8ca0 JavaThread "Cache worker for cache directory md-supplier (C:\Users\TUONG VY\.gradle\caches\8.8\md-supplier)" [_thread_blocked, id=12376, stack(0x000000f460000000,0x000000f460100000)]
  0x00000243896c9b10 JavaThread "jar transforms" [_thread_blocked, id=13056, stack(0x000000f460100000,0x000000f460200000)]
  0x00000243896cd4d0 JavaThread "jar transforms Thread 2" [_thread_blocked, id=3740, stack(0x000000f460200000,0x000000f460300000)]
  0x00000243896cbcc0 JavaThread "jar transforms Thread 3" [_thread_blocked, id=5212, stack(0x000000f45d200000,0x000000f45d300000)]
  0x00000243896d0020 JavaThread "jar transforms Thread 4" [_thread_blocked, id=10564, stack(0x000000f45d300000,0x000000f45d400000)]
  0x00000243896cae50 JavaThread "Cache worker for Build Output Cleanup Cache (D:\module_6\C0723L1-Repo-BE\movie_booking\.gradle\buildOutputCleanup)" [_thread_blocked, id=13080, stack(0x000000f460300000,0x000000f460400000)]
  0x00000243896ca980 JavaThread "Unconstrained build operations" [_thread_blocked, id=11276, stack(0x000000f460500000,0x000000f460600000)]
  0x00000243896c9170 JavaThread "Unconstrained build operations Thread 2" [_thread_blocked, id=16136, stack(0x000000f460600000,0x000000f460700000)]
  0x00000243896cece0 JavaThread "Unconstrained build operations Thread 3" [_thread_blocked, id=2340, stack(0x000000f460700000,0x000000f460800000)]
  0x00000243896d04f0 JavaThread "Unconstrained build operations Thread 4" [_thread_blocked, id=11220, stack(0x000000f460800000,0x000000f460900000)]
  0x00000243896cc190 JavaThread "Unconstrained build operations Thread 5" [_thread_blocked, id=80, stack(0x000000f460900000,0x000000f460a00000)]
  0x00000243896cc660 JavaThread "Unconstrained build operations Thread 6" [_thread_blocked, id=7524, stack(0x000000f460a00000,0x000000f460b00000)]
  0x00000243896c9640 JavaThread "Unconstrained build operations Thread 7" [_thread_blocked, id=11024, stack(0x000000f460b00000,0x000000f460c00000)]
  0x00000243896cf1b0 JavaThread "Unconstrained build operations Thread 8" [_thread_blocked, id=9080, stack(0x000000f460c00000,0x000000f460d00000)]
  0x00000243896ccb30 JavaThread "Unconstrained build operations Thread 9" [_thread_blocked, id=1072, stack(0x000000f460d00000,0x000000f460e00000)]
  0x00000243896cd000 JavaThread "Memory manager" [_thread_in_native, id=8680, stack(0x000000f460e00000,0x000000f460f00000)]
  0x0000024389de2d60 JavaThread "Unconstrained build operations Thread 10" [_thread_blocked, id=11656, stack(0x000000f45f800000,0x000000f45f900000)]
  0x0000024389ddbeb0 JavaThread "Unconstrained build operations Thread 11" [_thread_blocked, id=4028, stack(0x000000f45fa00000,0x000000f45fb00000)]
  0x0000024389ddeed0 JavaThread "Unconstrained build operations Thread 12" [_thread_blocked, id=15544, stack(0x000000f461600000,0x000000f461700000)]
  0x0000024389ddf3a0 JavaThread "Unconstrained build operations Thread 13" [_thread_blocked, id=7104, stack(0x000000f461700000,0x000000f461800000)]
  0x0000024389de1a20 JavaThread "Unconstrained build operations Thread 14" [_thread_blocked, id=2840, stack(0x000000f461800000,0x000000f461900000)]
  0x0000024389de1ef0 JavaThread "Unconstrained build operations Thread 15" [_thread_blocked, id=12076, stack(0x000000f461900000,0x000000f461a00000)]
  0x0000024389ddf870 JavaThread "Unconstrained build operations Thread 16" [_thread_blocked, id=7128, stack(0x000000f461a00000,0x000000f461b00000)]
  0x0000024389de3700 JavaThread "Unconstrained build operations Thread 17" [_thread_blocked, id=14768, stack(0x000000f461b00000,0x000000f461c00000)]
  0x0000024389ddc380 JavaThread "Unconstrained build operations Thread 18" [_thread_blocked, id=1232, stack(0x000000f461100000,0x000000f461200000)]
  0x0000024389de23c0 JavaThread "Unconstrained build operations Thread 19" [_thread_blocked, id=4764, stack(0x000000f461200000,0x000000f461300000)]
  0x0000024389ddc850 JavaThread "Unconstrained build operations Thread 20" [_thread_blocked, id=12308, stack(0x000000f461300000,0x000000f461400000)]
  0x0000024389de2890 JavaThread "Unconstrained build operations Thread 21" [_thread_blocked, id=13484, stack(0x000000f461400000,0x000000f461500000)]
  0x0000024389de0bb0 JavaThread "Unconstrained build operations Thread 22" [_thread_blocked, id=1076, stack(0x000000f461c00000,0x000000f461d00000)]
  0x0000024389ddd6c0 JavaThread "Unconstrained build operations Thread 23" [_thread_blocked, id=13288, stack(0x000000f461d00000,0x000000f461e00000)]
  0x0000024389ddfd40 JavaThread "Unconstrained build operations Thread 24" [_thread_blocked, id=6528, stack(0x000000f461e00000,0x000000f461f00000)]
  0x0000024389de06e0 JavaThread "Unconstrained build operations Thread 25" [_thread_blocked, id=11420, stack(0x000000f461f00000,0x000000f462000000)]
  0x0000024389ddcd20 JavaThread "Unconstrained build operations Thread 26" [_thread_blocked, id=12016, stack(0x000000f45f700000,0x000000f45f800000)]
  0x0000024389ddd1f0 JavaThread "Unconstrained build operations Thread 27" [_thread_blocked, id=2192, stack(0x000000f462000000,0x000000f462100000)]
  0x0000024389de1550 JavaThread "Unconstrained build operations Thread 28" [_thread_blocked, id=228, stack(0x000000f462100000,0x000000f462200000)]
  0x0000024389dddb90 JavaThread "Unconstrained build operations Thread 29" [_thread_blocked, id=4332, stack(0x000000f462200000,0x000000f462300000)]
  0x0000024389de1080 JavaThread "Unconstrained build operations Thread 30" [_thread_blocked, id=3416, stack(0x000000f462300000,0x000000f462400000)]
  0x0000024389de0210 JavaThread "Unconstrained build operations Thread 31" [_thread_blocked, id=6568, stack(0x000000f462400000,0x000000f462500000)]
  0x0000024389dde060 JavaThread "Unconstrained build operations Thread 32" [_thread_blocked, id=8552, stack(0x000000f462500000,0x000000f462600000)]
  0x0000024389dde530 JavaThread "Unconstrained build operations Thread 33" [_thread_blocked, id=3520, stack(0x000000f462600000,0x000000f462700000)]
  0x0000024389ddea00 JavaThread "Unconstrained build operations Thread 34" [_thread_blocked, id=2876, stack(0x000000f462700000,0x000000f462800000)]
  0x00000243896ce810 JavaThread "Unconstrained build operations Thread 35" [_thread_blocked, id=13836, stack(0x000000f462800000,0x000000f462900000)]
  0x00000243896cf680 JavaThread "Unconstrained build operations Thread 36" [_thread_blocked, id=7048, stack(0x000000f462a00000,0x000000f462b00000)]
  0x00000243896cfb50 JavaThread "Unconstrained build operations Thread 37" [_thread_blocked, id=4232, stack(0x000000f462b00000,0x000000f462c00000)]
  0x0000024383689ee0 JavaThread "Unconstrained build operations Thread 38" [_thread_blocked, id=14376, stack(0x000000f462c00000,0x000000f462d00000)]
  0x000002438a9e0240 JavaThread "Unconstrained build operations Thread 39" [_thread_blocked, id=8836, stack(0x000000f462d00000,0x000000f462e00000)]
  0x000002438a9dd220 JavaThread "Unconstrained build operations Thread 40" [_thread_blocked, id=12904, stack(0x000000f462e00000,0x000000f462f00000)]
  0x000002438a9ddbc0 JavaThread "File lock release action executor Thread 5" [_thread_blocked, id=12352, stack(0x000000f461000000,0x000000f461100000)]

Other Threads:
  0x00000243832ef4e0 VMThread "VM Thread" [stack: 0x000000f45da00000,0x000000f45db00000] [id=2900]
  0x00000243ed330d40 WatcherThread [stack: 0x000000f45e600000,0x000000f45e700000] [id=7708]
  0x00000243ed35dcc0 GCTaskThread "GC Thread#0" [stack: 0x000000f45d500000,0x000000f45d600000] [id=14540]
  0x00000243880757f0 GCTaskThread "GC Thread#1" [stack: 0x000000f45e700000,0x000000f45e800000] [id=1972]
  0x00000243837b2580 GCTaskThread "GC Thread#2" [stack: 0x000000f45e800000,0x000000f45e900000] [id=1136]
  0x000002438371a2e0 GCTaskThread "GC Thread#3" [stack: 0x000000f45e900000,0x000000f45ea00000] [id=6724]
  0x00000243ed362c00 ConcurrentGCThread "G1 Main Marker" [stack: 0x000000f45d600000,0x000000f45d700000] [id=4568]
  0x00000243ed363610 ConcurrentGCThread "G1 Conc#0" [stack: 0x000000f45d700000,0x000000f45d800000] [id=8376]
  0x00000243831524d0 ConcurrentGCThread "G1 Refine#0" [stack: 0x000000f45d800000,0x000000f45d900000] [id=6224]
  0x000002438af2de10 ConcurrentGCThread "G1 Refine#1" [stack: 0x000000f460400000,0x000000f460500000] [id=14556]
  0x0000024383152ef0 ConcurrentGCThread "G1 Service" [stack: 0x000000f45d900000,0x000000f45da00000] [id=9024]

Threads with active compile tasks:
C2 CompilerThread0   516616 9529       4       sun.management.spi.PlatformMBeanProvider$PlatformComponent::getMBeans (87 bytes)

VM state: not at safepoint (normal execution)

VM Mutex/Monitor currently owned by a thread: None

Heap address: 0x00000000e0000000, size: 512 MB, Compressed Oops mode: 32-bit

CDS archive(s) not mapped
Compressed class space mapped at: 0x0000000100000000-0x0000000114000000, reserved size: 335544320
Narrow klass base: 0x0000000000000000, Narrow klass shift: 3, Narrow klass range: 0x114000000

GC Precious Log:
 CPUs: 4 total, 4 available
 Memory: 3534M
 Large Page Support: Disabled
 NUMA Support: Disabled
 Compressed Oops: Enabled (32-bit)
 Heap Region Size: 1M
 Heap Min Capacity: 256M
 Heap Initial Capacity: 256M
 Heap Max Capacity: 512M
 Pre-touch: Disabled
 Parallel Workers: 4
 Concurrent Workers: 1
 Concurrent Refinement Workers: 4
 Periodic GC: Disabled

Heap:
 garbage-first heap   total 262144K, used 72094K [0x00000000e0000000, 0x0000000100000000)
  region size 1024K, 26 young (26624K), 2 survivors (2048K)
 Metaspace       used 64901K, committed 65408K, reserved 393216K
  class space    used 8746K, committed 8960K, reserved 327680K

Heap Regions: E=young(eden), S=young(survivor), O=old, HS=humongous(starts), HC=humongous(continues), CS=collection set, F=free, OA=open archive, CA=closed archive, TAMS=top-at-mark-start (previous, next)
|   0|0x00000000e0000000, 0x00000000e0100000, 0x00000000e0100000|100%|HS|  |TAMS 0x00000000e0100000, 0x00000000e0000000| Complete 
|   1|0x00000000e0100000, 0x00000000e0200000, 0x00000000e0200000|100%|HC|  |TAMS 0x00000000e0200000, 0x00000000e0100000| Complete 
|   2|0x00000000e0200000, 0x00000000e0300000, 0x00000000e0300000|100%|HC|  |TAMS 0x00000000e0300000, 0x00000000e0200000| Complete 
|   3|0x00000000e0300000, 0x00000000e0400000, 0x00000000e0400000|100%|HC|  |TAMS 0x00000000e0400000, 0x00000000e0300000| Complete 
|   4|0x00000000e0400000, 0x00000000e0500000, 0x00000000e0500000|100%| O|  |TAMS 0x00000000e0500000, 0x00000000e0400000| Untracked 
|   5|0x00000000e0500000, 0x00000000e0600000, 0x00000000e0600000|100%| O|  |TAMS 0x00000000e0500000, 0x00000000e0500000| Untracked 
|   6|0x00000000e0600000, 0x00000000e0700000, 0x00000000e0700000|100%| O|  |TAMS 0x00000000e0700000, 0x00000000e0600000| Untracked 
|   7|0x00000000e0700000, 0x00000000e0800000, 0x00000000e0800000|100%| O|  |TAMS 0x00000000e0800000, 0x00000000e0700000| Untracked 
|   8|0x00000000e0800000, 0x00000000e0900000, 0x00000000e0900000|100%| O|  |TAMS 0x00000000e0900000, 0x00000000e0800000| Untracked 
|   9|0x00000000e0900000, 0x00000000e0a00000, 0x00000000e0a00000|100%|HS|  |TAMS 0x00000000e0a00000, 0x00000000e0900000| Complete 
|  10|0x00000000e0a00000, 0x00000000e0b00000, 0x00000000e0b00000|100%| O|  |TAMS 0x00000000e0b00000, 0x00000000e0a00000| Untracked 
|  11|0x00000000e0b00000, 0x00000000e0c00000, 0x00000000e0c00000|100%| O|  |TAMS 0x00000000e0c00000, 0x00000000e0b00000| Untracked 
|  12|0x00000000e0c00000, 0x00000000e0d00000, 0x00000000e0d00000|100%| O|  |TAMS 0x00000000e0d00000, 0x00000000e0c00000| Untracked 
|  13|0x00000000e0d00000, 0x00000000e0e00000, 0x00000000e0e00000|100%| O|  |TAMS 0x00000000e0e00000, 0x00000000e0d00000| Untracked 
|  14|0x00000000e0e00000, 0x00000000e0f00000, 0x00000000e0f00000|100%| O|  |TAMS 0x00000000e0f00000, 0x00000000e0e00000| Untracked 
|  15|0x00000000e0f00000, 0x00000000e1000000, 0x00000000e1000000|100%| O|  |TAMS 0x00000000e1000000, 0x00000000e0f00000| Untracked 
|  16|0x00000000e1000000, 0x00000000e1100000, 0x00000000e1100000|100%| O|  |TAMS 0x00000000e1100000, 0x00000000e1000000| Untracked 
|  17|0x00000000e1100000, 0x00000000e1200000, 0x00000000e1200000|100%| O|  |TAMS 0x00000000e1200000, 0x00000000e1100000| Untracked 
|  18|0x00000000e1200000, 0x00000000e1300000, 0x00000000e1300000|100%| O|  |TAMS 0x00000000e1300000, 0x00000000e1200000| Untracked 
|  19|0x00000000e1300000, 0x00000000e1400000, 0x00000000e1400000|100%| O|  |TAMS 0x00000000e1400000, 0x00000000e1300000| Untracked 
|  20|0x00000000e1400000, 0x00000000e1500000, 0x00000000e1500000|100%| O|  |TAMS 0x00000000e1500000, 0x00000000e1400000| Untracked 
|  21|0x00000000e1500000, 0x00000000e1600000, 0x00000000e1600000|100%| O|  |TAMS 0x00000000e1600000, 0x00000000e1500000| Untracked 
|  22|0x00000000e1600000, 0x00000000e1700000, 0x00000000e1700000|100%| O|  |TAMS 0x00000000e1700000, 0x00000000e1600000| Untracked 
|  23|0x00000000e1700000, 0x00000000e1800000, 0x00000000e1800000|100%| O|  |TAMS 0x00000000e171d200, 0x00000000e1700000| Untracked 
|  24|0x00000000e1800000, 0x00000000e1900000, 0x00000000e1900000|100%| O|  |TAMS 0x00000000e1800000, 0x00000000e1800000| Untracked 
|  25|0x00000000e1900000, 0x00000000e1a00000, 0x00000000e1a00000|100%| O|  |TAMS 0x00000000e1900000, 0x00000000e1900000| Untracked 
|  26|0x00000000e1a00000, 0x00000000e1b00000, 0x00000000e1b00000|100%| O|  |TAMS 0x00000000e1a00000, 0x00000000e1a00000| Untracked 
|  27|0x00000000e1b00000, 0x00000000e1c00000, 0x00000000e1c00000|100%| O|  |TAMS 0x00000000e1b00000, 0x00000000e1b00000| Untracked 
|  28|0x00000000e1c00000, 0x00000000e1d00000, 0x00000000e1d00000|100%| O|  |TAMS 0x00000000e1c00000, 0x00000000e1c00000| Untracked 
|  29|0x00000000e1d00000, 0x00000000e1e00000, 0x00000000e1e00000|100%| O|  |TAMS 0x00000000e1d00000, 0x00000000e1d00000| Untracked 
|  30|0x00000000e1e00000, 0x00000000e1f00000, 0x00000000e1f00000|100%| O|  |TAMS 0x00000000e1e00000, 0x00000000e1e00000| Untracked 
|  31|0x00000000e1f00000, 0x00000000e2000000, 0x00000000e2000000|100%| O|  |TAMS 0x00000000e1f00000, 0x00000000e1f00000| Untracked 
|  32|0x00000000e2000000, 0x00000000e2100000, 0x00000000e2100000|100%| O|  |TAMS 0x00000000e2000000, 0x00000000e2000000| Untracked 
|  33|0x00000000e2100000, 0x00000000e2200000, 0x00000000e2200000|100%| O|  |TAMS 0x00000000e2100000, 0x00000000e2100000| Untracked 
|  34|0x00000000e2200000, 0x00000000e2300000, 0x00000000e2300000|100%| O|  |TAMS 0x00000000e2200000, 0x00000000e2200000| Untracked 
|  35|0x00000000e2300000, 0x00000000e2400000, 0x00000000e2400000|100%| O|  |TAMS 0x00000000e2300000, 0x00000000e2300000| Untracked 
|  36|0x00000000e2400000, 0x00000000e2500000, 0x00000000e2500000|100%| O|  |TAMS 0x00000000e2400000, 0x00000000e2400000| Untracked 
|  37|0x00000000e2500000, 0x00000000e2600000, 0x00000000e2600000|100%| O|  |TAMS 0x00000000e2500000, 0x00000000e2500000| Untracked 
|  38|0x00000000e2600000, 0x00000000e2700000, 0x00000000e2700000|100%| O|  |TAMS 0x00000000e2600000, 0x00000000e2600000| Untracked 
|  39|0x00000000e2700000, 0x00000000e2800000, 0x00000000e2800000|100%| O|  |TAMS 0x00000000e2700000, 0x00000000e2700000| Untracked 
|  40|0x00000000e2800000, 0x00000000e2900000, 0x00000000e2900000|100%| O|  |TAMS 0x00000000e2800000, 0x00000000e2800000| Untracked 
|  41|0x00000000e2900000, 0x00000000e2a00000, 0x00000000e2a00000|100%| O|  |TAMS 0x00000000e2900000, 0x00000000e2900000| Untracked 
|  42|0x00000000e2a00000, 0x00000000e2b00000, 0x00000000e2b00000|100%| O|  |TAMS 0x00000000e2a00000, 0x00000000e2a00000| Untracked 
|  43|0x00000000e2b00000, 0x00000000e2c00000, 0x00000000e2c00000|100%| O|  |TAMS 0x00000000e2b00000, 0x00000000e2b00000| Untracked 
|  44|0x00000000e2c00000, 0x00000000e2d00000, 0x00000000e2d00000|100%| O|  |TAMS 0x00000000e2c00000, 0x00000000e2c00000| Untracked 
|  45|0x00000000e2d00000, 0x00000000e2dc5c00, 0x00000000e2e00000| 77%| O|  |TAMS 0x00000000e2d00000, 0x00000000e2d00000| Untracked 
|  46|0x00000000e2e00000, 0x00000000e2e00000, 0x00000000e2f00000|  0%| F|  |TAMS 0x00000000e2e00000, 0x00000000e2e00000| Untracked 
|  47|0x00000000e2f00000, 0x00000000e2f00000, 0x00000000e3000000|  0%| F|  |TAMS 0x00000000e2f00000, 0x00000000e2f00000| Untracked 
|  48|0x00000000e3000000, 0x00000000e3000000, 0x00000000e3100000|  0%| F|  |TAMS 0x00000000e3000000, 0x00000000e3000000| Untracked 
|  49|0x00000000e3100000, 0x00000000e3100000, 0x00000000e3200000|  0%| F|  |TAMS 0x00000000e3100000, 0x00000000e3100000| Untracked 
|  50|0x00000000e3200000, 0x00000000e3200000, 0x00000000e3300000|  0%| F|  |TAMS 0x00000000e3200000, 0x00000000e3200000| Untracked 
|  51|0x00000000e3300000, 0x00000000e3300000, 0x00000000e3400000|  0%| F|  |TAMS 0x00000000e3300000, 0x00000000e3300000| Untracked 
|  52|0x00000000e3400000, 0x00000000e3400000, 0x00000000e3500000|  0%| F|  |TAMS 0x00000000e3400000, 0x00000000e3400000| Untracked 
|  53|0x00000000e3500000, 0x00000000e3500000, 0x00000000e3600000|  0%| F|  |TAMS 0x00000000e3500000, 0x00000000e3500000| Untracked 
|  54|0x00000000e3600000, 0x00000000e3600000, 0x00000000e3700000|  0%| F|  |TAMS 0x00000000e3600000, 0x00000000e3600000| Untracked 
|  55|0x00000000e3700000, 0x00000000e3700000, 0x00000000e3800000|  0%| F|  |TAMS 0x00000000e3700000, 0x00000000e3700000| Untracked 
|  56|0x00000000e3800000, 0x00000000e3800000, 0x00000000e3900000|  0%| F|  |TAMS 0x00000000e3800000, 0x00000000e3800000| Untracked 
|  57|0x00000000e3900000, 0x00000000e3900000, 0x00000000e3a00000|  0%| F|  |TAMS 0x00000000e3900000, 0x00000000e3900000| Untracked 
|  58|0x00000000e3a00000, 0x00000000e3a00000, 0x00000000e3b00000|  0%| F|  |TAMS 0x00000000e3a00000, 0x00000000e3a00000| Untracked 
|  59|0x00000000e3b00000, 0x00000000e3b00000, 0x00000000e3c00000|  0%| F|  |TAMS 0x00000000e3b00000, 0x00000000e3b00000| Untracked 
|  60|0x00000000e3c00000, 0x00000000e3c00000, 0x00000000e3d00000|  0%| F|  |TAMS 0x00000000e3c00000, 0x00000000e3c00000| Untracked 
|  61|0x00000000e3d00000, 0x00000000e3d00000, 0x00000000e3e00000|  0%| F|  |TAMS 0x00000000e3d00000, 0x00000000e3d00000| Untracked 
|  62|0x00000000e3e00000, 0x00000000e3e00000, 0x00000000e3f00000|  0%| F|  |TAMS 0x00000000e3e00000, 0x00000000e3e00000| Untracked 
|  63|0x00000000e3f00000, 0x00000000e3f00000, 0x00000000e4000000|  0%| F|  |TAMS 0x00000000e3f00000, 0x00000000e3f00000| Untracked 
|  64|0x00000000e4000000, 0x00000000e4000000, 0x00000000e4100000|  0%| F|  |TAMS 0x00000000e4000000, 0x00000000e4000000| Untracked 
|  65|0x00000000e4100000, 0x00000000e4100000, 0x00000000e4200000|  0%| F|  |TAMS 0x00000000e4100000, 0x00000000e4100000| Untracked 
|  66|0x00000000e4200000, 0x00000000e4200000, 0x00000000e4300000|  0%| F|  |TAMS 0x00000000e4200000, 0x00000000e4200000| Untracked 
|  67|0x00000000e4300000, 0x00000000e4300000, 0x00000000e4400000|  0%| F|  |TAMS 0x00000000e4300000, 0x00000000e4300000| Untracked 
|  68|0x00000000e4400000, 0x00000000e4400000, 0x00000000e4500000|  0%| F|  |TAMS 0x00000000e4400000, 0x00000000e4400000| Untracked 
|  69|0x00000000e4500000, 0x00000000e4500000, 0x00000000e4600000|  0%| F|  |TAMS 0x00000000e4500000, 0x00000000e4500000| Untracked 
|  70|0x00000000e4600000, 0x00000000e4600000, 0x00000000e4700000|  0%| F|  |TAMS 0x00000000e4600000, 0x00000000e4600000| Untracked 
|  71|0x00000000e4700000, 0x00000000e4700000, 0x00000000e4800000|  0%| F|  |TAMS 0x00000000e4700000, 0x00000000e4700000| Untracked 
|  72|0x00000000e4800000, 0x00000000e4800000, 0x00000000e4900000|  0%| F|  |TAMS 0x00000000e4800000, 0x00000000e4800000| Untracked 
|  73|0x00000000e4900000, 0x00000000e4900000, 0x00000000e4a00000|  0%| F|  |TAMS 0x00000000e4900000, 0x00000000e4900000| Untracked 
|  74|0x00000000e4a00000, 0x00000000e4a00000, 0x00000000e4b00000|  0%| F|  |TAMS 0x00000000e4a00000, 0x00000000e4a00000| Untracked 
|  75|0x00000000e4b00000, 0x00000000e4b00000, 0x00000000e4c00000|  0%| F|  |TAMS 0x00000000e4b00000, 0x00000000e4b00000| Untracked 
|  76|0x00000000e4c00000, 0x00000000e4c00000, 0x00000000e4d00000|  0%| F|  |TAMS 0x00000000e4c00000, 0x00000000e4c00000| Untracked 
|  77|0x00000000e4d00000, 0x00000000e4d00000, 0x00000000e4e00000|  0%| F|  |TAMS 0x00000000e4d00000, 0x00000000e4d00000| Untracked 
|  78|0x00000000e4e00000, 0x00000000e4e00000, 0x00000000e4f00000|  0%| F|  |TAMS 0x00000000e4e00000, 0x00000000e4e00000| Untracked 
|  79|0x00000000e4f00000, 0x00000000e4f00000, 0x00000000e5000000|  0%| F|  |TAMS 0x00000000e4f00000, 0x00000000e4f00000| Untracked 
|  80|0x00000000e5000000, 0x00000000e5000000, 0x00000000e5100000|  0%| F|  |TAMS 0x00000000e5000000, 0x00000000e5000000| Untracked 
|  81|0x00000000e5100000, 0x00000000e5100000, 0x00000000e5200000|  0%| F|  |TAMS 0x00000000e5100000, 0x00000000e5100000| Untracked 
|  82|0x00000000e5200000, 0x00000000e5200000, 0x00000000e5300000|  0%| F|  |TAMS 0x00000000e5200000, 0x00000000e5200000| Untracked 
|  83|0x00000000e5300000, 0x00000000e5300000, 0x00000000e5400000|  0%| F|  |TAMS 0x00000000e5300000, 0x00000000e5300000| Untracked 
|  84|0x00000000e5400000, 0x00000000e5400000, 0x00000000e5500000|  0%| F|  |TAMS 0x00000000e5400000, 0x00000000e5400000| Untracked 
|  85|0x00000000e5500000, 0x00000000e5500000, 0x00000000e5600000|  0%| F|  |TAMS 0x00000000e5500000, 0x00000000e5500000| Untracked 
|  86|0x00000000e5600000, 0x00000000e5600000, 0x00000000e5700000|  0%| F|  |TAMS 0x00000000e5600000, 0x00000000e5600000| Untracked 
|  87|0x00000000e5700000, 0x00000000e5700000, 0x00000000e5800000|  0%| F|  |TAMS 0x00000000e5700000, 0x00000000e5700000| Untracked 
|  88|0x00000000e5800000, 0x00000000e5800000, 0x00000000e5900000|  0%| F|  |TAMS 0x00000000e5800000, 0x00000000e5800000| Untracked 
|  89|0x00000000e5900000, 0x00000000e5900000, 0x00000000e5a00000|  0%| F|  |TAMS 0x00000000e5900000, 0x00000000e5900000| Untracked 
|  90|0x00000000e5a00000, 0x00000000e5a00000, 0x00000000e5b00000|  0%| F|  |TAMS 0x00000000e5a00000, 0x00000000e5a00000| Untracked 
|  91|0x00000000e5b00000, 0x00000000e5b00000, 0x00000000e5c00000|  0%| F|  |TAMS 0x00000000e5b00000, 0x00000000e5b00000| Untracked 
|  92|0x00000000e5c00000, 0x00000000e5c00000, 0x00000000e5d00000|  0%| F|  |TAMS 0x00000000e5c00000, 0x00000000e5c00000| Untracked 
|  93|0x00000000e5d00000, 0x00000000e5d00000, 0x00000000e5e00000|  0%| F|  |TAMS 0x00000000e5d00000, 0x00000000e5d00000| Untracked 
|  94|0x00000000e5e00000, 0x00000000e5e00000, 0x00000000e5f00000|  0%| F|  |TAMS 0x00000000e5e00000, 0x00000000e5e00000| Untracked 
|  95|0x00000000e5f00000, 0x00000000e5f00000, 0x00000000e6000000|  0%| F|  |TAMS 0x00000000e5f00000, 0x00000000e5f00000| Untracked 
|  96|0x00000000e6000000, 0x00000000e6000000, 0x00000000e6100000|  0%| F|  |TAMS 0x00000000e6000000, 0x00000000e6000000| Untracked 
|  97|0x00000000e6100000, 0x00000000e6100000, 0x00000000e6200000|  0%| F|  |TAMS 0x00000000e6100000, 0x00000000e6100000| Untracked 
|  98|0x00000000e6200000, 0x00000000e6200000, 0x00000000e6300000|  0%| F|  |TAMS 0x00000000e6200000, 0x00000000e6200000| Untracked 
|  99|0x00000000e6300000, 0x00000000e6300000, 0x00000000e6400000|  0%| F|  |TAMS 0x00000000e6300000, 0x00000000e6300000| Untracked 
| 100|0x00000000e6400000, 0x00000000e6400000, 0x00000000e6500000|  0%| F|  |TAMS 0x00000000e6400000, 0x00000000e6400000| Untracked 
| 101|0x00000000e6500000, 0x00000000e6500000, 0x00000000e6600000|  0%| F|  |TAMS 0x00000000e6500000, 0x00000000e6500000| Untracked 
| 102|0x00000000e6600000, 0x00000000e6600000, 0x00000000e6700000|  0%| F|  |TAMS 0x00000000e6600000, 0x00000000e6600000| Untracked 
| 103|0x00000000e6700000, 0x00000000e6700000, 0x00000000e6800000|  0%| F|  |TAMS 0x00000000e6700000, 0x00000000e6700000| Untracked 
| 104|0x00000000e6800000, 0x00000000e6800000, 0x00000000e6900000|  0%| F|  |TAMS 0x00000000e6800000, 0x00000000e6800000| Untracked 
| 105|0x00000000e6900000, 0x00000000e6900000, 0x00000000e6a00000|  0%| F|  |TAMS 0x00000000e6900000, 0x00000000e6900000| Untracked 
| 106|0x00000000e6a00000, 0x00000000e6a00000, 0x00000000e6b00000|  0%| F|  |TAMS 0x00000000e6a00000, 0x00000000e6a00000| Untracked 
| 107|0x00000000e6b00000, 0x00000000e6b00000, 0x00000000e6c00000|  0%| F|  |TAMS 0x00000000e6b00000, 0x00000000e6b00000| Untracked 
| 108|0x00000000e6c00000, 0x00000000e6c00000, 0x00000000e6d00000|  0%| F|  |TAMS 0x00000000e6c00000, 0x00000000e6c00000| Untracked 
| 109|0x00000000e6d00000, 0x00000000e6d00000, 0x00000000e6e00000|  0%| F|  |TAMS 0x00000000e6d00000, 0x00000000e6d00000| Untracked 
| 110|0x00000000e6e00000, 0x00000000e6e00000, 0x00000000e6f00000|  0%| F|  |TAMS 0x00000000e6e00000, 0x00000000e6e00000| Untracked 
| 111|0x00000000e6f00000, 0x00000000e6f00000, 0x00000000e7000000|  0%| F|  |TAMS 0x00000000e6f00000, 0x00000000e6f00000| Untracked 
| 112|0x00000000e7000000, 0x00000000e7000000, 0x00000000e7100000|  0%| F|  |TAMS 0x00000000e7000000, 0x00000000e7000000| Untracked 
| 113|0x00000000e7100000, 0x00000000e7100000, 0x00000000e7200000|  0%| F|  |TAMS 0x00000000e7100000, 0x00000000e7100000| Untracked 
| 114|0x00000000e7200000, 0x00000000e7200000, 0x00000000e7300000|  0%| F|  |TAMS 0x00000000e7200000, 0x00000000e7200000| Untracked 
| 115|0x00000000e7300000, 0x00000000e7300000, 0x00000000e7400000|  0%| F|  |TAMS 0x00000000e7300000, 0x00000000e7300000| Untracked 
| 116|0x00000000e7400000, 0x00000000e7400000, 0x00000000e7500000|  0%| F|  |TAMS 0x00000000e7400000, 0x00000000e7400000| Untracked 
| 117|0x00000000e7500000, 0x00000000e7500000, 0x00000000e7600000|  0%| F|  |TAMS 0x00000000e7500000, 0x00000000e7500000| Untracked 
| 118|0x00000000e7600000, 0x00000000e7600000, 0x00000000e7700000|  0%| F|  |TAMS 0x00000000e7600000, 0x00000000e7600000| Untracked 
| 119|0x00000000e7700000, 0x00000000e7700000, 0x00000000e7800000|  0%| F|  |TAMS 0x00000000e7700000, 0x00000000e7700000| Untracked 
| 120|0x00000000e7800000, 0x00000000e7800000, 0x00000000e7900000|  0%| F|  |TAMS 0x00000000e7800000, 0x00000000e7800000| Untracked 
| 121|0x00000000e7900000, 0x00000000e7900000, 0x00000000e7a00000|  0%| F|  |TAMS 0x00000000e7900000, 0x00000000e7900000| Untracked 
| 122|0x00000000e7a00000, 0x00000000e7a00000, 0x00000000e7b00000|  0%| F|  |TAMS 0x00000000e7a00000, 0x00000000e7a00000| Untracked 
| 123|0x00000000e7b00000, 0x00000000e7b00000, 0x00000000e7c00000|  0%| F|  |TAMS 0x00000000e7b00000, 0x00000000e7b00000| Untracked 
| 124|0x00000000e7c00000, 0x00000000e7c00000, 0x00000000e7d00000|  0%| F|  |TAMS 0x00000000e7c00000, 0x00000000e7c00000| Untracked 
| 125|0x00000000e7d00000, 0x00000000e7d00000, 0x00000000e7e00000|  0%| F|  |TAMS 0x00000000e7d00000, 0x00000000e7d00000| Untracked 
| 126|0x00000000e7e00000, 0x00000000e7e00000, 0x00000000e7f00000|  0%| F|  |TAMS 0x00000000e7e00000, 0x00000000e7e00000| Untracked 
| 127|0x00000000e7f00000, 0x00000000e7f00000, 0x00000000e8000000|  0%| F|  |TAMS 0x00000000e7f00000, 0x00000000e7f00000| Untracked 
| 128|0x00000000e8000000, 0x00000000e8000000, 0x00000000e8100000|  0%| F|  |TAMS 0x00000000e8000000, 0x00000000e8000000| Untracked 
| 129|0x00000000e8100000, 0x00000000e8100000, 0x00000000e8200000|  0%| F|  |TAMS 0x00000000e8100000, 0x00000000e8100000| Untracked 
| 130|0x00000000e8200000, 0x00000000e8200000, 0x00000000e8300000|  0%| F|  |TAMS 0x00000000e8200000, 0x00000000e8200000| Untracked 
| 131|0x00000000e8300000, 0x00000000e8300000, 0x00000000e8400000|  0%| F|  |TAMS 0x00000000e8300000, 0x00000000e8300000| Untracked 
| 132|0x00000000e8400000, 0x00000000e8400000, 0x00000000e8500000|  0%| F|  |TAMS 0x00000000e8400000, 0x00000000e8400000| Untracked 
| 133|0x00000000e8500000, 0x00000000e8500000, 0x00000000e8600000|  0%| F|  |TAMS 0x00000000e8500000, 0x00000000e8500000| Untracked 
| 134|0x00000000e8600000, 0x00000000e8600000, 0x00000000e8700000|  0%| F|  |TAMS 0x00000000e8600000, 0x00000000e8600000| Untracked 
| 135|0x00000000e8700000, 0x00000000e8700000, 0x00000000e8800000|  0%| F|  |TAMS 0x00000000e8700000, 0x00000000e8700000| Untracked 
| 136|0x00000000e8800000, 0x00000000e8800000, 0x00000000e8900000|  0%| F|  |TAMS 0x00000000e8800000, 0x00000000e8800000| Untracked 
| 137|0x00000000e8900000, 0x00000000e8900000, 0x00000000e8a00000|  0%| F|  |TAMS 0x00000000e8900000, 0x00000000e8900000| Untracked 
| 138|0x00000000e8a00000, 0x00000000e8a00000, 0x00000000e8b00000|  0%| F|  |TAMS 0x00000000e8a00000, 0x00000000e8a00000| Untracked 
| 139|0x00000000e8b00000, 0x00000000e8b00000, 0x00000000e8c00000|  0%| F|  |TAMS 0x00000000e8b00000, 0x00000000e8b00000| Untracked 
| 140|0x00000000e8c00000, 0x00000000e8c00000, 0x00000000e8d00000|  0%| F|  |TAMS 0x00000000e8c00000, 0x00000000e8c00000| Untracked 
| 141|0x00000000e8d00000, 0x00000000e8d00000, 0x00000000e8e00000|  0%| F|  |TAMS 0x00000000e8d00000, 0x00000000e8d00000| Untracked 
| 142|0x00000000e8e00000, 0x00000000e8e00000, 0x00000000e8f00000|  0%| F|  |TAMS 0x00000000e8e00000, 0x00000000e8e00000| Untracked 
| 143|0x00000000e8f00000, 0x00000000e8f00000, 0x00000000e9000000|  0%| F|  |TAMS 0x00000000e8f00000, 0x00000000e8f00000| Untracked 
| 144|0x00000000e9000000, 0x00000000e9000000, 0x00000000e9100000|  0%| F|  |TAMS 0x00000000e9000000, 0x00000000e9000000| Untracked 
| 145|0x00000000e9100000, 0x00000000e9100000, 0x00000000e9200000|  0%| F|  |TAMS 0x00000000e9100000, 0x00000000e9100000| Untracked 
| 146|0x00000000e9200000, 0x00000000e9200000, 0x00000000e9300000|  0%| F|  |TAMS 0x00000000e9200000, 0x00000000e9200000| Untracked 
| 147|0x00000000e9300000, 0x00000000e9300000, 0x00000000e9400000|  0%| F|  |TAMS 0x00000000e9300000, 0x00000000e9300000| Untracked 
| 148|0x00000000e9400000, 0x00000000e9400000, 0x00000000e9500000|  0%| F|  |TAMS 0x00000000e9400000, 0x00000000e9400000| Untracked 
| 149|0x00000000e9500000, 0x00000000e9500000, 0x00000000e9600000|  0%| F|  |TAMS 0x00000000e9500000, 0x00000000e9500000| Untracked 
| 150|0x00000000e9600000, 0x00000000e9600000, 0x00000000e9700000|  0%| F|  |TAMS 0x00000000e9600000, 0x00000000e9600000| Untracked 
| 151|0x00000000e9700000, 0x00000000e9700000, 0x00000000e9800000|  0%| F|  |TAMS 0x00000000e9700000, 0x00000000e9700000| Untracked 
| 152|0x00000000e9800000, 0x00000000e9800000, 0x00000000e9900000|  0%| F|  |TAMS 0x00000000e9800000, 0x00000000e9800000| Untracked 
| 153|0x00000000e9900000, 0x00000000e9900000, 0x00000000e9a00000|  0%| F|  |TAMS 0x00000000e9900000, 0x00000000e9900000| Untracked 
| 154|0x00000000e9a00000, 0x00000000e9a00000, 0x00000000e9b00000|  0%| F|  |TAMS 0x00000000e9a00000, 0x00000000e9a00000| Untracked 
| 155|0x00000000e9b00000, 0x00000000e9b00000, 0x00000000e9c00000|  0%| F|  |TAMS 0x00000000e9b00000, 0x00000000e9b00000| Untracked 
| 156|0x00000000e9c00000, 0x00000000e9c00000, 0x00000000e9d00000|  0%| F|  |TAMS 0x00000000e9c00000, 0x00000000e9c00000| Untracked 
| 157|0x00000000e9d00000, 0x00000000e9d00000, 0x00000000e9e00000|  0%| F|  |TAMS 0x00000000e9d00000, 0x00000000e9d00000| Untracked 
| 158|0x00000000e9e00000, 0x00000000e9e00000, 0x00000000e9f00000|  0%| F|  |TAMS 0x00000000e9e00000, 0x00000000e9e00000| Untracked 
| 159|0x00000000e9f00000, 0x00000000e9f00000, 0x00000000ea000000|  0%| F|  |TAMS 0x00000000e9f00000, 0x00000000e9f00000| Untracked 
| 160|0x00000000ea000000, 0x00000000ea000000, 0x00000000ea100000|  0%| F|  |TAMS 0x00000000ea000000, 0x00000000ea000000| Untracked 
| 161|0x00000000ea100000, 0x00000000ea100000, 0x00000000ea200000|  0%| F|  |TAMS 0x00000000ea100000, 0x00000000ea100000| Untracked 
| 162|0x00000000ea200000, 0x00000000ea200000, 0x00000000ea300000|  0%| F|  |TAMS 0x00000000ea200000, 0x00000000ea200000| Untracked 
| 163|0x00000000ea300000, 0x00000000ea300000, 0x00000000ea400000|  0%| F|  |TAMS 0x00000000ea300000, 0x00000000ea300000| Untracked 
| 164|0x00000000ea400000, 0x00000000ea400000, 0x00000000ea500000|  0%| F|  |TAMS 0x00000000ea400000, 0x00000000ea400000| Untracked 
| 165|0x00000000ea500000, 0x00000000ea500000, 0x00000000ea600000|  0%| F|  |TAMS 0x00000000ea500000, 0x00000000ea500000| Untracked 
| 166|0x00000000ea600000, 0x00000000ea600000, 0x00000000ea700000|  0%| F|  |TAMS 0x00000000ea600000, 0x00000000ea600000| Untracked 
| 167|0x00000000ea700000, 0x00000000ea700000, 0x00000000ea800000|  0%| F|  |TAMS 0x00000000ea700000, 0x00000000ea700000| Untracked 
| 168|0x00000000ea800000, 0x00000000ea800000, 0x00000000ea900000|  0%| F|  |TAMS 0x00000000ea800000, 0x00000000ea800000| Untracked 
| 169|0x00000000ea900000, 0x00000000ea900000, 0x00000000eaa00000|  0%| F|  |TAMS 0x00000000ea900000, 0x00000000ea900000| Untracked 
| 170|0x00000000eaa00000, 0x00000000eaa00000, 0x00000000eab00000|  0%| F|  |TAMS 0x00000000eaa00000, 0x00000000eaa00000| Untracked 
| 171|0x00000000eab00000, 0x00000000eab00000, 0x00000000eac00000|  0%| F|  |TAMS 0x00000000eab00000, 0x00000000eab00000| Untracked 
| 172|0x00000000eac00000, 0x00000000eac00000, 0x00000000ead00000|  0%| F|  |TAMS 0x00000000eac00000, 0x00000000eac00000| Untracked 
| 173|0x00000000ead00000, 0x00000000ead00000, 0x00000000eae00000|  0%| F|  |TAMS 0x00000000ead00000, 0x00000000ead00000| Untracked 
| 174|0x00000000eae00000, 0x00000000eae00000, 0x00000000eaf00000|  0%| F|  |TAMS 0x00000000eae00000, 0x00000000eae00000| Untracked 
| 175|0x00000000eaf00000, 0x00000000eaf00000, 0x00000000eb000000|  0%| F|  |TAMS 0x00000000eaf00000, 0x00000000eaf00000| Untracked 
| 176|0x00000000eb000000, 0x00000000eb000000, 0x00000000eb100000|  0%| F|  |TAMS 0x00000000eb000000, 0x00000000eb000000| Untracked 
| 177|0x00000000eb100000, 0x00000000eb100000, 0x00000000eb200000|  0%| F|  |TAMS 0x00000000eb100000, 0x00000000eb100000| Untracked 
| 178|0x00000000eb200000, 0x00000000eb200000, 0x00000000eb300000|  0%| F|  |TAMS 0x00000000eb200000, 0x00000000eb200000| Untracked 
| 179|0x00000000eb300000, 0x00000000eb300000, 0x00000000eb400000|  0%| F|  |TAMS 0x00000000eb300000, 0x00000000eb300000| Untracked 
| 180|0x00000000eb400000, 0x00000000eb400000, 0x00000000eb500000|  0%| F|  |TAMS 0x00000000eb400000, 0x00000000eb400000| Untracked 
| 181|0x00000000eb500000, 0x00000000eb500000, 0x00000000eb600000|  0%| F|  |TAMS 0x00000000eb500000, 0x00000000eb500000| Untracked 
| 182|0x00000000eb600000, 0x00000000eb600000, 0x00000000eb700000|  0%| F|  |TAMS 0x00000000eb600000, 0x00000000eb600000| Untracked 
| 183|0x00000000eb700000, 0x00000000eb700000, 0x00000000eb800000|  0%| F|  |TAMS 0x00000000eb700000, 0x00000000eb700000| Untracked 
| 184|0x00000000eb800000, 0x00000000eb800000, 0x00000000eb900000|  0%| F|  |TAMS 0x00000000eb800000, 0x00000000eb800000| Untracked 
| 185|0x00000000eb900000, 0x00000000eb900000, 0x00000000eba00000|  0%| F|  |TAMS 0x00000000eb900000, 0x00000000eb900000| Untracked 
| 186|0x00000000eba00000, 0x00000000eba00000, 0x00000000ebb00000|  0%| F|  |TAMS 0x00000000eba00000, 0x00000000eba00000| Untracked 
| 187|0x00000000ebb00000, 0x00000000ebb00000, 0x00000000ebc00000|  0%| F|  |TAMS 0x00000000ebb00000, 0x00000000ebb00000| Untracked 
| 188|0x00000000ebc00000, 0x00000000ebc00000, 0x00000000ebd00000|  0%| F|  |TAMS 0x00000000ebc00000, 0x00000000ebc00000| Untracked 
| 189|0x00000000ebd00000, 0x00000000ebd00000, 0x00000000ebe00000|  0%| F|  |TAMS 0x00000000ebd00000, 0x00000000ebd00000| Untracked 
| 190|0x00000000ebe00000, 0x00000000ebe00000, 0x00000000ebf00000|  0%| F|  |TAMS 0x00000000ebe00000, 0x00000000ebe00000| Untracked 
| 191|0x00000000ebf00000, 0x00000000ebf00000, 0x00000000ec000000|  0%| F|  |TAMS 0x00000000ebf00000, 0x00000000ebf00000| Untracked 
| 192|0x00000000ec000000, 0x00000000ec000000, 0x00000000ec100000|  0%| F|  |TAMS 0x00000000ec000000, 0x00000000ec000000| Untracked 
| 193|0x00000000ec100000, 0x00000000ec100000, 0x00000000ec200000|  0%| F|  |TAMS 0x00000000ec100000, 0x00000000ec100000| Untracked 
| 194|0x00000000ec200000, 0x00000000ec200000, 0x00000000ec300000|  0%| F|  |TAMS 0x00000000ec200000, 0x00000000ec200000| Untracked 
| 195|0x00000000ec300000, 0x00000000ec300000, 0x00000000ec400000|  0%| F|  |TAMS 0x00000000ec300000, 0x00000000ec300000| Untracked 
| 196|0x00000000ec400000, 0x00000000ec400000, 0x00000000ec500000|  0%| F|  |TAMS 0x00000000ec400000, 0x00000000ec400000| Untracked 
| 197|0x00000000ec500000, 0x00000000ec500000, 0x00000000ec600000|  0%| F|  |TAMS 0x00000000ec500000, 0x00000000ec500000| Untracked 
| 198|0x00000000ec600000, 0x00000000ec600000, 0x00000000ec700000|  0%| F|  |TAMS 0x00000000ec600000, 0x00000000ec600000| Untracked 
| 199|0x00000000ec700000, 0x00000000ec700000, 0x00000000ec800000|  0%| F|  |TAMS 0x00000000ec700000, 0x00000000ec700000| Untracked 
| 200|0x00000000ec800000, 0x00000000ec800000, 0x00000000ec900000|  0%| F|  |TAMS 0x00000000ec800000, 0x00000000ec800000| Untracked 
| 201|0x00000000ec900000, 0x00000000ec900000, 0x00000000eca00000|  0%| F|  |TAMS 0x00000000ec900000, 0x00000000ec900000| Untracked 
| 202|0x00000000eca00000, 0x00000000eca00000, 0x00000000ecb00000|  0%| F|  |TAMS 0x00000000eca00000, 0x00000000eca00000| Untracked 
| 203|0x00000000ecb00000, 0x00000000ecb00000, 0x00000000ecc00000|  0%| F|  |TAMS 0x00000000ecb00000, 0x00000000ecb00000| Untracked 
| 204|0x00000000ecc00000, 0x00000000ecc00000, 0x00000000ecd00000|  0%| F|  |TAMS 0x00000000ecc00000, 0x00000000ecc00000| Untracked 
| 205|0x00000000ecd00000, 0x00000000ecd00000, 0x00000000ece00000|  0%| F|  |TAMS 0x00000000ecd00000, 0x00000000ecd00000| Untracked 
| 206|0x00000000ece00000, 0x00000000ece00000, 0x00000000ecf00000|  0%| F|  |TAMS 0x00000000ece00000, 0x00000000ece00000| Untracked 
| 207|0x00000000ecf00000, 0x00000000ecf00000, 0x00000000ed000000|  0%| F|  |TAMS 0x00000000ecf00000, 0x00000000ecf00000| Untracked 
| 208|0x00000000ed000000, 0x00000000ed000000, 0x00000000ed100000|  0%| F|  |TAMS 0x00000000ed000000, 0x00000000ed000000| Untracked 
| 209|0x00000000ed100000, 0x00000000ed100000, 0x00000000ed200000|  0%| F|  |TAMS 0x00000000ed100000, 0x00000000ed100000| Untracked 
| 210|0x00000000ed200000, 0x00000000ed200000, 0x00000000ed300000|  0%| F|  |TAMS 0x00000000ed200000, 0x00000000ed200000| Untracked 
| 211|0x00000000ed300000, 0x00000000ed300000, 0x00000000ed400000|  0%| F|  |TAMS 0x00000000ed300000, 0x00000000ed300000| Untracked 
| 212|0x00000000ed400000, 0x00000000ed400000, 0x00000000ed500000|  0%| F|  |TAMS 0x00000000ed400000, 0x00000000ed400000| Untracked 
| 213|0x00000000ed500000, 0x00000000ed500000, 0x00000000ed600000|  0%| F|  |TAMS 0x00000000ed500000, 0x00000000ed500000| Untracked 
| 214|0x00000000ed600000, 0x00000000ed600000, 0x00000000ed700000|  0%| F|  |TAMS 0x00000000ed600000, 0x00000000ed600000| Untracked 
| 215|0x00000000ed700000, 0x00000000ed700000, 0x00000000ed800000|  0%| F|  |TAMS 0x00000000ed700000, 0x00000000ed700000| Untracked 
| 216|0x00000000ed800000, 0x00000000ed800000, 0x00000000ed900000|  0%| F|  |TAMS 0x00000000ed800000, 0x00000000ed800000| Untracked 
| 217|0x00000000ed900000, 0x00000000ed900000, 0x00000000eda00000|  0%| F|  |TAMS 0x00000000ed900000, 0x00000000ed900000| Untracked 
| 218|0x00000000eda00000, 0x00000000eda00000, 0x00000000edb00000|  0%| F|  |TAMS 0x00000000eda00000, 0x00000000eda00000| Untracked 
| 219|0x00000000edb00000, 0x00000000edb00000, 0x00000000edc00000|  0%| F|  |TAMS 0x00000000edb00000, 0x00000000edb00000| Untracked 
| 220|0x00000000edc00000, 0x00000000edc00000, 0x00000000edd00000|  0%| F|  |TAMS 0x00000000edc00000, 0x00000000edc00000| Untracked 
| 221|0x00000000edd00000, 0x00000000edd00000, 0x00000000ede00000|  0%| F|  |TAMS 0x00000000edd00000, 0x00000000edd00000| Untracked 
| 222|0x00000000ede00000, 0x00000000ede00000, 0x00000000edf00000|  0%| F|  |TAMS 0x00000000ede00000, 0x00000000ede00000| Untracked 
| 223|0x00000000edf00000, 0x00000000edf00000, 0x00000000ee000000|  0%| F|  |TAMS 0x00000000edf00000, 0x00000000edf00000| Untracked 
| 224|0x00000000ee000000, 0x00000000ee000000, 0x00000000ee100000|  0%| F|  |TAMS 0x00000000ee000000, 0x00000000ee000000| Untracked 
| 225|0x00000000ee100000, 0x00000000ee100000, 0x00000000ee200000|  0%| F|  |TAMS 0x00000000ee100000, 0x00000000ee100000| Untracked 
| 226|0x00000000ee200000, 0x00000000ee200000, 0x00000000ee300000|  0%| F|  |TAMS 0x00000000ee200000, 0x00000000ee200000| Untracked 
| 227|0x00000000ee300000, 0x00000000ee300000, 0x00000000ee400000|  0%| F|  |TAMS 0x00000000ee300000, 0x00000000ee300000| Untracked 
| 228|0x00000000ee400000, 0x00000000ee400000, 0x00000000ee500000|  0%| F|  |TAMS 0x00000000ee400000, 0x00000000ee400000| Untracked 
| 229|0x00000000ee500000, 0x00000000ee500000, 0x00000000ee600000|  0%| F|  |TAMS 0x00000000ee500000, 0x00000000ee500000| Untracked 
| 230|0x00000000ee600000, 0x00000000ee6e2408, 0x00000000ee700000| 88%| E|  |TAMS 0x00000000ee600000, 0x00000000ee600000| Complete 
| 231|0x00000000ee700000, 0x00000000ee800000, 0x00000000ee800000|100%| E|CS|TAMS 0x00000000ee700000, 0x00000000ee700000| Complete 
| 232|0x00000000ee800000, 0x00000000ee900000, 0x00000000ee900000|100%| E|CS|TAMS 0x00000000ee800000, 0x00000000ee800000| Complete 
| 233|0x00000000ee900000, 0x00000000eea00000, 0x00000000eea00000|100%| E|CS|TAMS 0x00000000ee900000, 0x00000000ee900000| Complete 
| 234|0x00000000eea00000, 0x00000000eeb00000, 0x00000000eeb00000|100%| E|CS|TAMS 0x00000000eea00000, 0x00000000eea00000| Complete 
| 235|0x00000000eeb00000, 0x00000000eec00000, 0x00000000eec00000|100%| E|CS|TAMS 0x00000000eeb00000, 0x00000000eeb00000| Complete 
| 236|0x00000000eec00000, 0x00000000eed00000, 0x00000000eed00000|100%| E|CS|TAMS 0x00000000eec00000, 0x00000000eec00000| Complete 
| 237|0x00000000eed00000, 0x00000000eee00000, 0x00000000eee00000|100%| E|CS|TAMS 0x00000000eed00000, 0x00000000eed00000| Complete 
| 238|0x00000000eee00000, 0x00000000eef00000, 0x00000000eef00000|100%| E|CS|TAMS 0x00000000eee00000, 0x00000000eee00000| Complete 
| 239|0x00000000eef00000, 0x00000000ef000000, 0x00000000ef000000|100%| E|CS|TAMS 0x00000000eef00000, 0x00000000eef00000| Complete 
| 240|0x00000000ef000000, 0x00000000ef100000, 0x00000000ef100000|100%| E|CS|TAMS 0x00000000ef000000, 0x00000000ef000000| Complete 
| 241|0x00000000ef100000, 0x00000000ef200000, 0x00000000ef200000|100%| E|CS|TAMS 0x00000000ef100000, 0x00000000ef100000| Complete 
| 242|0x00000000ef200000, 0x00000000ef2a1cc0, 0x00000000ef300000| 63%| S|CS|TAMS 0x00000000ef200000, 0x00000000ef200000| Complete 
| 243|0x00000000ef300000, 0x00000000ef400000, 0x00000000ef400000|100%| S|CS|TAMS 0x00000000ef300000, 0x00000000ef300000| Complete 
| 244|0x00000000ef400000, 0x00000000ef500000, 0x00000000ef500000|100%| E|CS|TAMS 0x00000000ef400000, 0x00000000ef400000| Complete 
| 245|0x00000000ef500000, 0x00000000ef600000, 0x00000000ef600000|100%| E|CS|TAMS 0x00000000ef500000, 0x00000000ef500000| Complete 
| 246|0x00000000ef600000, 0x00000000ef700000, 0x00000000ef700000|100%| E|CS|TAMS 0x00000000ef600000, 0x00000000ef600000| Complete 
| 247|0x00000000ef700000, 0x00000000ef800000, 0x00000000ef800000|100%| E|CS|TAMS 0x00000000ef700000, 0x00000000ef700000| Complete 
| 248|0x00000000ef800000, 0x00000000ef900000, 0x00000000ef900000|100%| E|CS|TAMS 0x00000000ef800000, 0x00000000ef800000| Complete 
| 249|0x00000000ef900000, 0x00000000efa00000, 0x00000000efa00000|100%| E|CS|TAMS 0x00000000ef900000, 0x00000000ef900000| Complete 
| 250|0x00000000efa00000, 0x00000000efb00000, 0x00000000efb00000|100%| E|CS|TAMS 0x00000000efa00000, 0x00000000efa00000| Complete 
| 251|0x00000000efb00000, 0x00000000efc00000, 0x00000000efc00000|100%| E|CS|TAMS 0x00000000efb00000, 0x00000000efb00000| Complete 
| 252|0x00000000efc00000, 0x00000000efd00000, 0x00000000efd00000|100%| E|CS|TAMS 0x00000000efc00000, 0x00000000efc00000| Complete 
| 253|0x00000000efd00000, 0x00000000efe00000, 0x00000000efe00000|100%| E|CS|TAMS 0x00000000efd00000, 0x00000000efd00000| Complete 
| 254|0x00000000efe00000, 0x00000000eff00000, 0x00000000eff00000|100%| E|CS|TAMS 0x00000000efe00000, 0x00000000efe00000| Complete 
| 255|0x00000000eff00000, 0x00000000f0000000, 0x00000000f0000000|100%| E|CS|TAMS 0x00000000eff00000, 0x00000000eff00000| Complete 

Card table byte_map: [0x00000243ffaa0000,0x00000243ffba0000] _byte_map_base: 0x00000243ff3a0000

Marking Bits (Prev, Next): (CMBitMap*) 0x00000243ed35e310, (CMBitMap*) 0x00000243ed35e2d0
 Prev Bits: [0x0000024380800000, 0x0000024381000000)
 Next Bits: [0x0000024380000000, 0x0000024380800000)

Polling page: 0x00000243eb250000

Metaspace:

Usage:
  Non-class:     54.84 MB used.
      Class:      8.54 MB used.
       Both:     63.38 MB used.

Virtual space:
  Non-class space:       64.00 MB reserved,      55.12 MB ( 86%) committed,  1 nodes.
      Class space:      320.00 MB reserved,       8.75 MB (  3%) committed,  1 nodes.
             Both:      384.00 MB reserved,      63.88 MB ( 17%) committed. 

Chunk freelists:
   Non-Class:  8.39 MB
       Class:  7.25 MB
        Both:  15.64 MB

MaxMetaspaceSize: 384.00 MB
CompressedClassSpaceSize: 320.00 MB
Initial GC threshold: 21.00 MB
Current GC threshold: 98.25 MB
CDS: off
MetaspaceReclaimPolicy: balanced
 - commit_granule_bytes: 65536.
 - commit_granule_words: 8192.
 - virtual_space_node_default_size: 8388608.
 - enlarge_chunks_in_place: 1.
 - new_chunks_are_fully_committed: 0.
 - uncommit_free_chunks: 1.
 - use_allocation_guard: 0.
 - handle_deallocations: 1.


Internal statistics:

num_allocs_failed_limit: 9.
num_arena_births: 620.
num_arena_deaths: 0.
num_vsnodes_births: 2.
num_vsnodes_deaths: 0.
num_space_committed: 1022.
num_space_uncommitted: 0.
num_chunks_returned_to_freelist: 9.
num_chunks_taken_from_freelist: 2955.
num_chunk_merges: 9.
num_chunk_splits: 1887.
num_chunks_enlarged: 1236.
num_inconsistent_stats: 0.

CodeHeap 'non-profiled nmethods': size=120000Kb used=5158Kb max_used=5158Kb free=114841Kb
 bounds [0x00000243f8570000, 0x00000243f8a80000, 0x00000243ffaa0000]
CodeHeap 'profiled nmethods': size=120000Kb used=16778Kb max_used=16778Kb free=103221Kb
 bounds [0x00000243f0aa0000, 0x00000243f1b10000, 0x00000243f7fd0000]
CodeHeap 'non-nmethods': size=5760Kb used=2321Kb max_used=2371Kb free=3438Kb
 bounds [0x00000243f7fd0000, 0x00000243f8240000, 0x00000243f8570000]
 total_blobs=9414 nmethods=8575 adapters=751
 compilation: enabled
              stopped_count=0, restarted_count=0
 full_count=0

Compilation events (20 events):
Event: 506.048 Thread 0x0000024383482140 9524       3       org.gradle.api.internal.provider.AbstractProperty::init (7 bytes)
Event: 506.048 Thread 0x0000024383482140 nmethod 9524 0x00000243f1aff390 code [0x00000243f1aff540, 0x00000243f1aff848]
Event: 506.421 Thread 0x0000024383482140 9525       3       java.util.LinkedList::<init> (11 bytes)
Event: 506.429 Thread 0x0000024383482140 nmethod 9525 0x00000243f1aff990 code [0x00000243f1affb60, 0x00000243f1afff08]
Event: 508.670 Thread 0x0000024383482140 9526       3       org.gradle.api.internal.artifacts.ivyservice.modulecache.artifacts.DefaultCachedArtifact::isMissing (13 bytes)
Event: 508.840 Thread 0x0000024383482140 nmethod 9526 0x00000243f1b00090 code [0x00000243f1b00220, 0x00000243f1b00398]
Event: 509.244 Thread 0x0000024383482140 9527       3       sun.nio.cs.StreamDecoder::implClose (27 bytes)
Event: 509.657 Thread 0x0000024383482140 nmethod 9527 0x00000243f1b00410 code [0x00000243f1b005e0, 0x00000243f1b008d8]
Event: 509.681 Thread 0x0000024383482140 9528       3       io.spring.gradle.dependencymanagement.org.apache.maven.model.validation.DefaultModelValidator::isValidIdWithWildCards (34 bytes)
Event: 509.683 Thread 0x0000024383482140 nmethod 9528 0x00000243f1b00a10 code [0x00000243f1b00c40, 0x00000243f1b015a8]
Event: 511.207 Thread 0x00000243834816a0 9529       4       sun.management.spi.PlatformMBeanProvider$PlatformComponent::getMBeans (87 bytes)
Event: 512.136 Thread 0x0000024383482140 9530       3       com.google.common.collect.Lists$TransformingSequentialList$1::transform (14 bytes)
Event: 512.221 Thread 0x0000024383482140 nmethod 9530 0x00000243f1b01990 code [0x00000243f1b01b40, 0x00000243f1b01d08]
Event: 513.171 Thread 0x0000024383482140 9532       3       java.util.ArrayList::elementAt (4 bytes)
Event: 513.171 Thread 0x0000024383482140 nmethod 9532 0x00000243f1b01e10 code [0x00000243f1b01fa0, 0x00000243f1b020b8]
Event: 515.556 Thread 0x0000024383482140 9533       3       io.spring.gradle.dependencymanagement.internal.maven.MavenPomResolver$$Lambda$1361/0x00000001008b86f8::apply (12 bytes)
Event: 515.556 Thread 0x0000024383482140 nmethod 9533 0x00000243f1b02190 code [0x00000243f1b02340, 0x00000243f1b02568]
Event: 516.542 Thread 0x0000024383482140 9535       1       io.spring.gradle.dependencymanagement.internal.pom.Dependency::isOptional (5 bytes)
Event: 516.543 Thread 0x0000024383482140 nmethod 9535 0x00000243f8a79490 code [0x00000243f8a79620, 0x00000243f8a796f8]
Event: 516.543 Thread 0x0000024383482140 9536       1       io.spring.gradle.dependencymanagement.internal.pom.Dependency::getScope (5 bytes)

GC Heap History (20 events):
Event: 79.019 GC heap before
{Heap before GC invocations=5 (full 0):
 garbage-first heap   total 262144K, used 81866K [0x00000000e0000000, 0x0000000100000000)
  region size 1024K, 70 young (71680K), 10 survivors (10240K)
 Metaspace       used 29862K, committed 30144K, reserved 393216K
  class space    used 3955K, committed 4096K, reserved 327680K
}
Event: 79.049 GC heap after
{Heap after GC invocations=6 (full 0):
 garbage-first heap   total 262144K, used 23561K [0x00000000e0000000, 0x0000000100000000)
  region size 1024K, 8 young (8192K), 8 survivors (8192K)
 Metaspace       used 29862K, committed 30144K, reserved 393216K
  class space    used 3955K, committed 4096K, reserved 327680K
}
Event: 79.805 GC heap before
{Heap before GC invocations=6 (full 0):
 garbage-first heap   total 262144K, used 27657K [0x00000000e0000000, 0x0000000100000000)
  region size 1024K, 12 young (12288K), 8 survivors (8192K)
 Metaspace       used 30500K, committed 30784K, reserved 393216K
  class space    used 4063K, committed 4224K, reserved 327680K
}
Event: 79.825 GC heap after
{Heap after GC invocations=7 (full 0):
 garbage-first heap   total 262144K, used 23668K [0x00000000e0000000, 0x0000000100000000)
  region size 1024K, 1 young (1024K), 1 survivors (1024K)
 Metaspace       used 30500K, committed 30784K, reserved 393216K
  class space    used 4063K, committed 4224K, reserved 327680K
}
Event: 84.565 GC heap before
{Heap before GC invocations=7 (full 0):
 garbage-first heap   total 262144K, used 66676K [0x00000000e0000000, 0x0000000100000000)
  region size 1024K, 44 young (45056K), 1 survivors (1024K)
 Metaspace       used 35783K, committed 36096K, reserved 393216K
  class space    used 4906K, committed 5056K, reserved 327680K
}
Event: 84.623 GC heap after
{Heap after GC invocations=8 (full 0):
 garbage-first heap   total 262144K, used 24466K [0x00000000e0000000, 0x0000000100000000)
  region size 1024K, 2 young (2048K), 2 survivors (2048K)
 Metaspace       used 35783K, committed 36096K, reserved 393216K
  class space    used 4906K, committed 5056K, reserved 327680K
}
Event: 116.749 GC heap before
{Heap before GC invocations=9 (full 0):
 garbage-first heap   total 262144K, used 185234K [0x00000000e0000000, 0x0000000100000000)
  region size 1024K, 153 young (156672K), 2 survivors (2048K)
 Metaspace       used 54851K, committed 55296K, reserved 393216K
  class space    used 7399K, committed 7616K, reserved 327680K
}
Event: 116.811 GC heap after
{Heap after GC invocations=10 (full 0):
 garbage-first heap   total 262144K, used 34554K [0x00000000e0000000, 0x0000000100000000)
  region size 1024K, 12 young (12288K), 12 survivors (12288K)
 Metaspace       used 54851K, committed 55296K, reserved 393216K
  class space    used 7399K, committed 7616K, reserved 327680K
}
Event: 149.384 GC heap before
{Heap before GC invocations=10 (full 0):
 garbage-first heap   total 262144K, used 100090K [0x00000000e0000000, 0x0000000100000000)
  region size 1024K, 77 young (78848K), 12 survivors (12288K)
 Metaspace       used 59832K, committed 60288K, reserved 393216K
  class space    used 8168K, committed 8384K, reserved 327680K
}
Event: 149.450 GC heap after
{Heap after GC invocations=11 (full 0):
 garbage-first heap   total 262144K, used 38507K [0x00000000e0000000, 0x0000000100000000)
  region size 1024K, 14 young (14336K), 14 survivors (14336K)
 Metaspace       used 59832K, committed 60288K, reserved 393216K
  class space    used 8168K, committed 8384K, reserved 327680K
}
Event: 430.907 GC heap before
{Heap before GC invocations=12 (full 0):
 garbage-first heap   total 262144K, used 180843K [0x00000000e0000000, 0x0000000100000000)
  region size 1024K, 153 young (156672K), 14 survivors (14336K)
 Metaspace       used 64511K, committed 65024K, reserved 393216K
  class space    used 8743K, committed 8960K, reserved 327680K
}
Event: 434.026 GC heap after
{Heap after GC invocations=13 (full 0):
 garbage-first heap   total 262144K, used 46080K [0x00000000e0000000, 0x0000000100000000)
  region size 1024K, 12 young (12288K), 12 survivors (12288K)
 Metaspace       used 64511K, committed 65024K, reserved 393216K
  class space    used 8743K, committed 8960K, reserved 327680K
}
Event: 434.324 GC heap before
{Heap before GC invocations=13 (full 0):
 garbage-first heap   total 262144K, used 47104K [0x00000000e0000000, 0x0000000100000000)
  region size 1024K, 13 young (13312K), 12 survivors (12288K)
 Metaspace       used 64514K, committed 65024K, reserved 393216K
  class space    used 8743K, committed 8960K, reserved 327680K
}
Event: 434.351 GC heap after
{Heap after GC invocations=14 (full 0):
 garbage-first heap   total 262144K, used 47815K [0x00000000e0000000, 0x0000000100000000)
  region size 1024K, 2 young (2048K), 2 survivors (2048K)
 Metaspace       used 64514K, committed 65024K, reserved 393216K
  class space    used 8743K, committed 8960K, reserved 327680K
}
Event: 446.894 GC heap before
{Heap before GC invocations=14 (full 0):
 garbage-first heap   total 262144K, used 57031K [0x00000000e0000000, 0x0000000100000000)
  region size 1024K, 12 young (12288K), 2 survivors (2048K)
 Metaspace       used 64620K, committed 65088K, reserved 393216K
  class space    used 8744K, committed 8960K, reserved 327680K
}
Event: 446.969 GC heap after
{Heap after GC invocations=15 (full 0):
 garbage-first heap   total 262144K, used 47245K [0x00000000e0000000, 0x0000000100000000)
  region size 1024K, 2 young (2048K), 2 survivors (2048K)
 Metaspace       used 64620K, committed 65088K, reserved 393216K
  class space    used 8744K, committed 8960K, reserved 327680K
}
Event: 457.611 GC heap before
{Heap before GC invocations=15 (full 0):
 garbage-first heap   total 262144K, used 57485K [0x00000000e0000000, 0x0000000100000000)
  region size 1024K, 12 young (12288K), 2 survivors (2048K)
 Metaspace       used 64698K, committed 65216K, reserved 393216K
  class space    used 8744K, committed 8960K, reserved 327680K
}
Event: 457.620 GC heap after
{Heap after GC invocations=16 (full 0):
 garbage-first heap   total 262144K, used 47835K [0x00000000e0000000, 0x0000000100000000)
  region size 1024K, 2 young (2048K), 2 survivors (2048K)
 Metaspace       used 64698K, committed 65216K, reserved 393216K
  class space    used 8744K, committed 8960K, reserved 327680K
}
Event: 474.229 GC heap before
{Heap before GC invocations=16 (full 0):
 garbage-first heap   total 262144K, used 58075K [0x00000000e0000000, 0x0000000100000000)
  region size 1024K, 12 young (12288K), 2 survivors (2048K)
 Metaspace       used 64730K, committed 65280K, reserved 393216K
  class space    used 8744K, committed 8960K, reserved 327680K
}
Event: 474.243 GC heap after
{Heap after GC invocations=17 (full 0):
 garbage-first heap   total 262144K, used 48542K [0x00000000e0000000, 0x0000000100000000)
  region size 1024K, 2 young (2048K), 2 survivors (2048K)
 Metaspace       used 64730K, committed 65280K, reserved 393216K
  class space    used 8744K, committed 8960K, reserved 327680K
}

Dll operation events (3 events):
Event: 0.483 Loaded shared library C:\Program Files\JetBrains\IntelliJ IDEA 2023.2\jbr\bin\java.dll
Event: 5.824 Loaded shared library C:\Program Files\JetBrains\IntelliJ IDEA 2023.2\jbr\bin\zip.dll
Event: 17.688 Loaded shared library C:\Program Files\JetBrains\IntelliJ IDEA 2023.2\jbr\bin\verify.dll

Deoptimization events (20 events):
Event: 394.237 Thread 0x0000024383555cf0 Uncommon trap: trap_request=0xffffffbe fr.pc=0x00000243f89cf780 relative=0x00000000000003e0
Event: 394.237 Thread 0x0000024383555cf0 Uncommon trap: reason=profile_predicate action=maybe_recompile pc=0x00000243f89cf780 method=java.util.regex.Pattern$Slice.match(Ljava/util/regex/Matcher;ILjava/lang/CharSequence;)Z @ 18 c2
Event: 394.237 Thread 0x0000024383555cf0 DEOPT PACKING pc=0x00000243f89cf780 sp=0x000000f45f0f90f0
Event: 394.247 Thread 0x0000024383555cf0 DEOPT UNPACKING pc=0x00000243f80269a3 sp=0x000000f45f0f9080 mode 2
Event: 396.767 Thread 0x0000024383555cf0 DEOPT PACKING pc=0x00000243f16f2c3e sp=0x000000f45f0f9300
Event: 396.773 Thread 0x0000024383555cf0 DEOPT UNPACKING pc=0x00000243f8027143 sp=0x000000f45f0f8800 mode 0
Event: 400.588 Thread 0x0000024383555cf0 Uncommon trap: trap_request=0xffffff45 fr.pc=0x00000243f8938490 relative=0x0000000000000e50
Event: 400.588 Thread 0x0000024383555cf0 Uncommon trap: reason=unstable_if action=reinterpret pc=0x00000243f8938490 method=io.spring.gradle.dependencymanagement.org.codehaus.plexus.util.xml.pull.MXParser.nextImpl()I @ 977 c2
Event: 400.588 Thread 0x0000024383555cf0 DEOPT PACKING pc=0x00000243f8938490 sp=0x000000f45f0f8fc0
Event: 400.589 Thread 0x0000024383555cf0 DEOPT UNPACKING pc=0x00000243f80269a3 sp=0x000000f45f0f8f40 mode 2
Event: 441.375 Thread 0x000002438368b220 Uncommon trap: trap_request=0xffffff45 fr.pc=0x00000243f8738358 relative=0x0000000000000ad8
Event: 441.449 Thread 0x000002438368b220 Uncommon trap: reason=unstable_if action=reinterpret pc=0x00000243f8738358 method=java.util.concurrent.locks.AbstractQueuedSynchronizer$ConditionObject.unlinkCancelledWaiters(Ljava/util/concurrent/locks/AbstractQueuedSynchronizer$ConditionNode;)V @ 16 c2
Event: 441.449 Thread 0x000002438368b220 DEOPT PACKING pc=0x00000243f8738358 sp=0x000000f45f4feb50
Event: 441.452 Thread 0x000002438368b220 DEOPT UNPACKING pc=0x00000243f80269a3 sp=0x000000f45f4fea50 mode 2
Event: 461.634 Thread 0x0000024383555cf0 Uncommon trap: trap_request=0xffffff45 fr.pc=0x00000243f8934f24 relative=0x00000000000024a4
Event: 461.691 Thread 0x0000024383555cf0 Uncommon trap: reason=unstable_if action=reinterpret pc=0x00000243f8934f24 method=io.spring.gradle.dependencymanagement.org.codehaus.plexus.util.xml.pull.MXParser.isS(C)Z @ 21 c2
Event: 461.691 Thread 0x0000024383555cf0 DEOPT PACKING pc=0x00000243f8934f24 sp=0x000000f45f0f9360
Event: 461.883 Thread 0x0000024383555cf0 DEOPT UNPACKING pc=0x00000243f80269a3 sp=0x000000f45f0f9298 mode 2
Event: 475.320 Thread 0x0000024383555cf0 DEOPT PACKING pc=0x00000243f14a3bd1 sp=0x000000f45f0f7f90
Event: 475.356 Thread 0x0000024383555cf0 DEOPT UNPACKING pc=0x00000243f8027143 sp=0x000000f45f0f7488 mode 0

Classes unloaded (0 events):
No events

Classes redefined (0 events):
No events

Internal exceptions (20 events):
Event: 156.251 Thread 0x0000024383555cf0 Exception <a 'java/lang/ClassNotFoundException'{0x00000000eeca0ba8}: org/gradle/api/internal/tasks/DefaultTaskContainerCustomizer> (0x00000000eeca0ba8) 
thrown [s\src\hotspot\share\classfile\systemDictionary.cpp, line 256]
Event: 156.272 Thread 0x0000024383555cf0 Exception <a 'java/lang/ClassNotFoundException'{0x00000000eeb05db8}: org/gradle/api/internal/tasks/DefaultTaskContainer_DecoratedCustomizer> (0x00000000eeb05db8) 
thrown [s\src\hotspot\share\classfile\systemDictionary.cpp, line 256]
Event: 159.693 Thread 0x0000024383555cf0 Exception <a 'java/lang/NoSuchMethodError'{0x00000000ee519108}: 'int java.lang.invoke.DirectMethodHandle$Holder.invokeSpecialIFC(java.lang.Object, java.lang.Object, java.lang.Object, java.lang.Object, java.lang.Object)'> (0x00000000ee519108) 
thrown [s\src\hotspot\share\interpreter\linkResolver.cpp, line 771]
Event: 160.892 Thread 0x0000024383555cf0 Exception <a 'java/lang/NoSuchMethodError'{0x00000000ee11d598}: 'java.lang.Object java.lang.invoke.DirectMethodHandle$Holder.newInvokeSpecial(java.lang.Object, java.lang.Object, java.lang.Object, java.lang.Object, java.lang.Object, java.lang.Object, int)'> (0x00000000ee11d598) 
thrown [s\src\hotspot\share\interpreter\linkResolver.cpp, line 771]
Event: 160.893 Thread 0x0000024383555cf0 Exception <a 'java/lang/NoSuchMethodError'{0x00000000ee122d88}: 'java.lang.Object java.lang.invoke.DirectMethodHandle$Holder.invokeSpecial(java.lang.Object, java.lang.Object, java.lang.Object, java.lang.Object, java.lang.Object, java.lang.Object, java.lang.Object, int)'> (0x00000000ee122d88) 
thrown [s\src\hotspot\share\interpreter\linkResolver.cpp, line 771]
Event: 160.898 Thread 0x0000024383555cf0 Exception <a 'java/lang/NoSuchMethodError'{0x00000000ee128160}: 'java.lang.Object java.lang.invoke.Invokers$Holder.linkToTargetMethod(java.lang.Object, java.lang.Object, java.lang.Object, java.lang.Object, java.lang.Object, int, java.lang.Object)'> (0x00000000ee128160) 
thrown [s\src\hotspot\share\interpreter\linkResolver.cpp, line 771]
Event: 161.310 Thread 0x00000243896cde70 Implicit null exception at 0x00000243f87f2cdd to 0x00000243f87f2d78
Event: 161.323 Thread 0x00000243896cde70 Implicit null exception at 0x00000243f87b1acb to 0x00000243f87b1af0
Event: 165.201 Thread 0x00000243896ce810 Exception <a 'java/lang/NoSuchMethodError'{0x00000000edf73d90}: 'void java.lang.invoke.DirectMethodHandle$Holder.invokeStatic(java.lang.Object, long)'> (0x00000000edf73d90) 
thrown [s\src\hotspot\share\interpreter\linkResolver.cpp, line 771]
Event: 165.207 Thread 0x00000243896ce810 Exception <a 'java/lang/NoSuchMethodError'{0x00000000edf7ec30}: 'java.lang.Object java.lang.invoke.DirectMethodHandle$Holder.invokeStatic(java.lang.Object, java.lang.Object, long, java.lang.Object)'> (0x00000000edf7ec30) 
thrown [s\src\hotspot\share\interpreter\linkResolver.cpp, line 771]
Event: 165.207 Thread 0x00000243896ce810 Exception <a 'java/lang/NoSuchMethodError'{0x00000000edf82408}: 'java.lang.Object java.lang.invoke.DirectMethodHandle$Holder.invokeStaticInit(java.lang.Object, java.lang.Object, long, java.lang.Object)'> (0x00000000edf82408) 
thrown [s\src\hotspot\share\interpreter\linkResolver.cpp, line 771]
Event: 170.891 Thread 0x00000243896ce810 Exception <a 'java/lang/NoSuchMethodError'{0x00000000edf95408}: 'void java.lang.invoke.DirectMethodHandle$Holder.invokeSpecial(java.lang.Object, java.lang.Object, int)'> (0x00000000edf95408) 
thrown [s\src\hotspot\share\interpreter\linkResolver.cpp, line 771]
Event: 212.319 Thread 0x0000024383555cf0 Exception <a 'java/lang/ClassNotFoundException'{0x00000000ecb44868}: org/gradle/api/internal/plugins/NaggingBasePluginConventionBeanInfo> (0x00000000ecb44868) 
thrown [s\src\hotspot\share\classfile\systemDictionary.cpp, line 256]
Event: 212.665 Thread 0x0000024383555cf0 Exception <a 'java/lang/ClassNotFoundException'{0x00000000ecb542a8}: org/gradle/api/plugins/BasePluginConventionBeanInfo> (0x00000000ecb542a8) 
thrown [s\src\hotspot\share\classfile\systemDictionary.cpp, line 256]
Event: 212.676 Thread 0x0000024383555cf0 Exception <a 'java/lang/ClassNotFoundException'{0x00000000ecb63cb0}: org/gradle/api/plugins/BasePluginConventionCustomizer> (0x00000000ecb63cb0) 
thrown [s\src\hotspot\share\classfile\systemDictionary.cpp, line 256]
Event: 212.702 Thread 0x0000024383555cf0 Exception <a 'java/lang/ClassNotFoundException'{0x00000000ecb7dda0}: org/gradle/api/internal/plugins/NaggingBasePluginConventionCustomizer> (0x00000000ecb7dda0) 
thrown [s\src\hotspot\share\classfile\systemDictionary.cpp, line 256]
Event: 213.524 Thread 0x0000024383555cf0 Exception <a 'java/lang/ClassNotFoundException'{0x00000000ecbc36e8}: org/gradle/api/plugins/internal/NaggingJavaPluginConventionBeanInfo> (0x00000000ecbc36e8) 
thrown [s\src\hotspot\share\classfile\systemDictionary.cpp, line 256]
Event: 213.529 Thread 0x0000024383555cf0 Exception <a 'java/lang/ClassNotFoundException'{0x00000000ecbd3128}: org/gradle/api/plugins/JavaPluginConventionBeanInfo> (0x00000000ecbd3128) 
thrown [s\src\hotspot\share\classfile\systemDictionary.cpp, line 256]
Event: 213.532 Thread 0x0000024383555cf0 Exception <a 'java/lang/ClassNotFoundException'{0x00000000ecbe2b30}: org/gradle/api/plugins/JavaPluginConventionCustomizer> (0x00000000ecbe2b30) 
thrown [s\src\hotspot\share\classfile\systemDictionary.cpp, line 256]
Event: 213.547 Thread 0x0000024383555cf0 Exception <a 'java/lang/ClassNotFoundException'{0x00000000eca2fdc0}: org/gradle/api/plugins/internal/NaggingJavaPluginConventionCustomizer> (0x00000000eca2fdc0) 
thrown [s\src\hotspot\share\classfile\systemDictionary.cpp, line 256]

VM Operations (20 events):
Event: 494.498 Executing VM operation: Cleanup
Event: 494.498 Executing VM operation: Cleanup done
Event: 497.512 Executing VM operation: Cleanup
Event: 497.515 Executing VM operation: Cleanup done
Event: 499.533 Executing VM operation: Cleanup
Event: 499.563 Executing VM operation: Cleanup done
Event: 500.576 Executing VM operation: Cleanup
Event: 500.577 Executing VM operation: Cleanup done
Event: 502.597 Executing VM operation: Cleanup
Event: 502.597 Executing VM operation: Cleanup done
Event: 504.608 Executing VM operation: Cleanup
Event: 504.609 Executing VM operation: Cleanup done
Event: 505.623 Executing VM operation: Cleanup
Event: 505.645 Executing VM operation: Cleanup done
Event: 506.645 Executing VM operation: Cleanup
Event: 506.645 Executing VM operation: Cleanup done
Event: 510.675 Executing VM operation: Cleanup
Event: 510.722 Executing VM operation: Cleanup done
Event: 512.731 Executing VM operation: Cleanup
Event: 513.015 Executing VM operation: Cleanup done

Events (20 events):
Event: 295.570 Thread 0x0000024389dde060 Thread added: 0x0000024389dde060
Event: 297.262 Thread 0x0000024389dde530 Thread added: 0x0000024389dde530
Event: 298.434 Thread 0x0000024389ddea00 Thread added: 0x0000024389ddea00
Event: 298.898 Thread 0x00000243896ce810 Thread added: 0x00000243896ce810
Event: 300.824 Thread 0x00000243896cf680 Thread added: 0x00000243896cf680
Event: 303.715 Thread 0x00000243896cfb50 Thread added: 0x00000243896cfb50
Event: 305.548 Thread 0x0000024383689ee0 Thread added: 0x0000024383689ee0
Event: 305.649 Thread 0x000002438a9e0240 Thread added: 0x000002438a9e0240
Event: 305.787 Thread 0x000002438a9dd220 Thread added: 0x000002438a9dd220
Event: 307.201 Thread 0x00000243896cde70 Thread exited: 0x00000243896cde70
Event: 322.973 Thread 0x000002438a9dfd70 Thread added: 0x000002438a9dfd70
Event: 361.584 Thread 0x00000243834f4730 flushing nmethod 0x00000243f884d490
Event: 361.746 Thread 0x00000243834f4730 flushing nmethod 0x00000243f1033290
Event: 361.753 Thread 0x00000243834f4730 flushing nmethod 0x00000243f10a4690
Event: 367.217 Thread 0x00000243896ce340 Thread exited: 0x00000243896ce340
Event: 438.275 Thread 0x000002438a9dfd70 Thread exited: 0x000002438a9dfd70
Event: 452.986 Thread 0x000002438a9dd6f0 Thread added: 0x000002438a9dd6f0
Event: 452.995 Thread 0x000002438a9ddbc0 Thread added: 0x000002438a9ddbc0
Event: 514.017 Thread 0x000002438a9dd6f0 Thread exited: 0x000002438a9dd6f0
Event: 514.427 Thread 0x0000024389de3230 Thread exited: 0x0000024389de3230


Dynamic libraries:
0x00007ff7a4290000 - 0x00007ff7a429a000 	C:\Program Files\JetBrains\IntelliJ IDEA 2023.2\jbr\bin\java.exe
0x00007fff52af0000 - 0x00007fff52d07000 	C:\WINDOWS\SYSTEM32\ntdll.dll
0x00007fff51fc0000 - 0x00007fff52084000 	C:\WINDOWS\System32\KERNEL32.DLL
0x00007fff4fe20000 - 0x00007fff501cd000 	C:\WINDOWS\System32\KERNELBASE.dll
0x00007fff505c0000 - 0x00007fff506d1000 	C:\WINDOWS\System32\ucrtbase.dll
0x00007fff3b660000 - 0x00007fff3b677000 	C:\Program Files\JetBrains\IntelliJ IDEA 2023.2\jbr\bin\jli.dll
0x00007fff52800000 - 0x00007fff529ae000 	C:\WINDOWS\System32\USER32.dll
0x00007fff50290000 - 0x00007fff502b6000 	C:\WINDOWS\System32\win32u.dll
0x00007fff510f0000 - 0x00007fff51119000 	C:\WINDOWS\System32\GDI32.dll
0x00007fff50710000 - 0x00007fff50829000 	C:\WINDOWS\System32\gdi32full.dll
0x00007fff50520000 - 0x00007fff505ba000 	C:\WINDOWS\System32\msvcp_win.dll
0x00007fff33e10000 - 0x00007fff33e2b000 	C:\Program Files\JetBrains\IntelliJ IDEA 2023.2\jbr\bin\VCRUNTIME140.dll
0x00007fff41d40000 - 0x00007fff41fd3000 	C:\WINDOWS\WinSxS\amd64_microsoft.windows.common-controls_6595b64144ccf1df_6.0.22621.3672_none_2713b9d173822955\COMCTL32.dll
0x00007fff512e0000 - 0x00007fff51387000 	C:\WINDOWS\System32\msvcrt.dll
0x00007fff52090000 - 0x00007fff520c1000 	C:\WINDOWS\System32\IMM32.DLL
0x00007fff3e6a0000 - 0x00007fff3e6ac000 	C:\Program Files\JetBrains\IntelliJ IDEA 2023.2\jbr\bin\vcruntime140_1.dll
0x00007fff1eb40000 - 0x00007fff1ebcd000 	C:\Program Files\JetBrains\IntelliJ IDEA 2023.2\jbr\bin\msvcp140.dll
0x00007fff190d0000 - 0x00007fff19d50000 	C:\Program Files\JetBrains\IntelliJ IDEA 2023.2\jbr\bin\server\jvm.dll
0x00007fff52610000 - 0x00007fff526c2000 	C:\WINDOWS\System32\ADVAPI32.dll
0x00007fff51960000 - 0x00007fff51a09000 	C:\WINDOWS\System32\sechost.dll
0x00007fff506e0000 - 0x00007fff50708000 	C:\WINDOWS\System32\bcrypt.dll
0x00007fff51ea0000 - 0x00007fff51fb4000 	C:\WINDOWS\System32\RPCRT4.dll
0x00007fff4b890000 - 0x00007fff4b899000 	C:\WINDOWS\SYSTEM32\WSOCK32.dll
0x00007fff52360000 - 0x00007fff523d1000 	C:\WINDOWS\System32\WS2_32.dll
0x00007fff4b760000 - 0x00007fff4b794000 	C:\WINDOWS\SYSTEM32\WINMM.dll
0x00007fff47b60000 - 0x00007fff47b6a000 	C:\WINDOWS\SYSTEM32\VERSION.dll
0x00007fff4ee50000 - 0x00007fff4ee68000 	C:\WINDOWS\SYSTEM32\kernel.appcore.dll
0x00007fff4b850000 - 0x00007fff4b85a000 	C:\Program Files\JetBrains\IntelliJ IDEA 2023.2\jbr\bin\jimage.dll
0x00007fff4d630000 - 0x00007fff4d862000 	C:\WINDOWS\SYSTEM32\DBGHELP.DLL
0x00007fff51390000 - 0x00007fff51718000 	C:\WINDOWS\System32\combase.dll
0x00007fff52720000 - 0x00007fff527f7000 	C:\WINDOWS\System32\OLEAUT32.dll
0x00007fff397c0000 - 0x00007fff397f2000 	C:\WINDOWS\SYSTEM32\dbgcore.DLL
0x00007fff502c0000 - 0x00007fff5033b000 	C:\WINDOWS\System32\bcryptPrimitives.dll
0x00007fff3f860000 - 0x00007fff3f86e000 	C:\Program Files\JetBrains\IntelliJ IDEA 2023.2\jbr\bin\instrument.dll
0x00007fff45150000 - 0x00007fff45175000 	C:\Program Files\JetBrains\IntelliJ IDEA 2023.2\jbr\bin\java.dll
0x00007fff41430000 - 0x00007fff41448000 	C:\Program Files\JetBrains\IntelliJ IDEA 2023.2\jbr\bin\zip.dll
0x00007fff50890000 - 0x00007fff510ef000 	C:\WINDOWS\System32\SHELL32.dll
0x00007fff4dd70000 - 0x00007fff4e66c000 	C:\WINDOWS\SYSTEM32\windows.storage.dll
0x00007fff4dc30000 - 0x00007fff4dd6f000 	C:\WINDOWS\SYSTEM32\wintypes.dll
0x00007fff529b0000 - 0x00007fff52aa4000 	C:\WINDOWS\System32\SHCORE.dll
0x00007fff51730000 - 0x00007fff5178e000 	C:\WINDOWS\System32\shlwapi.dll
0x00007fff4fd50000 - 0x00007fff4fd71000 	C:\WINDOWS\SYSTEM32\profapi.dll
0x00007fff41310000 - 0x00007fff41329000 	C:\Program Files\JetBrains\IntelliJ IDEA 2023.2\jbr\bin\net.dll
0x00007fff4bb20000 - 0x00007fff4bc56000 	C:\WINDOWS\SYSTEM32\WINHTTP.dll
0x00007fff4f2c0000 - 0x00007fff4f329000 	C:\WINDOWS\system32\mswsock.dll
0x00007fff3f870000 - 0x00007fff3f886000 	C:\Program Files\JetBrains\IntelliJ IDEA 2023.2\jbr\bin\nio.dll
0x00007fff49100000 - 0x00007fff49110000 	C:\Program Files\JetBrains\IntelliJ IDEA 2023.2\jbr\bin\verify.dll
0x00007fff30620000 - 0x00007fff30647000 	C:\Users\TUONG VY\.gradle\native\c067742578af261105cb4f569cf0c3c89f3d7b1fecec35dd04571415982c5e48\windows-amd64\native-platform.dll
0x00007fff18f80000 - 0x00007fff190c4000 	C:\Users\TUONG VY\.gradle\native\100fb08df4bc3b14c8652ba06237920a3bd2aa13389f12d3474272988ae205f9\windows-amd64\native-platform-file-events.dll
0x00007fff413c0000 - 0x00007fff413c9000 	C:\Program Files\JetBrains\IntelliJ IDEA 2023.2\jbr\bin\management.dll
0x00007fff41300000 - 0x00007fff4130b000 	C:\Program Files\JetBrains\IntelliJ IDEA 2023.2\jbr\bin\management_ext.dll
0x00007fff51720000 - 0x00007fff51728000 	C:\WINDOWS\System32\PSAPI.DLL
0x00007fff4f520000 - 0x00007fff4f53b000 	C:\WINDOWS\SYSTEM32\CRYPTSP.dll
0x00007fff4edb0000 - 0x00007fff4ede5000 	C:\WINDOWS\system32\rsaenh.dll
0x00007fff4f3c0000 - 0x00007fff4f3e8000 	C:\WINDOWS\SYSTEM32\USERENV.dll
0x00007fff4f540000 - 0x00007fff4f54c000 	C:\WINDOWS\SYSTEM32\CRYPTBASE.dll
0x00007fff4e910000 - 0x00007fff4e93d000 	C:\WINDOWS\SYSTEM32\IPHLPAPI.DLL
0x00007fff52330000 - 0x00007fff52339000 	C:\WINDOWS\System32\NSI.dll
0x00007fff4bb00000 - 0x00007fff4bb19000 	C:\WINDOWS\SYSTEM32\dhcpcsvc6.DLL
0x00007fff4bae0000 - 0x00007fff4baff000 	C:\WINDOWS\SYSTEM32\dhcpcsvc.DLL
0x00007fff4e940000 - 0x00007fff4ea38000 	C:\WINDOWS\SYSTEM32\DNSAPI.dll
0x00007fff44b50000 - 0x00007fff44b5e000 	C:\Program Files\JetBrains\IntelliJ IDEA 2023.2\jbr\bin\sunmscapi.dll
0x00007fff503b0000 - 0x00007fff50517000 	C:\WINDOWS\System32\CRYPT32.dll
0x00007fff4f6c0000 - 0x00007fff4f6ee000 	C:\WINDOWS\SYSTEM32\ncrypt.dll
0x00007fff4f680000 - 0x00007fff4f6b7000 	C:\WINDOWS\SYSTEM32\NTASN1.dll
0x00007fff41730000 - 0x00007fff41738000 	C:\WINDOWS\system32\wshunix.dll

dbghelp: loaded successfully - version: 4.0.5 - missing functions: none
symbol engine: initialized successfully - sym options: 0x614 - pdb path: .;C:\Program Files\JetBrains\IntelliJ IDEA 2023.2\jbr\bin;C:\WINDOWS\SYSTEM32;C:\WINDOWS\WinSxS\amd64_microsoft.windows.common-controls_6595b64144ccf1df_6.0.22621.3672_none_2713b9d173822955;C:\Program Files\JetBrains\IntelliJ IDEA 2023.2\jbr\bin\server;C:\Users\TUONG VY\.gradle\native\c067742578af261105cb4f569cf0c3c89f3d7b1fecec35dd04571415982c5e48\windows-amd64;C:\Users\TUONG VY\.gradle\native\100fb08df4bc3b14c8652ba06237920a3bd2aa13389f12d3474272988ae205f9\windows-amd64

VM Arguments:
jvm_args: --add-opens=java.base/java.util=ALL-UNNAMED --add-opens=java.base/java.lang=ALL-UNNAMED --add-opens=java.base/java.lang.invoke=ALL-UNNAMED --add-opens=java.prefs/java.util.prefs=ALL-UNNAMED --add-opens=java.base/java.nio.charset=ALL-UNNAMED --add-opens=java.base/java.net=ALL-UNNAMED --add-opens=java.base/java.util.concurrent.atomic=ALL-UNNAMED -XX:MaxMetaspaceSize=384m -XX:+HeapDumpOnOutOfMemoryError -Xms256m -Xmx512m -Dfile.encoding=windows-1252 -Duser.country=US -Duser.language=en -Duser.variant -javaagent:C:\Users\TUONG VY\.gradle\wrapper\dists\gradle-8.8-bin\dl7vupf4psengwqhwktix4v1\gradle-8.8\lib\agents\gradle-instrumentation-agent-8.8.jar 
java_command: org.gradle.launcher.daemon.bootstrap.GradleDaemon 8.8
java_class_path (initial): C:\Users\TUONG VY\.gradle\wrapper\dists\gradle-8.8-bin\dl7vupf4psengwqhwktix4v1\gradle-8.8\lib\gradle-launcher-8.8.jar
Launcher Type: SUN_STANDARD

[Global flags]
     intx CICompilerCount                          = 3                                         {product} {ergonomic}
   size_t CompressedClassSpaceSize                 = 335544320                                 {product} {ergonomic}
     uint ConcGCThreads                            = 1                                         {product} {ergonomic}
     uint G1ConcRefinementThreads                  = 4                                         {product} {ergonomic}
   size_t G1HeapRegionSize                         = 1048576                                   {product} {ergonomic}
    uintx GCDrainStackTargetSize                   = 64                                        {product} {ergonomic}
     bool HeapDumpOnOutOfMemoryError               = true                                   {manageable} {command line}
   size_t InitialHeapSize                          = 268435456                                 {product} {command line}
   size_t MarkStackSize                            = 4194304                                   {product} {ergonomic}
   size_t MaxHeapSize                              = 536870912                                 {product} {command line}
   size_t MaxMetaspaceSize                         = 402653184                                 {product} {command line}
   size_t MaxNewSize                               = 321912832                                 {product} {ergonomic}
   size_t MinHeapDeltaBytes                        = 1048576                                   {product} {ergonomic}
   size_t MinHeapSize                              = 268435456                                 {product} {command line}
    uintx NonNMethodCodeHeapSize                   = 5832780                                {pd product} {ergonomic}
    uintx NonProfiledCodeHeapSize                  = 122912730                              {pd product} {ergonomic}
    uintx ProfiledCodeHeapSize                     = 122912730                              {pd product} {ergonomic}
    uintx ReservedCodeCacheSize                    = 251658240                              {pd product} {ergonomic}
     bool SegmentedCodeCache                       = true                                      {product} {ergonomic}
   size_t SoftMaxHeapSize                          = 536870912                              {manageable} {ergonomic}
     bool UseCompressedClassPointers               = true                           {product lp64_product} {ergonomic}
     bool UseCompressedOops                        = true                           {product lp64_product} {ergonomic}
     bool UseG1GC                                  = true                                      {product} {ergonomic}
     bool UseLargePagesIndividualAllocation        = false                                  {pd product} {ergonomic}

Logging:
Log output configuration:
 #0: stdout all=warning uptime,level,tags
 #1: stderr all=off uptime,level,tags

Environment Variables:
PATH=C:\Python312\Scripts\;C:\Python312\;C:\Program Files\Common Files\Oracle\Java\javapath;C:\Program Files (x86)\Common Files\Oracle\Java\javapath;C:\WINDOWS\system32;C:\WINDOWS;C:\WINDOWS\System32\Wbem;C:\WINDOWS\System32\WindowsPowerShell\v1.0\;C:\WINDOWS\System32\OpenSSH\;C:\Program Files\Git\cmd;C:\Program Files\Microsoft SQL Server\150\Tools\Binn\;C:\Program Files\Microsoft SQL Server\Client SDK\ODBC\170\Tools\Binn\;C:\Program Files\dotnet\;C:\Program Files (x86)\Windows Kits\10\Windows Performance Toolkit\;C:\Program Files\nodejs\;C:\ProgramData\chocolatey\bin;C:\Users\TUONG VY\AppData\Local\Microsoft\WindowsApps;C:\Program Files\JetBrains\IntelliJ IDEA 2023.2\bin;;D:\Microsoft VS Code\bin;D:\flutter_windows_3.19.5-stable\flutter\bin;C:\Users\TUONG VY\.dotnet\tools;C:\Users\TUONG VY\AppData\Roaming\npm
USERNAME=TUONG VY
OS=Windows_NT
PROCESSOR_IDENTIFIER=AMD64 Family 23 Model 24 Stepping 1, AuthenticAMD
TMP=C:\Users\TUONGV~1\AppData\Local\Temp
TEMP=C:\Users\TUONGV~1\AppData\Local\Temp


JNI global refs:
JNI global refs: 24, weak refs: 0

JNI global refs memory usage: 843, weak refs: 841

OOME stack traces (most recent first):
Classloader memory used:
Loader org.gradle.internal.classloader.VisitableURLClassLoader                         : 3849K
Loader bootstrap                                                                       : 2509K
Loader org.gradle.initialization.MixInLegacyTypesClassLoader                           : 1324K
Loader org.gradle.internal.classloader.VisitableURLClassLoader$InstrumentingVisitableURLClassLoader: 301K
Loader jdk.internal.loader.ClassLoaders$PlatformClassLoader                            : 69312B
Loader jdk.internal.loader.ClassLoaders$AppClassLoader                                 : 28760B
Loader jdk.internal.reflect.DelegatingClassLoader                                      : 18907B
Loader org.gradle.groovy.scripts.internal.DefaultScriptCompilationHandler$ScriptClassLoader: 11487B
Loader org.codehaus.groovy.runtime.callsite.CallSiteClassLoader                        : 2471B

Classes loaded by more than one classloader:
Class org.gradle.internal.installation.GradleInstallation                             : loaded 2 times (x 73B)
Class org.gradle.internal.classpath.ClassPath                                         : loaded 2 times (x 68B)
Class org.gradle.api.internal.classpath.DefaultModuleRegistry                         : loaded 2 times (x 84B)
Class org.gradle.api.Action                                                           : loaded 2 times (x 68B)
Class org.gradle.api.internal.DefaultClassPathProvider                                : loaded 2 times (x 74B)
Class org.gradle.internal.installation.GradleInstallation$1                           : loaded 2 times (x 73B)
Class org.gradle.internal.classloader.FilteringClassLoader                            : loaded 2 times (x 102B)
Class org.gradle.internal.classpath.DefaultClassPath$ImmutableUniqueList$Builder      : loaded 2 times (x 73B)
Class org.gradle.internal.classloader.ClassLoaderVisitor                              : loaded 2 times (x 74B)
Class org.gradle.internal.service.DefaultServiceLocator                               : loaded 2 times (x 81B)
Class org.gradle.internal.service.UnknownServiceException                             : loaded 2 times (x 81B)
Class org.gradle.internal.classloader.DefaultClassLoaderFactory                       : loaded 2 times (x 80B)
Class org.gradle.internal.classloader.VisitableURLClassLoader$Spec                    : loaded 2 times (x 72B)
Class org.gradle.api.GradleException                                                  : loaded 2 times (x 80B)
Class org.gradle.api.internal.classpath.ModuleRegistry                                : loaded 2 times (x 68B)
Class org.gradle.api.internal.ClassPathProvider                                       : loaded 2 times (x 68B)
Class org.gradle.internal.classloader.ClasspathUtil$1                                 : loaded 2 times (x 74B)
Class org.gradle.internal.classloader.ClassLoaderFactory                              : loaded 2 times (x 68B)
Class org.gradle.api.internal.classpath.ManifestUtil                                  : loaded 2 times (x 69B)
Class org.gradle.api.specs.Spec                                                       : loaded 2 times (x 68B)
Class org.gradle.internal.IoActions                                                   : loaded 2 times (x 69B)
Class org.gradle.api.internal.classpath.EffectiveClassPath                            : loaded 2 times (x 88B)
Class org.gradle.internal.installation.CurrentGradleInstallation                      : loaded 2 times (x 71B)
Class org.gradle.internal.agents.InstrumentingClassLoader                             : loaded 2 times (x 68B)
Class org.gradle.internal.installation.CurrentGradleInstallationLocator               : loaded 2 times (x 69B)
Class org.gradle.api.internal.classpath.Module                                        : loaded 2 times (x 68B)
Class org.gradle.internal.service.CachingServiceLocator                               : loaded 2 times (x 80B)
Class org.gradle.internal.classpath.DefaultClassPath                                  : loaded 2 times (x 88B)
Class build_6ta2nwr0824lqjln6jv1openi$_run_closure1                                   : loaded 2 times (x 137B)
Class build_6ta2nwr0824lqjln6jv1openi                                                 : loaded 2 times (x 178B)
Class org.gradle.internal.classloader.SystemClassLoaderSpec                           : loaded 2 times (x 69B)
Class org.gradle.api.UncheckedIOException                                             : loaded 2 times (x 80B)
Class org.gradle.internal.classloader.ClasspathUtil                                   : loaded 2 times (x 69B)
Class org.gradle.api.internal.DefaultClassPathRegistry                                : loaded 2 times (x 74B)
Class org.gradle.api.internal.classpath.DefaultModuleRegistry$DefaultModule           : loaded 2 times (x 84B)
Class org.gradle.api.internal.classpath.UnknownModuleException                        : loaded 2 times (x 80B)
Class org.gradle.internal.service.ServiceLookupException                              : loaded 2 times (x 80B)
Class org.gradle.cache.GlobalCache                                                    : loaded 2 times (x 68B)
Class [Lorg.gradle.api.internal.ClassPathProvider;                                    : loaded 2 times (x 67B)
Class org.gradle.util.internal.GUtil                                                  : loaded 2 times (x 69B)
Class org.gradle.internal.classloader.ClassLoaderSpec                                 : loaded 2 times (x 69B)
Class org.gradle.internal.classloader.VisitableURLClassLoader                         : loaded 2 times (x 114B)
Class org.gradle.internal.Cast                                                        : loaded 2 times (x 69B)
Class org.gradle.api.internal.ClassPathRegistry                                       : loaded 2 times (x 68B)
Class org.gradle.internal.classloader.VisitableURLClassLoader$InstrumentingVisitableURLClassLoader: loaded 2 times (x 120B)
Class org.gradle.internal.classloader.ClassLoaderHierarchy                            : loaded 2 times (x 68B)
Class org.gradle.internal.InternalTransformer                                         : loaded 2 times (x 68B)
Class org.gradle.internal.service.ServiceLocator                                      : loaded 2 times (x 68B)
Class org.gradle.internal.classpath.DefaultClassPath$ImmutableUniqueList              : loaded 2 times (x 159B)
Class org.gradle.internal.classpath.TransformedClassPath                              : loaded 2 times (x 94B)


---------------  S Y S T E M  ---------------

OS:
 Windows 11 , 64 bit Build 22621 (10.0.22621.3672)
OS uptime: 3 days 0:00 hours

CPU: total 4 (initial active 4) (4 cores per cpu, 2 threads per core) family 23 model 24 stepping 1 microcode 0x0, cx8, cmov, fxsr, ht, mmx, 3dnowpref, sse, sse2, sse3, ssse3, sse4a, sse4.1, sse4.2, popcnt, lzcnt, tsc, tscinvbit, avx, avx2, aes, clmul, bmi1, bmi2, adx, sha, fma, vzeroupper, clflush, clflushopt

Memory: 4k page, system-wide physical 3534M (273M free)
TotalPageFile size 14286M (AvailPageFile size 1M)
current process WorkingSet (physical memory assigned to process): 100M, peak: 262M
current process commit charge ("private bytes"): 465M, peak: 477M

vm_info: OpenJDK 64-Bit Server VM (17.0.7+7-b1000.6) for windows-amd64 JRE (17.0.7+7-b1000.6), built on 2023-07-07 by "builduser" with MS VC++ 16.10 / 16.11 (VS2019)

END.
