#   The process is running with CompressedOops enabled, and the Java Heap may be blocking the growth of the native heap
# Possible solutions:
#   Reduce memory load on the system
#   Increase physical memory or swap space
#   Check if swap backing store is full
#   Decrease Java heap size (-Xmx/-Xms)
#   Decrease number of Java threads
#   Decrease Java thread stack sizes (-Xss)
#   Set larger code cache with -XX:ReservedCodeCacheSize=
#   JVM is running with Unscaled Compressed Oops mode in which the Java heap is
#     placed in the first 4GB address space. The Java Heap base address is the
#     maximum limit for the native heap growth. Please use -XX:HeapBaseMinAddress
#     to set the Java Heap base and to place the Java Heap above 4GB virtual address.
# This output file may be truncated or incomplete.
#
#  Out of Memory Error (virtualSpaceNode.cpp:110), pid=10496, tid=5560
#
# JRE version: OpenJDK Runtime Environment JBR-17.0.7+7-1000.6-jcef (17.0.7+7) (build 17.0.7+7-b1000.6)
# Java VM: OpenJDK 64-Bit Server VM JBR-17.0.7+7-1000.6-jcef (17.0.7+7-b1000.6, mixed mode, emulated-client, tiered, compressed oops, compressed class ptrs, g1 gc, windows-amd64)
# No core dump will be written. Minidumps are not enabled by default on client versions of Windows
#

---------------  S U M M A R Y ------------

Command Line: -XX:TieredStopAtLevel=1 -Dspring.output.ansi.enabled=always -Dcom.sun.management.jmxremote -Dspring.jmx.enabled=true -Dspring.liveBeansView.mbeanDomain -Dspring.application.admin.enabled=true -Dmanagement.endpoints.jmx.exposure.include=* -javaagent:C:\Program Files\JetBrains\IntelliJ IDEA 2023.2\lib\idea_rt.jar=50777:C:\Program Files\JetBrains\IntelliJ IDEA 2023.2\bin -Dfile.encoding=UTF-8 org.c07.movie_booking.MovieBookingApplication

Host: AMD Ryzen 3 3250U with Radeon Graphics         , 4 cores, 3G,  Windows 11 , 64 bit Build 22621 (10.0.22621.3672)
Time: Wed Jul 31 21:06:31 2024 SE Asia Standard Time elapsed time: 0.806057 seconds (0d 0h 0m 0s)

---------------  T H R E A D  ---------------

Current thread (0x000001e0aacf3a90):  JavaThread "main" [_thread_in_vm, id=5560, stack(0x0000005bedd00000,0x0000005bede00000)]

Stack: [0x0000005bedd00000,0x0000005bede00000]
Native frames: (J=compiled Java code, j=interpreted, Vv=VM code, C=native code)
V  [jvm.dll+0x683bfa]
V  [jvm.dll+0x8430a4]
V  [jvm.dll+0x8449be]
V  [jvm.dll+0x845023]
V  [jvm.dll+0x24ad2f]
V  [jvm.dll+0x83e45b]
V  [jvm.dll+0x6281e6]
V  [jvm.dll+0x62824a]
V  [jvm.dll+0x62aa6a]
V  [jvm.dll+0x628b86]
V  [jvm.dll+0x639a09]
V  [jvm.dll+0x632d34]
V  [jvm.dll+0x386921]
C  0x000001e0ae45c27e

Java frames: (J=compiled Java code, j=interpreted, Vv=VM code)
j  java.net.URI.defineString()Ljava/lang/String;+0 java.base
j  java.net.URI.toString()Ljava/lang/String;+10 java.base
j  java.util.Objects.toString(Ljava/lang/Object;Ljava/lang/String;)Ljava/lang/String;+5 java.base
j  java.lang.Module.<init>(Ljava/lang/ModuleLayer;Ljava/lang/ClassLoader;Ljava/lang/module/ModuleDescriptor;Ljava/net/URI;)V+72 java.base
j  java.lang.System$2.defineModule(Ljava/lang/ClassLoader;Ljava/lang/module/ModuleDescriptor;Ljava/net/URI;)Ljava/lang/Module;+8 java.base
j  jdk.internal.module.Modules.defineModule(Ljava/lang/ClassLoader;Ljava/lang/module/ModuleDescriptor;Ljava/net/URI;)Ljava/lang/Module;+6 java.base
j  jdk.internal.module.ModuleBootstrap.boot2()Ljava/lang/ModuleLayer;+363 java.base
j  jdk.internal.module.ModuleBootstrap.boot()Ljava/lang/ModuleLayer;+64 java.base
j  java.lang.System.initPhase2(ZZ)I+0 java.base
v  ~StubRoutines::call_stub

---------------  P R O C E S S  ---------------

Threads class SMR info:
_java_thread_list=0x000001e0b58631b0, length=9, elements={
0x000001e0aacf3a90, 0x000001e0b581a9f0, 0x000001e0b581b860, 0x000001e0b585c010,
0x000001e0b585c9a0, 0x000001e0b5860470, 0x000001e0b5860e20, 0x000001e0b5861880,
0x000001e0b58771e0
}

Java Threads: ( => current thread )
=>0x000001e0aacf3a90 JavaThread "main" [_thread_in_vm, id=5560, stack(0x0000005bedd00000,0x0000005bede00000)]
  0x000001e0b581a9f0 JavaThread "Reference Handler" daemon [_thread_blocked, id=5948, stack(0x0000005bee400000,0x0000005bee500000)]
  0x000001e0b581b860 JavaThread "Finalizer" daemon [_thread_blocked, id=8436, stack(0x0000005bee500000,0x0000005bee600000)]
  0x000001e0b585c010 JavaThread "Signal Dispatcher" daemon [_thread_blocked, id=14204, stack(0x0000005bee700000,0x0000005bee800000)]
  0x000001e0b585c9a0 JavaThread "Attach Listener" daemon [_thread_blocked, id=9036, stack(0x0000005bee800000,0x0000005bee900000)]
  0x000001e0b5860470 JavaThread "Service Thread" daemon [_thread_blocked, id=6208, stack(0x0000005bee900000,0x0000005beea00000)]
  0x000001e0b5860e20 JavaThread "Monitor Deflation Thread" daemon [_thread_blocked, id=13956, stack(0x0000005beea00000,0x0000005beeb00000)]
  0x000001e0b5861880 JavaThread "C1 CompilerThread0" daemon [_thread_blocked, id=4528, stack(0x0000005beeb00000,0x0000005beec00000)]
  0x000001e0b58771e0 JavaThread "Sweeper thread" daemon [_thread_blocked, id=13748, stack(0x0000005beec00000,0x0000005beed00000)]

Other Threads:
  0x000001e0b5815620 VMThread "VM Thread" [stack: 0x0000005bee300000,0x0000005bee400000] [id=14060]
  0x000001e0aad2c690 GCTaskThread "GC Thread#0" [stack: 0x0000005bede00000,0x0000005bedf00000] [id=7824]
  0x000001e0aad34450 ConcurrentGCThread "G1 Main Marker" [stack: 0x0000005bedf00000,0x0000005bee000000] [id=7804]
  0x000001e0aad34e60 ConcurrentGCThread "G1 Conc#0" [stack: 0x0000005bee000000,0x0000005bee100000] [id=8980]
  0x000001e0aad70260 ConcurrentGCThread "G1 Refine#0" [stack: 0x0000005bee100000,0x0000005bee200000] [id=7828]
  0x000001e0aad70c80 ConcurrentGCThread "G1 Service" [stack: 0x0000005bee200000,0x0000005bee300000] [id=13976]

Threads with active compile tasks:

VM state: not at safepoint (normal execution)

VM Mutex/Monitor currently owned by a thread:  ([mutex/lock_event])
[0x000001e0aacbe190] Metaspace_lock - owner thread: 0x000001e0aacf3a90

Heap address: 0x00000000c8c00000, size: 884 MB, Compressed Oops mode: 32-bit

CDS archive(s) not mapped
Compressed class space mapped at: 0x0000000100000000-0x0000000140000000, reserved size: 1073741824
Narrow klass base: 0x0000000000000000, Narrow klass shift: 3, Narrow klass range: 0x140000000

GC Precious Log:
 CPUs: 4 total, 4 available
 Memory: 3534M
 Large Page Support: Disabled
 NUMA Support: Disabled
 Compressed Oops: Enabled (32-bit)
 Heap Region Size: 1M
 Heap Min Capacity: 8M
 Heap Initial Capacity: 56M
 Heap Max Capacity: 884M
 Pre-touch: Disabled
 Parallel Workers: 4
 Concurrent Workers: 1
 Concurrent Refinement Workers: 4
 Periodic GC: Disabled

Heap:
 garbage-first heap   total 57344K, used 0K [0x00000000c8c00000, 0x0000000100000000)
  region size 1024K, 1 young (1024K), 0 survivors (0K)
 Metaspace       used 3401K, committed 3456K, reserved 1114112K
  class space    used 265K, committed 320K, reserved 1048576K

Heap Regions: E=young(eden), S=young(survivor), O=old, HS=humongous(starts), HC=humongous(continues), CS=collection set, F=free, OA=open archive, CA=closed archive, TAMS=top-at-mark-start (previous, next)
|   0|0x00000000c8c00000, 0x00000000c8c00000, 0x00000000c8d00000|  0%| F|  |TAMS 0x00000000c8c00000, 0x00000000c8c00000| Untracked 
|   1|0x00000000c8d00000, 0x00000000c8d00000, 0x00000000c8e00000|  0%| F|  |TAMS 0x00000000c8d00000, 0x00000000c8d00000| Untracked 
|   2|0x00000000c8e00000, 0x00000000c8e00000, 0x00000000c8f00000|  0%| F|  |TAMS 0x00000000c8e00000, 0x00000000c8e00000| Untracked 
|   3|0x00000000c8f00000, 0x00000000c8f00000, 0x00000000c9000000|  0%| F|  |TAMS 0x00000000c8f00000, 0x00000000c8f00000| Untracked 
|   4|0x00000000c9000000, 0x00000000c9000000, 0x00000000c9100000|  0%| F|  |TAMS 0x00000000c9000000, 0x00000000c9000000| Untracked 
|   5|0x00000000c9100000, 0x00000000c9100000, 0x00000000c9200000|  0%| F|  |TAMS 0x00000000c9100000, 0x00000000c9100000| Untracked 
|   6|0x00000000c9200000, 0x00000000c9200000, 0x00000000c9300000|  0%| F|  |TAMS 0x00000000c9200000, 0x00000000c9200000| Untracked 
|   7|0x00000000c9300000, 0x00000000c9300000, 0x00000000c9400000|  0%| F|  |TAMS 0x00000000c9300000, 0x00000000c9300000| Untracked 
|   8|0x00000000c9400000, 0x00000000c9400000, 0x00000000c9500000|  0%| F|  |TAMS 0x00000000c9400000, 0x00000000c9400000| Untracked 
|   9|0x00000000c9500000, 0x00000000c9500000, 0x00000000c9600000|  0%| F|  |TAMS 0x00000000c9500000, 0x00000000c9500000| Untracked 
|  10|0x00000000c9600000, 0x00000000c9600000, 0x00000000c9700000|  0%| F|  |TAMS 0x00000000c9600000, 0x00000000c9600000| Untracked 
|  11|0x00000000c9700000, 0x00000000c9700000, 0x00000000c9800000|  0%| F|  |TAMS 0x00000000c9700000, 0x00000000c9700000| Untracked 
|  12|0x00000000c9800000, 0x00000000c9800000, 0x00000000c9900000|  0%| F|  |TAMS 0x00000000c9800000, 0x00000000c9800000| Untracked 
|  13|0x00000000c9900000, 0x00000000c9900000, 0x00000000c9a00000|  0%| F|  |TAMS 0x00000000c9900000, 0x00000000c9900000| Untracked 
|  14|0x00000000c9a00000, 0x00000000c9a00000, 0x00000000c9b00000|  0%| F|  |TAMS 0x00000000c9a00000, 0x00000000c9a00000| Untracked 
|  15|0x00000000c9b00000, 0x00000000c9b00000, 0x00000000c9c00000|  0%| F|  |TAMS 0x00000000c9b00000, 0x00000000c9b00000| Untracked 
|  16|0x00000000c9c00000, 0x00000000c9c00000, 0x00000000c9d00000|  0%| F|  |TAMS 0x00000000c9c00000, 0x00000000c9c00000| Untracked 
|  17|0x00000000c9d00000, 0x00000000c9d00000, 0x00000000c9e00000|  0%| F|  |TAMS 0x00000000c9d00000, 0x00000000c9d00000| Untracked 
|  18|0x00000000c9e00000, 0x00000000c9e00000, 0x00000000c9f00000|  0%| F|  |TAMS 0x00000000c9e00000, 0x00000000c9e00000| Untracked 
|  19|0x00000000c9f00000, 0x00000000c9f00000, 0x00000000ca000000|  0%| F|  |TAMS 0x00000000c9f00000, 0x00000000c9f00000| Untracked 
|  20|0x00000000ca000000, 0x00000000ca000000, 0x00000000ca100000|  0%| F|  |TAMS 0x00000000ca000000, 0x00000000ca000000| Untracked 
|  21|0x00000000ca100000, 0x00000000ca100000, 0x00000000ca200000|  0%| F|  |TAMS 0x00000000ca100000, 0x00000000ca100000| Untracked 
|  22|0x00000000ca200000, 0x00000000ca200000, 0x00000000ca300000|  0%| F|  |TAMS 0x00000000ca200000, 0x00000000ca200000| Untracked 
|  23|0x00000000ca300000, 0x00000000ca300000, 0x00000000ca400000|  0%| F|  |TAMS 0x00000000ca300000, 0x00000000ca300000| Untracked 
|  24|0x00000000ca400000, 0x00000000ca400000, 0x00000000ca500000|  0%| F|  |TAMS 0x00000000ca400000, 0x00000000ca400000| Untracked 
|  25|0x00000000ca500000, 0x00000000ca500000, 0x00000000ca600000|  0%| F|  |TAMS 0x00000000ca500000, 0x00000000ca500000| Untracked 
|  26|0x00000000ca600000, 0x00000000ca600000, 0x00000000ca700000|  0%| F|  |TAMS 0x00000000ca600000, 0x00000000ca600000| Untracked 
|  27|0x00000000ca700000, 0x00000000ca700000, 0x00000000ca800000|  0%| F|  |TAMS 0x00000000ca700000, 0x00000000ca700000| Untracked 
|  28|0x00000000ca800000, 0x00000000ca800000, 0x00000000ca900000|  0%| F|  |TAMS 0x00000000ca800000, 0x00000000ca800000| Untracked 
|  29|0x00000000ca900000, 0x00000000ca900000, 0x00000000caa00000|  0%| F|  |TAMS 0x00000000ca900000, 0x00000000ca900000| Untracked 
|  30|0x00000000caa00000, 0x00000000caa00000, 0x00000000cab00000|  0%| F|  |TAMS 0x00000000caa00000, 0x00000000caa00000| Untracked 
|  31|0x00000000cab00000, 0x00000000cab00000, 0x00000000cac00000|  0%| F|  |TAMS 0x00000000cab00000, 0x00000000cab00000| Untracked 
|  32|0x00000000cac00000, 0x00000000cac00000, 0x00000000cad00000|  0%| F|  |TAMS 0x00000000cac00000, 0x00000000cac00000| Untracked 
|  33|0x00000000cad00000, 0x00000000cad00000, 0x00000000cae00000|  0%| F|  |TAMS 0x00000000cad00000, 0x00000000cad00000| Untracked 
|  34|0x00000000cae00000, 0x00000000cae00000, 0x00000000caf00000|  0%| F|  |TAMS 0x00000000cae00000, 0x00000000cae00000| Untracked 
|  35|0x00000000caf00000, 0x00000000caf00000, 0x00000000cb000000|  0%| F|  |TAMS 0x00000000caf00000, 0x00000000caf00000| Untracked 
|  36|0x00000000cb000000, 0x00000000cb000000, 0x00000000cb100000|  0%| F|  |TAMS 0x00000000cb000000, 0x00000000cb000000| Untracked 
|  37|0x00000000cb100000, 0x00000000cb100000, 0x00000000cb200000|  0%| F|  |TAMS 0x00000000cb100000, 0x00000000cb100000| Untracked 
|  38|0x00000000cb200000, 0x00000000cb200000, 0x00000000cb300000|  0%| F|  |TAMS 0x00000000cb200000, 0x00000000cb200000| Untracked 
|  39|0x00000000cb300000, 0x00000000cb300000, 0x00000000cb400000|  0%| F|  |TAMS 0x00000000cb300000, 0x00000000cb300000| Untracked 
|  40|0x00000000cb400000, 0x00000000cb400000, 0x00000000cb500000|  0%| F|  |TAMS 0x00000000cb400000, 0x00000000cb400000| Untracked 
|  41|0x00000000cb500000, 0x00000000cb500000, 0x00000000cb600000|  0%| F|  |TAMS 0x00000000cb500000, 0x00000000cb500000| Untracked 
|  42|0x00000000cb600000, 0x00000000cb600000, 0x00000000cb700000|  0%| F|  |TAMS 0x00000000cb600000, 0x00000000cb600000| Untracked 
|  43|0x00000000cb700000, 0x00000000cb700000, 0x00000000cb800000|  0%| F|  |TAMS 0x00000000cb700000, 0x00000000cb700000| Untracked 
|  44|0x00000000cb800000, 0x00000000cb800000, 0x00000000cb900000|  0%| F|  |TAMS 0x00000000cb800000, 0x00000000cb800000| Untracked 
|  45|0x00000000cb900000, 0x00000000cb900000, 0x00000000cba00000|  0%| F|  |TAMS 0x00000000cb900000, 0x00000000cb900000| Untracked 
|  46|0x00000000cba00000, 0x00000000cba00000, 0x00000000cbb00000|  0%| F|  |TAMS 0x00000000cba00000, 0x00000000cba00000| Untracked 
|  47|0x00000000cbb00000, 0x00000000cbb00000, 0x00000000cbc00000|  0%| F|  |TAMS 0x00000000cbb00000, 0x00000000cbb00000| Untracked 
|  48|0x00000000cbc00000, 0x00000000cbc00000, 0x00000000cbd00000|  0%| F|  |TAMS 0x00000000cbc00000, 0x00000000cbc00000| Untracked 
|  49|0x00000000cbd00000, 0x00000000cbd00000, 0x00000000cbe00000|  0%| F|  |TAMS 0x00000000cbd00000, 0x00000000cbd00000| Untracked 
|  50|0x00000000cbe00000, 0x00000000cbe00000, 0x00000000cbf00000|  0%| F|  |TAMS 0x00000000cbe00000, 0x00000000cbe00000| Untracked 
|  51|0x00000000cbf00000, 0x00000000cbf00000, 0x00000000cc000000|  0%| F|  |TAMS 0x00000000cbf00000, 0x00000000cbf00000| Untracked 
|  52|0x00000000cc000000, 0x00000000cc000000, 0x00000000cc100000|  0%| F|  |TAMS 0x00000000cc000000, 0x00000000cc000000| Untracked 
|  53|0x00000000cc100000, 0x00000000cc100000, 0x00000000cc200000|  0%| F|  |TAMS 0x00000000cc100000, 0x00000000cc100000| Untracked 
|  54|0x00000000cc200000, 0x00000000cc200000, 0x00000000cc300000|  0%| F|  |TAMS 0x00000000cc200000, 0x00000000cc200000| Untracked 
|  55|0x00000000cc300000, 0x00000000cc400000, 0x00000000cc400000|100%| E|  |TAMS 0x00000000cc300000, 0x00000000cc300000| Complete 

Card table byte_map: [0x000001e0b1450000,0x000001e0b1610000] _byte_map_base: 0x000001e0b0e0a000

Marking Bits (Prev, Next): (CMBitMap*) 0x000001e0aad2cca0, (CMBitMap*) 0x000001e0aad2cce0
 Prev Bits: [0x000001e0b17d0000, 0x000001e0b25a0000)
 Next Bits: [0x000001e0b25a0000, 0x000001e0b3370000)

Polling page: 0x000001e0aa4a0000

Metaspace:

Usage:
  Non-class:      3.06 MB used.
      Class:    265.62 KB used.
       Both:      3.32 MB used.

Virtual space:
  Non-class space:       64.00 MB reserved,       3.06 MB (  5%) committed,  1 nodes.
      Class space:        1.00 GB reserved,     320.00 KB ( <1%) committed,  1 nodes.
             Both:        1.06 GB reserved,       3.38 MB ( <1%) committed. 

Chunk freelists:
   Non-Class:  12.00 MB
       Class:  15.62 MB
        Both:  27.62 MB

MaxMetaspaceSize: unlimited
CompressedClassSpaceSize: 1.00 GB
Initial GC threshold: 21.00 MB
Current GC threshold: 21.00 MB
CDS: off
MetaspaceReclaimPolicy: balanced
 - commit_granule_bytes: 65536.
 - commit_granule_words: 8192.
 - virtual_space_node_default_size: 8388608.
 - enlarge_chunks_in_place: 1.
 - new_chunks_are_fully_committed: 0.
 - uncommit_free_chunks: 1.
 - use_allocation_guard: 0.
 - handle_deallocations: 1.


Internal statistics:

num_allocs_failed_limit: 0.
num_arena_births: 2.
num_arena_deaths: 0.
num_vsnodes_births: 2.
num_vsnodes_deaths: 0.
num_space_committed: 54.
num_space_uncommitted: 0.
num_chunks_returned_to_freelist: 0.
num_chunks_taken_from_freelist: 4.
num_chunk_merges: 0.
num_chunk_splits: 2.
num_chunks_enlarged: 0.
num_inconsistent_stats: 0.

CodeCache: size=49152Kb used=1048Kb max_used=1048Kb free=48103Kb
 bounds [0x000001e0ae450000, 0x000001e0ae6c0000, 0x000001e0b1450000]
 total_blobs=312 nmethods=42 adapters=198
 compilation: enabled
              stopped_count=0, restarted_count=0
 full_count=0

Compilation events (20 events):
Event: 0.742 Thread 0x000001e0b5861880   32       1       java.lang.String::isEmpty (14 bytes)
Event: 0.742 Thread 0x000001e0b5861880 nmethod 32 0x000001e0ae553810 code [0x000001e0ae5539a0, 0x000001e0ae553a78]
Event: 0.743 Thread 0x000001e0b5861880   33       1       java.lang.StringLatin1::canEncode (13 bytes)
Event: 0.743 Thread 0x000001e0b5861880 nmethod 33 0x000001e0ae553b10 code [0x000001e0ae553ca0, 0x000001e0ae553d58]
Event: 0.758 Thread 0x000001e0b5861880   34       1       java.lang.String::indexOf (29 bytes)
Event: 0.758 Thread 0x000001e0b5861880 nmethod 34 0x000001e0ae553e10 code [0x000001e0ae553fc0, 0x000001e0ae554118]
Event: 0.758 Thread 0x000001e0b5861880   35       1       java.lang.StringLatin1::indexOf (36 bytes)
Event: 0.758 Thread 0x000001e0b5861880 nmethod 35 0x000001e0ae554190 code [0x000001e0ae554320, 0x000001e0ae5544b8]
Event: 0.759 Thread 0x000001e0b5861880   36       1       java.lang.String::indexOf (7 bytes)
Event: 0.759 Thread 0x000001e0b5861880 nmethod 36 0x000001e0ae554590 code [0x000001e0ae554740, 0x000001e0ae554898]
Event: 0.775 Thread 0x000001e0b5861880   37       1       java.lang.Math::min (11 bytes)
Event: 0.775 Thread 0x000001e0b5861880 nmethod 37 0x000001e0ae554990 code [0x000001e0ae554b20, 0x000001e0ae554bd8]
Event: 0.793 Thread 0x000001e0b5861880   38       1       java.io.File::getPrefixLength (5 bytes)
Event: 0.793 Thread 0x000001e0b5861880 nmethod 38 0x000001e0ae554c90 code [0x000001e0ae554e20, 0x000001e0ae554ef8]
Event: 0.801 Thread 0x000001e0b5861880   39       1       java.util.concurrent.ConcurrentHashMap::tabAt (22 bytes)
Event: 0.802 Thread 0x000001e0b5861880 nmethod 39 0x000001e0ae555a10 code [0x000001e0ae555ba0, 0x000001e0ae555cb8]
Event: 0.802 Thread 0x000001e0b5861880   40       1       jdk.internal.misc.Unsafe::getReferenceAcquire (7 bytes)
Event: 0.802 Thread 0x000001e0b5861880 nmethod 40 0x000001e0ae555d90 code [0x000001e0ae555f20, 0x000001e0ae556038]
Event: 0.802 Thread 0x000001e0b5861880   42       1       java.util.concurrent.ConcurrentHashMap::spread (10 bytes)
Event: 0.802 Thread 0x000001e0b5861880 nmethod 42 0x000001e0ae556090 code [0x000001e0ae556220, 0x000001e0ae5562d8]

GC Heap History (0 events):
No events

Dll operation events (1 events):
Event: 0.126 Loaded shared library C:\Program Files\JetBrains\IntelliJ IDEA 2023.2\jbr\bin\java.dll

Deoptimization events (0 events):
No events

Classes unloaded (0 events):
No events

Classes redefined (0 events):
No events

Internal exceptions (0 events):
No events

VM Operations (0 events):
No events

Events (20 events):
Event: 0.676 loading class java/util/HexFormat
Event: 0.676 loading class java/util/HexFormat done
Event: 0.676 loading class java/lang/StringUTF16
Event: 0.677 loading class java/lang/StringUTF16 done
Event: 0.678 loading class sun/net/www/protocol/file/Handler
Event: 0.678 loading class java/net/URLStreamHandler
Event: 0.679 loading class java/net/URLStreamHandler done
Event: 0.679 loading class sun/net/www/protocol/file/Handler done
Event: 0.679 loading class sun/net/util/IPAddressUtil
Event: 0.680 loading class sun/net/util/IPAddressUtil done
Event: 0.800 loading class jdk/internal/util/Preconditions
Event: 0.800 loading class jdk/internal/util/Preconditions done
Event: 0.800 loading class jdk/internal/module/ServicesCatalog
Event: 0.801 loading class jdk/internal/module/ServicesCatalog done
Event: 0.801 loading class jdk/internal/loader/ClassLoaderValue
Event: 0.801 loading class jdk/internal/loader/AbstractClassLoaderValue
Event: 0.801 loading class jdk/internal/loader/AbstractClassLoaderValue done
Event: 0.801 loading class jdk/internal/loader/ClassLoaderValue done
Event: 0.801 loading class jdk/internal/loader/BuiltinClassLoader$LoadedModule
Event: 0.801 loading class jdk/internal/loader/BuiltinClassLoader$LoadedModule done


Dynamic libraries:
0x00007ff6512c0000 - 0x00007ff6512ca000 	C:\Program Files\JetBrains\IntelliJ IDEA 2023.2\jbr\bin\java.exe
0x00007ff8e41b0000 - 0x00007ff8e43c7000 	C:\WINDOWS\SYSTEM32\ntdll.dll
0x00007ff8e2df0000 - 0x00007ff8e2eb4000 	C:\WINDOWS\System32\KERNEL32.DLL
0x00007ff8e14e0000 - 0x00007ff8e188d000 	C:\WINDOWS\System32\KERNELBASE.dll
0x00007ff8e1ab0000 - 0x00007ff8e1bc1000 	C:\WINDOWS\System32\ucrtbase.dll
0x00007ff8c6c60000 - 0x00007ff8c6c77000 	C:\Program Files\JetBrains\IntelliJ IDEA 2023.2\jbr\bin\jli.dll
0x00007ff8e2600000 - 0x00007ff8e27ae000 	C:\WINDOWS\System32\USER32.dll
0x00007ff8e1c70000 - 0x00007ff8e1c96000 	C:\WINDOWS\System32\win32u.dll
0x00007ff8e21e0000 - 0x00007ff8e2209000 	C:\WINDOWS\System32\GDI32.dll
0x00007ff8e1d10000 - 0x00007ff8e1e29000 	C:\WINDOWS\System32\gdi32full.dll
0x00007ff8e1bd0000 - 0x00007ff8e1c6a000 	C:\WINDOWS\System32\msvcp_win.dll
0x00007ff8d2e30000 - 0x00007ff8d2e4b000 	C:\Program Files\JetBrains\IntelliJ IDEA 2023.2\jbr\bin\VCRUNTIME140.dll
0x00007ff8d4c60000 - 0x00007ff8d4ef3000 	C:\WINDOWS\WinSxS\amd64_microsoft.windows.common-controls_6595b64144ccf1df_6.0.22621.3672_none_2713b9d173822955\COMCTL32.dll
0x00007ff8e1ef0000 - 0x00007ff8e1f97000 	C:\WINDOWS\System32\msvcrt.dll
0x00007ff8e27b0000 - 0x00007ff8e27e1000 	C:\WINDOWS\System32\IMM32.DLL
0x00007ff8d36e0000 - 0x00007ff8d36ec000 	C:\Program Files\JetBrains\IntelliJ IDEA 2023.2\jbr\bin\vcruntime140_1.dll
0x00007ff8b1610000 - 0x00007ff8b169d000 	C:\Program Files\JetBrains\IntelliJ IDEA 2023.2\jbr\bin\msvcp140.dll
0x00007ff85dcc0000 - 0x00007ff85e940000 	C:\Program Files\JetBrains\IntelliJ IDEA 2023.2\jbr\bin\server\jvm.dll
0x00007ff8e2840000 - 0x00007ff8e28f2000 	C:\WINDOWS\System32\ADVAPI32.dll
0x00007ff8e2ef0000 - 0x00007ff8e2f99000 	C:\WINDOWS\System32\sechost.dll
0x00007ff8e1890000 - 0x00007ff8e18b8000 	C:\WINDOWS\System32\bcrypt.dll
0x00007ff8e2fa0000 - 0x00007ff8e30b4000 	C:\WINDOWS\System32\RPCRT4.dll
0x00007ff8dcfe0000 - 0x00007ff8dcfe9000 	C:\WINDOWS\SYSTEM32\WSOCK32.dll
0x00007ff8e2900000 - 0x00007ff8e2971000 	C:\WINDOWS\System32\WS2_32.dll
0x00007ff8dcf70000 - 0x00007ff8dcfa4000 	C:\WINDOWS\SYSTEM32\WINMM.dll
0x00007ff8d89f0000 - 0x00007ff8d89fa000 	C:\WINDOWS\SYSTEM32\VERSION.dll
0x00007ff8e0510000 - 0x00007ff8e0528000 	C:\WINDOWS\SYSTEM32\kernel.appcore.dll
0x00007ff8d36d0000 - 0x00007ff8d36da000 	C:\Program Files\JetBrains\IntelliJ IDEA 2023.2\jbr\bin\jimage.dll
0x00007ff8ded20000 - 0x00007ff8def52000 	C:\WINDOWS\SYSTEM32\DBGHELP.DLL
0x00007ff8e2210000 - 0x00007ff8e2598000 	C:\WINDOWS\System32\combase.dll
0x00007ff8e1fa0000 - 0x00007ff8e2077000 	C:\WINDOWS\System32\OLEAUT32.dll
0x00007ff8ce7c0000 - 0x00007ff8ce7f2000 	C:\WINDOWS\SYSTEM32\dbgcore.DLL
0x00007ff8e1a30000 - 0x00007ff8e1aab000 	C:\WINDOWS\System32\bcryptPrimitives.dll
0x00007ff8d36f0000 - 0x00007ff8d36fe000 	C:\Program Files\JetBrains\IntelliJ IDEA 2023.2\jbr\bin\instrument.dll
0x00007ff8d2550000 - 0x00007ff8d2575000 	C:\Program Files\JetBrains\IntelliJ IDEA 2023.2\jbr\bin\java.dll
0x00007ff8d1d00000 - 0x00007ff8d1d18000 	C:\Program Files\JetBrains\IntelliJ IDEA 2023.2\jbr\bin\zip.dll
0x00007ff8e30e0000 - 0x00007ff8e393f000 	C:\WINDOWS\System32\SHELL32.dll
0x00007ff8df430000 - 0x00007ff8dfd2c000 	C:\WINDOWS\SYSTEM32\windows.storage.dll
0x00007ff8df2f0000 - 0x00007ff8df42f000 	C:\WINDOWS\SYSTEM32\wintypes.dll
0x00007ff8e3f70000 - 0x00007ff8e4064000 	C:\WINDOWS\System32\SHCORE.dll
0x00007ff8e2a20000 - 0x00007ff8e2a7e000 	C:\WINDOWS\System32\shlwapi.dll
0x00007ff8e1410000 - 0x00007ff8e1431000 	C:\WINDOWS\SYSTEM32\profapi.dll

dbghelp: loaded successfully - version: 4.0.5 - missing functions: none
symbol engine: initialized successfully - sym options: 0x614 - pdb path: .;C:\Program Files\JetBrains\IntelliJ IDEA 2023.2\jbr\bin;C:\WINDOWS\SYSTEM32;C:\WINDOWS\WinSxS\amd64_microsoft.windows.common-controls_6595b64144ccf1df_6.0.22621.3672_none_2713b9d173822955;C:\Program Files\JetBrains\IntelliJ IDEA 2023.2\jbr\bin\server

VM Arguments:
jvm_args: -XX:TieredStopAtLevel=1 -Dspring.output.ansi.enabled=always -Dcom.sun.management.jmxremote -Dspring.jmx.enabled=true -Dspring.liveBeansView.mbeanDomain -Dspring.application.admin.enabled=true -Dmanagement.endpoints.jmx.exposure.include=* -javaagent:C:\Program Files\JetBrains\IntelliJ IDEA 2023.2\lib\idea_rt.jar=50777:C:\Program Files\JetBrains\IntelliJ IDEA 2023.2\bin -Dfile.encoding=UTF-8 
java_command: org.c07.movie_booking.MovieBookingApplication
java_class_path (initial): D:\module_6\C0723L1-Repo-BE\movie_booking\build\classes\java\main;D:\module_6\C0723L1-Repo-BE\movie_booking\build\resources\main;C:\Users\TUONG VY\.gradle\caches\modules-2\files-2.1\org.springframework.boot\spring-boot-starter-data-jpa\3.3.2\2731d74dfc18fb905c29930cf55493980c2cee5a\spring-boot-starter-data-jpa-3.3.2.jar;C:\Users\TUONG VY\.gradle\caches\modules-2\files-2.1\org.springframework.boot\spring-boot-starter-validation\3.3.2\81ee06b318ed35c2a3f4882a0f7b9946a39e1b39\spring-boot-starter-validation-3.3.2.jar;C:\Users\TUONG VY\.gradle\caches\modules-2\files-2.1\org.springframework.boot\spring-boot-starter-web\3.3.2\720418538668a8742d0ae24097811d5250cf5c32\spring-boot-starter-web-3.3.2.jar;C:\Users\TUONG VY\.gradle\caches\modules-2\files-2.1\org.modelmapper\modelmapper\2.1.1\a983407fe1c7ae31845c7f80a323d01c25c21ca4\modelmapper-2.1.1.jar;C:\Users\TUONG VY\.gradle\caches\modules-2\files-2.1\org.springframework.boot\spring-boot-starter-aop\3.3.2\26d996e253768d3121bb3ffbef28cefc07fdbddb\spring-boot-starter-aop-3.3.2.jar;C:\Users\TUONG VY\.gradle\caches\modules-2\files-2.1\org.springframework.boot\spring-boot-starter-jdbc\3.3.2\544775d745288972598ab2e872e5a4816b6d9b39\spring-boot-starter-jdbc-3.3.2.jar;C:\Users\TUONG VY\.gradle\caches\modules-2\files-2.1\org.hibernate.orm\hibernate-core\6.5.2.Final\e9e0cc47f6cd2b2553968aee66bd9e55e7485221\hibernate-core-6.5.2.Final.jar;C:\Users\TUONG VY\.gradle\caches\modules-2\files-2.1\org.springframework.data\spring-data-jpa\3.3.2\cfa9cd077f3f15d0657bbb6d7c8e1c7c7da7e6e2\spring-data-jpa-3.3.2.jar;C:\Users\TUONG VY\.gradle\caches\modules-2\files-2.1\org.springframework\spring-aspects\6.1.11\141d92094a460f338aa0999023ca7a25861d49a1\spring-aspects-6.1.11.jar;C:\Users\TUONG VY\.gradle\caches\modules-2\files-2.1\org.springframework.boot\spring-boot-starter\3.3.2\f9377a223dab5c4afe7aead05bf6ac567cf565ab\spring-boot-starter-3.3.2.jar;C:\Users\TUONG VY\.gradle\caches\modules-2\files-2.1\org.apache.tomcat.embed\
Launcher Type: SUN_STANDARD

[Global flags]
     intx CICompilerCount                          = 3                                         {product} {ergonomic}
     uint ConcGCThreads                            = 1                                         {product} {ergonomic}
     uint G1ConcRefinementThreads                  = 4                                         {product} {ergonomic}
   size_t G1HeapRegionSize                         = 1048576                                   {product} {ergonomic}
    uintx GCDrainStackTargetSize                   = 64                                        {product} {ergonomic}
   size_t InitialHeapSize                          = 58720256                                  {product} {ergonomic}
     bool ManagementServer                         = true                                      {product} {command line}
   size_t MarkStackSize                            = 4194304                                   {product} {ergonomic}
   size_t MaxHeapSize                              = 926941184                                 {product} {ergonomic}
   size_t MaxNewSize                               = 555745280                                 {product} {ergonomic}
   size_t MinHeapDeltaBytes                        = 1048576                                   {product} {ergonomic}
   size_t MinHeapSize                              = 8388608                                   {product} {ergonomic}
    uintx NonProfiledCodeHeapSize                  = 0                                      {pd product} {ergonomic}
     bool ProfileInterpreter                       = false                                  {pd product} {command line}
    uintx ProfiledCodeHeapSize                     = 0                                      {pd product} {ergonomic}
   size_t SoftMaxHeapSize                          = 926941184                              {manageable} {ergonomic}
     intx TieredStopAtLevel                        = 1                                         {product} {command line}
     bool UseCompressedClassPointers               = true                           {product lp64_product} {ergonomic}
     bool UseCompressedOops                        = true                           {product lp64_product} {ergonomic}
     bool UseG1GC                                  = true                                      {product} {ergonomic}
     bool UseLargePagesIndividualAllocation        = false                                  {pd product} {ergonomic}

Logging:
Log output configuration:
 #0: stdout all=warning uptime,level,tags
 #1: stderr all=off uptime,level,tags

Environment Variables:
PATH=C:\Python312\Scripts\;C:\Python312\;C:\Program Files\Common Files\Oracle\Java\javapath;C:\Program Files (x86)\Common Files\Oracle\Java\javapath;C:\WINDOWS\system32;C:\WINDOWS;C:\WINDOWS\System32\Wbem;C:\WINDOWS\System32\WindowsPowerShell\v1.0\;C:\WINDOWS\System32\OpenSSH\;C:\Program Files\Git\cmd;C:\Program Files\Microsoft SQL Server\150\Tools\Binn\;C:\Program Files\Microsoft SQL Server\Client SDK\ODBC\170\Tools\Binn\;C:\Program Files\dotnet\;C:\Program Files (x86)\Windows Kits\10\Windows Performance Toolkit\;C:\Program Files\nodejs\;C:\ProgramData\chocolatey\bin;C:\Users\TUONG VY\AppData\Local\Microsoft\WindowsApps;C:\Program Files\JetBrains\IntelliJ IDEA 2023.2\bin;;D:\Microsoft VS Code\bin;D:\flutter_windows_3.19.5-stable\flutter\bin;C:\Users\TUONG VY\.dotnet\tools;C:\Users\TUONG VY\AppData\Roaming\npm
USERNAME=TUONG VY
OS=Windows_NT
PROCESSOR_IDENTIFIER=AMD64 Family 23 Model 24 Stepping 1, AuthenticAMD
TMP=C:\Users\TUONGV~1\AppData\Local\Temp
TEMP=C:\Users\TUONGV~1\AppData\Local\Temp


JNI global refs:
JNI global refs: 4, weak refs: 0

JNI global refs memory usage: 843, weak refs: 209

OOME stack traces (most recent first):
Classloader memory used:
Loader bootstrap                                                                       : 425K


---------------  S Y S T E M  ---------------

OS:
 Windows 11 , 64 bit Build 22621 (10.0.22621.3672)
OS uptime: 0 days 0:42 hours

CPU: total 4 (initial active 4) (4 cores per cpu, 2 threads per core) family 23 model 24 stepping 1 microcode 0x0, cx8, cmov, fxsr, ht, mmx, 3dnowpref, sse, sse2, sse3, ssse3, sse4a, sse4.1, sse4.2, popcnt, lzcnt, tsc, tscinvbit, avx, avx2, aes, clmul, bmi1, bmi2, adx, sha, fma, vzeroupper, clflush, clflushopt

Memory: 4k page, system-wide physical 3534M (336M free)
TotalPageFile size 14286M (AvailPageFile size 1M)
current process WorkingSet (physical memory assigned to process): 24M, peak: 24M
current process commit charge ("private bytes"): 111M, peak: 113M

vm_info: OpenJDK 64-Bit Server VM (17.0.7+7-b1000.6) for windows-amd64 JRE (17.0.7+7-b1000.6), built on 2023-07-07 by "builduser" with MS VC++ 16.10 / 16.11 (VS2019)

END.
