#
# There is insufficient memory for the Java Runtime Environment to continue.
# Native memory allocation (mmap) failed to map 65536 bytes for Failed to commit metaspace.
# Possible reasons:
#   The system is out of physical RAM or swap space
#   The process is running with CompressedOops enabled, and the Java Heap may be blocking the growth of the native heap
# Possible solutions:
#   Reduce memory load on the system
#   Increase physical memory or swap space
#   Check if swap backing store is full
#   Decrease Java heap size (-Xmx/-Xms)
#   Decrease number of Java threads
#   Decrease Java thread stack sizes (-Xss)
#   Set larger code cache with -XX:ReservedCodeCacheSize=
#   JVM is running with Unscaled Compressed Oops mode in which the Java heap is
#     placed in the first 4GB address space. The Java Heap base address is the
#     maximum limit for the native heap growth. Please use -XX:HeapBaseMinAddress
#     to set the Java Heap base and to place the Java Heap above 4GB virtual address.
# This output file may be truncated or incomplete.
#
#  Out of Memory Error (virtualSpaceNode.cpp:110), pid=11184, tid=4840
#
# JRE version: OpenJDK Runtime Environment JBR-17.0.7+7-1000.6-jcef (17.0.7+7) (build 17.0.7+7-b1000.6)
# Java VM: OpenJDK 64-Bit Server VM JBR-17.0.7+7-1000.6-jcef (17.0.7+7-b1000.6, mixed mode, emulated-client, tiered, compressed oops, compressed class ptrs, g1 gc, windows-amd64)
# No core dump will be written. Minidumps are not enabled by default on client versions of Windows
#

---------------  S U M M A R Y ------------

Command Line: -XX:TieredStopAtLevel=1 -Dspring.output.ansi.enabled=always -Dcom.sun.management.jmxremote -Dspring.jmx.enabled=true -Dspring.liveBeansView.mbeanDomain -Dspring.application.admin.enabled=true -Dmanagement.endpoints.jmx.exposure.include=* -javaagent:C:\Program Files\JetBrains\IntelliJ IDEA 2023.2\lib\idea_rt.jar=50745:C:\Program Files\JetBrains\IntelliJ IDEA 2023.2\bin -Dfile.encoding=UTF-8 org.c07.movie_booking.MovieBookingApplication

Host: AMD Ryzen 3 3250U with Radeon Graphics         , 4 cores, 3G,  Windows 11 , 64 bit Build 22621 (10.0.22621.3672)
Time: Wed Jul 31 21:03:51 2024 SE Asia Standard Time elapsed time: 6.586778 seconds (0d 0h 0m 6s)

---------------  T H R E A D  ---------------

Current thread (0x0000022787af8030):  JavaThread "restartedMain" [_thread_in_vm, id=4840, stack(0x000000f841000000,0x000000f841100000)]

Stack: [0x000000f841000000,0x000000f841100000]
Native frames: (J=compiled Java code, j=interpreted, Vv=VM code, C=native code)
V  [jvm.dll+0x683bfa]
V  [jvm.dll+0x8430a4]
V  [jvm.dll+0x8449be]
V  [jvm.dll+0x845023]
V  [jvm.dll+0x24ad2f]
V  [jvm.dll+0x83e45b]
V  [jvm.dll+0x6281e6]
V  [jvm.dll+0x1c29ee]
V  [jvm.dll+0x62ab31]
V  [jvm.dll+0x628b86]
V  [jvm.dll+0x23ec1f]
V  [jvm.dll+0x632a15]
V  [jvm.dll+0x1eea7b]
V  [jvm.dll+0x1eefb5]
V  [jvm.dll+0x1ef8d4]
V  [jvm.dll+0x1e4e1c]
V  [jvm.dll+0x54a1dd]
V  [jvm.dll+0x7bd775]
V  [jvm.dll+0x7bd88e]
V  [jvm.dll+0x413a8a]
V  [jvm.dll+0x419c09]
C  [java.dll+0x17ec]

Java frames: (J=compiled Java code, j=interpreted, Vv=VM code)
J 1147  java.lang.ClassLoader.defineClass1(Ljava/lang/ClassLoader;Ljava/lang/String;[BIILjava/security/ProtectionDomain;Ljava/lang/String;)Ljava/lang/Class; java.base@17.0.7 (0 bytes) @ 0x00000227fb05ebdb [0x00000227fb05eb20+0x00000000000000bb]
J 1165 c1 java.lang.ClassLoader.defineClass(Ljava/lang/String;[BIILjava/security/ProtectionDomain;)Ljava/lang/Class; java.base@17.0.7 (43 bytes) @ 0x00000227fb0683dc [0x00000227fb0682e0+0x00000000000000fc]
J 1150 c1 jdk.internal.loader.BuiltinClassLoader.defineClass(Ljava/lang/String;Ljdk/internal/loader/Resource;)Ljava/lang/Class; java.base@17.0.7 (121 bytes) @ 0x00000227fb061ec4 [0x00000227fb061a20+0x00000000000004a4]
J 1149 c1 jdk.internal.loader.BuiltinClassLoader.findClassOnClassPathOrNull(Ljava/lang/String;)Ljava/lang/Class; java.base@17.0.7 (64 bytes) @ 0x00000227fb060b44 [0x00000227fb0608a0+0x00000000000002a4]
J 937 c1 jdk.internal.loader.BuiltinClassLoader.loadClassOrNull(Ljava/lang/String;Z)Ljava/lang/Class; java.base@17.0.7 (143 bytes) @ 0x00000227fb006144 [0x00000227fb005d00+0x0000000000000444]
J 1055 c1 jdk.internal.loader.ClassLoaders$AppClassLoader.loadClass(Ljava/lang/String;Z)Ljava/lang/Class; java.base@17.0.7 (40 bytes) @ 0x00000227fb038f24 [0x00000227fb038de0+0x0000000000000144]
J 1054 c1 java.lang.ClassLoader.loadClass(Ljava/lang/String;)Ljava/lang/Class; java.base@17.0.7 (7 bytes) @ 0x00000227fb0386e4 [0x00000227fb0386a0+0x0000000000000044]
v  ~StubRoutines::call_stub
j  java.lang.Class.getDeclaredMethods0(Z)[Ljava/lang/reflect/Method;+0 java.base@17.0.7
J 1542 c1 java.lang.Class.privateGetDeclaredMethods(Z)[Ljava/lang/reflect/Method; java.base@17.0.7 (64 bytes) @ 0x00000227fb0f031c [0x00000227fb0f0280+0x000000000000009c]
j  java.lang.Class.privateGetPublicMethods()[Ljava/lang/reflect/Method;+30 java.base@17.0.7
j  java.lang.Class.getMethods()[Ljava/lang/reflect/Method;+19 java.base@17.0.7
j  org.springframework.beans.PropertyDescriptorUtils.determineBasicProperties(Ljava/lang/Class;)Ljava/util/Collection;+9
j  org.springframework.beans.SimpleBeanInfoFactory.getBeanInfo(Ljava/lang/Class;)Ljava/beans/BeanInfo;+1
j  org.springframework.beans.CachedIntrospectionResults.getBeanInfo(Ljava/lang/Class;)Ljava/beans/BeanInfo;+49
j  org.springframework.beans.CachedIntrospectionResults.<init>(Ljava/lang/Class;)V+34
j  org.springframework.beans.CachedIntrospectionResults.forClass(Ljava/lang/Class;)Lorg/springframework/beans/CachedIntrospectionResults;+43
j  org.springframework.beans.BeanWrapperImpl.getCachedIntrospectionResults()Lorg/springframework/beans/CachedIntrospectionResults;+12
j  org.springframework.beans.BeanWrapperImpl.getPropertyDescriptor(Ljava/lang/String;)Ljava/beans/PropertyDescriptor;+17
j  org.springframework.beans.factory.support.AbstractAutowireCapableBeanFactory.isConvertibleProperty(Ljava/lang/String;Lorg/springframework/beans/BeanWrapper;)Z+9
j  org.springframework.beans.factory.support.AbstractAutowireCapableBeanFactory.applyPropertyValues(Ljava/lang/String;Lorg/springframework/beans/factory/config/BeanDefinition;Lorg/springframework/beans/BeanWrapper;Lorg/springframework/beans/PropertyValues;)V+287
j  org.springframework.beans.factory.support.AbstractAutowireCapableBeanFactory.populateBean(Ljava/lang/String;Lorg/springframework/beans/factory/support/RootBeanDefinition;Lorg/springframework/beans/BeanWrapper;)V+351
j  org.springframework.beans.factory.support.AbstractAutowireCapableBeanFactory.doCreateBean(Ljava/lang/String;Lorg/springframework/beans/factory/support/RootBeanDefinition;[Ljava/lang/Object;)Ljava/lang/Object;+220
j  org.springframework.beans.factory.support.AbstractAutowireCapableBeanFactory.createBean(Ljava/lang/String;Lorg/springframework/beans/factory/support/RootBeanDefinition;[Ljava/lang/Object;)Ljava/lang/Object;+153
j  org.springframework.beans.factory.support.AbstractBeanFactory.lambda$doGetBean$0(Ljava/lang/String;Lorg/springframework/beans/factory/support/RootBeanDefinition;[Ljava/lang/Object;)Ljava/lang/Object;+4
j  org.springframework.beans.factory.support.AbstractBeanFactory$$Lambda$353+0x0000000100319c80.getObject()Ljava/lang/Object;+16
j  org.springframework.beans.factory.support.DefaultSingletonBeanRegistry.getSingleton(Ljava/lang/String;Lorg/springframework/beans/factory/ObjectFactory;)Ljava/lang/Object;+114
j  org.springframework.beans.factory.support.AbstractBeanFactory.doGetBean(Ljava/lang/String;Ljava/lang/Class;[Ljava/lang/Object;Z)Ljava/lang/Object;+476
j  org.springframework.beans.factory.support.AbstractBeanFactory.getBean(Ljava/lang/String;Ljava/lang/Class;)Ljava/lang/Object;+5
j  org.springframework.context.support.PostProcessorRegistrationDelegate.invokeBeanFactoryPostProcessors(Lorg/springframework/beans/factory/config/ConfigurableListableBeanFactory;Ljava/util/List;)V+184
j  org.springframework.context.support.AbstractApplicationContext.invokeBeanFactoryPostProcessors(Lorg/springframework/beans/factory/config/ConfigurableListableBeanFactory;)V+5
j  org.springframework.context.support.AbstractApplicationContext.refresh()V+62
j  org.springframework.boot.web.servlet.context.ServletWebServerApplicationContext.refresh()V+1
j  org.springframework.boot.SpringApplication.refresh(Lorg/springframework/context/ConfigurableApplicationContext;)V+1
j  org.springframework.boot.SpringApplication.refreshContext(Lorg/springframework/context/ConfigurableApplicationContext;)V+16
j  org.springframework.boot.SpringApplication.run([Ljava/lang/String;)Lorg/springframework/context/ConfigurableApplicationContext;+110
j  org.springframework.boot.SpringApplication.run([Ljava/lang/Class;[Ljava/lang/String;)Lorg/springframework/context/ConfigurableApplicationContext;+9
j  org.springframework.boot.SpringApplication.run(Ljava/lang/Class;[Ljava/lang/String;)Lorg/springframework/context/ConfigurableApplicationContext;+9
j  org.c07.movie_booking.MovieBookingApplication.main([Ljava/lang/String;)V+3
v  ~StubRoutines::call_stub
j  jdk.internal.reflect.NativeMethodAccessorImpl.invoke0(Ljava/lang/reflect/Method;Ljava/lang/Object;[Ljava/lang/Object;)Ljava/lang/Object;+0 java.base@17.0.7
j  jdk.internal.reflect.NativeMethodAccessorImpl.invoke(Ljava/lang/Object;[Ljava/lang/Object;)Ljava/lang/Object;+133 java.base@17.0.7
j  jdk.internal.reflect.DelegatingMethodAccessorImpl.invoke(Ljava/lang/Object;[Ljava/lang/Object;)Ljava/lang/Object;+6 java.base@17.0.7
j  java.lang.reflect.Method.invoke(Ljava/lang/Object;[Ljava/lang/Object;)Ljava/lang/Object;+59 java.base@17.0.7
j  org.springframework.boot.devtools.restart.RestartLauncher.run()V+47
v  ~StubRoutines::call_stub

---------------  P R O C E S S  ---------------

Threads class SMR info:
_java_thread_list=0x0000022788443ca0, length=20, elements={
0x00000227f5df2270, 0x00000227ffa9cd60, 0x00000227ffa9dbd0, 0x00000227ffac14e0,
0x00000227ffac2260, 0x00000227ffac2d10, 0x00000227ffac36c0, 0x00000227ffaf94c0,
0x00000227ffb2ddd0, 0x00000227ffa4c6a0, 0x0000022787140870, 0x000002278752f480,
0x000002278752f950, 0x0000022787718560, 0x0000022787af9e20, 0x0000022787af8030,
0x0000022787b0dee0, 0x0000022787bfe710, 0x000002278821b400, 0x00000227883af560
}

Java Threads: ( => current thread )
  0x00000227f5df2270 JavaThread "main" [_thread_blocked, id=1096, stack(0x000000f83f600000,0x000000f83f700000)]
  0x00000227ffa9cd60 JavaThread "Reference Handler" daemon [_thread_blocked, id=5308, stack(0x000000f83fd00000,0x000000f83fe00000)]
  0x00000227ffa9dbd0 JavaThread "Finalizer" daemon [_thread_blocked, id=9712, stack(0x000000f83fe00000,0x000000f83ff00000)]
  0x00000227ffac14e0 JavaThread "Signal Dispatcher" daemon [_thread_blocked, id=2784, stack(0x000000f83ff00000,0x000000f840000000)]
  0x00000227ffac2260 JavaThread "Attach Listener" daemon [_thread_blocked, id=14232, stack(0x000000f840000000,0x000000f840100000)]
  0x00000227ffac2d10 JavaThread "Service Thread" daemon [_thread_blocked, id=13336, stack(0x000000f840100000,0x000000f840200000)]
  0x00000227ffac36c0 JavaThread "Monitor Deflation Thread" daemon [_thread_blocked, id=14212, stack(0x000000f840200000,0x000000f840300000)]
  0x00000227ffaf94c0 JavaThread "C1 CompilerThread0" daemon [_thread_blocked, id=7300, stack(0x000000f840300000,0x000000f840400000)]
  0x00000227ffb2ddd0 JavaThread "Sweeper thread" daemon [_thread_blocked, id=5524, stack(0x000000f840400000,0x000000f840500000)]
  0x00000227ffa4c6a0 JavaThread "Common-Cleaner" daemon [_thread_blocked, id=932, stack(0x000000f840500000,0x000000f840600000)]
  0x0000022787140870 JavaThread "C1 CompilerThread1" daemon [_thread_blocked, id=14264, stack(0x000000f840600000,0x000000f840700000)]
  0x000002278752f480 JavaThread "Monitor Ctrl-Break" daemon [_thread_in_native, id=3672, stack(0x000000f840700000,0x000000f840800000)]
  0x000002278752f950 JavaThread "Notification Thread" daemon [_thread_blocked, id=5860, stack(0x000000f840800000,0x000000f840900000)]
  0x0000022787718560 JavaThread "RMI TCP Accept-0" daemon [_thread_in_native, id=12412, stack(0x000000f840900000,0x000000f840a00000)]
  0x0000022787af9e20 JavaThread "Thread-0" [_thread_blocked, id=3904, stack(0x000000f840f00000,0x000000f841000000)]
=>0x0000022787af8030 JavaThread "restartedMain" [_thread_in_vm, id=4840, stack(0x000000f841000000,0x000000f841100000)]
  0x0000022787b0dee0 JavaThread "RMI TCP Connection(1)-10.10.8.62" daemon [_thread_in_native, id=2096, stack(0x000000f841100000,0x000000f841200000)]
  0x0000022787bfe710 JavaThread "RMI Scheduler(0)" daemon [_thread_blocked, id=1684, stack(0x000000f841200000,0x000000f841300000)]
  0x000002278821b400 JavaThread "background-preinit" [_thread_in_vm, id=14064, stack(0x000000f841300000,0x000000f841400000)]
  0x00000227883af560 JavaThread "JMX server connection timeout 29" daemon [_thread_new, id=14208, stack(0x0000000000000000,0x0000000000000000)]

Other Threads:
  0x00000227f5e9e970 VMThread "VM Thread" [stack: 0x000000f83fc00000,0x000000f83fd00000] [id=12964]
  0x0000022787719380 WatcherThread [stack: 0x000000f840a00000,0x000000f840b00000] [id=4264]
  0x00000227f5e32a30 GCTaskThread "GC Thread#0" [stack: 0x000000f83f700000,0x000000f83f800000] [id=8736]
  0x00000227878089a0 GCTaskThread "GC Thread#1" [stack: 0x000000f840b00000,0x000000f840c00000] [id=5856]
  0x00000227879ea920 GCTaskThread "GC Thread#2" [stack: 0x000000f840c00000,0x000000f840d00000] [id=1336]
  0x00000227879eabd0 GCTaskThread "GC Thread#3" [stack: 0x000000f840d00000,0x000000f840e00000] [id=13620]
  0x00000227f5e3a7f0 ConcurrentGCThread "G1 Main Marker" [stack: 0x000000f83f800000,0x000000f83f900000] [id=4164]
  0x00000227f5e3b200 ConcurrentGCThread "G1 Conc#0" [stack: 0x000000f83f900000,0x000000f83fa00000] [id=6660]
  0x00000227f5e774c0 ConcurrentGCThread "G1 Refine#0" [stack: 0x000000f83fa00000,0x000000f83fb00000] [id=8124]
  0x00000227879de3a0 ConcurrentGCThread "G1 Refine#1" [stack: 0x000000f840e00000,0x000000f840f00000] [id=6240]
  0x00000227f5e77ee0 ConcurrentGCThread "G1 Service" [stack: 0x000000f83fb00000,0x000000f83fc00000] [id=13680]

Threads with active compile tasks:

VM state: not at safepoint (normal execution)

VM Mutex/Monitor currently owned by a thread:  ([mutex/lock_event])
[0x00000227f5db7c20] Metaspace_lock - owner thread: 0x0000022787af8030

Heap address: 0x00000000c8c00000, size: 884 MB, Compressed Oops mode: 32-bit

CDS archive(s) not mapped
Compressed class space mapped at: 0x0000000100000000-0x0000000140000000, reserved size: 1073741824
Narrow klass base: 0x0000000000000000, Narrow klass shift: 3, Narrow klass range: 0x140000000

GC Precious Log:
 CPUs: 4 total, 4 available
 Memory: 3534M
 Large Page Support: Disabled
 NUMA Support: Disabled
 Compressed Oops: Enabled (32-bit)
 Heap Region Size: 1M
 Heap Min Capacity: 8M
 Heap Initial Capacity: 56M
 Heap Max Capacity: 884M
 Pre-touch: Disabled
 Parallel Workers: 4
 Concurrent Workers: 1
 Concurrent Refinement Workers: 4
 Periodic GC: Disabled

Heap:
 garbage-first heap   total 40960K, used 27430K [0x00000000c8c00000, 0x0000000100000000)
  region size 1024K, 21 young (21504K), 3 survivors (3072K)
 Metaspace       used 24814K, committed 25024K, reserved 1114112K
  class space    used 3148K, committed 3264K, reserved 1048576K

Heap Regions: E=young(eden), S=young(survivor), O=old, HS=humongous(starts), HC=humongous(continues), CS=collection set, F=free, OA=open archive, CA=closed archive, TAMS=top-at-mark-start (previous, next)
|   0|0x00000000c8c00000, 0x00000000c8d00000, 0x00000000c8d00000|100%|HS|  |TAMS 0x00000000c8d00000, 0x00000000c8c00000| Complete 
|   1|0x00000000c8d00000, 0x00000000c8e00000, 0x00000000c8e00000|100%| O|  |TAMS 0x00000000c8e00000, 0x00000000c8d00000| Untracked 
|   2|0x00000000c8e00000, 0x00000000c8f00000, 0x00000000c8f00000|100%| O|  |TAMS 0x00000000c8f00000, 0x00000000c8e00000| Untracked 
|   3|0x00000000c8f00000, 0x00000000c9000000, 0x00000000c9000000|100%| O|  |TAMS 0x00000000c9000000, 0x00000000c8f00000| Untracked 
|   4|0x00000000c9000000, 0x00000000c9100000, 0x00000000c9100000|100%| O|  |TAMS 0x00000000c9100000, 0x00000000c9000000| Untracked 
|   5|0x00000000c9100000, 0x00000000c9200000, 0x00000000c9200000|100%| O|  |TAMS 0x00000000c9200000, 0x00000000c9100000| Untracked 
|   6|0x00000000c9200000, 0x00000000c9300000, 0x00000000c9300000|100%| O|  |TAMS 0x00000000c92bf200, 0x00000000c9200000| Untracked 
|   7|0x00000000c9300000, 0x00000000c9397800, 0x00000000c9400000| 59%| O|  |TAMS 0x00000000c9300000, 0x00000000c9300000| Untracked 
|   8|0x00000000c9400000, 0x00000000c9400000, 0x00000000c9500000|  0%| F|  |TAMS 0x00000000c9400000, 0x00000000c9400000| Untracked 
|   9|0x00000000c9500000, 0x00000000c9500000, 0x00000000c9600000|  0%| F|  |TAMS 0x00000000c9500000, 0x00000000c9500000| Untracked 
|  10|0x00000000c9600000, 0x00000000c9600000, 0x00000000c9700000|  0%| F|  |TAMS 0x00000000c9600000, 0x00000000c9600000| Untracked 
|  11|0x00000000c9700000, 0x00000000c9700000, 0x00000000c9800000|  0%| F|  |TAMS 0x00000000c9700000, 0x00000000c9700000| Untracked 
|  12|0x00000000c9800000, 0x00000000c9800000, 0x00000000c9900000|  0%| F|  |TAMS 0x00000000c9800000, 0x00000000c9800000| Untracked 
|  13|0x00000000c9900000, 0x00000000c9900000, 0x00000000c9a00000|  0%| F|  |TAMS 0x00000000c9900000, 0x00000000c9900000| Untracked 
|  14|0x00000000c9a00000, 0x00000000c9a00000, 0x00000000c9b00000|  0%| F|  |TAMS 0x00000000c9a00000, 0x00000000c9a00000| Untracked 
|  15|0x00000000c9b00000, 0x00000000c9b00000, 0x00000000c9c00000|  0%| F|  |TAMS 0x00000000c9b00000, 0x00000000c9b00000| Untracked 
|  16|0x00000000c9c00000, 0x00000000c9c00000, 0x00000000c9d00000|  0%| F|  |TAMS 0x00000000c9c00000, 0x00000000c9c00000| Untracked 
|  17|0x00000000c9d00000, 0x00000000c9d00000, 0x00000000c9e00000|  0%| F|  |TAMS 0x00000000c9d00000, 0x00000000c9d00000| Untracked 
|  18|0x00000000c9e00000, 0x00000000c9e00000, 0x00000000c9f00000|  0%| F|  |TAMS 0x00000000c9e00000, 0x00000000c9e00000| Untracked 
|  19|0x00000000c9f00000, 0x00000000c9f9f760, 0x00000000ca000000| 62%| E|  |TAMS 0x00000000c9f00000, 0x00000000c9f00000| Complete 
|  20|0x00000000ca000000, 0x00000000ca100000, 0x00000000ca100000|100%| E|CS|TAMS 0x00000000ca000000, 0x00000000ca000000| Complete 
|  21|0x00000000ca100000, 0x00000000ca200000, 0x00000000ca200000|100%| E|CS|TAMS 0x00000000ca100000, 0x00000000ca100000| Complete 
|  22|0x00000000ca200000, 0x00000000ca300000, 0x00000000ca300000|100%| E|CS|TAMS 0x00000000ca200000, 0x00000000ca200000| Complete 
|  23|0x00000000ca300000, 0x00000000ca400000, 0x00000000ca400000|100%| E|CS|TAMS 0x00000000ca300000, 0x00000000ca300000| Complete 
|  24|0x00000000ca400000, 0x00000000ca500000, 0x00000000ca500000|100%| E|CS|TAMS 0x00000000ca400000, 0x00000000ca400000| Complete 
|  25|0x00000000ca500000, 0x00000000ca600000, 0x00000000ca600000|100%| E|CS|TAMS 0x00000000ca500000, 0x00000000ca500000| Complete 
|  26|0x00000000ca600000, 0x00000000ca700000, 0x00000000ca700000|100%| E|CS|TAMS 0x00000000ca600000, 0x00000000ca600000| Complete 
|  27|0x00000000ca700000, 0x00000000ca800000, 0x00000000ca800000|100%| E|CS|TAMS 0x00000000ca700000, 0x00000000ca700000| Complete 
|  28|0x00000000ca800000, 0x00000000ca900000, 0x00000000ca900000|100%| E|CS|TAMS 0x00000000ca800000, 0x00000000ca800000| Complete 
|  29|0x00000000ca900000, 0x00000000caa00000, 0x00000000caa00000|100%| E|CS|TAMS 0x00000000ca900000, 0x00000000ca900000| Complete 
|  30|0x00000000caa00000, 0x00000000cab00000, 0x00000000cab00000|100%| E|CS|TAMS 0x00000000caa00000, 0x00000000caa00000| Complete 
|  31|0x00000000cab00000, 0x00000000cac00000, 0x00000000cac00000|100%| E|CS|TAMS 0x00000000cab00000, 0x00000000cab00000| Complete 
|  32|0x00000000cac00000, 0x00000000cad00000, 0x00000000cad00000|100%| E|CS|TAMS 0x00000000cac00000, 0x00000000cac00000| Complete 
|  33|0x00000000cad00000, 0x00000000cae00000, 0x00000000cae00000|100%| E|CS|TAMS 0x00000000cad00000, 0x00000000cad00000| Complete 
|  34|0x00000000cae00000, 0x00000000caf00000, 0x00000000caf00000|100%| E|CS|TAMS 0x00000000cae00000, 0x00000000cae00000| Complete 
|  35|0x00000000caf00000, 0x00000000cb000000, 0x00000000cb000000|100%| E|CS|TAMS 0x00000000caf00000, 0x00000000caf00000| Complete 
|  45|0x00000000cb900000, 0x00000000cb9323a0, 0x00000000cba00000| 19%| S|CS|TAMS 0x00000000cb900000, 0x00000000cb900000| Complete 
|  46|0x00000000cba00000, 0x00000000cbb00000, 0x00000000cbb00000|100%| S|CS|TAMS 0x00000000cba00000, 0x00000000cba00000| Complete 
|  47|0x00000000cbb00000, 0x00000000cbc00000, 0x00000000cbc00000|100%| S|CS|TAMS 0x00000000cbb00000, 0x00000000cbb00000| Complete 
|  55|0x00000000cc300000, 0x00000000cc400000, 0x00000000cc400000|100%| E|CS|TAMS 0x00000000cc300000, 0x00000000cc300000| Complete 

Card table byte_map: [0x00000227fe380000,0x00000227fe540000] _byte_map_base: 0x00000227fdd3a000

Marking Bits (Prev, Next): (CMBitMap*) 0x00000227f5e33080, (CMBitMap*) 0x00000227f5e33040
 Prev Bits: [0x0000022780000000, 0x0000022780dd0000)
 Next Bits: [0x00000227fe700000, 0x00000227ff4d0000)

Polling page: 0x00000227f5ea0000

Metaspace:

Usage:
  Non-class:     21.16 MB used.
      Class:      3.07 MB used.
       Both:     24.23 MB used.

Virtual space:
  Non-class space:       64.00 MB reserved,      21.25 MB ( 33%) committed,  1 nodes.
      Class space:        1.00 GB reserved,       3.19 MB ( <1%) committed,  1 nodes.
             Both:        1.06 GB reserved,      24.44 MB (  2%) committed. 

Chunk freelists:
   Non-Class:  10.23 MB
       Class:  12.84 MB
        Both:  23.08 MB

MaxMetaspaceSize: unlimited
CompressedClassSpaceSize: 1.00 GB
Initial GC threshold: 21.00 MB
Current GC threshold: 35.31 MB
CDS: off
MetaspaceReclaimPolicy: balanced
 - commit_granule_bytes: 65536.
 - commit_granule_words: 8192.
 - virtual_space_node_default_size: 8388608.
 - enlarge_chunks_in_place: 1.
 - new_chunks_are_fully_committed: 0.
 - uncommit_free_chunks: 1.
 - use_allocation_guard: 0.
 - handle_deallocations: 1.


Internal statistics:

num_allocs_failed_limit: 5.
num_arena_births: 288.
num_arena_deaths: 0.
num_vsnodes_births: 2.
num_vsnodes_deaths: 0.
num_space_committed: 391.
num_space_uncommitted: 0.
num_chunks_returned_to_freelist: 5.
num_chunks_taken_from_freelist: 758.
num_chunk_merges: 5.
num_chunk_splits: 502.
num_chunks_enlarged: 357.
num_inconsistent_stats: 0.

CodeCache: size=49152Kb used=4920Kb max_used=4920Kb free=44231Kb
 bounds [0x00000227fad20000, 0x00000227fb1f0000, 0x00000227fdd20000]
 total_blobs=2669 nmethods=2179 adapters=416
 compilation: enabled
              stopped_count=0, restarted_count=0
 full_count=0

Compilation events (20 events):
Event: 6.403 Thread 0x0000022787140870 2165       1       jdk.internal.loader.AbstractClassLoaderValue::<init> (5 bytes)
Event: 6.403 Thread 0x0000022787140870 nmethod 2165 0x00000227fb1e9590 code [0x00000227fb1e9720, 0x00000227fb1e97d8]
Event: 6.406 Thread 0x00000227ffaf94c0 2166       1       java.lang.ClassLoader::createOrGetClassLoaderValueMap (37 bytes)
Event: 6.406 Thread 0x00000227ffaf94c0 nmethod 2166 0x00000227fb1e9890 code [0x00000227fb1e9a20, 0x00000227fb1e9ba8]
Event: 6.406 Thread 0x0000022787140870 2167       1       jdk.internal.loader.AbstractClassLoaderValue::sub (10 bytes)
Event: 6.407 Thread 0x0000022787140870 nmethod 2167 0x00000227fb1e9c90 code [0x00000227fb1e9e20, 0x00000227fb1e9fd8]
Event: 6.407 Thread 0x00000227ffaf94c0 2168       1       jdk.internal.loader.AbstractClassLoaderValue$Sub::<init> (15 bytes)
Event: 6.407 Thread 0x00000227ffaf94c0 nmethod 2168 0x00000227fb1ea090 code [0x00000227fb1ea220, 0x00000227fb1ea378]
Event: 6.407 Thread 0x00000227ffaf94c0 2169       1       java.lang.Class::isAnnotation (17 bytes)
Event: 6.407 Thread 0x00000227ffaf94c0 nmethod 2169 0x00000227fb1ea410 code [0x00000227fb1ea5a0, 0x00000227fb1ea698]
Event: 6.430 Thread 0x00000227ffaf94c0 2170       1       java.util.LinkedHashMap::<init> (10 bytes)
Event: 6.430 Thread 0x00000227ffaf94c0 nmethod 2170 0x00000227fb1ea710 code [0x00000227fb1ea8a0, 0x00000227fb1ea978]
Event: 6.473 Thread 0x00000227ffaf94c0 2171       1       java.util.jar.JarFile$JarFileEntry::getName (5 bytes)
Event: 6.474 Thread 0x00000227ffaf94c0 nmethod 2171 0x00000227fb1eaa10 code [0x00000227fb1eaba0, 0x00000227fb1eac78]
Event: 6.540 Thread 0x00000227ffaf94c0 2172       1       jdk.internal.org.objectweb.asm.MethodVisitor::visitFieldInsn (20 bytes)
Event: 6.540 Thread 0x00000227ffaf94c0 nmethod 2172 0x00000227fb1eb010 code [0x00000227fb1eb1a0, 0x00000227fb1eb288]
Event: 6.545 Thread 0x00000227ffaf94c0 2173       1       java.lang.invoke.DelegatingMethodHandle::<init> (10 bytes)
Event: 6.545 Thread 0x0000022787140870 2174       1       java.lang.invoke.DelegatingMethodHandle::chooseDelegatingForm (24 bytes)
Event: 6.545 Thread 0x0000022787140870 nmethod 2174 0x00000227fb1eb310 code [0x00000227fb1eb4c0, 0x00000227fb1eb628]
Event: 6.545 Thread 0x00000227ffaf94c0 nmethod 2173 0x00000227fb1eb710 code [0x00000227fb1eb8c0, 0x00000227fb1eba58]

GC Heap History (8 events):
Event: 2.066 GC heap before
{Heap before GC invocations=0 (full 0):
 garbage-first heap   total 57344K, used 13312K [0x00000000c8c00000, 0x0000000100000000)
  region size 1024K, 13 young (13312K), 0 survivors (0K)
 Metaspace       used 12970K, committed 13120K, reserved 1114112K
  class space    used 1342K, committed 1408K, reserved 1048576K
}
Event: 2.076 GC heap after
{Heap after GC invocations=1 (full 0):
 garbage-first heap   total 57344K, used 6776K [0x00000000c8c00000, 0x0000000100000000)
  region size 1024K, 2 young (2048K), 2 survivors (2048K)
 Metaspace       used 12970K, committed 13120K, reserved 1114112K
  class space    used 1342K, committed 1408K, reserved 1048576K
}
Event: 3.019 GC heap before
{Heap before GC invocations=1 (full 0):
 garbage-first heap   total 57344K, used 14968K [0x00000000c8c00000, 0x0000000100000000)
  region size 1024K, 10 young (10240K), 2 survivors (2048K)
 Metaspace       used 15749K, committed 15936K, reserved 1114112K
  class space    used 1703K, committed 1792K, reserved 1048576K
}
Event: 3.025 GC heap after
{Heap after GC invocations=2 (full 0):
 garbage-first heap   total 57344K, used 7879K [0x00000000c8c00000, 0x0000000100000000)
  region size 1024K, 1 young (1024K), 1 survivors (1024K)
 Metaspace       used 15749K, committed 15936K, reserved 1114112K
  class space    used 1703K, committed 1792K, reserved 1048576K
}
Event: 5.002 GC heap before
{Heap before GC invocations=2 (full 0):
 garbage-first heap   total 57344K, used 26311K [0x00000000c8c00000, 0x0000000100000000)
  region size 1024K, 19 young (19456K), 1 survivors (1024K)
 Metaspace       used 19732K, committed 20032K, reserved 1114112K
  class space    used 2286K, committed 2368K, reserved 1048576K
}
Event: 5.007 GC heap after
{Heap after GC invocations=3 (full 0):
 garbage-first heap   total 57344K, used 9397K [0x00000000c8c00000, 0x0000000100000000)
  region size 1024K, 3 young (3072K), 3 survivors (3072K)
 Metaspace       used 19732K, committed 20032K, reserved 1114112K
  class space    used 2286K, committed 2368K, reserved 1048576K
}
Event: 5.294 GC heap before
{Heap before GC invocations=3 (full 0):
 garbage-first heap   total 57344K, used 15541K [0x00000000c8c00000, 0x0000000100000000)
  region size 1024K, 11 young (11264K), 3 survivors (3072K)
 Metaspace       used 21215K, committed 21504K, reserved 1114112K
  class space    used 2526K, committed 2688K, reserved 1048576K
}
Event: 5.299 GC heap after
{Heap after GC invocations=4 (full 0):
 garbage-first heap   total 57344K, used 10022K [0x00000000c8c00000, 0x0000000100000000)
  region size 1024K, 3 young (3072K), 3 survivors (3072K)
 Metaspace       used 21215K, committed 21504K, reserved 1114112K
  class space    used 2526K, committed 2688K, reserved 1048576K
}

Dll operation events (2 events):
Event: 0.033 Loaded shared library C:\Program Files\JetBrains\IntelliJ IDEA 2023.2\jbr\bin\java.dll
Event: 0.610 Loaded shared library C:\Program Files\JetBrains\IntelliJ IDEA 2023.2\jbr\bin\zip.dll

Deoptimization events (2 events):
Event: 6.057 Thread 0x0000022787af8030 DEOPT PACKING pc=0x00000227fb1cb219 sp=0x000000f8410fc920
Event: 6.058 Thread 0x0000022787af8030 DEOPT UNPACKING pc=0x00000227fad77143 sp=0x000000f8410fbe00 mode 3

Classes unloaded (0 events):
No events

Classes redefined (0 events):
No events

Internal exceptions (20 events):
Event: 4.197 Thread 0x0000022787af8030 Exception <a 'java/lang/NoSuchMethodError'{0x00000000cb41f790}: 'java.lang.Object java.lang.invoke.DirectMethodHandle$Holder.invokeSpecial(java.lang.Object, java.lang.Object, java.lang.Object, java.lang.Object, java.lang.Object, java.lang.Object, java.lang.Object, int)'> (0x00000000cb41f790) 
thrown [s\src\hotspot\share\interpreter\linkResolver.cpp, line 771]
Event: 4.488 Thread 0x0000022787af8030 Exception <a 'java/lang/NoSuchMethodError'{0x00000000cb3841e8}: 'void java.lang.invoke.DirectMethodHandle$Holder.invokeSpecial(java.lang.Object, java.lang.Object, java.lang.Object, java.lang.Object, java.lang.Object)'> (0x00000000cb3841e8) 
thrown [s\src\hotspot\share\interpreter\linkResolver.cpp, line 771]
Event: 4.600 Thread 0x0000022787b0dee0 Exception <a 'java/lang/reflect/InvocationTargetException'{0x00000000cb61cf30}> (0x00000000cb61cf30) 
thrown [s\src\hotspot\share\runtime\reflection.cpp, line 1127]
Event: 4.687 Thread 0x0000022787af8030 Exception <a 'java/lang/NoSuchMethodError'{0x00000000cb2bbaf8}: 'java.lang.Object java.lang.invoke.DirectMethodHandle$Holder.invokeSpecial(java.lang.Object, java.lang.Object, java.lang.Object, int, java.lang.Object)'> (0x00000000cb2bbaf8) 
thrown [s\src\hotspot\share\interpreter\linkResolver.cpp, line 771]
Event: 4.688 Thread 0x0000022787af8030 Exception <a 'java/lang/NoSuchMethodError'{0x00000000cb2c4060}: 'java.lang.Object java.lang.invoke.DirectMethodHandle$Holder.newInvokeSpecial(java.lang.Object, java.lang.Object, java.lang.Object, int, java.lang.Object)'> (0x00000000cb2c4060) 
thrown [s\src\hotspot\share\interpreter\linkResolver.cpp, line 771]
Event: 4.691 Thread 0x0000022787af8030 Exception <a 'java/lang/NoSuchMethodError'{0x00000000cb2da8a8}: 'java.lang.Object java.lang.invoke.DirectMethodHandle$Holder.newInvokeSpecial(java.lang.Object, int, java.lang.Object)'> (0x00000000cb2da8a8) 
thrown [s\src\hotspot\share\interpreter\linkResolver.cpp, line 771]
Event: 4.691 Thread 0x0000022787af8030 Exception <a 'java/lang/NoSuchMethodError'{0x00000000cb2de878}: 'int java.lang.invoke.DirectMethodHandle$Holder.invokeSpecialIFC(java.lang.Object, java.lang.Object, java.lang.Object, java.lang.Object)'> (0x00000000cb2de878) 
thrown [s\src\hotspot\share\interpreter\linkResolver.cpp, line 771]
Event: 4.988 Thread 0x0000022787af8030 Exception <a 'java/lang/NoSuchMethodError'{0x00000000cb1dad48}: 'void java.lang.invoke.DirectMethodHandle$Holder.invokeInterface(java.lang.Object, java.lang.Object, java.lang.Object)'> (0x00000000cb1dad48) 
thrown [s\src\hotspot\share\interpreter\linkResolver.cpp, line 771]
Event: 5.038 Thread 0x0000022787af8030 Exception <a 'java/lang/NoSuchMethodError'{0x00000000cc3b45c0}: 'java.lang.Object java.lang.invoke.DirectMethodHandle$Holder.invokeVirtual(java.lang.Object, java.lang.Object, java.lang.Object)'> (0x00000000cc3b45c0) 
thrown [s\src\hotspot\share\interpreter\linkResolver.cpp, line 771]
Event: 5.067 Thread 0x0000022787af8030 Exception <a 'java/lang/NoSuchMethodError'{0x00000000cc292730}: 'void java.lang.invoke.DirectMethodHandle$Holder.invokeStatic(java.lang.Object, java.lang.Object, int)'> (0x00000000cc292730) 
thrown [s\src\hotspot\share\interpreter\linkResolver.cpp, line 771]
Event: 5.073 Thread 0x0000022787af8030 Exception <a 'java/lang/NoSuchMethodError'{0x00000000cc2aa490}: 'void java.lang.invoke.DirectMethodHandle$Holder.invokeStaticInit(java.lang.Object, java.lang.Object, java.lang.Object)'> (0x00000000cc2aa490) 
thrown [s\src\hotspot\share\interpreter\linkResolver.cpp, line 771]
Event: 5.083 Thread 0x0000022787af8030 Exception <a 'java/lang/NoSuchMethodError'{0x00000000cc2f96e0}: 'java.lang.Object java.lang.invoke.DirectMethodHandle$Holder.invokeStatic(java.lang.Object, java.lang.Object, long, java.lang.Object)'> (0x00000000cc2f96e0) 
thrown [s\src\hotspot\share\interpreter\linkResolver.cpp, line 771]
Event: 5.083 Thread 0x0000022787af8030 Exception <a 'java/lang/NoSuchMethodError'{0x00000000cc2fd178}: 'java.lang.Object java.lang.invoke.DirectMethodHandle$Holder.invokeStaticInit(java.lang.Object, java.lang.Object, long, java.lang.Object)'> (0x00000000cc2fd178) 
thrown [s\src\hotspot\share\interpreter\linkResolver.cpp, line 771]
Event: 5.084 Thread 0x0000022787af8030 Exception <a 'java/lang/NoSuchMethodError'{0x00000000cc1037c0}: 'java.lang.Object java.lang.invoke.DirectMethodHandle$Holder.newInvokeSpecial(java.lang.Object, java.lang.Object, long)'> (0x00000000cc1037c0) 
thrown [s\src\hotspot\share\interpreter\linkResolver.cpp, line 771]
Event: 5.103 Thread 0x0000022787af8030 Exception <a 'java/lang/NoSuchMethodError'{0x00000000cc176930}: 'void java.lang.invoke.DirectMethodHandle$Holder.invokeVirtual(java.lang.Object, java.lang.Object, java.lang.Object, java.lang.Object)'> (0x00000000cc176930) 
thrown [s\src\hotspot\share\interpreter\linkResolver.cpp, line 771]
Event: 5.112 Thread 0x0000022787b0dee0 Exception <a 'java/lang/reflect/InvocationTargetException'{0x00000000cc19b088}> (0x00000000cc19b088) 
thrown [s\src\hotspot\share\runtime\reflection.cpp, line 1127]
Event: 5.184 Thread 0x0000022787af8030 Exception <a 'java/lang/NoSuchMethodError'{0x00000000cbf9c1a0}: 'void java.lang.invoke.DirectMethodHandle$Holder.invokeSpecial(java.lang.Object, java.lang.Object, java.lang.Object)'> (0x00000000cbf9c1a0) 
thrown [s\src\hotspot\share\interpreter\linkResolver.cpp, line 771]
Event: 5.202 Thread 0x0000022787af8030 Exception <a 'java/lang/IncompatibleClassChangeError'{0x00000000cbfcff78}: Found class java.lang.Object, but interface was expected> (0x00000000cbfcff78) 
thrown [s\src\hotspot\share\interpreter\linkResolver.cpp, line 838]
Event: 5.625 Thread 0x0000022787b0dee0 Exception <a 'java/lang/reflect/InvocationTargetException'{0x00000000cad72238}> (0x00000000cad72238) 
thrown [s\src\hotspot\share\runtime\reflection.cpp, line 1127]
Event: 6.135 Thread 0x0000022787b0dee0 Exception <a 'java/lang/reflect/InvocationTargetException'{0x00000000cad7e938}> (0x00000000cad7e938) 
thrown [s\src\hotspot\share\runtime\reflection.cpp, line 1127]

VM Operations (20 events):
Event: 4.578 Executing VM operation: HandshakeAllThreads
Event: 4.578 Executing VM operation: HandshakeAllThreads done
Event: 5.002 Executing VM operation: G1CollectForAllocation
Event: 5.007 Executing VM operation: G1CollectForAllocation done
Event: 5.175 Executing VM operation: HandshakeAllThreads
Event: 5.175 Executing VM operation: HandshakeAllThreads done
Event: 5.180 Executing VM operation: HandshakeAllThreads
Event: 5.180 Executing VM operation: HandshakeAllThreads done
Event: 5.294 Executing VM operation: CollectForMetadataAllocation
Event: 5.299 Executing VM operation: CollectForMetadataAllocation done
Event: 5.303 Executing VM operation: CollectForMetadataAllocation
Event: 5.304 Executing VM operation: CollectForMetadataAllocation done
Event: 5.310 Executing VM operation: G1Concurrent
Event: 5.318 Executing VM operation: G1Concurrent done
Event: 5.322 Executing VM operation: G1Concurrent
Event: 5.332 Executing VM operation: G1Concurrent done
Event: 6.340 Executing VM operation: Cleanup
Event: 6.341 Executing VM operation: Cleanup done
Event: 6.408 Executing VM operation: HandshakeAllThreads
Event: 6.421 Executing VM operation: HandshakeAllThreads done

Events (20 events):
Event: 6.548 loading class sun/reflect/annotation/TypeAnnotation$LocationInfo
Event: 6.548 loading class sun/reflect/annotation/TypeAnnotation$LocationInfo done
Event: 6.548 loading class sun/reflect/annotation/TypeAnnotation$LocationInfo$Location
Event: 6.549 loading class sun/reflect/annotation/TypeAnnotation$LocationInfo$Location done
Event: 6.549 loading class sun/reflect/annotation/AnnotatedTypeFactory
Event: 6.549 loading class java/beans/IntrospectionException
Event: 6.549 loading class sun/reflect/annotation/AnnotatedTypeFactory done
Event: 6.549 loading class sun/reflect/annotation/AnnotatedTypeFactory$AnnotatedTypeBaseImpl
Event: 6.549 loading class java/beans/IntrospectionException done
Event: 6.549 loading class java/beans/PropertyDescriptor
Event: 6.550 loading class sun/reflect/annotation/AnnotatedTypeFactory$AnnotatedTypeBaseImpl done
Event: 6.550 loading class java/lang/reflect/AnnotatedParameterizedType
Event: 6.550 loading class java/lang/reflect/AnnotatedParameterizedType done
Event: 6.550 loading class java/lang/reflect/AnnotatedArrayType
Event: 6.550 loading class java/lang/reflect/AnnotatedArrayType done
Event: 6.550 loading class java/beans/FeatureDescriptor
Event: 6.551 loading class java/beans/FeatureDescriptor done
Event: 6.552 loading class java/beans/PropertyDescriptor done
Event: 6.555 loading class java/beans/BeanInfo
Event: 6.555 loading class java/beans/BeanInfo done


Dynamic libraries:
0x00007ff6512c0000 - 0x00007ff6512ca000 	C:\Program Files\JetBrains\IntelliJ IDEA 2023.2\jbr\bin\java.exe
0x00007ff8e41b0000 - 0x00007ff8e43c7000 	C:\WINDOWS\SYSTEM32\ntdll.dll
0x00007ff8e2df0000 - 0x00007ff8e2eb4000 	C:\WINDOWS\System32\KERNEL32.DLL
0x00007ff8e14e0000 - 0x00007ff8e188d000 	C:\WINDOWS\System32\KERNELBASE.dll
0x00007ff8e1ab0000 - 0x00007ff8e1bc1000 	C:\WINDOWS\System32\ucrtbase.dll
0x00007ff8c6c60000 - 0x00007ff8c6c77000 	C:\Program Files\JetBrains\IntelliJ IDEA 2023.2\jbr\bin\jli.dll
0x00007ff8d2e30000 - 0x00007ff8d2e4b000 	C:\Program Files\JetBrains\IntelliJ IDEA 2023.2\jbr\bin\VCRUNTIME140.dll
0x00007ff8e2600000 - 0x00007ff8e27ae000 	C:\WINDOWS\System32\USER32.dll
0x00007ff8e1c70000 - 0x00007ff8e1c96000 	C:\WINDOWS\System32\win32u.dll
0x00007ff8e21e0000 - 0x00007ff8e2209000 	C:\WINDOWS\System32\GDI32.dll
0x00007ff8d4c60000 - 0x00007ff8d4ef3000 	C:\WINDOWS\WinSxS\amd64_microsoft.windows.common-controls_6595b64144ccf1df_6.0.22621.3672_none_2713b9d173822955\COMCTL32.dll
0x00007ff8e1d10000 - 0x00007ff8e1e29000 	C:\WINDOWS\System32\gdi32full.dll
0x00007ff8e1bd0000 - 0x00007ff8e1c6a000 	C:\WINDOWS\System32\msvcp_win.dll
0x00007ff8e1ef0000 - 0x00007ff8e1f97000 	C:\WINDOWS\System32\msvcrt.dll
0x00007ff8e27b0000 - 0x00007ff8e27e1000 	C:\WINDOWS\System32\IMM32.DLL
0x00007ff8d36e0000 - 0x00007ff8d36ec000 	C:\Program Files\JetBrains\IntelliJ IDEA 2023.2\jbr\bin\vcruntime140_1.dll
0x00007ff8b1610000 - 0x00007ff8b169d000 	C:\Program Files\JetBrains\IntelliJ IDEA 2023.2\jbr\bin\msvcp140.dll
0x00007ff85dcc0000 - 0x00007ff85e940000 	C:\Program Files\JetBrains\IntelliJ IDEA 2023.2\jbr\bin\server\jvm.dll
0x00007ff8e2840000 - 0x00007ff8e28f2000 	C:\WINDOWS\System32\ADVAPI32.dll
0x00007ff8e2ef0000 - 0x00007ff8e2f99000 	C:\WINDOWS\System32\sechost.dll
0x00007ff8e1890000 - 0x00007ff8e18b8000 	C:\WINDOWS\System32\bcrypt.dll
0x00007ff8e2fa0000 - 0x00007ff8e30b4000 	C:\WINDOWS\System32\RPCRT4.dll
0x00007ff8dcfe0000 - 0x00007ff8dcfe9000 	C:\WINDOWS\SYSTEM32\WSOCK32.dll
0x00007ff8e2900000 - 0x00007ff8e2971000 	C:\WINDOWS\System32\WS2_32.dll
0x00007ff8d89f0000 - 0x00007ff8d89fa000 	C:\WINDOWS\SYSTEM32\VERSION.dll
0x00007ff8dcf70000 - 0x00007ff8dcfa4000 	C:\WINDOWS\SYSTEM32\WINMM.dll
0x00007ff8e0510000 - 0x00007ff8e0528000 	C:\WINDOWS\SYSTEM32\kernel.appcore.dll
0x00007ff8d36d0000 - 0x00007ff8d36da000 	C:\Program Files\JetBrains\IntelliJ IDEA 2023.2\jbr\bin\jimage.dll
0x00007ff8ded20000 - 0x00007ff8def52000 	C:\WINDOWS\SYSTEM32\DBGHELP.DLL
0x00007ff8e2210000 - 0x00007ff8e2598000 	C:\WINDOWS\System32\combase.dll
0x00007ff8e1fa0000 - 0x00007ff8e2077000 	C:\WINDOWS\System32\OLEAUT32.dll
0x00007ff8ce7c0000 - 0x00007ff8ce7f2000 	C:\WINDOWS\SYSTEM32\dbgcore.DLL
0x00007ff8e1a30000 - 0x00007ff8e1aab000 	C:\WINDOWS\System32\bcryptPrimitives.dll
0x00007ff8d36f0000 - 0x00007ff8d36fe000 	C:\Program Files\JetBrains\IntelliJ IDEA 2023.2\jbr\bin\instrument.dll
0x00007ff8d2550000 - 0x00007ff8d2575000 	C:\Program Files\JetBrains\IntelliJ IDEA 2023.2\jbr\bin\java.dll
0x00007ff8d1d00000 - 0x00007ff8d1d18000 	C:\Program Files\JetBrains\IntelliJ IDEA 2023.2\jbr\bin\zip.dll
0x00007ff8e30e0000 - 0x00007ff8e393f000 	C:\WINDOWS\System32\SHELL32.dll
0x00007ff8df430000 - 0x00007ff8dfd2c000 	C:\WINDOWS\SYSTEM32\windows.storage.dll
0x00007ff8df2f0000 - 0x00007ff8df42f000 	C:\WINDOWS\SYSTEM32\wintypes.dll
0x00007ff8e3f70000 - 0x00007ff8e4064000 	C:\WINDOWS\System32\SHCORE.dll
0x00007ff8e2a20000 - 0x00007ff8e2a7e000 	C:\WINDOWS\System32\shlwapi.dll
0x00007ff8e1410000 - 0x00007ff8e1431000 	C:\WINDOWS\SYSTEM32\profapi.dll
0x00007ff8d0e00000 - 0x00007ff8d0e19000 	C:\Program Files\JetBrains\IntelliJ IDEA 2023.2\jbr\bin\net.dll
0x00007ff8dd1a0000 - 0x00007ff8dd2d6000 	C:\WINDOWS\SYSTEM32\WINHTTP.dll
0x00007ff8e0980000 - 0x00007ff8e09e9000 	C:\WINDOWS\system32\mswsock.dll
0x00007ff8c7d40000 - 0x00007ff8c7d56000 	C:\Program Files\JetBrains\IntelliJ IDEA 2023.2\jbr\bin\nio.dll
0x00007ff8c6c40000 - 0x00007ff8c6c5a000 	C:\Program Files\JetBrains\IntelliJ IDEA 2023.2\bin\breakgen64.dll
0x00007ff8e0000000 - 0x00007ff8e00f8000 	C:\WINDOWS\SYSTEM32\DNSAPI.dll
0x00007ff8dff90000 - 0x00007ff8dffbd000 	C:\WINDOWS\SYSTEM32\IPHLPAPI.DLL
0x00007ff8e2b90000 - 0x00007ff8e2b99000 	C:\WINDOWS\System32\NSI.dll
0x00007ff8d3aa0000 - 0x00007ff8d3aaa000 	C:\Windows\System32\rasadhlp.dll
0x00007ff8da960000 - 0x00007ff8da9e3000 	C:\WINDOWS\System32\fwpuclnt.dll
0x00007ff8d3a90000 - 0x00007ff8d3a99000 	C:\Program Files\JetBrains\IntelliJ IDEA 2023.2\jbr\bin\management.dll
0x00007ff8d3700000 - 0x00007ff8d370b000 	C:\Program Files\JetBrains\IntelliJ IDEA 2023.2\jbr\bin\management_ext.dll
0x00007ff8e2ec0000 - 0x00007ff8e2ec8000 	C:\WINDOWS\System32\PSAPI.DLL
0x00007ff8e0bf0000 - 0x00007ff8e0c0b000 	C:\WINDOWS\SYSTEM32\CRYPTSP.dll
0x00007ff8e0470000 - 0x00007ff8e04a5000 	C:\WINDOWS\system32\rsaenh.dll
0x00007ff8e0a80000 - 0x00007ff8e0aa8000 	C:\WINDOWS\SYSTEM32\USERENV.dll
0x00007ff8e0be0000 - 0x00007ff8e0bec000 	C:\WINDOWS\SYSTEM32\CRYPTBASE.dll
0x00007ff8dcf50000 - 0x00007ff8dcf69000 	C:\WINDOWS\SYSTEM32\dhcpcsvc6.DLL
0x00007ff8dcf30000 - 0x00007ff8dcf4f000 	C:\WINDOWS\SYSTEM32\dhcpcsvc.DLL
0x00007ff8cbe80000 - 0x00007ff8cbe97000 	C:\WINDOWS\system32\napinsp.dll
0x00007ff8cd040000 - 0x00007ff8cd05b000 	C:\WINDOWS\system32\pnrpnsp.dll
0x00007ff8cd020000 - 0x00007ff8cd031000 	C:\WINDOWS\System32\winrnr.dll
0x00007ff8cd000000 - 0x00007ff8cd015000 	C:\WINDOWS\system32\wshbth.dll
0x00007ff8ccfd0000 - 0x00007ff8ccff7000 	C:\WINDOWS\system32\nlansp_c.dll

dbghelp: loaded successfully - version: 4.0.5 - missing functions: none
symbol engine: initialized successfully - sym options: 0x614 - pdb path: .;C:\Program Files\JetBrains\IntelliJ IDEA 2023.2\jbr\bin;C:\WINDOWS\SYSTEM32;C:\WINDOWS\WinSxS\amd64_microsoft.windows.common-controls_6595b64144ccf1df_6.0.22621.3672_none_2713b9d173822955;C:\Program Files\JetBrains\IntelliJ IDEA 2023.2\jbr\bin\server;C:\Program Files\JetBrains\IntelliJ IDEA 2023.2\bin

VM Arguments:
jvm_args: -XX:TieredStopAtLevel=1 -Dspring.output.ansi.enabled=always -Dcom.sun.management.jmxremote -Dspring.jmx.enabled=true -Dspring.liveBeansView.mbeanDomain -Dspring.application.admin.enabled=true -Dmanagement.endpoints.jmx.exposure.include=* -javaagent:C:\Program Files\JetBrains\IntelliJ IDEA 2023.2\lib\idea_rt.jar=50745:C:\Program Files\JetBrains\IntelliJ IDEA 2023.2\bin -Dfile.encoding=UTF-8 
java_command: org.c07.movie_booking.MovieBookingApplication
java_class_path (initial): D:\module_6\C0723L1-Repo-BE\movie_booking\build\classes\java\main;D:\module_6\C0723L1-Repo-BE\movie_booking\build\resources\main;C:\Users\TUONG VY\.gradle\caches\modules-2\files-2.1\org.springframework.boot\spring-boot-starter-data-jpa\3.3.2\2731d74dfc18fb905c29930cf55493980c2cee5a\spring-boot-starter-data-jpa-3.3.2.jar;C:\Users\TUONG VY\.gradle\caches\modules-2\files-2.1\org.springframework.boot\spring-boot-starter-validation\3.3.2\81ee06b318ed35c2a3f4882a0f7b9946a39e1b39\spring-boot-starter-validation-3.3.2.jar;C:\Users\TUONG VY\.gradle\caches\modules-2\files-2.1\org.springframework.boot\spring-boot-starter-web\3.3.2\720418538668a8742d0ae24097811d5250cf5c32\spring-boot-starter-web-3.3.2.jar;C:\Users\TUONG VY\.gradle\caches\modules-2\files-2.1\org.modelmapper\modelmapper\2.1.1\a983407fe1c7ae31845c7f80a323d01c25c21ca4\modelmapper-2.1.1.jar;C:\Users\TUONG VY\.gradle\caches\modules-2\files-2.1\org.springframework.boot\spring-boot-starter-aop\3.3.2\26d996e253768d3121bb3ffbef28cefc07fdbddb\spring-boot-starter-aop-3.3.2.jar;C:\Users\TUONG VY\.gradle\caches\modules-2\files-2.1\org.springframework.boot\spring-boot-starter-jdbc\3.3.2\544775d745288972598ab2e872e5a4816b6d9b39\spring-boot-starter-jdbc-3.3.2.jar;C:\Users\TUONG VY\.gradle\caches\modules-2\files-2.1\org.hibernate.orm\hibernate-core\6.5.2.Final\e9e0cc47f6cd2b2553968aee66bd9e55e7485221\hibernate-core-6.5.2.Final.jar;C:\Users\TUONG VY\.gradle\caches\modules-2\files-2.1\org.springframework.data\spring-data-jpa\3.3.2\cfa9cd077f3f15d0657bbb6d7c8e1c7c7da7e6e2\spring-data-jpa-3.3.2.jar;C:\Users\TUONG VY\.gradle\caches\modules-2\files-2.1\org.springframework\spring-aspects\6.1.11\141d92094a460f338aa0999023ca7a25861d49a1\spring-aspects-6.1.11.jar;C:\Users\TUONG VY\.gradle\caches\modules-2\files-2.1\org.springframework.boot\spring-boot-starter\3.3.2\f9377a223dab5c4afe7aead05bf6ac567cf565ab\spring-boot-starter-3.3.2.jar;C:\Users\TUONG VY\.gradle\caches\modules-2\files-2.1\org.apache.tomcat.embed\
Launcher Type: SUN_STANDARD

[Global flags]
     intx CICompilerCount                          = 3                                         {product} {ergonomic}
     uint ConcGCThreads                            = 1                                         {product} {ergonomic}
     uint G1ConcRefinementThreads                  = 4                                         {product} {ergonomic}
   size_t G1HeapRegionSize                         = 1048576                                   {product} {ergonomic}
    uintx GCDrainStackTargetSize                   = 64                                        {product} {ergonomic}
   size_t InitialHeapSize                          = 58720256                                  {product} {ergonomic}
     bool ManagementServer                         = true                                      {product} {command line}
   size_t MarkStackSize                            = 4194304                                   {product} {ergonomic}
   size_t MaxHeapSize                              = 926941184                                 {product} {ergonomic}
   size_t MaxNewSize                               = 555745280                                 {product} {ergonomic}
   size_t MinHeapDeltaBytes                        = 1048576                                   {product} {ergonomic}
   size_t MinHeapSize                              = 8388608                                   {product} {ergonomic}
    uintx NonProfiledCodeHeapSize                  = 0                                      {pd product} {ergonomic}
     bool ProfileInterpreter                       = false                                  {pd product} {command line}
    uintx ProfiledCodeHeapSize                     = 0                                      {pd product} {ergonomic}
   size_t SoftMaxHeapSize                          = 926941184                              {manageable} {ergonomic}
     intx TieredStopAtLevel                        = 1                                         {product} {command line}
     bool UseCompressedClassPointers               = true                           {product lp64_product} {ergonomic}
     bool UseCompressedOops                        = true                           {product lp64_product} {ergonomic}
     bool UseG1GC                                  = true                                      {product} {ergonomic}
     bool UseLargePagesIndividualAllocation        = false                                  {pd product} {ergonomic}

Logging:
Log output configuration:
 #0: stdout all=warning uptime,level,tags
 #1: stderr all=off uptime,level,tags

Environment Variables:
PATH=C:\Python312\Scripts\;C:\Python312\;C:\Program Files\Common Files\Oracle\Java\javapath;C:\Program Files (x86)\Common Files\Oracle\Java\javapath;C:\WINDOWS\system32;C:\WINDOWS;C:\WINDOWS\System32\Wbem;C:\WINDOWS\System32\WindowsPowerShell\v1.0\;C:\WINDOWS\System32\OpenSSH\;C:\Program Files\Git\cmd;C:\Program Files\Microsoft SQL Server\150\Tools\Binn\;C:\Program Files\Microsoft SQL Server\Client SDK\ODBC\170\Tools\Binn\;C:\Program Files\dotnet\;C:\Program Files (x86)\Windows Kits\10\Windows Performance Toolkit\;C:\Program Files\nodejs\;C:\ProgramData\chocolatey\bin;C:\Users\TUONG VY\AppData\Local\Microsoft\WindowsApps;C:\Program Files\JetBrains\IntelliJ IDEA 2023.2\bin;;D:\Microsoft VS Code\bin;D:\flutter_windows_3.19.5-stable\flutter\bin;C:\Users\TUONG VY\.dotnet\tools;C:\Users\TUONG VY\AppData\Roaming\npm
USERNAME=TUONG VY
OS=Windows_NT
PROCESSOR_IDENTIFIER=AMD64 Family 23 Model 24 Stepping 1, AuthenticAMD
TMP=C:\Users\TUONGV~1\AppData\Local\Temp
TEMP=C:\Users\TUONGV~1\AppData\Local\Temp


JNI global refs:
JNI global refs: 17, weak refs: 0

JNI global refs memory usage: 843, weak refs: 209

OOME stack traces (most recent first):
Classloader memory used:
Loader bootstrap                                                                       : 1997K
Loader jdk.internal.loader.ClassLoaders$AppClassLoader                                 : 1095K
Loader jdk.internal.reflect.DelegatingClassLoader                                      : 8831B
Loader jdk.internal.loader.ClassLoaders$PlatformClassLoader                            : 764B
Loader org.springframework.boot.devtools.restart.classloader.RestartClassLoader        : 192B

Classes loaded by more than one classloader:
Class org.c07.movie_booking.MovieBookingApplication                                   : loaded 2 times (x 69B)


---------------  S Y S T E M  ---------------

OS:
 Windows 11 , 64 bit Build 22621 (10.0.22621.3672)
OS uptime: 0 days 0:39 hours

CPU: total 4 (initial active 4) (4 cores per cpu, 2 threads per core) family 23 model 24 stepping 1 microcode 0x0, cx8, cmov, fxsr, ht, mmx, 3dnowpref, sse, sse2, sse3, ssse3, sse4a, sse4.1, sse4.2, popcnt, lzcnt, tsc, tscinvbit, avx, avx2, aes, clmul, bmi1, bmi2, adx, sha, fma, vzeroupper, clflush, clflushopt

Memory: 4k page, system-wide physical 3534M (278M free)
TotalPageFile size 14286M (AvailPageFile size 0M)
current process WorkingSet (physical memory assigned to process): 98M, peak: 98M
current process commit charge ("private bytes"): 134M, peak: 147M

vm_info: OpenJDK 64-Bit Server VM (17.0.7+7-b1000.6) for windows-amd64 JRE (17.0.7+7-b1000.6), built on 2023-07-07 by "builduser" with MS VC++ 16.10 / 16.11 (VS2019)

END.
